

================================================================
== Vitis HLS Report for 'setup_aie'
================================================================
* Date:           Fri Jun 28 08:26:37 2024

* Version:        2022.2.2 (Build 3779808 on Feb 17 2023)
* Project:        setup_aie
* Solution:       solution (Vitis Kernel Flow Target)
* Product family: versal
* Target device:  xcvc1902-vsvd1760-2MP-e-S


================================================================
== Performance Estimates
================================================================
+ Timing: 
    * Summary: 
    +--------+---------+----------+------------+
    |  Clock |  Target | Estimated| Uncertainty|
    +--------+---------+----------+------------+
    |ap_clk  |  3.33 ns|  2.433 ns|     0.90 ns|
    +--------+---------+----------+------------+

+ Latency: 
    * Summary: 
    +---------+---------+----------+----------+-----+-----+---------+
    |  Latency (cycles) |  Latency (absolute) |  Interval | Pipeline|
    |   min   |   max   |    min   |    max   | min | max |   Type  |
    +---------+---------+----------+----------+-----+-----+---------+
    |        ?|        ?|         ?|         ?|    ?|    ?|       no|
    +---------+---------+----------+----------+-----+-----+---------+

    + Detail: 
        * Instance: 
        N/A

        * Loop: 
        N/A

============================================================
+ Verbose Summary: Synthesis Manager
============================================================
InlineROM: 1
ExposeGlobal: 0
============================================================
+ Verbose Summary: CDFG Model
============================================================
IsTopModel: 1
ResetActiveHigh: 1
IsCombinational: 0
IsDatapathOnly: 0
HasWiredReturn: 1
HasMFsm: 0
HasVarLatency: 1
IsPipeline: 0
IsRtlPipelined: 0
IsInstanceOverlapped: 0
IsDontTouch: 0
HasImplIP: 0
IsGatedGlobalClock: 0


============================================================
+ Verbose Summary: Schedule
============================================================
* Number of FSM states : 76
* Pipeline : 0
* Dataflow Pipeline: 0

* FSM state transitions: 
1 --> 2 
2 --> 3 
3 --> 4 
4 --> 5 
5 --> 6 
6 --> 7 
7 --> 8 
8 --> 9 
9 --> 10 
10 --> 11 
11 --> 12 
12 --> 13 
13 --> 14 
14 --> 15 
15 --> 16 
16 --> 17 
17 --> 18 
18 --> 19 
19 --> 20 
20 --> 21 
21 --> 22 
22 --> 23 
23 --> 24 
24 --> 25 
25 --> 26 
26 --> 27 
27 --> 28 
28 --> 29 
29 --> 30 
30 --> 31 
31 --> 32 
32 --> 33 
33 --> 34 
34 --> 35 
35 --> 36 
36 --> 37 
37 --> 38 
38 --> 39 
39 --> 40 
40 --> 41 
41 --> 42 
42 --> 43 
43 --> 44 
44 --> 45 
45 --> 46 
46 --> 47 
47 --> 48 
48 --> 49 
49 --> 50 
50 --> 51 
51 --> 52 
52 --> 53 
53 --> 54 
54 --> 55 
55 --> 56 
56 --> 57 
57 --> 58 
58 --> 59 
59 --> 60 
60 --> 61 
61 --> 62 
62 --> 63 
63 --> 64 
64 --> 65 
65 --> 66 
66 --> 67 
67 --> 68 
68 --> 69 
69 --> 70 
70 --> 71 
71 --> 72 
72 --> 73 
73 --> 74 
74 --> 75 
75 --> 76 
76 --> 

* FSM state operations: 

State 1 <SV = 0> <Delay = 1.89>
ST_1 : Operation 77 [1/1] (1.00ns)   --->   "%num_points_read = read i32 @_ssdm_op_Read.ap_none.i32, i32 %num_points"   --->   Operation 77 'read' 'num_points_read' <Predicate = true> <Delay = 1.00> <CoreInst = "s_axilite">   --->   Core 126 's_axilite' <Latency = 0> <II = 1> <Delay = 1.00> <Adapter> <Opcode : 'read' 'write'>
ST_1 : Operation 78 [1/1] (1.00ns)   --->   "%num_clusters_read = read i32 @_ssdm_op_Read.ap_none.i32, i32 %num_clusters"   --->   Operation 78 'read' 'num_clusters_read' <Predicate = true> <Delay = 1.00> <CoreInst = "s_axilite">   --->   Core 126 's_axilite' <Latency = 0> <II = 1> <Delay = 1.00> <Adapter> <Opcode : 'read' 'write'>
ST_1 : Operation 79 [1/1] (0.00ns) (grouped into LUT with out node size)   --->   "%shl_ln27 = shl i32 %num_clusters_read, i32 1" [/home/users/eleonora.cabai/Documents/K-Means-AIE/data_movers/setup_aie.cpp:27]   --->   Operation 79 'shl' 'shl_ln27' <Predicate = true> <Delay = 0.00>
ST_1 : Operation 80 [1/1] (0.00ns) (grouped into LUT with out node size)   --->   "%shl_ln27_1 = shl i32 %num_points_read, i32 1" [/home/users/eleonora.cabai/Documents/K-Means-AIE/data_movers/setup_aie.cpp:27]   --->   Operation 80 'shl' 'shl_ln27_1' <Predicate = true> <Delay = 0.00>
ST_1 : Operation 81 [1/1] (0.89ns) (out node of the LUT)   --->   "%size = add i32 %shl_ln27_1, i32 %shl_ln27" [/home/users/eleonora.cabai/Documents/K-Means-AIE/data_movers/setup_aie.cpp:27]   --->   Operation 81 'add' 'size' <Predicate = true> <Delay = 0.89> <CoreInst = "Adder">   --->   Core 1 'Adder' <Latency = 0> <II = 1> <Delay = 0.89> <FuncUnit> <Opcode : 'add' 'sub'> <InPorts = 2> <OutPorts = 1>
ST_1 : Operation 82 [1/1] (0.00ns)   --->   "%tmp = bitselect i1 @_ssdm_op_BitSelect.i1.i32.i32, i32 %size, i32 31" [/home/users/eleonora.cabai/Documents/K-Means-AIE/data_movers/setup_aie.cpp:28]   --->   Operation 82 'bitselect' 'tmp' <Predicate = true> <Delay = 0.00>
ST_1 : Operation 83 [1/1] (0.00ns)   --->   "%trunc_ln28_2 = partselect i30 @_ssdm_op_PartSelect.i30.i32.i32.i32, i32 %size, i32 2, i32 31" [/home/users/eleonora.cabai/Documents/K-Means-AIE/data_movers/setup_aie.cpp:28]   --->   Operation 83 'partselect' 'trunc_ln28_2' <Predicate = true> <Delay = 0.00>
ST_1 : Operation 84 [1/1] (0.00ns)   --->   "%tmp_1 = partselect i30 @_ssdm_op_PartSelect.i30.i32.i32.i32, i32 %size, i32 2, i32 31" [/home/users/eleonora.cabai/Documents/K-Means-AIE/data_movers/setup_aie.cpp:37]   --->   Operation 84 'partselect' 'tmp_1' <Predicate = true> <Delay = 0.00>

State 2 <SV = 1> <Delay = 2.18>
ST_2 : Operation 85 [1/1] (0.89ns)   --->   "%sub_ln28 = sub i32 0, i32 %size" [/home/users/eleonora.cabai/Documents/K-Means-AIE/data_movers/setup_aie.cpp:28]   --->   Operation 85 'sub' 'sub_ln28' <Predicate = (tmp)> <Delay = 0.89> <CoreInst = "Adder">   --->   Core 1 'Adder' <Latency = 0> <II = 1> <Delay = 0.89> <FuncUnit> <Opcode : 'add' 'sub'> <InPorts = 2> <OutPorts = 1>
ST_2 : Operation 86 [1/1] (0.00ns)   --->   "%trunc_ln28_1 = partselect i30 @_ssdm_op_PartSelect.i30.i32.i32.i32, i32 %sub_ln28, i32 2, i32 31" [/home/users/eleonora.cabai/Documents/K-Means-AIE/data_movers/setup_aie.cpp:28]   --->   Operation 86 'partselect' 'trunc_ln28_1' <Predicate = (tmp)> <Delay = 0.00>
ST_2 : Operation 87 [1/1] (0.00ns)   --->   "%zext_ln28 = zext i30 %trunc_ln28_1" [/home/users/eleonora.cabai/Documents/K-Means-AIE/data_movers/setup_aie.cpp:28]   --->   Operation 87 'zext' 'zext_ln28' <Predicate = (tmp)> <Delay = 0.00>
ST_2 : Operation 88 [1/1] (0.89ns)   --->   "%sub_ln28_1 = sub i31 0, i31 %zext_ln28" [/home/users/eleonora.cabai/Documents/K-Means-AIE/data_movers/setup_aie.cpp:28]   --->   Operation 88 'sub' 'sub_ln28_1' <Predicate = (tmp)> <Delay = 0.89> <CoreInst = "Adder">   --->   Core 1 'Adder' <Latency = 0> <II = 1> <Delay = 0.89> <FuncUnit> <Opcode : 'add' 'sub'> <InPorts = 2> <OutPorts = 1>
ST_2 : Operation 89 [1/1] (0.00ns)   --->   "%zext_ln28_1 = zext i30 %trunc_ln28_2" [/home/users/eleonora.cabai/Documents/K-Means-AIE/data_movers/setup_aie.cpp:28]   --->   Operation 89 'zext' 'zext_ln28_1' <Predicate = (!tmp)> <Delay = 0.00>
ST_2 : Operation 90 [1/1] (0.40ns)   --->   "%size_loop = select i1 %tmp, i31 %sub_ln28_1, i31 %zext_ln28_1" [/home/users/eleonora.cabai/Documents/K-Means-AIE/data_movers/setup_aie.cpp:28]   --->   Operation 90 'select' 'size_loop' <Predicate = true> <Delay = 0.40> <CoreInst = "Sel">   --->   Core 77 'Sel' <Latency = 0> <II = 1> <Delay = 0.40> <FuncUnit> <Opcode : 'select'> <InPorts = 3> <OutPorts = 1>
ST_2 : Operation 91 [1/1] (0.00ns)   --->   "%sext_ln28 = sext i31 %size_loop" [/home/users/eleonora.cabai/Documents/K-Means-AIE/data_movers/setup_aie.cpp:28]   --->   Operation 91 'sext' 'sext_ln28' <Predicate = true> <Delay = 0.00>
ST_2 : Operation 92 [1/1] (0.00ns)   --->   "%p_Result_s = bitconcatenate i97 @_ssdm_op_BitConcatenate.i97.i1.i32.i32.i32, i1 0, i32 %num_points_read, i32 %num_clusters_read, i32 %sext_ln28"   --->   Operation 92 'bitconcatenate' 'p_Result_s' <Predicate = true> <Delay = 0.00>
ST_2 : Operation 93 [1/1] (0.00ns)   --->   "%zext_ln345 = zext i97 %p_Result_s"   --->   Operation 93 'zext' 'zext_ln345' <Predicate = true> <Delay = 0.00>
ST_2 : Operation 94 [2/2] (0.00ns)   --->   "%write_ln34 = write void @_ssdm_op_Write.axis.volatile.i128P128A, i128 %s, i128 %zext_ln345" [/home/users/eleonora.cabai/Documents/K-Means-AIE/data_movers/setup_aie.cpp:34]   --->   Operation 94 'write' 'write_ln34' <Predicate = true> <Delay = 0.00> <CoreInst = "axis">   --->   Core 127 'axis' <Latency = 0> <II = 1> <Delay = 1.00> <Adapter> <Opcode : >
ST_2 : Operation 95 [1/1] (0.72ns)   --->   "%icmp_ln37 = icmp_sgt  i30 %tmp_1, i30 0" [/home/users/eleonora.cabai/Documents/K-Means-AIE/data_movers/setup_aie.cpp:37]   --->   Operation 95 'icmp' 'icmp_ln37' <Predicate = true> <Delay = 0.72> <CoreInst = "Cmp">   --->   Core 9 'Cmp' <Latency = 0> <II = 1> <Delay = 0.72> <FuncUnit> <Opcode : 'icmp'> <InPorts = 2> <OutPorts = 1>

State 3 <SV = 2> <Delay = 1.00>
ST_3 : Operation 96 [1/1] (1.00ns)   --->   "%input_r_read = read i64 @_ssdm_op_Read.s_axilite.i64, i64 %input_r"   --->   Operation 96 'read' 'input_r_read' <Predicate = true> <Delay = 1.00> <CoreInst = "s_axilite">   --->   Core 126 's_axilite' <Latency = 0> <II = 1> <Delay = 1.00> <Adapter> <Opcode : 'read' 'write'>
ST_3 : Operation 97 [1/2] (0.00ns)   --->   "%write_ln34 = write void @_ssdm_op_Write.axis.volatile.i128P128A, i128 %s, i128 %zext_ln345" [/home/users/eleonora.cabai/Documents/K-Means-AIE/data_movers/setup_aie.cpp:34]   --->   Operation 97 'write' 'write_ln34' <Predicate = true> <Delay = 0.00> <CoreInst = "axis">   --->   Core 127 'axis' <Latency = 0> <II = 1> <Delay = 1.00> <Adapter> <Opcode : >
ST_3 : Operation 98 [1/1] (0.00ns)   --->   "%trunc_ln1 = partselect i60 @_ssdm_op_PartSelect.i60.i64.i32.i32, i64 %input_r_read, i32 4, i32 63" [/home/users/eleonora.cabai/Documents/K-Means-AIE/data_movers/setup_aie.cpp:37]   --->   Operation 98 'partselect' 'trunc_ln1' <Predicate = true> <Delay = 0.00>
ST_3 : Operation 99 [1/1] (0.40ns)   --->   "%empty = select i1 %icmp_ln37, i31 %size_loop, i31 0" [/home/users/eleonora.cabai/Documents/K-Means-AIE/data_movers/setup_aie.cpp:37]   --->   Operation 99 'select' 'empty' <Predicate = true> <Delay = 0.40> <CoreInst = "Sel">   --->   Core 77 'Sel' <Latency = 0> <II = 1> <Delay = 0.40> <FuncUnit> <Opcode : 'select'> <InPorts = 3> <OutPorts = 1>

State 4 <SV = 3> <Delay = 2.43>
ST_4 : Operation 100 [1/1] (0.00ns)   --->   "%sext_ln37 = sext i60 %trunc_ln1" [/home/users/eleonora.cabai/Documents/K-Means-AIE/data_movers/setup_aie.cpp:37]   --->   Operation 100 'sext' 'sext_ln37' <Predicate = true> <Delay = 0.00>
ST_4 : Operation 101 [1/1] (0.00ns)   --->   "%gmem0_addr = getelementptr i128 %gmem0, i64 %sext_ln37" [/home/users/eleonora.cabai/Documents/K-Means-AIE/data_movers/setup_aie.cpp:37]   --->   Operation 101 'getelementptr' 'gmem0_addr' <Predicate = true> <Delay = 0.00>
ST_4 : Operation 102 [1/1] (0.00ns)   --->   "%sext_ln37_1 = sext i31 %empty" [/home/users/eleonora.cabai/Documents/K-Means-AIE/data_movers/setup_aie.cpp:37]   --->   Operation 102 'sext' 'sext_ln37_1' <Predicate = true> <Delay = 0.00>
ST_4 : Operation 103 [70/70] (2.43ns)   --->   "%empty_22 = readreq i1 @_ssdm_op_ReadReq.m_axi.p1i128, i128 %gmem0_addr, i32 %sext_ln37_1" [/home/users/eleonora.cabai/Documents/K-Means-AIE/data_movers/setup_aie.cpp:37]   --->   Operation 103 'readreq' 'empty_22' <Predicate = true> <Delay = 2.43> <CoreInst = "m_axi">   --->   Core 125 'm_axi' <Latency = 0> <II = 1> <Delay = 1.00> <Adapter> <Opcode : 'read' 'write' 'readreq' 'writereq' 'writeresp'>

State 5 <SV = 4> <Delay = 2.43>
ST_5 : Operation 104 [69/70] (2.43ns)   --->   "%empty_22 = readreq i1 @_ssdm_op_ReadReq.m_axi.p1i128, i128 %gmem0_addr, i32 %sext_ln37_1" [/home/users/eleonora.cabai/Documents/K-Means-AIE/data_movers/setup_aie.cpp:37]   --->   Operation 104 'readreq' 'empty_22' <Predicate = true> <Delay = 2.43> <CoreInst = "m_axi">   --->   Core 125 'm_axi' <Latency = 0> <II = 1> <Delay = 1.00> <Adapter> <Opcode : 'read' 'write' 'readreq' 'writereq' 'writeresp'>

State 6 <SV = 5> <Delay = 2.43>
ST_6 : Operation 105 [68/70] (2.43ns)   --->   "%empty_22 = readreq i1 @_ssdm_op_ReadReq.m_axi.p1i128, i128 %gmem0_addr, i32 %sext_ln37_1" [/home/users/eleonora.cabai/Documents/K-Means-AIE/data_movers/setup_aie.cpp:37]   --->   Operation 105 'readreq' 'empty_22' <Predicate = true> <Delay = 2.43> <CoreInst = "m_axi">   --->   Core 125 'm_axi' <Latency = 0> <II = 1> <Delay = 1.00> <Adapter> <Opcode : 'read' 'write' 'readreq' 'writereq' 'writeresp'>

State 7 <SV = 6> <Delay = 2.43>
ST_7 : Operation 106 [67/70] (2.43ns)   --->   "%empty_22 = readreq i1 @_ssdm_op_ReadReq.m_axi.p1i128, i128 %gmem0_addr, i32 %sext_ln37_1" [/home/users/eleonora.cabai/Documents/K-Means-AIE/data_movers/setup_aie.cpp:37]   --->   Operation 106 'readreq' 'empty_22' <Predicate = true> <Delay = 2.43> <CoreInst = "m_axi">   --->   Core 125 'm_axi' <Latency = 0> <II = 1> <Delay = 1.00> <Adapter> <Opcode : 'read' 'write' 'readreq' 'writereq' 'writeresp'>

State 8 <SV = 7> <Delay = 2.43>
ST_8 : Operation 107 [66/70] (2.43ns)   --->   "%empty_22 = readreq i1 @_ssdm_op_ReadReq.m_axi.p1i128, i128 %gmem0_addr, i32 %sext_ln37_1" [/home/users/eleonora.cabai/Documents/K-Means-AIE/data_movers/setup_aie.cpp:37]   --->   Operation 107 'readreq' 'empty_22' <Predicate = true> <Delay = 2.43> <CoreInst = "m_axi">   --->   Core 125 'm_axi' <Latency = 0> <II = 1> <Delay = 1.00> <Adapter> <Opcode : 'read' 'write' 'readreq' 'writereq' 'writeresp'>

State 9 <SV = 8> <Delay = 2.43>
ST_9 : Operation 108 [65/70] (2.43ns)   --->   "%empty_22 = readreq i1 @_ssdm_op_ReadReq.m_axi.p1i128, i128 %gmem0_addr, i32 %sext_ln37_1" [/home/users/eleonora.cabai/Documents/K-Means-AIE/data_movers/setup_aie.cpp:37]   --->   Operation 108 'readreq' 'empty_22' <Predicate = true> <Delay = 2.43> <CoreInst = "m_axi">   --->   Core 125 'm_axi' <Latency = 0> <II = 1> <Delay = 1.00> <Adapter> <Opcode : 'read' 'write' 'readreq' 'writereq' 'writeresp'>

State 10 <SV = 9> <Delay = 2.43>
ST_10 : Operation 109 [64/70] (2.43ns)   --->   "%empty_22 = readreq i1 @_ssdm_op_ReadReq.m_axi.p1i128, i128 %gmem0_addr, i32 %sext_ln37_1" [/home/users/eleonora.cabai/Documents/K-Means-AIE/data_movers/setup_aie.cpp:37]   --->   Operation 109 'readreq' 'empty_22' <Predicate = true> <Delay = 2.43> <CoreInst = "m_axi">   --->   Core 125 'm_axi' <Latency = 0> <II = 1> <Delay = 1.00> <Adapter> <Opcode : 'read' 'write' 'readreq' 'writereq' 'writeresp'>

State 11 <SV = 10> <Delay = 2.43>
ST_11 : Operation 110 [63/70] (2.43ns)   --->   "%empty_22 = readreq i1 @_ssdm_op_ReadReq.m_axi.p1i128, i128 %gmem0_addr, i32 %sext_ln37_1" [/home/users/eleonora.cabai/Documents/K-Means-AIE/data_movers/setup_aie.cpp:37]   --->   Operation 110 'readreq' 'empty_22' <Predicate = true> <Delay = 2.43> <CoreInst = "m_axi">   --->   Core 125 'm_axi' <Latency = 0> <II = 1> <Delay = 1.00> <Adapter> <Opcode : 'read' 'write' 'readreq' 'writereq' 'writeresp'>

State 12 <SV = 11> <Delay = 2.43>
ST_12 : Operation 111 [62/70] (2.43ns)   --->   "%empty_22 = readreq i1 @_ssdm_op_ReadReq.m_axi.p1i128, i128 %gmem0_addr, i32 %sext_ln37_1" [/home/users/eleonora.cabai/Documents/K-Means-AIE/data_movers/setup_aie.cpp:37]   --->   Operation 111 'readreq' 'empty_22' <Predicate = true> <Delay = 2.43> <CoreInst = "m_axi">   --->   Core 125 'm_axi' <Latency = 0> <II = 1> <Delay = 1.00> <Adapter> <Opcode : 'read' 'write' 'readreq' 'writereq' 'writeresp'>

State 13 <SV = 12> <Delay = 2.43>
ST_13 : Operation 112 [61/70] (2.43ns)   --->   "%empty_22 = readreq i1 @_ssdm_op_ReadReq.m_axi.p1i128, i128 %gmem0_addr, i32 %sext_ln37_1" [/home/users/eleonora.cabai/Documents/K-Means-AIE/data_movers/setup_aie.cpp:37]   --->   Operation 112 'readreq' 'empty_22' <Predicate = true> <Delay = 2.43> <CoreInst = "m_axi">   --->   Core 125 'm_axi' <Latency = 0> <II = 1> <Delay = 1.00> <Adapter> <Opcode : 'read' 'write' 'readreq' 'writereq' 'writeresp'>

State 14 <SV = 13> <Delay = 2.43>
ST_14 : Operation 113 [60/70] (2.43ns)   --->   "%empty_22 = readreq i1 @_ssdm_op_ReadReq.m_axi.p1i128, i128 %gmem0_addr, i32 %sext_ln37_1" [/home/users/eleonora.cabai/Documents/K-Means-AIE/data_movers/setup_aie.cpp:37]   --->   Operation 113 'readreq' 'empty_22' <Predicate = true> <Delay = 2.43> <CoreInst = "m_axi">   --->   Core 125 'm_axi' <Latency = 0> <II = 1> <Delay = 1.00> <Adapter> <Opcode : 'read' 'write' 'readreq' 'writereq' 'writeresp'>

State 15 <SV = 14> <Delay = 2.43>
ST_15 : Operation 114 [59/70] (2.43ns)   --->   "%empty_22 = readreq i1 @_ssdm_op_ReadReq.m_axi.p1i128, i128 %gmem0_addr, i32 %sext_ln37_1" [/home/users/eleonora.cabai/Documents/K-Means-AIE/data_movers/setup_aie.cpp:37]   --->   Operation 114 'readreq' 'empty_22' <Predicate = true> <Delay = 2.43> <CoreInst = "m_axi">   --->   Core 125 'm_axi' <Latency = 0> <II = 1> <Delay = 1.00> <Adapter> <Opcode : 'read' 'write' 'readreq' 'writereq' 'writeresp'>

State 16 <SV = 15> <Delay = 2.43>
ST_16 : Operation 115 [58/70] (2.43ns)   --->   "%empty_22 = readreq i1 @_ssdm_op_ReadReq.m_axi.p1i128, i128 %gmem0_addr, i32 %sext_ln37_1" [/home/users/eleonora.cabai/Documents/K-Means-AIE/data_movers/setup_aie.cpp:37]   --->   Operation 115 'readreq' 'empty_22' <Predicate = true> <Delay = 2.43> <CoreInst = "m_axi">   --->   Core 125 'm_axi' <Latency = 0> <II = 1> <Delay = 1.00> <Adapter> <Opcode : 'read' 'write' 'readreq' 'writereq' 'writeresp'>

State 17 <SV = 16> <Delay = 2.43>
ST_17 : Operation 116 [57/70] (2.43ns)   --->   "%empty_22 = readreq i1 @_ssdm_op_ReadReq.m_axi.p1i128, i128 %gmem0_addr, i32 %sext_ln37_1" [/home/users/eleonora.cabai/Documents/K-Means-AIE/data_movers/setup_aie.cpp:37]   --->   Operation 116 'readreq' 'empty_22' <Predicate = true> <Delay = 2.43> <CoreInst = "m_axi">   --->   Core 125 'm_axi' <Latency = 0> <II = 1> <Delay = 1.00> <Adapter> <Opcode : 'read' 'write' 'readreq' 'writereq' 'writeresp'>

State 18 <SV = 17> <Delay = 2.43>
ST_18 : Operation 117 [56/70] (2.43ns)   --->   "%empty_22 = readreq i1 @_ssdm_op_ReadReq.m_axi.p1i128, i128 %gmem0_addr, i32 %sext_ln37_1" [/home/users/eleonora.cabai/Documents/K-Means-AIE/data_movers/setup_aie.cpp:37]   --->   Operation 117 'readreq' 'empty_22' <Predicate = true> <Delay = 2.43> <CoreInst = "m_axi">   --->   Core 125 'm_axi' <Latency = 0> <II = 1> <Delay = 1.00> <Adapter> <Opcode : 'read' 'write' 'readreq' 'writereq' 'writeresp'>

State 19 <SV = 18> <Delay = 2.43>
ST_19 : Operation 118 [55/70] (2.43ns)   --->   "%empty_22 = readreq i1 @_ssdm_op_ReadReq.m_axi.p1i128, i128 %gmem0_addr, i32 %sext_ln37_1" [/home/users/eleonora.cabai/Documents/K-Means-AIE/data_movers/setup_aie.cpp:37]   --->   Operation 118 'readreq' 'empty_22' <Predicate = true> <Delay = 2.43> <CoreInst = "m_axi">   --->   Core 125 'm_axi' <Latency = 0> <II = 1> <Delay = 1.00> <Adapter> <Opcode : 'read' 'write' 'readreq' 'writereq' 'writeresp'>

State 20 <SV = 19> <Delay = 2.43>
ST_20 : Operation 119 [54/70] (2.43ns)   --->   "%empty_22 = readreq i1 @_ssdm_op_ReadReq.m_axi.p1i128, i128 %gmem0_addr, i32 %sext_ln37_1" [/home/users/eleonora.cabai/Documents/K-Means-AIE/data_movers/setup_aie.cpp:37]   --->   Operation 119 'readreq' 'empty_22' <Predicate = true> <Delay = 2.43> <CoreInst = "m_axi">   --->   Core 125 'm_axi' <Latency = 0> <II = 1> <Delay = 1.00> <Adapter> <Opcode : 'read' 'write' 'readreq' 'writereq' 'writeresp'>

State 21 <SV = 20> <Delay = 2.43>
ST_21 : Operation 120 [53/70] (2.43ns)   --->   "%empty_22 = readreq i1 @_ssdm_op_ReadReq.m_axi.p1i128, i128 %gmem0_addr, i32 %sext_ln37_1" [/home/users/eleonora.cabai/Documents/K-Means-AIE/data_movers/setup_aie.cpp:37]   --->   Operation 120 'readreq' 'empty_22' <Predicate = true> <Delay = 2.43> <CoreInst = "m_axi">   --->   Core 125 'm_axi' <Latency = 0> <II = 1> <Delay = 1.00> <Adapter> <Opcode : 'read' 'write' 'readreq' 'writereq' 'writeresp'>

State 22 <SV = 21> <Delay = 2.43>
ST_22 : Operation 121 [52/70] (2.43ns)   --->   "%empty_22 = readreq i1 @_ssdm_op_ReadReq.m_axi.p1i128, i128 %gmem0_addr, i32 %sext_ln37_1" [/home/users/eleonora.cabai/Documents/K-Means-AIE/data_movers/setup_aie.cpp:37]   --->   Operation 121 'readreq' 'empty_22' <Predicate = true> <Delay = 2.43> <CoreInst = "m_axi">   --->   Core 125 'm_axi' <Latency = 0> <II = 1> <Delay = 1.00> <Adapter> <Opcode : 'read' 'write' 'readreq' 'writereq' 'writeresp'>

State 23 <SV = 22> <Delay = 2.43>
ST_23 : Operation 122 [51/70] (2.43ns)   --->   "%empty_22 = readreq i1 @_ssdm_op_ReadReq.m_axi.p1i128, i128 %gmem0_addr, i32 %sext_ln37_1" [/home/users/eleonora.cabai/Documents/K-Means-AIE/data_movers/setup_aie.cpp:37]   --->   Operation 122 'readreq' 'empty_22' <Predicate = true> <Delay = 2.43> <CoreInst = "m_axi">   --->   Core 125 'm_axi' <Latency = 0> <II = 1> <Delay = 1.00> <Adapter> <Opcode : 'read' 'write' 'readreq' 'writereq' 'writeresp'>

State 24 <SV = 23> <Delay = 2.43>
ST_24 : Operation 123 [50/70] (2.43ns)   --->   "%empty_22 = readreq i1 @_ssdm_op_ReadReq.m_axi.p1i128, i128 %gmem0_addr, i32 %sext_ln37_1" [/home/users/eleonora.cabai/Documents/K-Means-AIE/data_movers/setup_aie.cpp:37]   --->   Operation 123 'readreq' 'empty_22' <Predicate = true> <Delay = 2.43> <CoreInst = "m_axi">   --->   Core 125 'm_axi' <Latency = 0> <II = 1> <Delay = 1.00> <Adapter> <Opcode : 'read' 'write' 'readreq' 'writereq' 'writeresp'>

State 25 <SV = 24> <Delay = 2.43>
ST_25 : Operation 124 [49/70] (2.43ns)   --->   "%empty_22 = readreq i1 @_ssdm_op_ReadReq.m_axi.p1i128, i128 %gmem0_addr, i32 %sext_ln37_1" [/home/users/eleonora.cabai/Documents/K-Means-AIE/data_movers/setup_aie.cpp:37]   --->   Operation 124 'readreq' 'empty_22' <Predicate = true> <Delay = 2.43> <CoreInst = "m_axi">   --->   Core 125 'm_axi' <Latency = 0> <II = 1> <Delay = 1.00> <Adapter> <Opcode : 'read' 'write' 'readreq' 'writereq' 'writeresp'>

State 26 <SV = 25> <Delay = 2.43>
ST_26 : Operation 125 [48/70] (2.43ns)   --->   "%empty_22 = readreq i1 @_ssdm_op_ReadReq.m_axi.p1i128, i128 %gmem0_addr, i32 %sext_ln37_1" [/home/users/eleonora.cabai/Documents/K-Means-AIE/data_movers/setup_aie.cpp:37]   --->   Operation 125 'readreq' 'empty_22' <Predicate = true> <Delay = 2.43> <CoreInst = "m_axi">   --->   Core 125 'm_axi' <Latency = 0> <II = 1> <Delay = 1.00> <Adapter> <Opcode : 'read' 'write' 'readreq' 'writereq' 'writeresp'>

State 27 <SV = 26> <Delay = 2.43>
ST_27 : Operation 126 [47/70] (2.43ns)   --->   "%empty_22 = readreq i1 @_ssdm_op_ReadReq.m_axi.p1i128, i128 %gmem0_addr, i32 %sext_ln37_1" [/home/users/eleonora.cabai/Documents/K-Means-AIE/data_movers/setup_aie.cpp:37]   --->   Operation 126 'readreq' 'empty_22' <Predicate = true> <Delay = 2.43> <CoreInst = "m_axi">   --->   Core 125 'm_axi' <Latency = 0> <II = 1> <Delay = 1.00> <Adapter> <Opcode : 'read' 'write' 'readreq' 'writereq' 'writeresp'>

State 28 <SV = 27> <Delay = 2.43>
ST_28 : Operation 127 [46/70] (2.43ns)   --->   "%empty_22 = readreq i1 @_ssdm_op_ReadReq.m_axi.p1i128, i128 %gmem0_addr, i32 %sext_ln37_1" [/home/users/eleonora.cabai/Documents/K-Means-AIE/data_movers/setup_aie.cpp:37]   --->   Operation 127 'readreq' 'empty_22' <Predicate = true> <Delay = 2.43> <CoreInst = "m_axi">   --->   Core 125 'm_axi' <Latency = 0> <II = 1> <Delay = 1.00> <Adapter> <Opcode : 'read' 'write' 'readreq' 'writereq' 'writeresp'>

State 29 <SV = 28> <Delay = 2.43>
ST_29 : Operation 128 [45/70] (2.43ns)   --->   "%empty_22 = readreq i1 @_ssdm_op_ReadReq.m_axi.p1i128, i128 %gmem0_addr, i32 %sext_ln37_1" [/home/users/eleonora.cabai/Documents/K-Means-AIE/data_movers/setup_aie.cpp:37]   --->   Operation 128 'readreq' 'empty_22' <Predicate = true> <Delay = 2.43> <CoreInst = "m_axi">   --->   Core 125 'm_axi' <Latency = 0> <II = 1> <Delay = 1.00> <Adapter> <Opcode : 'read' 'write' 'readreq' 'writereq' 'writeresp'>

State 30 <SV = 29> <Delay = 2.43>
ST_30 : Operation 129 [44/70] (2.43ns)   --->   "%empty_22 = readreq i1 @_ssdm_op_ReadReq.m_axi.p1i128, i128 %gmem0_addr, i32 %sext_ln37_1" [/home/users/eleonora.cabai/Documents/K-Means-AIE/data_movers/setup_aie.cpp:37]   --->   Operation 129 'readreq' 'empty_22' <Predicate = true> <Delay = 2.43> <CoreInst = "m_axi">   --->   Core 125 'm_axi' <Latency = 0> <II = 1> <Delay = 1.00> <Adapter> <Opcode : 'read' 'write' 'readreq' 'writereq' 'writeresp'>

State 31 <SV = 30> <Delay = 2.43>
ST_31 : Operation 130 [43/70] (2.43ns)   --->   "%empty_22 = readreq i1 @_ssdm_op_ReadReq.m_axi.p1i128, i128 %gmem0_addr, i32 %sext_ln37_1" [/home/users/eleonora.cabai/Documents/K-Means-AIE/data_movers/setup_aie.cpp:37]   --->   Operation 130 'readreq' 'empty_22' <Predicate = true> <Delay = 2.43> <CoreInst = "m_axi">   --->   Core 125 'm_axi' <Latency = 0> <II = 1> <Delay = 1.00> <Adapter> <Opcode : 'read' 'write' 'readreq' 'writereq' 'writeresp'>

State 32 <SV = 31> <Delay = 2.43>
ST_32 : Operation 131 [42/70] (2.43ns)   --->   "%empty_22 = readreq i1 @_ssdm_op_ReadReq.m_axi.p1i128, i128 %gmem0_addr, i32 %sext_ln37_1" [/home/users/eleonora.cabai/Documents/K-Means-AIE/data_movers/setup_aie.cpp:37]   --->   Operation 131 'readreq' 'empty_22' <Predicate = true> <Delay = 2.43> <CoreInst = "m_axi">   --->   Core 125 'm_axi' <Latency = 0> <II = 1> <Delay = 1.00> <Adapter> <Opcode : 'read' 'write' 'readreq' 'writereq' 'writeresp'>

State 33 <SV = 32> <Delay = 2.43>
ST_33 : Operation 132 [41/70] (2.43ns)   --->   "%empty_22 = readreq i1 @_ssdm_op_ReadReq.m_axi.p1i128, i128 %gmem0_addr, i32 %sext_ln37_1" [/home/users/eleonora.cabai/Documents/K-Means-AIE/data_movers/setup_aie.cpp:37]   --->   Operation 132 'readreq' 'empty_22' <Predicate = true> <Delay = 2.43> <CoreInst = "m_axi">   --->   Core 125 'm_axi' <Latency = 0> <II = 1> <Delay = 1.00> <Adapter> <Opcode : 'read' 'write' 'readreq' 'writereq' 'writeresp'>

State 34 <SV = 33> <Delay = 2.43>
ST_34 : Operation 133 [40/70] (2.43ns)   --->   "%empty_22 = readreq i1 @_ssdm_op_ReadReq.m_axi.p1i128, i128 %gmem0_addr, i32 %sext_ln37_1" [/home/users/eleonora.cabai/Documents/K-Means-AIE/data_movers/setup_aie.cpp:37]   --->   Operation 133 'readreq' 'empty_22' <Predicate = true> <Delay = 2.43> <CoreInst = "m_axi">   --->   Core 125 'm_axi' <Latency = 0> <II = 1> <Delay = 1.00> <Adapter> <Opcode : 'read' 'write' 'readreq' 'writereq' 'writeresp'>

State 35 <SV = 34> <Delay = 2.43>
ST_35 : Operation 134 [39/70] (2.43ns)   --->   "%empty_22 = readreq i1 @_ssdm_op_ReadReq.m_axi.p1i128, i128 %gmem0_addr, i32 %sext_ln37_1" [/home/users/eleonora.cabai/Documents/K-Means-AIE/data_movers/setup_aie.cpp:37]   --->   Operation 134 'readreq' 'empty_22' <Predicate = true> <Delay = 2.43> <CoreInst = "m_axi">   --->   Core 125 'm_axi' <Latency = 0> <II = 1> <Delay = 1.00> <Adapter> <Opcode : 'read' 'write' 'readreq' 'writereq' 'writeresp'>

State 36 <SV = 35> <Delay = 2.43>
ST_36 : Operation 135 [38/70] (2.43ns)   --->   "%empty_22 = readreq i1 @_ssdm_op_ReadReq.m_axi.p1i128, i128 %gmem0_addr, i32 %sext_ln37_1" [/home/users/eleonora.cabai/Documents/K-Means-AIE/data_movers/setup_aie.cpp:37]   --->   Operation 135 'readreq' 'empty_22' <Predicate = true> <Delay = 2.43> <CoreInst = "m_axi">   --->   Core 125 'm_axi' <Latency = 0> <II = 1> <Delay = 1.00> <Adapter> <Opcode : 'read' 'write' 'readreq' 'writereq' 'writeresp'>

State 37 <SV = 36> <Delay = 2.43>
ST_37 : Operation 136 [37/70] (2.43ns)   --->   "%empty_22 = readreq i1 @_ssdm_op_ReadReq.m_axi.p1i128, i128 %gmem0_addr, i32 %sext_ln37_1" [/home/users/eleonora.cabai/Documents/K-Means-AIE/data_movers/setup_aie.cpp:37]   --->   Operation 136 'readreq' 'empty_22' <Predicate = true> <Delay = 2.43> <CoreInst = "m_axi">   --->   Core 125 'm_axi' <Latency = 0> <II = 1> <Delay = 1.00> <Adapter> <Opcode : 'read' 'write' 'readreq' 'writereq' 'writeresp'>

State 38 <SV = 37> <Delay = 2.43>
ST_38 : Operation 137 [36/70] (2.43ns)   --->   "%empty_22 = readreq i1 @_ssdm_op_ReadReq.m_axi.p1i128, i128 %gmem0_addr, i32 %sext_ln37_1" [/home/users/eleonora.cabai/Documents/K-Means-AIE/data_movers/setup_aie.cpp:37]   --->   Operation 137 'readreq' 'empty_22' <Predicate = true> <Delay = 2.43> <CoreInst = "m_axi">   --->   Core 125 'm_axi' <Latency = 0> <II = 1> <Delay = 1.00> <Adapter> <Opcode : 'read' 'write' 'readreq' 'writereq' 'writeresp'>

State 39 <SV = 38> <Delay = 2.43>
ST_39 : Operation 138 [35/70] (2.43ns)   --->   "%empty_22 = readreq i1 @_ssdm_op_ReadReq.m_axi.p1i128, i128 %gmem0_addr, i32 %sext_ln37_1" [/home/users/eleonora.cabai/Documents/K-Means-AIE/data_movers/setup_aie.cpp:37]   --->   Operation 138 'readreq' 'empty_22' <Predicate = true> <Delay = 2.43> <CoreInst = "m_axi">   --->   Core 125 'm_axi' <Latency = 0> <II = 1> <Delay = 1.00> <Adapter> <Opcode : 'read' 'write' 'readreq' 'writereq' 'writeresp'>

State 40 <SV = 39> <Delay = 2.43>
ST_40 : Operation 139 [34/70] (2.43ns)   --->   "%empty_22 = readreq i1 @_ssdm_op_ReadReq.m_axi.p1i128, i128 %gmem0_addr, i32 %sext_ln37_1" [/home/users/eleonora.cabai/Documents/K-Means-AIE/data_movers/setup_aie.cpp:37]   --->   Operation 139 'readreq' 'empty_22' <Predicate = true> <Delay = 2.43> <CoreInst = "m_axi">   --->   Core 125 'm_axi' <Latency = 0> <II = 1> <Delay = 1.00> <Adapter> <Opcode : 'read' 'write' 'readreq' 'writereq' 'writeresp'>

State 41 <SV = 40> <Delay = 2.43>
ST_41 : Operation 140 [33/70] (2.43ns)   --->   "%empty_22 = readreq i1 @_ssdm_op_ReadReq.m_axi.p1i128, i128 %gmem0_addr, i32 %sext_ln37_1" [/home/users/eleonora.cabai/Documents/K-Means-AIE/data_movers/setup_aie.cpp:37]   --->   Operation 140 'readreq' 'empty_22' <Predicate = true> <Delay = 2.43> <CoreInst = "m_axi">   --->   Core 125 'm_axi' <Latency = 0> <II = 1> <Delay = 1.00> <Adapter> <Opcode : 'read' 'write' 'readreq' 'writereq' 'writeresp'>

State 42 <SV = 41> <Delay = 2.43>
ST_42 : Operation 141 [32/70] (2.43ns)   --->   "%empty_22 = readreq i1 @_ssdm_op_ReadReq.m_axi.p1i128, i128 %gmem0_addr, i32 %sext_ln37_1" [/home/users/eleonora.cabai/Documents/K-Means-AIE/data_movers/setup_aie.cpp:37]   --->   Operation 141 'readreq' 'empty_22' <Predicate = true> <Delay = 2.43> <CoreInst = "m_axi">   --->   Core 125 'm_axi' <Latency = 0> <II = 1> <Delay = 1.00> <Adapter> <Opcode : 'read' 'write' 'readreq' 'writereq' 'writeresp'>

State 43 <SV = 42> <Delay = 2.43>
ST_43 : Operation 142 [31/70] (2.43ns)   --->   "%empty_22 = readreq i1 @_ssdm_op_ReadReq.m_axi.p1i128, i128 %gmem0_addr, i32 %sext_ln37_1" [/home/users/eleonora.cabai/Documents/K-Means-AIE/data_movers/setup_aie.cpp:37]   --->   Operation 142 'readreq' 'empty_22' <Predicate = true> <Delay = 2.43> <CoreInst = "m_axi">   --->   Core 125 'm_axi' <Latency = 0> <II = 1> <Delay = 1.00> <Adapter> <Opcode : 'read' 'write' 'readreq' 'writereq' 'writeresp'>

State 44 <SV = 43> <Delay = 2.43>
ST_44 : Operation 143 [30/70] (2.43ns)   --->   "%empty_22 = readreq i1 @_ssdm_op_ReadReq.m_axi.p1i128, i128 %gmem0_addr, i32 %sext_ln37_1" [/home/users/eleonora.cabai/Documents/K-Means-AIE/data_movers/setup_aie.cpp:37]   --->   Operation 143 'readreq' 'empty_22' <Predicate = true> <Delay = 2.43> <CoreInst = "m_axi">   --->   Core 125 'm_axi' <Latency = 0> <II = 1> <Delay = 1.00> <Adapter> <Opcode : 'read' 'write' 'readreq' 'writereq' 'writeresp'>

State 45 <SV = 44> <Delay = 2.43>
ST_45 : Operation 144 [29/70] (2.43ns)   --->   "%empty_22 = readreq i1 @_ssdm_op_ReadReq.m_axi.p1i128, i128 %gmem0_addr, i32 %sext_ln37_1" [/home/users/eleonora.cabai/Documents/K-Means-AIE/data_movers/setup_aie.cpp:37]   --->   Operation 144 'readreq' 'empty_22' <Predicate = true> <Delay = 2.43> <CoreInst = "m_axi">   --->   Core 125 'm_axi' <Latency = 0> <II = 1> <Delay = 1.00> <Adapter> <Opcode : 'read' 'write' 'readreq' 'writereq' 'writeresp'>

State 46 <SV = 45> <Delay = 2.43>
ST_46 : Operation 145 [28/70] (2.43ns)   --->   "%empty_22 = readreq i1 @_ssdm_op_ReadReq.m_axi.p1i128, i128 %gmem0_addr, i32 %sext_ln37_1" [/home/users/eleonora.cabai/Documents/K-Means-AIE/data_movers/setup_aie.cpp:37]   --->   Operation 145 'readreq' 'empty_22' <Predicate = true> <Delay = 2.43> <CoreInst = "m_axi">   --->   Core 125 'm_axi' <Latency = 0> <II = 1> <Delay = 1.00> <Adapter> <Opcode : 'read' 'write' 'readreq' 'writereq' 'writeresp'>

State 47 <SV = 46> <Delay = 2.43>
ST_47 : Operation 146 [27/70] (2.43ns)   --->   "%empty_22 = readreq i1 @_ssdm_op_ReadReq.m_axi.p1i128, i128 %gmem0_addr, i32 %sext_ln37_1" [/home/users/eleonora.cabai/Documents/K-Means-AIE/data_movers/setup_aie.cpp:37]   --->   Operation 146 'readreq' 'empty_22' <Predicate = true> <Delay = 2.43> <CoreInst = "m_axi">   --->   Core 125 'm_axi' <Latency = 0> <II = 1> <Delay = 1.00> <Adapter> <Opcode : 'read' 'write' 'readreq' 'writereq' 'writeresp'>

State 48 <SV = 47> <Delay = 2.43>
ST_48 : Operation 147 [26/70] (2.43ns)   --->   "%empty_22 = readreq i1 @_ssdm_op_ReadReq.m_axi.p1i128, i128 %gmem0_addr, i32 %sext_ln37_1" [/home/users/eleonora.cabai/Documents/K-Means-AIE/data_movers/setup_aie.cpp:37]   --->   Operation 147 'readreq' 'empty_22' <Predicate = true> <Delay = 2.43> <CoreInst = "m_axi">   --->   Core 125 'm_axi' <Latency = 0> <II = 1> <Delay = 1.00> <Adapter> <Opcode : 'read' 'write' 'readreq' 'writereq' 'writeresp'>

State 49 <SV = 48> <Delay = 2.43>
ST_49 : Operation 148 [25/70] (2.43ns)   --->   "%empty_22 = readreq i1 @_ssdm_op_ReadReq.m_axi.p1i128, i128 %gmem0_addr, i32 %sext_ln37_1" [/home/users/eleonora.cabai/Documents/K-Means-AIE/data_movers/setup_aie.cpp:37]   --->   Operation 148 'readreq' 'empty_22' <Predicate = true> <Delay = 2.43> <CoreInst = "m_axi">   --->   Core 125 'm_axi' <Latency = 0> <II = 1> <Delay = 1.00> <Adapter> <Opcode : 'read' 'write' 'readreq' 'writereq' 'writeresp'>

State 50 <SV = 49> <Delay = 2.43>
ST_50 : Operation 149 [24/70] (2.43ns)   --->   "%empty_22 = readreq i1 @_ssdm_op_ReadReq.m_axi.p1i128, i128 %gmem0_addr, i32 %sext_ln37_1" [/home/users/eleonora.cabai/Documents/K-Means-AIE/data_movers/setup_aie.cpp:37]   --->   Operation 149 'readreq' 'empty_22' <Predicate = true> <Delay = 2.43> <CoreInst = "m_axi">   --->   Core 125 'm_axi' <Latency = 0> <II = 1> <Delay = 1.00> <Adapter> <Opcode : 'read' 'write' 'readreq' 'writereq' 'writeresp'>

State 51 <SV = 50> <Delay = 2.43>
ST_51 : Operation 150 [23/70] (2.43ns)   --->   "%empty_22 = readreq i1 @_ssdm_op_ReadReq.m_axi.p1i128, i128 %gmem0_addr, i32 %sext_ln37_1" [/home/users/eleonora.cabai/Documents/K-Means-AIE/data_movers/setup_aie.cpp:37]   --->   Operation 150 'readreq' 'empty_22' <Predicate = true> <Delay = 2.43> <CoreInst = "m_axi">   --->   Core 125 'm_axi' <Latency = 0> <II = 1> <Delay = 1.00> <Adapter> <Opcode : 'read' 'write' 'readreq' 'writereq' 'writeresp'>

State 52 <SV = 51> <Delay = 2.43>
ST_52 : Operation 151 [22/70] (2.43ns)   --->   "%empty_22 = readreq i1 @_ssdm_op_ReadReq.m_axi.p1i128, i128 %gmem0_addr, i32 %sext_ln37_1" [/home/users/eleonora.cabai/Documents/K-Means-AIE/data_movers/setup_aie.cpp:37]   --->   Operation 151 'readreq' 'empty_22' <Predicate = true> <Delay = 2.43> <CoreInst = "m_axi">   --->   Core 125 'm_axi' <Latency = 0> <II = 1> <Delay = 1.00> <Adapter> <Opcode : 'read' 'write' 'readreq' 'writereq' 'writeresp'>

State 53 <SV = 52> <Delay = 2.43>
ST_53 : Operation 152 [21/70] (2.43ns)   --->   "%empty_22 = readreq i1 @_ssdm_op_ReadReq.m_axi.p1i128, i128 %gmem0_addr, i32 %sext_ln37_1" [/home/users/eleonora.cabai/Documents/K-Means-AIE/data_movers/setup_aie.cpp:37]   --->   Operation 152 'readreq' 'empty_22' <Predicate = true> <Delay = 2.43> <CoreInst = "m_axi">   --->   Core 125 'm_axi' <Latency = 0> <II = 1> <Delay = 1.00> <Adapter> <Opcode : 'read' 'write' 'readreq' 'writereq' 'writeresp'>

State 54 <SV = 53> <Delay = 2.43>
ST_54 : Operation 153 [20/70] (2.43ns)   --->   "%empty_22 = readreq i1 @_ssdm_op_ReadReq.m_axi.p1i128, i128 %gmem0_addr, i32 %sext_ln37_1" [/home/users/eleonora.cabai/Documents/K-Means-AIE/data_movers/setup_aie.cpp:37]   --->   Operation 153 'readreq' 'empty_22' <Predicate = true> <Delay = 2.43> <CoreInst = "m_axi">   --->   Core 125 'm_axi' <Latency = 0> <II = 1> <Delay = 1.00> <Adapter> <Opcode : 'read' 'write' 'readreq' 'writereq' 'writeresp'>

State 55 <SV = 54> <Delay = 2.43>
ST_55 : Operation 154 [19/70] (2.43ns)   --->   "%empty_22 = readreq i1 @_ssdm_op_ReadReq.m_axi.p1i128, i128 %gmem0_addr, i32 %sext_ln37_1" [/home/users/eleonora.cabai/Documents/K-Means-AIE/data_movers/setup_aie.cpp:37]   --->   Operation 154 'readreq' 'empty_22' <Predicate = true> <Delay = 2.43> <CoreInst = "m_axi">   --->   Core 125 'm_axi' <Latency = 0> <II = 1> <Delay = 1.00> <Adapter> <Opcode : 'read' 'write' 'readreq' 'writereq' 'writeresp'>

State 56 <SV = 55> <Delay = 2.43>
ST_56 : Operation 155 [18/70] (2.43ns)   --->   "%empty_22 = readreq i1 @_ssdm_op_ReadReq.m_axi.p1i128, i128 %gmem0_addr, i32 %sext_ln37_1" [/home/users/eleonora.cabai/Documents/K-Means-AIE/data_movers/setup_aie.cpp:37]   --->   Operation 155 'readreq' 'empty_22' <Predicate = true> <Delay = 2.43> <CoreInst = "m_axi">   --->   Core 125 'm_axi' <Latency = 0> <II = 1> <Delay = 1.00> <Adapter> <Opcode : 'read' 'write' 'readreq' 'writereq' 'writeresp'>

State 57 <SV = 56> <Delay = 2.43>
ST_57 : Operation 156 [17/70] (2.43ns)   --->   "%empty_22 = readreq i1 @_ssdm_op_ReadReq.m_axi.p1i128, i128 %gmem0_addr, i32 %sext_ln37_1" [/home/users/eleonora.cabai/Documents/K-Means-AIE/data_movers/setup_aie.cpp:37]   --->   Operation 156 'readreq' 'empty_22' <Predicate = true> <Delay = 2.43> <CoreInst = "m_axi">   --->   Core 125 'm_axi' <Latency = 0> <II = 1> <Delay = 1.00> <Adapter> <Opcode : 'read' 'write' 'readreq' 'writereq' 'writeresp'>

State 58 <SV = 57> <Delay = 2.43>
ST_58 : Operation 157 [16/70] (2.43ns)   --->   "%empty_22 = readreq i1 @_ssdm_op_ReadReq.m_axi.p1i128, i128 %gmem0_addr, i32 %sext_ln37_1" [/home/users/eleonora.cabai/Documents/K-Means-AIE/data_movers/setup_aie.cpp:37]   --->   Operation 157 'readreq' 'empty_22' <Predicate = true> <Delay = 2.43> <CoreInst = "m_axi">   --->   Core 125 'm_axi' <Latency = 0> <II = 1> <Delay = 1.00> <Adapter> <Opcode : 'read' 'write' 'readreq' 'writereq' 'writeresp'>

State 59 <SV = 58> <Delay = 2.43>
ST_59 : Operation 158 [15/70] (2.43ns)   --->   "%empty_22 = readreq i1 @_ssdm_op_ReadReq.m_axi.p1i128, i128 %gmem0_addr, i32 %sext_ln37_1" [/home/users/eleonora.cabai/Documents/K-Means-AIE/data_movers/setup_aie.cpp:37]   --->   Operation 158 'readreq' 'empty_22' <Predicate = true> <Delay = 2.43> <CoreInst = "m_axi">   --->   Core 125 'm_axi' <Latency = 0> <II = 1> <Delay = 1.00> <Adapter> <Opcode : 'read' 'write' 'readreq' 'writereq' 'writeresp'>

State 60 <SV = 59> <Delay = 2.43>
ST_60 : Operation 159 [14/70] (2.43ns)   --->   "%empty_22 = readreq i1 @_ssdm_op_ReadReq.m_axi.p1i128, i128 %gmem0_addr, i32 %sext_ln37_1" [/home/users/eleonora.cabai/Documents/K-Means-AIE/data_movers/setup_aie.cpp:37]   --->   Operation 159 'readreq' 'empty_22' <Predicate = true> <Delay = 2.43> <CoreInst = "m_axi">   --->   Core 125 'm_axi' <Latency = 0> <II = 1> <Delay = 1.00> <Adapter> <Opcode : 'read' 'write' 'readreq' 'writereq' 'writeresp'>

State 61 <SV = 60> <Delay = 2.43>
ST_61 : Operation 160 [13/70] (2.43ns)   --->   "%empty_22 = readreq i1 @_ssdm_op_ReadReq.m_axi.p1i128, i128 %gmem0_addr, i32 %sext_ln37_1" [/home/users/eleonora.cabai/Documents/K-Means-AIE/data_movers/setup_aie.cpp:37]   --->   Operation 160 'readreq' 'empty_22' <Predicate = true> <Delay = 2.43> <CoreInst = "m_axi">   --->   Core 125 'm_axi' <Latency = 0> <II = 1> <Delay = 1.00> <Adapter> <Opcode : 'read' 'write' 'readreq' 'writereq' 'writeresp'>

State 62 <SV = 61> <Delay = 2.43>
ST_62 : Operation 161 [12/70] (2.43ns)   --->   "%empty_22 = readreq i1 @_ssdm_op_ReadReq.m_axi.p1i128, i128 %gmem0_addr, i32 %sext_ln37_1" [/home/users/eleonora.cabai/Documents/K-Means-AIE/data_movers/setup_aie.cpp:37]   --->   Operation 161 'readreq' 'empty_22' <Predicate = true> <Delay = 2.43> <CoreInst = "m_axi">   --->   Core 125 'm_axi' <Latency = 0> <II = 1> <Delay = 1.00> <Adapter> <Opcode : 'read' 'write' 'readreq' 'writereq' 'writeresp'>

State 63 <SV = 62> <Delay = 2.43>
ST_63 : Operation 162 [11/70] (2.43ns)   --->   "%empty_22 = readreq i1 @_ssdm_op_ReadReq.m_axi.p1i128, i128 %gmem0_addr, i32 %sext_ln37_1" [/home/users/eleonora.cabai/Documents/K-Means-AIE/data_movers/setup_aie.cpp:37]   --->   Operation 162 'readreq' 'empty_22' <Predicate = true> <Delay = 2.43> <CoreInst = "m_axi">   --->   Core 125 'm_axi' <Latency = 0> <II = 1> <Delay = 1.00> <Adapter> <Opcode : 'read' 'write' 'readreq' 'writereq' 'writeresp'>

State 64 <SV = 63> <Delay = 2.43>
ST_64 : Operation 163 [10/70] (2.43ns)   --->   "%empty_22 = readreq i1 @_ssdm_op_ReadReq.m_axi.p1i128, i128 %gmem0_addr, i32 %sext_ln37_1" [/home/users/eleonora.cabai/Documents/K-Means-AIE/data_movers/setup_aie.cpp:37]   --->   Operation 163 'readreq' 'empty_22' <Predicate = true> <Delay = 2.43> <CoreInst = "m_axi">   --->   Core 125 'm_axi' <Latency = 0> <II = 1> <Delay = 1.00> <Adapter> <Opcode : 'read' 'write' 'readreq' 'writereq' 'writeresp'>

State 65 <SV = 64> <Delay = 2.43>
ST_65 : Operation 164 [9/70] (2.43ns)   --->   "%empty_22 = readreq i1 @_ssdm_op_ReadReq.m_axi.p1i128, i128 %gmem0_addr, i32 %sext_ln37_1" [/home/users/eleonora.cabai/Documents/K-Means-AIE/data_movers/setup_aie.cpp:37]   --->   Operation 164 'readreq' 'empty_22' <Predicate = true> <Delay = 2.43> <CoreInst = "m_axi">   --->   Core 125 'm_axi' <Latency = 0> <II = 1> <Delay = 1.00> <Adapter> <Opcode : 'read' 'write' 'readreq' 'writereq' 'writeresp'>

State 66 <SV = 65> <Delay = 2.43>
ST_66 : Operation 165 [8/70] (2.43ns)   --->   "%empty_22 = readreq i1 @_ssdm_op_ReadReq.m_axi.p1i128, i128 %gmem0_addr, i32 %sext_ln37_1" [/home/users/eleonora.cabai/Documents/K-Means-AIE/data_movers/setup_aie.cpp:37]   --->   Operation 165 'readreq' 'empty_22' <Predicate = true> <Delay = 2.43> <CoreInst = "m_axi">   --->   Core 125 'm_axi' <Latency = 0> <II = 1> <Delay = 1.00> <Adapter> <Opcode : 'read' 'write' 'readreq' 'writereq' 'writeresp'>

State 67 <SV = 66> <Delay = 2.43>
ST_67 : Operation 166 [7/70] (2.43ns)   --->   "%empty_22 = readreq i1 @_ssdm_op_ReadReq.m_axi.p1i128, i128 %gmem0_addr, i32 %sext_ln37_1" [/home/users/eleonora.cabai/Documents/K-Means-AIE/data_movers/setup_aie.cpp:37]   --->   Operation 166 'readreq' 'empty_22' <Predicate = true> <Delay = 2.43> <CoreInst = "m_axi">   --->   Core 125 'm_axi' <Latency = 0> <II = 1> <Delay = 1.00> <Adapter> <Opcode : 'read' 'write' 'readreq' 'writereq' 'writeresp'>

State 68 <SV = 67> <Delay = 2.43>
ST_68 : Operation 167 [6/70] (2.43ns)   --->   "%empty_22 = readreq i1 @_ssdm_op_ReadReq.m_axi.p1i128, i128 %gmem0_addr, i32 %sext_ln37_1" [/home/users/eleonora.cabai/Documents/K-Means-AIE/data_movers/setup_aie.cpp:37]   --->   Operation 167 'readreq' 'empty_22' <Predicate = true> <Delay = 2.43> <CoreInst = "m_axi">   --->   Core 125 'm_axi' <Latency = 0> <II = 1> <Delay = 1.00> <Adapter> <Opcode : 'read' 'write' 'readreq' 'writereq' 'writeresp'>

State 69 <SV = 68> <Delay = 2.43>
ST_69 : Operation 168 [5/70] (2.43ns)   --->   "%empty_22 = readreq i1 @_ssdm_op_ReadReq.m_axi.p1i128, i128 %gmem0_addr, i32 %sext_ln37_1" [/home/users/eleonora.cabai/Documents/K-Means-AIE/data_movers/setup_aie.cpp:37]   --->   Operation 168 'readreq' 'empty_22' <Predicate = true> <Delay = 2.43> <CoreInst = "m_axi">   --->   Core 125 'm_axi' <Latency = 0> <II = 1> <Delay = 1.00> <Adapter> <Opcode : 'read' 'write' 'readreq' 'writereq' 'writeresp'>

State 70 <SV = 69> <Delay = 2.43>
ST_70 : Operation 169 [4/70] (2.43ns)   --->   "%empty_22 = readreq i1 @_ssdm_op_ReadReq.m_axi.p1i128, i128 %gmem0_addr, i32 %sext_ln37_1" [/home/users/eleonora.cabai/Documents/K-Means-AIE/data_movers/setup_aie.cpp:37]   --->   Operation 169 'readreq' 'empty_22' <Predicate = true> <Delay = 2.43> <CoreInst = "m_axi">   --->   Core 125 'm_axi' <Latency = 0> <II = 1> <Delay = 1.00> <Adapter> <Opcode : 'read' 'write' 'readreq' 'writereq' 'writeresp'>

State 71 <SV = 70> <Delay = 2.43>
ST_71 : Operation 170 [3/70] (2.43ns)   --->   "%empty_22 = readreq i1 @_ssdm_op_ReadReq.m_axi.p1i128, i128 %gmem0_addr, i32 %sext_ln37_1" [/home/users/eleonora.cabai/Documents/K-Means-AIE/data_movers/setup_aie.cpp:37]   --->   Operation 170 'readreq' 'empty_22' <Predicate = true> <Delay = 2.43> <CoreInst = "m_axi">   --->   Core 125 'm_axi' <Latency = 0> <II = 1> <Delay = 1.00> <Adapter> <Opcode : 'read' 'write' 'readreq' 'writereq' 'writeresp'>

State 72 <SV = 71> <Delay = 2.43>
ST_72 : Operation 171 [2/70] (2.43ns)   --->   "%empty_22 = readreq i1 @_ssdm_op_ReadReq.m_axi.p1i128, i128 %gmem0_addr, i32 %sext_ln37_1" [/home/users/eleonora.cabai/Documents/K-Means-AIE/data_movers/setup_aie.cpp:37]   --->   Operation 171 'readreq' 'empty_22' <Predicate = true> <Delay = 2.43> <CoreInst = "m_axi">   --->   Core 125 'm_axi' <Latency = 0> <II = 1> <Delay = 1.00> <Adapter> <Opcode : 'read' 'write' 'readreq' 'writereq' 'writeresp'>

State 73 <SV = 72> <Delay = 2.43>
ST_73 : Operation 172 [1/70] (2.43ns)   --->   "%empty_22 = readreq i1 @_ssdm_op_ReadReq.m_axi.p1i128, i128 %gmem0_addr, i32 %sext_ln37_1" [/home/users/eleonora.cabai/Documents/K-Means-AIE/data_movers/setup_aie.cpp:37]   --->   Operation 172 'readreq' 'empty_22' <Predicate = true> <Delay = 2.43> <CoreInst = "m_axi">   --->   Core 125 'm_axi' <Latency = 0> <II = 1> <Delay = 1.00> <Adapter> <Opcode : 'read' 'write' 'readreq' 'writereq' 'writeresp'>

State 74 <SV = 73> <Delay = 1.17>
ST_74 : Operation 173 [1/1] (0.00ns)   --->   "%empty_23 = wait i32 @_ssdm_op_Wait"   --->   Operation 173 'wait' 'empty_23' <Predicate = true> <Delay = 0.00>
ST_74 : Operation 174 [2/2] (1.17ns)   --->   "%call_ln37 = call void @setup_aie_Pipeline_VITIS_LOOP_37_1, i128 %gmem0, i60 %trunc_ln1, i31 %size_loop, i128 %s" [/home/users/eleonora.cabai/Documents/K-Means-AIE/data_movers/setup_aie.cpp:37]   --->   Operation 174 'call' 'call_ln37' <Predicate = true> <Delay = 1.17> <CoreType = "Generic">   --->   Core 0 '' <Latency = 0> <II = 1> <Delay = 1.00> <Generic> <Opcode : >

State 75 <SV = 74> <Delay = 2.43>
ST_75 : Operation 175 [1/2] (2.43ns)   --->   "%call_ln37 = call void @setup_aie_Pipeline_VITIS_LOOP_37_1, i128 %gmem0, i60 %trunc_ln1, i31 %size_loop, i128 %s" [/home/users/eleonora.cabai/Documents/K-Means-AIE/data_movers/setup_aie.cpp:37]   --->   Operation 175 'call' 'call_ln37' <Predicate = true> <Delay = 2.43> <CoreType = "Generic">   --->   Core 0 '' <Latency = 0> <II = 1> <Delay = 1.00> <Generic> <Opcode : >

State 76 <SV = 75> <Delay = 0.00>
ST_76 : Operation 176 [1/1] (0.00ns)   --->   "%spectopmodule_ln9 = spectopmodule void @_ssdm_op_SpecTopModule, void @empty_9" [/home/users/eleonora.cabai/Documents/K-Means-AIE/data_movers/setup_aie.cpp:9]   --->   Operation 176 'spectopmodule' 'spectopmodule_ln9' <Predicate = true> <Delay = 0.00>
ST_76 : Operation 177 [1/1] (0.00ns)   --->   "%specinterface_ln9 = specinterface void @_ssdm_op_SpecInterface, i32 0, void @empty_6, i32 0, i32 0, void @empty_2, i32 0, i32 0, void @empty_2, void @empty_2, void @empty_2, i32 0, i32 0, i32 0, i32 0, void @empty_2, void @empty_2, i32 4294967295, i32 0" [/home/users/eleonora.cabai/Documents/K-Means-AIE/data_movers/setup_aie.cpp:9]   --->   Operation 177 'specinterface' 'specinterface_ln9' <Predicate = true> <Delay = 0.00>
ST_76 : Operation 178 [1/1] (0.00ns)   --->   "%specinterface_ln0 = specinterface void @_ssdm_op_SpecInterface, i128 %gmem0, void @empty_1, i32 0, i32 0, void @empty_2, i32 64, i32 100, void @empty_3, void @empty_4, void @empty_2, i32 16, i32 16, i32 16, i32 16, void @empty_2, void @empty_2, i32 4294967295, i32 0"   --->   Operation 178 'specinterface' 'specinterface_ln0' <Predicate = true> <Delay = 0.00>
ST_76 : Operation 179 [1/1] (0.00ns)   --->   "%specbitsmap_ln0 = specbitsmap void @_ssdm_op_SpecBitsMap, i128 %gmem0"   --->   Operation 179 'specbitsmap' 'specbitsmap_ln0' <Predicate = true> <Delay = 0.00>
ST_76 : Operation 180 [1/1] (0.00ns)   --->   "%specbitsmap_ln0 = specbitsmap void @_ssdm_op_SpecBitsMap, i32 %num_clusters"   --->   Operation 180 'specbitsmap' 'specbitsmap_ln0' <Predicate = true> <Delay = 0.00>
ST_76 : Operation 181 [1/1] (0.00ns)   --->   "%specinterface_ln0 = specinterface void @_ssdm_op_SpecInterface, i32 %num_clusters, void @empty_8, i32 0, i32 0, void @empty_2, i32 0, i32 0, void @empty_15, void @empty, void @empty_2, i32 0, i32 0, i32 0, i32 0, void @empty_2, void @empty_2, i32 4294967295, i32 0"   --->   Operation 181 'specinterface' 'specinterface_ln0' <Predicate = true> <Delay = 0.00>
ST_76 : Operation 182 [1/1] (0.00ns)   --->   "%specinterface_ln0 = specinterface void @_ssdm_op_SpecInterface, i32 %num_clusters, void @empty_0, i32 0, i32 0, void @empty_2, i32 0, i32 0, void @empty_2, void @empty_2, void @empty_2, i32 0, i32 0, i32 0, i32 0, void @empty_2, void @empty_2, i32 4294967295, i32 0"   --->   Operation 182 'specinterface' 'specinterface_ln0' <Predicate = true> <Delay = 0.00>
ST_76 : Operation 183 [1/1] (0.00ns)   --->   "%specbitsmap_ln0 = specbitsmap void @_ssdm_op_SpecBitsMap, i32 %num_points"   --->   Operation 183 'specbitsmap' 'specbitsmap_ln0' <Predicate = true> <Delay = 0.00>
ST_76 : Operation 184 [1/1] (0.00ns)   --->   "%specinterface_ln0 = specinterface void @_ssdm_op_SpecInterface, i32 %num_points, void @empty_8, i32 0, i32 0, void @empty_2, i32 0, i32 0, void @empty_15, void @empty_11, void @empty_2, i32 0, i32 0, i32 0, i32 0, void @empty_2, void @empty_2, i32 4294967295, i32 0"   --->   Operation 184 'specinterface' 'specinterface_ln0' <Predicate = true> <Delay = 0.00>
ST_76 : Operation 185 [1/1] (0.00ns)   --->   "%specinterface_ln0 = specinterface void @_ssdm_op_SpecInterface, i32 %num_points, void @empty_0, i32 0, i32 0, void @empty_2, i32 0, i32 0, void @empty_2, void @empty_2, void @empty_2, i32 0, i32 0, i32 0, i32 0, void @empty_2, void @empty_2, i32 4294967295, i32 0"   --->   Operation 185 'specinterface' 'specinterface_ln0' <Predicate = true> <Delay = 0.00>
ST_76 : Operation 186 [1/1] (0.00ns)   --->   "%specinterface_ln0 = specinterface void @_ssdm_op_SpecInterface, i64 %input_r, void @empty_8, i32 0, i32 0, void @empty_2, i32 0, i32 0, void @empty_15, void @empty_12, void @empty_2, i32 0, i32 0, i32 0, i32 0, void @empty_2, void @empty_13, i32 4294967295, i32 0"   --->   Operation 186 'specinterface' 'specinterface_ln0' <Predicate = true> <Delay = 0.00>
ST_76 : Operation 187 [1/1] (0.00ns)   --->   "%specinterface_ln0 = specinterface void @_ssdm_op_SpecInterface, i64 %input_r, void @empty_14, i32 0, i32 0, void @empty_2, i32 0, i32 0, void @empty_2, void @empty_2, void @empty_2, i32 0, i32 0, i32 0, i32 0, void @empty_2, void @empty_13, i32 4294967295, i32 0"   --->   Operation 187 'specinterface' 'specinterface_ln0' <Predicate = true> <Delay = 0.00>
ST_76 : Operation 188 [1/1] (0.00ns)   --->   "%specinterface_ln0 = specinterface void @_ssdm_op_SpecInterface, i128 %s, void @empty_5, i32 1, i32 1, void @empty_7, i32 0, i32 0, void @empty_2, void @empty_2, void @empty_2, i32 0, i32 0, i32 0, i32 0, void @empty_2, void @empty_2, i32 4294967295, i32 0"   --->   Operation 188 'specinterface' 'specinterface_ln0' <Predicate = true> <Delay = 0.00>
ST_76 : Operation 189 [1/1] (0.00ns)   --->   "%specbitsmap_ln0 = specbitsmap void @_ssdm_op_SpecBitsMap, i128 %s"   --->   Operation 189 'specbitsmap' 'specbitsmap_ln0' <Predicate = true> <Delay = 0.00>
ST_76 : Operation 190 [1/1] (0.00ns)   --->   "%specinterface_ln0 = specinterface void @_ssdm_op_SpecInterface, i32 0, void @empty_8, i32 0, i32 0, void @empty_2, i32 0, i32 0, void @empty_15, void @empty_2, void @empty_2, i32 0, i32 0, i32 0, i32 0, void @empty_2, void @empty_2, i32 4294967295, i32 0"   --->   Operation 190 'specinterface' 'specinterface_ln0' <Predicate = true> <Delay = 0.00>
ST_76 : Operation 191 [1/1] (0.00ns)   --->   "%ret_ln45 = ret" [/home/users/eleonora.cabai/Documents/K-Means-AIE/data_movers/setup_aie.cpp:45]   --->   Operation 191 'ret' 'ret_ln45' <Predicate = true> <Delay = 0.00>


============================================================
+ Verbose Summary: Timing violations
============================================================
Target clock period: 3.33ns, clock uncertainty: 0.9ns.

 <State 1>: 1.89ns
The critical path consists of the following:
	wire read operation ('num_points') on port 'num_points' [9]  (1 ns)
	'shl' operation ('shl_ln27_1', /home/users/eleonora.cabai/Documents/K-Means-AIE/data_movers/setup_aie.cpp:27) [25]  (0 ns)
	'add' operation ('size', /home/users/eleonora.cabai/Documents/K-Means-AIE/data_movers/setup_aie.cpp:27) [26]  (0.893 ns)

 <State 2>: 2.19ns
The critical path consists of the following:
	'sub' operation ('sub_ln28', /home/users/eleonora.cabai/Documents/K-Means-AIE/data_movers/setup_aie.cpp:28) [28]  (0.893 ns)
	'sub' operation ('sub_ln28_1', /home/users/eleonora.cabai/Documents/K-Means-AIE/data_movers/setup_aie.cpp:28) [31]  (0.89 ns)
	'select' operation ('size_loop', /home/users/eleonora.cabai/Documents/K-Means-AIE/data_movers/setup_aie.cpp:28) [34]  (0.407 ns)

 <State 3>: 1ns
The critical path consists of the following:
	s_axi read operation ('input') on port 'input_r' [8]  (1 ns)

 <State 4>: 2.43ns
The critical path consists of the following:
	'getelementptr' operation ('gmem0_addr', /home/users/eleonora.cabai/Documents/K-Means-AIE/data_movers/setup_aie.cpp:37) [43]  (0 ns)
	bus request operation ('empty_22', /home/users/eleonora.cabai/Documents/K-Means-AIE/data_movers/setup_aie.cpp:37) on port 'gmem0' (/home/users/eleonora.cabai/Documents/K-Means-AIE/data_movers/setup_aie.cpp:37) [46]  (2.43 ns)

 <State 5>: 2.43ns
The critical path consists of the following:
	bus request operation ('empty_22', /home/users/eleonora.cabai/Documents/K-Means-AIE/data_movers/setup_aie.cpp:37) on port 'gmem0' (/home/users/eleonora.cabai/Documents/K-Means-AIE/data_movers/setup_aie.cpp:37) [46]  (2.43 ns)

 <State 6>: 2.43ns
The critical path consists of the following:
	bus request operation ('empty_22', /home/users/eleonora.cabai/Documents/K-Means-AIE/data_movers/setup_aie.cpp:37) on port 'gmem0' (/home/users/eleonora.cabai/Documents/K-Means-AIE/data_movers/setup_aie.cpp:37) [46]  (2.43 ns)

 <State 7>: 2.43ns
The critical path consists of the following:
	bus request operation ('empty_22', /home/users/eleonora.cabai/Documents/K-Means-AIE/data_movers/setup_aie.cpp:37) on port 'gmem0' (/home/users/eleonora.cabai/Documents/K-Means-AIE/data_movers/setup_aie.cpp:37) [46]  (2.43 ns)

 <State 8>: 2.43ns
The critical path consists of the following:
	bus request operation ('empty_22', /home/users/eleonora.cabai/Documents/K-Means-AIE/data_movers/setup_aie.cpp:37) on port 'gmem0' (/home/users/eleonora.cabai/Documents/K-Means-AIE/data_movers/setup_aie.cpp:37) [46]  (2.43 ns)

 <State 9>: 2.43ns
The critical path consists of the following:
	bus request operation ('empty_22', /home/users/eleonora.cabai/Documents/K-Means-AIE/data_movers/setup_aie.cpp:37) on port 'gmem0' (/home/users/eleonora.cabai/Documents/K-Means-AIE/data_movers/setup_aie.cpp:37) [46]  (2.43 ns)

 <State 10>: 2.43ns
The critical path consists of the following:
	bus request operation ('empty_22', /home/users/eleonora.cabai/Documents/K-Means-AIE/data_movers/setup_aie.cpp:37) on port 'gmem0' (/home/users/eleonora.cabai/Documents/K-Means-AIE/data_movers/setup_aie.cpp:37) [46]  (2.43 ns)

 <State 11>: 2.43ns
The critical path consists of the following:
	bus request operation ('empty_22', /home/users/eleonora.cabai/Documents/K-Means-AIE/data_movers/setup_aie.cpp:37) on port 'gmem0' (/home/users/eleonora.cabai/Documents/K-Means-AIE/data_movers/setup_aie.cpp:37) [46]  (2.43 ns)

 <State 12>: 2.43ns
The critical path consists of the following:
	bus request operation ('empty_22', /home/users/eleonora.cabai/Documents/K-Means-AIE/data_movers/setup_aie.cpp:37) on port 'gmem0' (/home/users/eleonora.cabai/Documents/K-Means-AIE/data_movers/setup_aie.cpp:37) [46]  (2.43 ns)

 <State 13>: 2.43ns
The critical path consists of the following:
	bus request operation ('empty_22', /home/users/eleonora.cabai/Documents/K-Means-AIE/data_movers/setup_aie.cpp:37) on port 'gmem0' (/home/users/eleonora.cabai/Documents/K-Means-AIE/data_movers/setup_aie.cpp:37) [46]  (2.43 ns)

 <State 14>: 2.43ns
The critical path consists of the following:
	bus request operation ('empty_22', /home/users/eleonora.cabai/Documents/K-Means-AIE/data_movers/setup_aie.cpp:37) on port 'gmem0' (/home/users/eleonora.cabai/Documents/K-Means-AIE/data_movers/setup_aie.cpp:37) [46]  (2.43 ns)

 <State 15>: 2.43ns
The critical path consists of the following:
	bus request operation ('empty_22', /home/users/eleonora.cabai/Documents/K-Means-AIE/data_movers/setup_aie.cpp:37) on port 'gmem0' (/home/users/eleonora.cabai/Documents/K-Means-AIE/data_movers/setup_aie.cpp:37) [46]  (2.43 ns)

 <State 16>: 2.43ns
The critical path consists of the following:
	bus request operation ('empty_22', /home/users/eleonora.cabai/Documents/K-Means-AIE/data_movers/setup_aie.cpp:37) on port 'gmem0' (/home/users/eleonora.cabai/Documents/K-Means-AIE/data_movers/setup_aie.cpp:37) [46]  (2.43 ns)

 <State 17>: 2.43ns
The critical path consists of the following:
	bus request operation ('empty_22', /home/users/eleonora.cabai/Documents/K-Means-AIE/data_movers/setup_aie.cpp:37) on port 'gmem0' (/home/users/eleonora.cabai/Documents/K-Means-AIE/data_movers/setup_aie.cpp:37) [46]  (2.43 ns)

 <State 18>: 2.43ns
The critical path consists of the following:
	bus request operation ('empty_22', /home/users/eleonora.cabai/Documents/K-Means-AIE/data_movers/setup_aie.cpp:37) on port 'gmem0' (/home/users/eleonora.cabai/Documents/K-Means-AIE/data_movers/setup_aie.cpp:37) [46]  (2.43 ns)

 <State 19>: 2.43ns
The critical path consists of the following:
	bus request operation ('empty_22', /home/users/eleonora.cabai/Documents/K-Means-AIE/data_movers/setup_aie.cpp:37) on port 'gmem0' (/home/users/eleonora.cabai/Documents/K-Means-AIE/data_movers/setup_aie.cpp:37) [46]  (2.43 ns)

 <State 20>: 2.43ns
The critical path consists of the following:
	bus request operation ('empty_22', /home/users/eleonora.cabai/Documents/K-Means-AIE/data_movers/setup_aie.cpp:37) on port 'gmem0' (/home/users/eleonora.cabai/Documents/K-Means-AIE/data_movers/setup_aie.cpp:37) [46]  (2.43 ns)

 <State 21>: 2.43ns
The critical path consists of the following:
	bus request operation ('empty_22', /home/users/eleonora.cabai/Documents/K-Means-AIE/data_movers/setup_aie.cpp:37) on port 'gmem0' (/home/users/eleonora.cabai/Documents/K-Means-AIE/data_movers/setup_aie.cpp:37) [46]  (2.43 ns)

 <State 22>: 2.43ns
The critical path consists of the following:
	bus request operation ('empty_22', /home/users/eleonora.cabai/Documents/K-Means-AIE/data_movers/setup_aie.cpp:37) on port 'gmem0' (/home/users/eleonora.cabai/Documents/K-Means-AIE/data_movers/setup_aie.cpp:37) [46]  (2.43 ns)

 <State 23>: 2.43ns
The critical path consists of the following:
	bus request operation ('empty_22', /home/users/eleonora.cabai/Documents/K-Means-AIE/data_movers/setup_aie.cpp:37) on port 'gmem0' (/home/users/eleonora.cabai/Documents/K-Means-AIE/data_movers/setup_aie.cpp:37) [46]  (2.43 ns)

 <State 24>: 2.43ns
The critical path consists of the following:
	bus request operation ('empty_22', /home/users/eleonora.cabai/Documents/K-Means-AIE/data_movers/setup_aie.cpp:37) on port 'gmem0' (/home/users/eleonora.cabai/Documents/K-Means-AIE/data_movers/setup_aie.cpp:37) [46]  (2.43 ns)

 <State 25>: 2.43ns
The critical path consists of the following:
	bus request operation ('empty_22', /home/users/eleonora.cabai/Documents/K-Means-AIE/data_movers/setup_aie.cpp:37) on port 'gmem0' (/home/users/eleonora.cabai/Documents/K-Means-AIE/data_movers/setup_aie.cpp:37) [46]  (2.43 ns)

 <State 26>: 2.43ns
The critical path consists of the following:
	bus request operation ('empty_22', /home/users/eleonora.cabai/Documents/K-Means-AIE/data_movers/setup_aie.cpp:37) on port 'gmem0' (/home/users/eleonora.cabai/Documents/K-Means-AIE/data_movers/setup_aie.cpp:37) [46]  (2.43 ns)

 <State 27>: 2.43ns
The critical path consists of the following:
	bus request operation ('empty_22', /home/users/eleonora.cabai/Documents/K-Means-AIE/data_movers/setup_aie.cpp:37) on port 'gmem0' (/home/users/eleonora.cabai/Documents/K-Means-AIE/data_movers/setup_aie.cpp:37) [46]  (2.43 ns)

 <State 28>: 2.43ns
The critical path consists of the following:
	bus request operation ('empty_22', /home/users/eleonora.cabai/Documents/K-Means-AIE/data_movers/setup_aie.cpp:37) on port 'gmem0' (/home/users/eleonora.cabai/Documents/K-Means-AIE/data_movers/setup_aie.cpp:37) [46]  (2.43 ns)

 <State 29>: 2.43ns
The critical path consists of the following:
	bus request operation ('empty_22', /home/users/eleonora.cabai/Documents/K-Means-AIE/data_movers/setup_aie.cpp:37) on port 'gmem0' (/home/users/eleonora.cabai/Documents/K-Means-AIE/data_movers/setup_aie.cpp:37) [46]  (2.43 ns)

 <State 30>: 2.43ns
The critical path consists of the following:
	bus request operation ('empty_22', /home/users/eleonora.cabai/Documents/K-Means-AIE/data_movers/setup_aie.cpp:37) on port 'gmem0' (/home/users/eleonora.cabai/Documents/K-Means-AIE/data_movers/setup_aie.cpp:37) [46]  (2.43 ns)

 <State 31>: 2.43ns
The critical path consists of the following:
	bus request operation ('empty_22', /home/users/eleonora.cabai/Documents/K-Means-AIE/data_movers/setup_aie.cpp:37) on port 'gmem0' (/home/users/eleonora.cabai/Documents/K-Means-AIE/data_movers/setup_aie.cpp:37) [46]  (2.43 ns)

 <State 32>: 2.43ns
The critical path consists of the following:
	bus request operation ('empty_22', /home/users/eleonora.cabai/Documents/K-Means-AIE/data_movers/setup_aie.cpp:37) on port 'gmem0' (/home/users/eleonora.cabai/Documents/K-Means-AIE/data_movers/setup_aie.cpp:37) [46]  (2.43 ns)

 <State 33>: 2.43ns
The critical path consists of the following:
	bus request operation ('empty_22', /home/users/eleonora.cabai/Documents/K-Means-AIE/data_movers/setup_aie.cpp:37) on port 'gmem0' (/home/users/eleonora.cabai/Documents/K-Means-AIE/data_movers/setup_aie.cpp:37) [46]  (2.43 ns)

 <State 34>: 2.43ns
The critical path consists of the following:
	bus request operation ('empty_22', /home/users/eleonora.cabai/Documents/K-Means-AIE/data_movers/setup_aie.cpp:37) on port 'gmem0' (/home/users/eleonora.cabai/Documents/K-Means-AIE/data_movers/setup_aie.cpp:37) [46]  (2.43 ns)

 <State 35>: 2.43ns
The critical path consists of the following:
	bus request operation ('empty_22', /home/users/eleonora.cabai/Documents/K-Means-AIE/data_movers/setup_aie.cpp:37) on port 'gmem0' (/home/users/eleonora.cabai/Documents/K-Means-AIE/data_movers/setup_aie.cpp:37) [46]  (2.43 ns)

 <State 36>: 2.43ns
The critical path consists of the following:
	bus request operation ('empty_22', /home/users/eleonora.cabai/Documents/K-Means-AIE/data_movers/setup_aie.cpp:37) on port 'gmem0' (/home/users/eleonora.cabai/Documents/K-Means-AIE/data_movers/setup_aie.cpp:37) [46]  (2.43 ns)

 <State 37>: 2.43ns
The critical path consists of the following:
	bus request operation ('empty_22', /home/users/eleonora.cabai/Documents/K-Means-AIE/data_movers/setup_aie.cpp:37) on port 'gmem0' (/home/users/eleonora.cabai/Documents/K-Means-AIE/data_movers/setup_aie.cpp:37) [46]  (2.43 ns)

 <State 38>: 2.43ns
The critical path consists of the following:
	bus request operation ('empty_22', /home/users/eleonora.cabai/Documents/K-Means-AIE/data_movers/setup_aie.cpp:37) on port 'gmem0' (/home/users/eleonora.cabai/Documents/K-Means-AIE/data_movers/setup_aie.cpp:37) [46]  (2.43 ns)

 <State 39>: 2.43ns
The critical path consists of the following:
	bus request operation ('empty_22', /home/users/eleonora.cabai/Documents/K-Means-AIE/data_movers/setup_aie.cpp:37) on port 'gmem0' (/home/users/eleonora.cabai/Documents/K-Means-AIE/data_movers/setup_aie.cpp:37) [46]  (2.43 ns)

 <State 40>: 2.43ns
The critical path consists of the following:
	bus request operation ('empty_22', /home/users/eleonora.cabai/Documents/K-Means-AIE/data_movers/setup_aie.cpp:37) on port 'gmem0' (/home/users/eleonora.cabai/Documents/K-Means-AIE/data_movers/setup_aie.cpp:37) [46]  (2.43 ns)

 <State 41>: 2.43ns
The critical path consists of the following:
	bus request operation ('empty_22', /home/users/eleonora.cabai/Documents/K-Means-AIE/data_movers/setup_aie.cpp:37) on port 'gmem0' (/home/users/eleonora.cabai/Documents/K-Means-AIE/data_movers/setup_aie.cpp:37) [46]  (2.43 ns)

 <State 42>: 2.43ns
The critical path consists of the following:
	bus request operation ('empty_22', /home/users/eleonora.cabai/Documents/K-Means-AIE/data_movers/setup_aie.cpp:37) on port 'gmem0' (/home/users/eleonora.cabai/Documents/K-Means-AIE/data_movers/setup_aie.cpp:37) [46]  (2.43 ns)

 <State 43>: 2.43ns
The critical path consists of the following:
	bus request operation ('empty_22', /home/users/eleonora.cabai/Documents/K-Means-AIE/data_movers/setup_aie.cpp:37) on port 'gmem0' (/home/users/eleonora.cabai/Documents/K-Means-AIE/data_movers/setup_aie.cpp:37) [46]  (2.43 ns)

 <State 44>: 2.43ns
The critical path consists of the following:
	bus request operation ('empty_22', /home/users/eleonora.cabai/Documents/K-Means-AIE/data_movers/setup_aie.cpp:37) on port 'gmem0' (/home/users/eleonora.cabai/Documents/K-Means-AIE/data_movers/setup_aie.cpp:37) [46]  (2.43 ns)

 <State 45>: 2.43ns
The critical path consists of the following:
	bus request operation ('empty_22', /home/users/eleonora.cabai/Documents/K-Means-AIE/data_movers/setup_aie.cpp:37) on port 'gmem0' (/home/users/eleonora.cabai/Documents/K-Means-AIE/data_movers/setup_aie.cpp:37) [46]  (2.43 ns)

 <State 46>: 2.43ns
The critical path consists of the following:
	bus request operation ('empty_22', /home/users/eleonora.cabai/Documents/K-Means-AIE/data_movers/setup_aie.cpp:37) on port 'gmem0' (/home/users/eleonora.cabai/Documents/K-Means-AIE/data_movers/setup_aie.cpp:37) [46]  (2.43 ns)

 <State 47>: 2.43ns
The critical path consists of the following:
	bus request operation ('empty_22', /home/users/eleonora.cabai/Documents/K-Means-AIE/data_movers/setup_aie.cpp:37) on port 'gmem0' (/home/users/eleonora.cabai/Documents/K-Means-AIE/data_movers/setup_aie.cpp:37) [46]  (2.43 ns)

 <State 48>: 2.43ns
The critical path consists of the following:
	bus request operation ('empty_22', /home/users/eleonora.cabai/Documents/K-Means-AIE/data_movers/setup_aie.cpp:37) on port 'gmem0' (/home/users/eleonora.cabai/Documents/K-Means-AIE/data_movers/setup_aie.cpp:37) [46]  (2.43 ns)

 <State 49>: 2.43ns
The critical path consists of the following:
	bus request operation ('empty_22', /home/users/eleonora.cabai/Documents/K-Means-AIE/data_movers/setup_aie.cpp:37) on port 'gmem0' (/home/users/eleonora.cabai/Documents/K-Means-AIE/data_movers/setup_aie.cpp:37) [46]  (2.43 ns)

 <State 50>: 2.43ns
The critical path consists of the following:
	bus request operation ('empty_22', /home/users/eleonora.cabai/Documents/K-Means-AIE/data_movers/setup_aie.cpp:37) on port 'gmem0' (/home/users/eleonora.cabai/Documents/K-Means-AIE/data_movers/setup_aie.cpp:37) [46]  (2.43 ns)

 <State 51>: 2.43ns
The critical path consists of the following:
	bus request operation ('empty_22', /home/users/eleonora.cabai/Documents/K-Means-AIE/data_movers/setup_aie.cpp:37) on port 'gmem0' (/home/users/eleonora.cabai/Documents/K-Means-AIE/data_movers/setup_aie.cpp:37) [46]  (2.43 ns)

 <State 52>: 2.43ns
The critical path consists of the following:
	bus request operation ('empty_22', /home/users/eleonora.cabai/Documents/K-Means-AIE/data_movers/setup_aie.cpp:37) on port 'gmem0' (/home/users/eleonora.cabai/Documents/K-Means-AIE/data_movers/setup_aie.cpp:37) [46]  (2.43 ns)

 <State 53>: 2.43ns
The critical path consists of the following:
	bus request operation ('empty_22', /home/users/eleonora.cabai/Documents/K-Means-AIE/data_movers/setup_aie.cpp:37) on port 'gmem0' (/home/users/eleonora.cabai/Documents/K-Means-AIE/data_movers/setup_aie.cpp:37) [46]  (2.43 ns)

 <State 54>: 2.43ns
The critical path consists of the following:
	bus request operation ('empty_22', /home/users/eleonora.cabai/Documents/K-Means-AIE/data_movers/setup_aie.cpp:37) on port 'gmem0' (/home/users/eleonora.cabai/Documents/K-Means-AIE/data_movers/setup_aie.cpp:37) [46]  (2.43 ns)

 <State 55>: 2.43ns
The critical path consists of the following:
	bus request operation ('empty_22', /home/users/eleonora.cabai/Documents/K-Means-AIE/data_movers/setup_aie.cpp:37) on port 'gmem0' (/home/users/eleonora.cabai/Documents/K-Means-AIE/data_movers/setup_aie.cpp:37) [46]  (2.43 ns)

 <State 56>: 2.43ns
The critical path consists of the following:
	bus request operation ('empty_22', /home/users/eleonora.cabai/Documents/K-Means-AIE/data_movers/setup_aie.cpp:37) on port 'gmem0' (/home/users/eleonora.cabai/Documents/K-Means-AIE/data_movers/setup_aie.cpp:37) [46]  (2.43 ns)

 <State 57>: 2.43ns
The critical path consists of the following:
	bus request operation ('empty_22', /home/users/eleonora.cabai/Documents/K-Means-AIE/data_movers/setup_aie.cpp:37) on port 'gmem0' (/home/users/eleonora.cabai/Documents/K-Means-AIE/data_movers/setup_aie.cpp:37) [46]  (2.43 ns)

 <State 58>: 2.43ns
The critical path consists of the following:
	bus request operation ('empty_22', /home/users/eleonora.cabai/Documents/K-Means-AIE/data_movers/setup_aie.cpp:37) on port 'gmem0' (/home/users/eleonora.cabai/Documents/K-Means-AIE/data_movers/setup_aie.cpp:37) [46]  (2.43 ns)

 <State 59>: 2.43ns
The critical path consists of the following:
	bus request operation ('empty_22', /home/users/eleonora.cabai/Documents/K-Means-AIE/data_movers/setup_aie.cpp:37) on port 'gmem0' (/home/users/eleonora.cabai/Documents/K-Means-AIE/data_movers/setup_aie.cpp:37) [46]  (2.43 ns)

 <State 60>: 2.43ns
The critical path consists of the following:
	bus request operation ('empty_22', /home/users/eleonora.cabai/Documents/K-Means-AIE/data_movers/setup_aie.cpp:37) on port 'gmem0' (/home/users/eleonora.cabai/Documents/K-Means-AIE/data_movers/setup_aie.cpp:37) [46]  (2.43 ns)

 <State 61>: 2.43ns
The critical path consists of the following:
	bus request operation ('empty_22', /home/users/eleonora.cabai/Documents/K-Means-AIE/data_movers/setup_aie.cpp:37) on port 'gmem0' (/home/users/eleonora.cabai/Documents/K-Means-AIE/data_movers/setup_aie.cpp:37) [46]  (2.43 ns)

 <State 62>: 2.43ns
The critical path consists of the following:
	bus request operation ('empty_22', /home/users/eleonora.cabai/Documents/K-Means-AIE/data_movers/setup_aie.cpp:37) on port 'gmem0' (/home/users/eleonora.cabai/Documents/K-Means-AIE/data_movers/setup_aie.cpp:37) [46]  (2.43 ns)

 <State 63>: 2.43ns
The critical path consists of the following:
	bus request operation ('empty_22', /home/users/eleonora.cabai/Documents/K-Means-AIE/data_movers/setup_aie.cpp:37) on port 'gmem0' (/home/users/eleonora.cabai/Documents/K-Means-AIE/data_movers/setup_aie.cpp:37) [46]  (2.43 ns)

 <State 64>: 2.43ns
The critical path consists of the following:
	bus request operation ('empty_22', /home/users/eleonora.cabai/Documents/K-Means-AIE/data_movers/setup_aie.cpp:37) on port 'gmem0' (/home/users/eleonora.cabai/Documents/K-Means-AIE/data_movers/setup_aie.cpp:37) [46]  (2.43 ns)

 <State 65>: 2.43ns
The critical path consists of the following:
	bus request operation ('empty_22', /home/users/eleonora.cabai/Documents/K-Means-AIE/data_movers/setup_aie.cpp:37) on port 'gmem0' (/home/users/eleonora.cabai/Documents/K-Means-AIE/data_movers/setup_aie.cpp:37) [46]  (2.43 ns)

 <State 66>: 2.43ns
The critical path consists of the following:
	bus request operation ('empty_22', /home/users/eleonora.cabai/Documents/K-Means-AIE/data_movers/setup_aie.cpp:37) on port 'gmem0' (/home/users/eleonora.cabai/Documents/K-Means-AIE/data_movers/setup_aie.cpp:37) [46]  (2.43 ns)

 <State 67>: 2.43ns
The critical path consists of the following:
	bus request operation ('empty_22', /home/users/eleonora.cabai/Documents/K-Means-AIE/data_movers/setup_aie.cpp:37) on port 'gmem0' (/home/users/eleonora.cabai/Documents/K-Means-AIE/data_movers/setup_aie.cpp:37) [46]  (2.43 ns)

 <State 68>: 2.43ns
The critical path consists of the following:
	bus request operation ('empty_22', /home/users/eleonora.cabai/Documents/K-Means-AIE/data_movers/setup_aie.cpp:37) on port 'gmem0' (/home/users/eleonora.cabai/Documents/K-Means-AIE/data_movers/setup_aie.cpp:37) [46]  (2.43 ns)

 <State 69>: 2.43ns
The critical path consists of the following:
	bus request operation ('empty_22', /home/users/eleonora.cabai/Documents/K-Means-AIE/data_movers/setup_aie.cpp:37) on port 'gmem0' (/home/users/eleonora.cabai/Documents/K-Means-AIE/data_movers/setup_aie.cpp:37) [46]  (2.43 ns)

 <State 70>: 2.43ns
The critical path consists of the following:
	bus request operation ('empty_22', /home/users/eleonora.cabai/Documents/K-Means-AIE/data_movers/setup_aie.cpp:37) on port 'gmem0' (/home/users/eleonora.cabai/Documents/K-Means-AIE/data_movers/setup_aie.cpp:37) [46]  (2.43 ns)

 <State 71>: 2.43ns
The critical path consists of the following:
	bus request operation ('empty_22', /home/users/eleonora.cabai/Documents/K-Means-AIE/data_movers/setup_aie.cpp:37) on port 'gmem0' (/home/users/eleonora.cabai/Documents/K-Means-AIE/data_movers/setup_aie.cpp:37) [46]  (2.43 ns)

 <State 72>: 2.43ns
The critical path consists of the following:
	bus request operation ('empty_22', /home/users/eleonora.cabai/Documents/K-Means-AIE/data_movers/setup_aie.cpp:37) on port 'gmem0' (/home/users/eleonora.cabai/Documents/K-Means-AIE/data_movers/setup_aie.cpp:37) [46]  (2.43 ns)

 <State 73>: 2.43ns
The critical path consists of the following:
	bus request operation ('empty_22', /home/users/eleonora.cabai/Documents/K-Means-AIE/data_movers/setup_aie.cpp:37) on port 'gmem0' (/home/users/eleonora.cabai/Documents/K-Means-AIE/data_movers/setup_aie.cpp:37) [46]  (2.43 ns)

 <State 74>: 1.17ns
The critical path consists of the following:
	'call' operation ('call_ln37', /home/users/eleonora.cabai/Documents/K-Means-AIE/data_movers/setup_aie.cpp:37) to 'setup_aie_Pipeline_VITIS_LOOP_37_1' [48]  (1.17 ns)

 <State 75>: 2.43ns
The critical path consists of the following:
	'call' operation ('call_ln37', /home/users/eleonora.cabai/Documents/K-Means-AIE/data_movers/setup_aie.cpp:37) to 'setup_aie_Pipeline_VITIS_LOOP_37_1' [48]  (2.43 ns)

 <State 76>: 0ns
The critical path consists of the following:


============================================================
+ Verbose Summary: Binding
============================================================
N/A
* FSMD analyzer results:
  - Output states:
 - Input state : 
  - Chain level:
	State 1
	State 2
	State 3
	State 4
	State 5
	State 6
	State 7
	State 8
	State 9
	State 10
	State 11
	State 12
	State 13
	State 14
	State 15
	State 16
	State 17
	State 18
	State 19
	State 20
	State 21
	State 22
	State 23
	State 24
	State 25
	State 26
	State 27
	State 28
	State 29
	State 30
	State 31
	State 32
	State 33
	State 34
	State 35
	State 36
	State 37
	State 38
	State 39
	State 40
	State 41
	State 42
	State 43
	State 44
	State 45
	State 46
	State 47
	State 48
	State 49
	State 50
	State 51
	State 52
	State 53
	State 54
	State 55
	State 56
	State 57
	State 58
	State 59
	State 60
	State 61
	State 62
	State 63
	State 64
	State 65
	State 66
	State 67
	State 68
	State 69
	State 70
	State 71
	State 72
	State 73
	State 74
	State 75
	State 76


============================================================
+ Verbose Summary: Datapath Resource usage 
============================================================
N/A
