/home/users/eleonora.cabai/Documents/K-Means-AIE/data_movers/_x/setup_aie_hw/setup_aie/setup_aie/solution/.autopilot/db/setup_aie.pp.0.cpp:1320:7: warning: Added loop label VITIS_LOOP_1211_1:   [xilinx-label-all-loops]
      for (i = 0; i < __N - 1; ++i) {
      ^~~
      VITIS_LOOP_1211_1: 
/home/users/eleonora.cabai/Documents/K-Means-AIE/data_movers/_x/setup_aie_hw/setup_aie/setup_aie/solution/.autopilot/db/setup_aie.pp.0.cpp:1320:7: note: FIX-IT applied suggested code changes
/home/users/eleonora.cabai/Documents/K-Means-AIE/data_movers/_x/setup_aie_hw/setup_aie/setup_aie/solution/.autopilot/db/setup_aie.pp.0.cpp:2294:5: warning: Added loop label VITIS_LOOP_676_1:   [xilinx-label-all-loops]
    for (unsigned i = low; i != high; ++i) {
    ^~~
    VITIS_LOOP_676_1: 
/home/users/eleonora.cabai/Documents/K-Means-AIE/data_movers/_x/setup_aie_hw/setup_aie/setup_aie/solution/.autopilot/db/setup_aie.pp.0.cpp:2294:5: note: FIX-IT applied suggested code changes
/home/users/eleonora.cabai/Documents/K-Means-AIE/data_movers/_x/setup_aie_hw/setup_aie/setup_aie/solution/.autopilot/db/setup_aie.pp.0.cpp:2308:5: warning: Added loop label VITIS_LOOP_690_1:   [xilinx-label-all-loops]
    for (unsigned i = low; i != high; ++i) {
    ^~~
    VITIS_LOOP_690_1: 
/home/users/eleonora.cabai/Documents/K-Means-AIE/data_movers/_x/setup_aie_hw/setup_aie/setup_aie/solution/.autopilot/db/setup_aie.pp.0.cpp:2308:5: note: FIX-IT applied suggested code changes
/home/users/eleonora.cabai/Documents/K-Means-AIE/data_movers/_x/setup_aie_hw/setup_aie/setup_aie/solution/.autopilot/db/setup_aie.pp.0.cpp:2322:5: warning: Added loop label VITIS_LOOP_704_1:   [xilinx-label-all-loops]
    for (unsigned i = low; i != high; ++i) {
    ^~~
    VITIS_LOOP_704_1: 
/home/users/eleonora.cabai/Documents/K-Means-AIE/data_movers/_x/setup_aie_hw/setup_aie/setup_aie/solution/.autopilot/db/setup_aie.pp.0.cpp:2322:5: note: FIX-IT applied suggested code changes
/home/users/eleonora.cabai/Documents/K-Means-AIE/data_movers/_x/setup_aie_hw/setup_aie/setup_aie/solution/.autopilot/db/setup_aie.pp.0.cpp:3933:7: warning: Added loop label VITIS_LOOP_1245_1:   [xilinx-label-all-loops]
      for (i = 0; i < __N - 1; ++i) {
      ^~~
      VITIS_LOOP_1245_1: 
/home/users/eleonora.cabai/Documents/K-Means-AIE/data_movers/_x/setup_aie_hw/setup_aie/setup_aie/solution/.autopilot/db/setup_aie.pp.0.cpp:3933:7: note: FIX-IT applied suggested code changes
/home/users/eleonora.cabai/Documents/K-Means-AIE/data_movers/_x/setup_aie_hw/setup_aie/setup_aie/solution/.autopilot/db/setup_aie.pp.0.cpp:15484:72: error: Invalid Directive: for current device, ROM_1P + LUTRAM is invalid combination for BIND_STORAGE's option 'type + impl' [clang-diagnostic-error]
#pragma HLS BIND_STORAGE variable=fourth_order_double::sin_cos_K0 type=ROM_1P impl=LUTRAM
                                                                       ^
/home/users/eleonora.cabai/Documents/K-Means-AIE/data_movers/_x/setup_aie_hw/setup_aie/setup_aie/solution/.autopilot/db/setup_aie.pp.0.cpp:15485:72: error: Invalid Directive: for current device, ROM_1P + LUTRAM is invalid combination for BIND_STORAGE's option 'type + impl' [clang-diagnostic-error]
#pragma HLS BIND_STORAGE variable=fourth_order_double::sin_cos_K1 type=ROM_1P impl=LUTRAM
                                                                       ^
/home/users/eleonora.cabai/Documents/K-Means-AIE/data_movers/_x/setup_aie_hw/setup_aie/setup_aie/solution/.autopilot/db/setup_aie.pp.0.cpp:15486:72: error: Invalid Directive: for current device, ROM_1P + LUTRAM is invalid combination for BIND_STORAGE's option 'type + impl' [clang-diagnostic-error]
#pragma HLS BIND_STORAGE variable=fourth_order_double::sin_cos_K2 type=ROM_1P impl=LUTRAM
                                                                       ^
/home/users/eleonora.cabai/Documents/K-Means-AIE/data_movers/_x/setup_aie_hw/setup_aie/setup_aie/solution/.autopilot/db/setup_aie.pp.0.cpp:15487:72: error: Invalid Directive: for current device, ROM_1P + LUTRAM is invalid combination for BIND_STORAGE's option 'type + impl' [clang-diagnostic-error]
#pragma HLS BIND_STORAGE variable=fourth_order_double::sin_cos_K3 type=ROM_1P impl=LUTRAM
                                                                       ^
/home/users/eleonora.cabai/Documents/K-Means-AIE/data_movers/_x/setup_aie_hw/setup_aie/setup_aie/solution/.autopilot/db/setup_aie.pp.0.cpp:15488:72: error: Invalid Directive: for current device, ROM_1P + LUTRAM is invalid combination for BIND_STORAGE's option 'type + impl' [clang-diagnostic-error]
#pragma HLS BIND_STORAGE variable=fourth_order_double::sin_cos_K4 type=ROM_1P impl=LUTRAM
                                                                       ^
/home/users/eleonora.cabai/Documents/K-Means-AIE/data_movers/_x/setup_aie_hw/setup_aie/setup_aie/solution/.autopilot/db/setup_aie.pp.0.cpp:15518:68: error: Invalid Directive: for current device, ROM_1P + LUTRAM is invalid combination for BIND_STORAGE's option 'type + impl' [clang-diagnostic-error]
#pragma HLS BIND_STORAGE variable=fourth_order_double::cos_K0 type=ROM_1P impl=LUTRAM
                                                                   ^
/home/users/eleonora.cabai/Documents/K-Means-AIE/data_movers/_x/setup_aie_hw/setup_aie/setup_aie/solution/.autopilot/db/setup_aie.pp.0.cpp:15519:68: error: Invalid Directive: for current device, ROM_1P + LUTRAM is invalid combination for BIND_STORAGE's option 'type + impl' [clang-diagnostic-error]
#pragma HLS BIND_STORAGE variable=fourth_order_double::cos_K1 type=ROM_1P impl=LUTRAM
                                                                   ^
/home/users/eleonora.cabai/Documents/K-Means-AIE/data_movers/_x/setup_aie_hw/setup_aie/setup_aie/solution/.autopilot/db/setup_aie.pp.0.cpp:15520:68: error: Invalid Directive: for current device, ROM_1P + LUTRAM is invalid combination for BIND_STORAGE's option 'type + impl' [clang-diagnostic-error]
#pragma HLS BIND_STORAGE variable=fourth_order_double::cos_K2 type=ROM_1P impl=LUTRAM
                                                                   ^
/home/users/eleonora.cabai/Documents/K-Means-AIE/data_movers/_x/setup_aie_hw/setup_aie/setup_aie/solution/.autopilot/db/setup_aie.pp.0.cpp:15521:68: error: Invalid Directive: for current device, ROM_1P + LUTRAM is invalid combination for BIND_STORAGE's option 'type + impl' [clang-diagnostic-error]
#pragma HLS BIND_STORAGE variable=fourth_order_double::cos_K3 type=ROM_1P impl=LUTRAM
                                                                   ^
/home/users/eleonora.cabai/Documents/K-Means-AIE/data_movers/_x/setup_aie_hw/setup_aie/setup_aie/solution/.autopilot/db/setup_aie.pp.0.cpp:15522:68: error: Invalid Directive: for current device, ROM_1P + LUTRAM is invalid combination for BIND_STORAGE's option 'type + impl' [clang-diagnostic-error]
#pragma HLS BIND_STORAGE variable=fourth_order_double::cos_K4 type=ROM_1P impl=LUTRAM
                                                                   ^
/home/users/eleonora.cabai/Documents/K-Means-AIE/data_movers/_x/setup_aie_hw/setup_aie/setup_aie/solution/.autopilot/db/setup_aie.pp.0.cpp:15523:68: error: Invalid Directive: for current device, ROM_1P + LUTRAM is invalid combination for BIND_STORAGE's option 'type + impl' [clang-diagnostic-error]
#pragma HLS BIND_STORAGE variable=fourth_order_double::sin_K0 type=ROM_1P impl=LUTRAM
                                                                   ^
/home/users/eleonora.cabai/Documents/K-Means-AIE/data_movers/_x/setup_aie_hw/setup_aie/setup_aie/solution/.autopilot/db/setup_aie.pp.0.cpp:15524:68: error: Invalid Directive: for current device, ROM_1P + LUTRAM is invalid combination for BIND_STORAGE's option 'type + impl' [clang-diagnostic-error]
#pragma HLS BIND_STORAGE variable=fourth_order_double::sin_K1 type=ROM_1P impl=LUTRAM
                                                                   ^
/home/users/eleonora.cabai/Documents/K-Means-AIE/data_movers/_x/setup_aie_hw/setup_aie/setup_aie/solution/.autopilot/db/setup_aie.pp.0.cpp:15525:68: error: Invalid Directive: for current device, ROM_1P + LUTRAM is invalid combination for BIND_STORAGE's option 'type + impl' [clang-diagnostic-error]
#pragma HLS BIND_STORAGE variable=fourth_order_double::sin_K2 type=ROM_1P impl=LUTRAM
                                                                   ^
/home/users/eleonora.cabai/Documents/K-Means-AIE/data_movers/_x/setup_aie_hw/setup_aie/setup_aie/solution/.autopilot/db/setup_aie.pp.0.cpp:15526:68: error: Invalid Directive: for current device, ROM_1P + LUTRAM is invalid combination for BIND_STORAGE's option 'type + impl' [clang-diagnostic-error]
#pragma HLS BIND_STORAGE variable=fourth_order_double::sin_K3 type=ROM_1P impl=LUTRAM
                                                                   ^
/home/users/eleonora.cabai/Documents/K-Means-AIE/data_movers/_x/setup_aie_hw/setup_aie/setup_aie/solution/.autopilot/db/setup_aie.pp.0.cpp:15527:68: error: Invalid Directive: for current device, ROM_1P + LUTRAM is invalid combination for BIND_STORAGE's option 'type + impl' [clang-diagnostic-error]
#pragma HLS BIND_STORAGE variable=fourth_order_double::sin_K4 type=ROM_1P impl=LUTRAM
                                                                   ^
/home/users/eleonora.cabai/Documents/K-Means-AIE/data_movers/_x/setup_aie_hw/setup_aie/setup_aie/solution/.autopilot/db/setup_aie.pp.0.cpp:15577:71: error: Invalid Directive: for current device, ROM_1P + LUTRAM is invalid combination for BIND_STORAGE's option 'type + impl' [clang-diagnostic-error]
#pragma HLS BIND_STORAGE variable=second_order_float::sin_cos_K0 type=ROM_1P impl=LUTRAM
                                                                      ^
/home/users/eleonora.cabai/Documents/K-Means-AIE/data_movers/_x/setup_aie_hw/setup_aie/setup_aie/solution/.autopilot/db/setup_aie.pp.0.cpp:15578:71: error: Invalid Directive: for current device, ROM_1P + LUTRAM is invalid combination for BIND_STORAGE's option 'type + impl' [clang-diagnostic-error]
#pragma HLS BIND_STORAGE variable=second_order_float::sin_cos_K1 type=ROM_1P impl=LUTRAM
                                                                      ^
/home/users/eleonora.cabai/Documents/K-Means-AIE/data_movers/_x/setup_aie_hw/setup_aie/setup_aie/solution/.autopilot/db/setup_aie.pp.0.cpp:15579:71: error: Invalid Directive: for current device, ROM_1P + LUTRAM is invalid combination for BIND_STORAGE's option 'type + impl' [clang-diagnostic-error]
#pragma HLS BIND_STORAGE variable=second_order_float::sin_cos_K2 type=ROM_1P impl=LUTRAM
                                                                      ^
/home/users/eleonora.cabai/Documents/K-Means-AIE/data_movers/_x/setup_aie_hw/setup_aie/setup_aie/solution/.autopilot/db/setup_aie.pp.0.cpp:15606:67: error: Invalid Directive: for current device, ROM_1P + LUTRAM is invalid combination for BIND_STORAGE's option 'type + impl' [clang-diagnostic-error]
#pragma HLS BIND_STORAGE variable=second_order_float::cos_K0 type=ROM_1P impl=LUTRAM
                                                                  ^
/home/users/eleonora.cabai/Documents/K-Means-AIE/data_movers/_x/setup_aie_hw/setup_aie/setup_aie/solution/.autopilot/db/setup_aie.pp.0.cpp:15607:67: error: Invalid Directive: for current device, ROM_1P + LUTRAM is invalid combination for BIND_STORAGE's option 'type + impl' [clang-diagnostic-error]
#pragma HLS BIND_STORAGE variable=second_order_float::cos_K1 type=ROM_1P impl=LUTRAM
                                                                  ^
/home/users/eleonora.cabai/Documents/K-Means-AIE/data_movers/_x/setup_aie_hw/setup_aie/setup_aie/solution/.autopilot/db/setup_aie.pp.0.cpp:15608:67: error: Invalid Directive: for current device, ROM_1P + LUTRAM is invalid combination for BIND_STORAGE's option 'type + impl' [clang-diagnostic-error]
#pragma HLS BIND_STORAGE variable=second_order_float::cos_K2 type=ROM_1P impl=LUTRAM
                                                                  ^
/home/users/eleonora.cabai/Documents/K-Means-AIE/data_movers/_x/setup_aie_hw/setup_aie/setup_aie/solution/.autopilot/db/setup_aie.pp.0.cpp:15609:67: error: Invalid Directive: for current device, ROM_1P + LUTRAM is invalid combination for BIND_STORAGE's option 'type + impl' [clang-diagnostic-error]
#pragma HLS BIND_STORAGE variable=second_order_float::sin_K0 type=ROM_1P impl=LUTRAM
                                                                  ^
/home/users/eleonora.cabai/Documents/K-Means-AIE/data_movers/_x/setup_aie_hw/setup_aie/setup_aie/solution/.autopilot/db/setup_aie.pp.0.cpp:15610:67: error: Invalid Directive: for current device, ROM_1P + LUTRAM is invalid combination for BIND_STORAGE's option 'type + impl' [clang-diagnostic-error]
#pragma HLS BIND_STORAGE variable=second_order_float::sin_K1 type=ROM_1P impl=LUTRAM
                                                                  ^
/home/users/eleonora.cabai/Documents/K-Means-AIE/data_movers/_x/setup_aie_hw/setup_aie/setup_aie/solution/.autopilot/db/setup_aie.pp.0.cpp:15611:67: error: Invalid Directive: for current device, ROM_1P + LUTRAM is invalid combination for BIND_STORAGE's option 'type + impl' [clang-diagnostic-error]
#pragma HLS BIND_STORAGE variable=second_order_float::sin_K2 type=ROM_1P impl=LUTRAM
                                                                  ^
/home/users/eleonora.cabai/Documents/K-Means-AIE/data_movers/_x/setup_aie_hw/setup_aie/setup_aie/solution/.autopilot/db/setup_aie.pp.0.cpp:15647:73: error: Invalid Directive: for current device, ROM_1P + LUTRAM is invalid combination for BIND_STORAGE's option 'type + impl' [clang-diagnostic-error]
#pragma HLS BIND_STORAGE variable=first_order_fixed_16::sin_cos_K0 type=ROM_1P impl=LUTRAM
                                                                        ^
/home/users/eleonora.cabai/Documents/K-Means-AIE/data_movers/_x/setup_aie_hw/setup_aie/setup_aie/solution/.autopilot/db/setup_aie.pp.0.cpp:15648:73: error: Invalid Directive: for current device, ROM_1P + LUTRAM is invalid combination for BIND_STORAGE's option 'type + impl' [clang-diagnostic-error]
#pragma HLS BIND_STORAGE variable=first_order_fixed_16::sin_cos_K1 type=ROM_1P impl=LUTRAM
                                                                        ^
/home/users/eleonora.cabai/Documents/K-Means-AIE/data_movers/_x/setup_aie_hw/setup_aie/setup_aie/solution/.autopilot/db/setup_aie.pp.0.cpp:15922:5: warning: Added loop label VITIS_LOOP_87_1:   [xilinx-label-all-loops]
    for (int n=0; n<Nmax; n++){
    ^~~
    VITIS_LOOP_87_1: 
/home/users/eleonora.cabai/Documents/K-Means-AIE/data_movers/_x/setup_aie_hw/setup_aie/setup_aie/solution/.autopilot/db/setup_aie.pp.0.cpp:15922:5: note: FIX-IT applied suggested code changes
/home/users/eleonora.cabai/Documents/K-Means-AIE/data_movers/_x/setup_aie_hw/setup_aie/setup_aie/solution/.autopilot/db/setup_aie.pp.0.cpp:15968:5: warning: Added loop label VITIS_LOOP_143_1:   [xilinx-label-all-loops]
    for (int n=0; n<Nmax; n++){
    ^~~
    VITIS_LOOP_143_1: 
/home/users/eleonora.cabai/Documents/K-Means-AIE/data_movers/_x/setup_aie_hw/setup_aie/setup_aie/solution/.autopilot/db/setup_aie.pp.0.cpp:15968:5: note: FIX-IT applied suggested code changes
/home/users/eleonora.cabai/Documents/K-Means-AIE/data_movers/_x/setup_aie_hw/setup_aie/setup_aie/solution/.autopilot/db/setup_aie.pp.0.cpp:16131:9: warning: Added loop label VITIS_LOOP_315_1:   [xilinx-label-all-loops]
        for(int i=0;i<W-1;i++){
        ^~~
        VITIS_LOOP_315_1: 
/home/users/eleonora.cabai/Documents/K-Means-AIE/data_movers/_x/setup_aie_hw/setup_aie/setup_aie/solution/.autopilot/db/setup_aie.pp.0.cpp:16131:9: note: FIX-IT applied suggested code changes
/home/users/eleonora.cabai/Documents/K-Means-AIE/data_movers/_x/setup_aie_hw/setup_aie/setup_aie/solution/.autopilot/db/setup_aie.pp.0.cpp:16283:9: warning: Added loop label VITIS_LOOP_475_1:   [xilinx-label-all-loops]
        for(int i=0;i<W-1;i++){
        ^~~
        VITIS_LOOP_475_1: 
/home/users/eleonora.cabai/Documents/K-Means-AIE/data_movers/_x/setup_aie_hw/setup_aie/setup_aie/solution/.autopilot/db/setup_aie.pp.0.cpp:16283:9: note: FIX-IT applied suggested code changes
/home/users/eleonora.cabai/Documents/K-Means-AIE/data_movers/_x/setup_aie_hw/setup_aie/setup_aie/solution/.autopilot/db/setup_aie.pp.0.cpp:16463:5: warning: Added loop label VITIS_LOOP_655_1:   [xilinx-label-all-loops]
    for(int i=0;i<W+1;i++){
    ^~~
    VITIS_LOOP_655_1: 
/home/users/eleonora.cabai/Documents/K-Means-AIE/data_movers/_x/setup_aie_hw/setup_aie/setup_aie/solution/.autopilot/db/setup_aie.pp.0.cpp:16463:5: note: FIX-IT applied suggested code changes
/home/users/eleonora.cabai/Documents/K-Means-AIE/data_movers/_x/setup_aie_hw/setup_aie/setup_aie/solution/.autopilot/db/setup_aie.pp.0.cpp:16467:5: warning: Added loop label VITIS_LOOP_659_2:   [xilinx-label-all-loops]
    for(int i=0;i<W+1;i++){
    ^~~
    VITIS_LOOP_659_2: 
/home/users/eleonora.cabai/Documents/K-Means-AIE/data_movers/_x/setup_aie_hw/setup_aie/setup_aie/solution/.autopilot/db/setup_aie.pp.0.cpp:16467:5: note: FIX-IT applied suggested code changes
/home/users/eleonora.cabai/Documents/K-Means-AIE/data_movers/_x/setup_aie_hw/setup_aie/setup_aie/solution/.autopilot/db/setup_aie.pp.0.cpp:16577:5: warning: Added loop label VITIS_LOOP_769_1:   [xilinx-label-all-loops]
    for (int n=0; n<Nmax; n++){
    ^~~
    VITIS_LOOP_769_1: 
/home/users/eleonora.cabai/Documents/K-Means-AIE/data_movers/_x/setup_aie_hw/setup_aie/setup_aie/solution/.autopilot/db/setup_aie.pp.0.cpp:16577:5: note: FIX-IT applied suggested code changes
/home/users/eleonora.cabai/Documents/K-Means-AIE/data_movers/_x/setup_aie_hw/setup_aie/setup_aie/solution/.autopilot/db/setup_aie.pp.0.cpp:16667:7: warning: Added loop label VITIS_LOOP_866_1:   [xilinx-label-all-loops]
      for(int i=0;i<W-1;i++){
      ^~~
      VITIS_LOOP_866_1: 
/home/users/eleonora.cabai/Documents/K-Means-AIE/data_movers/_x/setup_aie_hw/setup_aie/setup_aie/solution/.autopilot/db/setup_aie.pp.0.cpp:16667:7: note: FIX-IT applied suggested code changes
/home/users/eleonora.cabai/Documents/K-Means-AIE/data_movers/_x/setup_aie_hw/setup_aie/setup_aie/solution/.autopilot/db/setup_aie.pp.0.cpp:16686:7: warning: Added loop label VITIS_LOOP_885_2:   [xilinx-label-all-loops]
      for(int i=0;i<W-1;i++){
      ^~~
      VITIS_LOOP_885_2: 
/home/users/eleonora.cabai/Documents/K-Means-AIE/data_movers/_x/setup_aie_hw/setup_aie/setup_aie/solution/.autopilot/db/setup_aie.pp.0.cpp:16686:7: note: FIX-IT applied suggested code changes
/home/users/eleonora.cabai/Documents/K-Means-AIE/data_movers/_x/setup_aie_hw/setup_aie/setup_aie/solution/.autopilot/db/setup_aie.pp.0.cpp:16976:5: warning: Added loop label VITIS_LOOP_1199_1:   [xilinx-label-all-loops]
    for(int i=0; i<Nmax; i++) {
    ^~~
    VITIS_LOOP_1199_1: 
/home/users/eleonora.cabai/Documents/K-Means-AIE/data_movers/_x/setup_aie_hw/setup_aie/setup_aie/solution/.autopilot/db/setup_aie.pp.0.cpp:16976:5: note: FIX-IT applied suggested code changes
/home/users/eleonora.cabai/Documents/K-Means-AIE/data_movers/_x/setup_aie_hw/setup_aie/setup_aie/solution/.autopilot/db/setup_aie.pp.0.cpp:17059:5: warning: Added loop label VITIS_LOOP_1282_1:   [xilinx-label-all-loops]
    for(int i=0; i<Nmax; i++) {
    ^~~
    VITIS_LOOP_1282_1: 
/home/users/eleonora.cabai/Documents/K-Means-AIE/data_movers/_x/setup_aie_hw/setup_aie/setup_aie/solution/.autopilot/db/setup_aie.pp.0.cpp:17059:5: note: FIX-IT applied suggested code changes
/home/users/eleonora.cabai/Documents/K-Means-AIE/data_movers/_x/setup_aie_hw/setup_aie/setup_aie/solution/.autopilot/db/setup_aie.pp.0.cpp:17465:13: warning: Added loop label VITIS_LOOP_94_1:   [xilinx-label-all-loops]
            for (int j = 3; j >= I_+1; j--) {
            ^~~
            VITIS_LOOP_94_1: 
/home/users/eleonora.cabai/Documents/K-Means-AIE/data_movers/_x/setup_aie_hw/setup_aie/setup_aie/solution/.autopilot/db/setup_aie.pp.0.cpp:17465:13: note: FIX-IT applied suggested code changes
/home/users/eleonora.cabai/Documents/K-Means-AIE/data_movers/_x/setup_aie_hw/setup_aie/setup_aie/solution/.autopilot/db/setup_aie.pp.0.cpp:17471:17: warning: Added loop label VITIS_LOOP_100_2:   [xilinx-label-all-loops]
                for (int j = 3; j >= I_+1; j--){
                ^~~
                VITIS_LOOP_100_2: 
/home/users/eleonora.cabai/Documents/K-Means-AIE/data_movers/_x/setup_aie_hw/setup_aie/setup_aie/solution/.autopilot/db/setup_aie.pp.0.cpp:17471:17: note: FIX-IT applied suggested code changes
/home/users/eleonora.cabai/Documents/K-Means-AIE/data_movers/_x/setup_aie_hw/setup_aie/setup_aie/solution/.autopilot/db/setup_aie.pp.0.cpp:17475:17: warning: Added loop label VITIS_LOOP_104_3:   [xilinx-label-all-loops]
                for (int j = I_; j >= 0; j--){
                ^~~
                VITIS_LOOP_104_3: 
/home/users/eleonora.cabai/Documents/K-Means-AIE/data_movers/_x/setup_aie_hw/setup_aie/setup_aie/solution/.autopilot/db/setup_aie.pp.0.cpp:17475:17: note: FIX-IT applied suggested code changes
/home/users/eleonora.cabai/Documents/K-Means-AIE/data_movers/_x/setup_aie_hw/setup_aie/setup_aie/solution/.autopilot/db/setup_aie.pp.0.cpp:17523:13: warning: Added loop label VITIS_LOOP_171_4:   [xilinx-label-all-loops]
            for (int j = 9; j >= I_+4; j--) {
            ^~~
            VITIS_LOOP_171_4: 
/home/users/eleonora.cabai/Documents/K-Means-AIE/data_movers/_x/setup_aie_hw/setup_aie/setup_aie/solution/.autopilot/db/setup_aie.pp.0.cpp:17523:13: note: FIX-IT applied suggested code changes
/home/users/eleonora.cabai/Documents/K-Means-AIE/data_movers/_x/setup_aie_hw/setup_aie/setup_aie/solution/.autopilot/db/setup_aie.pp.0.cpp:17529:17: warning: Added loop label VITIS_LOOP_177_5:   [xilinx-label-all-loops]
                for (int j = 9; j >= I_+4; j--){
                ^~~
                VITIS_LOOP_177_5: 
/home/users/eleonora.cabai/Documents/K-Means-AIE/data_movers/_x/setup_aie_hw/setup_aie/setup_aie/solution/.autopilot/db/setup_aie.pp.0.cpp:17529:17: note: FIX-IT applied suggested code changes
/home/users/eleonora.cabai/Documents/K-Means-AIE/data_movers/_x/setup_aie_hw/setup_aie/setup_aie/solution/.autopilot/db/setup_aie.pp.0.cpp:17533:17: warning: Added loop label VITIS_LOOP_181_6:   [xilinx-label-all-loops]
                for (int j = I_+3; j >= 0; j--){
                ^~~
                VITIS_LOOP_181_6: 
/home/users/eleonora.cabai/Documents/K-Means-AIE/data_movers/_x/setup_aie_hw/setup_aie/setup_aie/solution/.autopilot/db/setup_aie.pp.0.cpp:17533:17: note: FIX-IT applied suggested code changes
/home/users/eleonora.cabai/Documents/K-Means-AIE/data_movers/_x/setup_aie_hw/setup_aie/setup_aie/solution/.autopilot/db/setup_aie.pp.0.cpp:17548:9: warning: Added loop label VITIS_LOOP_196_7:   [xilinx-label-all-loops]
        for (int j = 14; j < 22; j++){
        ^~~
        VITIS_LOOP_196_7: 
/home/users/eleonora.cabai/Documents/K-Means-AIE/data_movers/_x/setup_aie_hw/setup_aie/setup_aie/solution/.autopilot/db/setup_aie.pp.0.cpp:17548:9: note: FIX-IT applied suggested code changes
/home/users/eleonora.cabai/Documents/K-Means-AIE/data_movers/_x/setup_aie_hw/setup_aie/setup_aie/solution/.autopilot/db/setup_aie.pp.0.cpp:17556:17: warning: Added loop label VITIS_LOOP_204_8:   [xilinx-label-all-loops]
                for (int j = 0; j < 22; j++){
                ^~~
                VITIS_LOOP_204_8: 
/home/users/eleonora.cabai/Documents/K-Means-AIE/data_movers/_x/setup_aie_hw/setup_aie/setup_aie/solution/.autopilot/db/setup_aie.pp.0.cpp:17556:17: note: FIX-IT applied suggested code changes
/home/users/eleonora.cabai/Documents/K-Means-AIE/data_movers/_x/setup_aie_hw/setup_aie/setup_aie/solution/.autopilot/db/setup_aie.pp.0.cpp:17621:13: warning: Added loop label VITIS_LOOP_269_9:   [xilinx-label-all-loops]
            for (int j = 21; j >= I_+10; j--) {
            ^~~
            VITIS_LOOP_269_9: 
/home/users/eleonora.cabai/Documents/K-Means-AIE/data_movers/_x/setup_aie_hw/setup_aie/setup_aie/solution/.autopilot/db/setup_aie.pp.0.cpp:17621:13: note: FIX-IT applied suggested code changes
/home/users/eleonora.cabai/Documents/K-Means-AIE/data_movers/_x/setup_aie_hw/setup_aie/setup_aie/solution/.autopilot/db/setup_aie.pp.0.cpp:17627:17: warning: Added loop label VITIS_LOOP_275_10:   [xilinx-label-all-loops]
                for (int j = 21; j >= I_+10; j--) {
                ^~~
                VITIS_LOOP_275_10: 
/home/users/eleonora.cabai/Documents/K-Means-AIE/data_movers/_x/setup_aie_hw/setup_aie/setup_aie/solution/.autopilot/db/setup_aie.pp.0.cpp:17627:17: note: FIX-IT applied suggested code changes
/home/users/eleonora.cabai/Documents/K-Means-AIE/data_movers/_x/setup_aie_hw/setup_aie/setup_aie/solution/.autopilot/db/setup_aie.pp.0.cpp:17631:17: warning: Added loop label VITIS_LOOP_279_11:   [xilinx-label-all-loops]
                for (int j = I_+9; j >= 0; j--) {
                ^~~
                VITIS_LOOP_279_11: 
/home/users/eleonora.cabai/Documents/K-Means-AIE/data_movers/_x/setup_aie_hw/setup_aie/setup_aie/solution/.autopilot/db/setup_aie.pp.0.cpp:17631:17: note: FIX-IT applied suggested code changes
/home/users/eleonora.cabai/Documents/K-Means-AIE/data_movers/_x/setup_aie_hw/setup_aie/setup_aie/solution/.autopilot/db/setup_aie.pp.0.cpp:17646:9: warning: Added loop label VITIS_LOOP_294_12:   [xilinx-label-all-loops]
        for (int j = 27; j < 46; j++){
        ^~~
        VITIS_LOOP_294_12: 
/home/users/eleonora.cabai/Documents/K-Means-AIE/data_movers/_x/setup_aie_hw/setup_aie/setup_aie/solution/.autopilot/db/setup_aie.pp.0.cpp:17646:9: note: FIX-IT applied suggested code changes
/home/users/eleonora.cabai/Documents/K-Means-AIE/data_movers/_x/setup_aie_hw/setup_aie/setup_aie/solution/.autopilot/db/setup_aie.pp.0.cpp:17654:17: warning: Added loop label VITIS_LOOP_302_13:   [xilinx-label-all-loops]
                for (int j = 0; j < 46; j++) {
                ^~~
                VITIS_LOOP_302_13: 
/home/users/eleonora.cabai/Documents/K-Means-AIE/data_movers/_x/setup_aie_hw/setup_aie/setup_aie/solution/.autopilot/db/setup_aie.pp.0.cpp:17654:17: note: FIX-IT applied suggested code changes
/home/users/eleonora.cabai/Documents/K-Means-AIE/data_movers/_x/setup_aie_hw/setup_aie/setup_aie/solution/.autopilot/db/setup_aie.pp.0.cpp:17883:13: warning: Added loop label VITIS_LOOP_531_14:   [xilinx-label-all-loops]
            for (int j = 45; j >= I_+22; j--) {
            ^~~
            VITIS_LOOP_531_14: 
/home/users/eleonora.cabai/Documents/K-Means-AIE/data_movers/_x/setup_aie_hw/setup_aie/setup_aie/solution/.autopilot/db/setup_aie.pp.0.cpp:17883:13: note: FIX-IT applied suggested code changes
/home/users/eleonora.cabai/Documents/K-Means-AIE/data_movers/_x/setup_aie_hw/setup_aie/setup_aie/solution/.autopilot/db/setup_aie.pp.0.cpp:17889:17: warning: Added loop label VITIS_LOOP_537_15:   [xilinx-label-all-loops]
                for (int j = 45; j >= I_+22; j--){
                ^~~
                VITIS_LOOP_537_15: 
/home/users/eleonora.cabai/Documents/K-Means-AIE/data_movers/_x/setup_aie_hw/setup_aie/setup_aie/solution/.autopilot/db/setup_aie.pp.0.cpp:17889:17: note: FIX-IT applied suggested code changes
/home/users/eleonora.cabai/Documents/K-Means-AIE/data_movers/_x/setup_aie_hw/setup_aie/setup_aie/solution/.autopilot/db/setup_aie.pp.0.cpp:17893:17: warning: Added loop label VITIS_LOOP_541_16:   [xilinx-label-all-loops]
                for (int j = I_+21; j >= 0; j--) {
                ^~~
                VITIS_LOOP_541_16: 
/home/users/eleonora.cabai/Documents/K-Means-AIE/data_movers/_x/setup_aie_hw/setup_aie/setup_aie/solution/.autopilot/db/setup_aie.pp.0.cpp:17893:17: note: FIX-IT applied suggested code changes
/home/users/eleonora.cabai/Documents/K-Means-AIE/data_movers/_x/setup_aie_hw/setup_aie/setup_aie/solution/.autopilot/db/setup_aie.pp.0.cpp:17903:9: warning: Added loop label VITIS_LOOP_551_17:   [xilinx-label-all-loops]
        for (int j = 32-F_; j < 32+I_; j++){
        ^~~
        VITIS_LOOP_551_17: 
/home/users/eleonora.cabai/Documents/K-Means-AIE/data_movers/_x/setup_aie_hw/setup_aie/setup_aie/solution/.autopilot/db/setup_aie.pp.0.cpp:17903:9: note: FIX-IT applied suggested code changes
/home/users/eleonora.cabai/Documents/K-Means-AIE/data_movers/_x/setup_aie_hw/setup_aie/setup_aie/solution/.autopilot/db/setup_aie.pp.0.cpp:17907:9: warning: Added loop label VITIS_LOOP_555_18:   [xilinx-label-all-loops]
        for (int j = 32+I_; j <= 64; j++){
        ^~~
        VITIS_LOOP_555_18: 
/home/users/eleonora.cabai/Documents/K-Means-AIE/data_movers/_x/setup_aie_hw/setup_aie/setup_aie/solution/.autopilot/db/setup_aie.pp.0.cpp:17907:9: note: FIX-IT applied suggested code changes
/home/users/eleonora.cabai/Documents/K-Means-AIE/data_movers/_x/setup_aie_hw/setup_aie/setup_aie/solution/.autopilot/db/setup_aie.pp.0.cpp:17917:9: warning: Added loop label VITIS_LOOP_565_19:   [xilinx-label-all-loops]
        for (int j = 37; j < 64; j++) {
        ^~~
        VITIS_LOOP_565_19: 
/home/users/eleonora.cabai/Documents/K-Means-AIE/data_movers/_x/setup_aie_hw/setup_aie/setup_aie/solution/.autopilot/db/setup_aie.pp.0.cpp:17917:9: note: FIX-IT applied suggested code changes
/home/users/eleonora.cabai/Documents/K-Means-AIE/data_movers/_x/setup_aie_hw/setup_aie/setup_aie/solution/.autopilot/db/setup_aie.pp.0.cpp:17925:17: warning: Added loop label VITIS_LOOP_573_20:   [xilinx-label-all-loops]
                for (int j = 0; j < 64; j++){
                ^~~
                VITIS_LOOP_573_20: 
/home/users/eleonora.cabai/Documents/K-Means-AIE/data_movers/_x/setup_aie_hw/setup_aie/setup_aie/solution/.autopilot/db/setup_aie.pp.0.cpp:17925:17: note: FIX-IT applied suggested code changes
/home/users/eleonora.cabai/Documents/K-Means-AIE/data_movers/_x/setup_aie_hw/setup_aie/setup_aie/solution/.autopilot/db/setup_aie.pp.0.cpp:18286:13: warning: Added loop label VITIS_LOOP_934_21:   [xilinx-label-all-loops]
            for (int j = 63; j >= I_+31; j--) {
            ^~~
            VITIS_LOOP_934_21: 
/home/users/eleonora.cabai/Documents/K-Means-AIE/data_movers/_x/setup_aie_hw/setup_aie/setup_aie/solution/.autopilot/db/setup_aie.pp.0.cpp:18286:13: note: FIX-IT applied suggested code changes
/home/users/eleonora.cabai/Documents/K-Means-AIE/data_movers/_x/setup_aie_hw/setup_aie/setup_aie/solution/.autopilot/db/setup_aie.pp.0.cpp:18292:17: warning: Added loop label VITIS_LOOP_940_22:   [xilinx-label-all-loops]
                for (int j = 63; j >= I_+31; j--) {
                ^~~
                VITIS_LOOP_940_22: 
/home/users/eleonora.cabai/Documents/K-Means-AIE/data_movers/_x/setup_aie_hw/setup_aie/setup_aie/solution/.autopilot/db/setup_aie.pp.0.cpp:18292:17: note: FIX-IT applied suggested code changes
/home/users/eleonora.cabai/Documents/K-Means-AIE/data_movers/_x/setup_aie_hw/setup_aie/setup_aie/solution/.autopilot/db/setup_aie.pp.0.cpp:18296:17: warning: Added loop label VITIS_LOOP_944_23:   [xilinx-label-all-loops]
                for (int j = I_+30; j >= 0; j--) {
                ^~~
                VITIS_LOOP_944_23: 
/home/users/eleonora.cabai/Documents/K-Means-AIE/data_movers/_x/setup_aie_hw/setup_aie/setup_aie/solution/.autopilot/db/setup_aie.pp.0.cpp:18296:17: note: FIX-IT applied suggested code changes
/home/users/eleonora.cabai/Documents/K-Means-AIE/data_movers/_x/setup_aie_hw/setup_aie/setup_aie/solution/.autopilot/db/setup_aie.pp.0.cpp:18412:13: warning: Added loop label VITIS_LOOP_1060_1:   [xilinx-label-all-loops]
            for (int j = 4; j >= I_+1; j--) {
            ^~~
            VITIS_LOOP_1060_1: 
/home/users/eleonora.cabai/Documents/K-Means-AIE/data_movers/_x/setup_aie_hw/setup_aie/setup_aie/solution/.autopilot/db/setup_aie.pp.0.cpp:18412:13: note: FIX-IT applied suggested code changes
/home/users/eleonora.cabai/Documents/K-Means-AIE/data_movers/_x/setup_aie_hw/setup_aie/setup_aie/solution/.autopilot/db/setup_aie.pp.0.cpp:18418:17: warning: Added loop label VITIS_LOOP_1066_2:   [xilinx-label-all-loops]
                for (int j = 4; j >= I_+1; j--) {
                ^~~
                VITIS_LOOP_1066_2: 
/home/users/eleonora.cabai/Documents/K-Means-AIE/data_movers/_x/setup_aie_hw/setup_aie/setup_aie/solution/.autopilot/db/setup_aie.pp.0.cpp:18418:17: note: FIX-IT applied suggested code changes
/home/users/eleonora.cabai/Documents/K-Means-AIE/data_movers/_x/setup_aie_hw/setup_aie/setup_aie/solution/.autopilot/db/setup_aie.pp.0.cpp:18422:17: warning: Added loop label VITIS_LOOP_1070_3:   [xilinx-label-all-loops]
                for (int j = I_; j >= 0; j--) {
                ^~~
                VITIS_LOOP_1070_3: 
/home/users/eleonora.cabai/Documents/K-Means-AIE/data_movers/_x/setup_aie_hw/setup_aie/setup_aie/solution/.autopilot/db/setup_aie.pp.0.cpp:18422:17: note: FIX-IT applied suggested code changes
/home/users/eleonora.cabai/Documents/K-Means-AIE/data_movers/_x/setup_aie_hw/setup_aie/setup_aie/solution/.autopilot/db/setup_aie.pp.0.cpp:18509:13: warning: Added loop label VITIS_LOOP_1157_4:   [xilinx-label-all-loops]
            for (int j = 10; j >= I_+4; j--) {
            ^~~
            VITIS_LOOP_1157_4: 
/home/users/eleonora.cabai/Documents/K-Means-AIE/data_movers/_x/setup_aie_hw/setup_aie/setup_aie/solution/.autopilot/db/setup_aie.pp.0.cpp:18509:13: note: FIX-IT applied suggested code changes
/home/users/eleonora.cabai/Documents/K-Means-AIE/data_movers/_x/setup_aie_hw/setup_aie/setup_aie/solution/.autopilot/db/setup_aie.pp.0.cpp:18515:17: warning: Added loop label VITIS_LOOP_1163_5:   [xilinx-label-all-loops]
                for (int j = 10; j >= I_+4; j--) {
                ^~~
                VITIS_LOOP_1163_5: 
/home/users/eleonora.cabai/Documents/K-Means-AIE/data_movers/_x/setup_aie_hw/setup_aie/setup_aie/solution/.autopilot/db/setup_aie.pp.0.cpp:18515:17: note: FIX-IT applied suggested code changes
/home/users/eleonora.cabai/Documents/K-Means-AIE/data_movers/_x/setup_aie_hw/setup_aie/setup_aie/solution/.autopilot/db/setup_aie.pp.0.cpp:18519:17: warning: Added loop label VITIS_LOOP_1167_6:   [xilinx-label-all-loops]
                for (int j = I_+3; j >= 0; j--) {
                ^~~
                VITIS_LOOP_1167_6: 
/home/users/eleonora.cabai/Documents/K-Means-AIE/data_movers/_x/setup_aie_hw/setup_aie/setup_aie/solution/.autopilot/db/setup_aie.pp.0.cpp:18519:17: note: FIX-IT applied suggested code changes
/home/users/eleonora.cabai/Documents/K-Means-AIE/data_movers/_x/setup_aie_hw/setup_aie/setup_aie/solution/.autopilot/db/setup_aie.pp.0.cpp:18538:9: warning: Added loop label VITIS_LOOP_1186_7:   [xilinx-label-all-loops]
        for (int j = wf+3; j < w-1; j++) {
        ^~~
        VITIS_LOOP_1186_7: 
/home/users/eleonora.cabai/Documents/K-Means-AIE/data_movers/_x/setup_aie_hw/setup_aie/setup_aie/solution/.autopilot/db/setup_aie.pp.0.cpp:18538:9: note: FIX-IT applied suggested code changes
/home/users/eleonora.cabai/Documents/K-Means-AIE/data_movers/_x/setup_aie_hw/setup_aie/setup_aie/solution/.autopilot/db/setup_aie.pp.0.cpp:18545:17: warning: Added loop label VITIS_LOOP_1193_8:   [xilinx-label-all-loops]
                for (int j = 0; j < 22; j++) {
                ^~~
                VITIS_LOOP_1193_8: 
/home/users/eleonora.cabai/Documents/K-Means-AIE/data_movers/_x/setup_aie_hw/setup_aie/setup_aie/solution/.autopilot/db/setup_aie.pp.0.cpp:18545:17: note: FIX-IT applied suggested code changes
/home/users/eleonora.cabai/Documents/K-Means-AIE/data_movers/_x/setup_aie_hw/setup_aie/setup_aie/solution/.autopilot/db/setup_aie.pp.0.cpp:18661:13: warning: Added loop label VITIS_LOOP_1309_9:   [xilinx-label-all-loops]
            for (int j = 22; j >= I_+10; j--) {
            ^~~
            VITIS_LOOP_1309_9: 
/home/users/eleonora.cabai/Documents/K-Means-AIE/data_movers/_x/setup_aie_hw/setup_aie/setup_aie/solution/.autopilot/db/setup_aie.pp.0.cpp:18661:13: note: FIX-IT applied suggested code changes
/home/users/eleonora.cabai/Documents/K-Means-AIE/data_movers/_x/setup_aie_hw/setup_aie/setup_aie/solution/.autopilot/db/setup_aie.pp.0.cpp:18667:17: warning: Added loop label VITIS_LOOP_1315_10:   [xilinx-label-all-loops]
                for (int j = 22; j >= I_+10; j--){
                ^~~
                VITIS_LOOP_1315_10: 
/home/users/eleonora.cabai/Documents/K-Means-AIE/data_movers/_x/setup_aie_hw/setup_aie/setup_aie/solution/.autopilot/db/setup_aie.pp.0.cpp:18667:17: note: FIX-IT applied suggested code changes
/home/users/eleonora.cabai/Documents/K-Means-AIE/data_movers/_x/setup_aie_hw/setup_aie/setup_aie/solution/.autopilot/db/setup_aie.pp.0.cpp:18671:17: warning: Added loop label VITIS_LOOP_1319_11:   [xilinx-label-all-loops]
                for (int j = I_+9; j >= 0; j--) {
                ^~~
                VITIS_LOOP_1319_11: 
/home/users/eleonora.cabai/Documents/K-Means-AIE/data_movers/_x/setup_aie_hw/setup_aie/setup_aie/solution/.autopilot/db/setup_aie.pp.0.cpp:18671:17: note: FIX-IT applied suggested code changes
/home/users/eleonora.cabai/Documents/K-Means-AIE/data_movers/_x/setup_aie_hw/setup_aie/setup_aie/solution/.autopilot/db/setup_aie.pp.0.cpp:18691:9: warning: Added loop label VITIS_LOOP_1339_12:   [xilinx-label-all-loops]
        for (int j = wf+4; j < w-1; j++){
        ^~~
        VITIS_LOOP_1339_12: 
/home/users/eleonora.cabai/Documents/K-Means-AIE/data_movers/_x/setup_aie_hw/setup_aie/setup_aie/solution/.autopilot/db/setup_aie.pp.0.cpp:18691:9: note: FIX-IT applied suggested code changes
/home/users/eleonora.cabai/Documents/K-Means-AIE/data_movers/_x/setup_aie_hw/setup_aie/setup_aie/solution/.autopilot/db/setup_aie.pp.0.cpp:18698:17: warning: Added loop label VITIS_LOOP_1346_13:   [xilinx-label-all-loops]
                for (int j = 0; j < 46; j++) {
                ^~~
                VITIS_LOOP_1346_13: 
/home/users/eleonora.cabai/Documents/K-Means-AIE/data_movers/_x/setup_aie_hw/setup_aie/setup_aie/solution/.autopilot/db/setup_aie.pp.0.cpp:18698:17: note: FIX-IT applied suggested code changes
/home/users/eleonora.cabai/Documents/K-Means-AIE/data_movers/_x/setup_aie_hw/setup_aie/setup_aie/solution/.autopilot/db/setup_aie.pp.0.cpp:18960:13: warning: Added loop label VITIS_LOOP_1608_14:   [xilinx-label-all-loops]
            for (int j = 46; j >= I_+22; j--) {
            ^~~
            VITIS_LOOP_1608_14: 
/home/users/eleonora.cabai/Documents/K-Means-AIE/data_movers/_x/setup_aie_hw/setup_aie/setup_aie/solution/.autopilot/db/setup_aie.pp.0.cpp:18960:13: note: FIX-IT applied suggested code changes
/home/users/eleonora.cabai/Documents/K-Means-AIE/data_movers/_x/setup_aie_hw/setup_aie/setup_aie/solution/.autopilot/db/setup_aie.pp.0.cpp:18966:17: warning: Added loop label VITIS_LOOP_1614_15:   [xilinx-label-all-loops]
                for (int j = 46; j >= I_+22; j--) {
                ^~~
                VITIS_LOOP_1614_15: 
/home/users/eleonora.cabai/Documents/K-Means-AIE/data_movers/_x/setup_aie_hw/setup_aie/setup_aie/solution/.autopilot/db/setup_aie.pp.0.cpp:18966:17: note: FIX-IT applied suggested code changes
/home/users/eleonora.cabai/Documents/K-Means-AIE/data_movers/_x/setup_aie_hw/setup_aie/setup_aie/solution/.autopilot/db/setup_aie.pp.0.cpp:18970:17: warning: Added loop label VITIS_LOOP_1618_16:   [xilinx-label-all-loops]
                for (int j = I_+21; j >= 0; j--) {
                ^~~
                VITIS_LOOP_1618_16: 
/home/users/eleonora.cabai/Documents/K-Means-AIE/data_movers/_x/setup_aie_hw/setup_aie/setup_aie/solution/.autopilot/db/setup_aie.pp.0.cpp:18970:17: note: FIX-IT applied suggested code changes
/home/users/eleonora.cabai/Documents/K-Means-AIE/data_movers/_x/setup_aie_hw/setup_aie/setup_aie/solution/.autopilot/db/setup_aie.pp.0.cpp:18994:9: warning: Added loop label VITIS_LOOP_1642_17:   [xilinx-label-all-loops]
        for (int j = wf+5; j < w-1; j++){
        ^~~
        VITIS_LOOP_1642_17: 
/home/users/eleonora.cabai/Documents/K-Means-AIE/data_movers/_x/setup_aie_hw/setup_aie/setup_aie/solution/.autopilot/db/setup_aie.pp.0.cpp:18994:9: note: FIX-IT applied suggested code changes
/home/users/eleonora.cabai/Documents/K-Means-AIE/data_movers/_x/setup_aie_hw/setup_aie/setup_aie/solution/.autopilot/db/setup_aie.pp.0.cpp:19001:17: warning: Added loop label VITIS_LOOP_1649_18:   [xilinx-label-all-loops]
                for (int j = 0; j < 64; j++) {
                ^~~
                VITIS_LOOP_1649_18: 
/home/users/eleonora.cabai/Documents/K-Means-AIE/data_movers/_x/setup_aie_hw/setup_aie/setup_aie/solution/.autopilot/db/setup_aie.pp.0.cpp:19001:17: note: FIX-IT applied suggested code changes
/home/users/eleonora.cabai/Documents/K-Means-AIE/data_movers/_x/setup_aie_hw/setup_aie/setup_aie/solution/.autopilot/db/setup_aie.pp.0.cpp:19431:13: warning: Added loop label VITIS_LOOP_2079_19:   [xilinx-label-all-loops]
            for (int j = 64; j >= I_+31; j--) {
            ^~~
            VITIS_LOOP_2079_19: 
/home/users/eleonora.cabai/Documents/K-Means-AIE/data_movers/_x/setup_aie_hw/setup_aie/setup_aie/solution/.autopilot/db/setup_aie.pp.0.cpp:19431:13: note: FIX-IT applied suggested code changes
/home/users/eleonora.cabai/Documents/K-Means-AIE/data_movers/_x/setup_aie_hw/setup_aie/setup_aie/solution/.autopilot/db/setup_aie.pp.0.cpp:19437:17: warning: Added loop label VITIS_LOOP_2085_20:   [xilinx-label-all-loops]
                for (int j = 64; j >= I_+31; j--) {
                ^~~
                VITIS_LOOP_2085_20: 
/home/users/eleonora.cabai/Documents/K-Means-AIE/data_movers/_x/setup_aie_hw/setup_aie/setup_aie/solution/.autopilot/db/setup_aie.pp.0.cpp:19437:17: note: FIX-IT applied suggested code changes
/home/users/eleonora.cabai/Documents/K-Means-AIE/data_movers/_x/setup_aie_hw/setup_aie/setup_aie/solution/.autopilot/db/setup_aie.pp.0.cpp:19441:17: warning: Added loop label VITIS_LOOP_2089_21:   [xilinx-label-all-loops]
                for (int j = I_+30; j >= 0; j--) {
                ^~~
                VITIS_LOOP_2089_21: 
/home/users/eleonora.cabai/Documents/K-Means-AIE/data_movers/_x/setup_aie_hw/setup_aie/setup_aie/solution/.autopilot/db/setup_aie.pp.0.cpp:19441:17: note: FIX-IT applied suggested code changes
/home/users/eleonora.cabai/Documents/K-Means-AIE/data_movers/_x/setup_aie_hw/setup_aie/setup_aie/solution/.autopilot/db/setup_aie.pp.0.cpp:19571:13: warning: Added loop label VITIS_LOOP_2219_1:   [xilinx-label-all-loops]
            for(int j=3; j>=I+1; j--) {
            ^~~
            VITIS_LOOP_2219_1: 
/home/users/eleonora.cabai/Documents/K-Means-AIE/data_movers/_x/setup_aie_hw/setup_aie/setup_aie/solution/.autopilot/db/setup_aie.pp.0.cpp:19571:13: note: FIX-IT applied suggested code changes
/home/users/eleonora.cabai/Documents/K-Means-AIE/data_movers/_x/setup_aie_hw/setup_aie/setup_aie/solution/.autopilot/db/setup_aie.pp.0.cpp:19578:17: warning: Added loop label VITIS_LOOP_2226_2:   [xilinx-label-all-loops]
                for(int j=3; j>=I+1; j--) {
                ^~~
                VITIS_LOOP_2226_2: 
/home/users/eleonora.cabai/Documents/K-Means-AIE/data_movers/_x/setup_aie_hw/setup_aie/setup_aie/solution/.autopilot/db/setup_aie.pp.0.cpp:19578:17: note: FIX-IT applied suggested code changes
/home/users/eleonora.cabai/Documents/K-Means-AIE/data_movers/_x/setup_aie_hw/setup_aie/setup_aie/solution/.autopilot/db/setup_aie.pp.0.cpp:19582:17: warning: Added loop label VITIS_LOOP_2230_3:   [xilinx-label-all-loops]
                for(int j=I; j>=0; j--) {
                ^~~
                VITIS_LOOP_2230_3: 
/home/users/eleonora.cabai/Documents/K-Means-AIE/data_movers/_x/setup_aie_hw/setup_aie/setup_aie/solution/.autopilot/db/setup_aie.pp.0.cpp:19582:17: note: FIX-IT applied suggested code changes
/home/users/eleonora.cabai/Documents/K-Means-AIE/data_movers/_x/setup_aie_hw/setup_aie/setup_aie/solution/.autopilot/db/setup_aie.pp.0.cpp:19629:13: warning: Added loop label VITIS_LOOP_2277_4:   [xilinx-label-all-loops]
            for(int j=7; j>=3+I; j--) {
            ^~~
            VITIS_LOOP_2277_4: 
/home/users/eleonora.cabai/Documents/K-Means-AIE/data_movers/_x/setup_aie_hw/setup_aie/setup_aie/solution/.autopilot/db/setup_aie.pp.0.cpp:19629:13: note: FIX-IT applied suggested code changes
/home/users/eleonora.cabai/Documents/K-Means-AIE/data_movers/_x/setup_aie_hw/setup_aie/setup_aie/solution/.autopilot/db/setup_aie.pp.0.cpp:19636:17: warning: Added loop label VITIS_LOOP_2284_5:   [xilinx-label-all-loops]
                for(int j=7; j>=3+I; j--) {
                ^~~
                VITIS_LOOP_2284_5: 
/home/users/eleonora.cabai/Documents/K-Means-AIE/data_movers/_x/setup_aie_hw/setup_aie/setup_aie/solution/.autopilot/db/setup_aie.pp.0.cpp:19636:17: note: FIX-IT applied suggested code changes
/home/users/eleonora.cabai/Documents/K-Means-AIE/data_movers/_x/setup_aie_hw/setup_aie/setup_aie/solution/.autopilot/db/setup_aie.pp.0.cpp:19640:17: warning: Added loop label VITIS_LOOP_2288_6:   [xilinx-label-all-loops]
                for(int j=I+2; j>=0; j--) {
                ^~~
                VITIS_LOOP_2288_6: 
/home/users/eleonora.cabai/Documents/K-Means-AIE/data_movers/_x/setup_aie_hw/setup_aie/setup_aie/solution/.autopilot/db/setup_aie.pp.0.cpp:19640:17: note: FIX-IT applied suggested code changes
/home/users/eleonora.cabai/Documents/K-Means-AIE/data_movers/_x/setup_aie_hw/setup_aie/setup_aie/solution/.autopilot/db/setup_aie.pp.0.cpp:19658:9: warning: Added loop label VITIS_LOOP_2306_7:   [xilinx-label-all-loops]
        for(int j=11; j<16; j++) {
        ^~~
        VITIS_LOOP_2306_7: 
/home/users/eleonora.cabai/Documents/K-Means-AIE/data_movers/_x/setup_aie_hw/setup_aie/setup_aie/solution/.autopilot/db/setup_aie.pp.0.cpp:19658:9: note: FIX-IT applied suggested code changes
/home/users/eleonora.cabai/Documents/K-Means-AIE/data_movers/_x/setup_aie_hw/setup_aie/setup_aie/solution/.autopilot/db/setup_aie.pp.0.cpp:19713:13: warning: Added loop label VITIS_LOOP_2361_8:   [xilinx-label-all-loops]
            for(int j=15; j>=7+I; j--) {
            ^~~
            VITIS_LOOP_2361_8: 
/home/users/eleonora.cabai/Documents/K-Means-AIE/data_movers/_x/setup_aie_hw/setup_aie/setup_aie/solution/.autopilot/db/setup_aie.pp.0.cpp:19713:13: note: FIX-IT applied suggested code changes
/home/users/eleonora.cabai/Documents/K-Means-AIE/data_movers/_x/setup_aie_hw/setup_aie/setup_aie/solution/.autopilot/db/setup_aie.pp.0.cpp:19720:17: warning: Added loop label VITIS_LOOP_2368_9:   [xilinx-label-all-loops]
                for(int j=15; j>=7+I; j--) {
                ^~~
                VITIS_LOOP_2368_9: 
/home/users/eleonora.cabai/Documents/K-Means-AIE/data_movers/_x/setup_aie_hw/setup_aie/setup_aie/solution/.autopilot/db/setup_aie.pp.0.cpp:19720:17: note: FIX-IT applied suggested code changes
/home/users/eleonora.cabai/Documents/K-Means-AIE/data_movers/_x/setup_aie_hw/setup_aie/setup_aie/solution/.autopilot/db/setup_aie.pp.0.cpp:19724:17: warning: Added loop label VITIS_LOOP_2372_10:   [xilinx-label-all-loops]
                for(int j=6+I; j>=0; j--) {
                ^~~
                VITIS_LOOP_2372_10: 
/home/users/eleonora.cabai/Documents/K-Means-AIE/data_movers/_x/setup_aie_hw/setup_aie/setup_aie/solution/.autopilot/db/setup_aie.pp.0.cpp:19724:17: note: FIX-IT applied suggested code changes
/home/users/eleonora.cabai/Documents/K-Means-AIE/data_movers/_x/setup_aie_hw/setup_aie/setup_aie/solution/.autopilot/db/setup_aie.pp.0.cpp:19742:9: warning: Added loop label VITIS_LOOP_2390_11:   [xilinx-label-all-loops]
        for(int j=20; j<32; j++) {
        ^~~
        VITIS_LOOP_2390_11: 
/home/users/eleonora.cabai/Documents/K-Means-AIE/data_movers/_x/setup_aie_hw/setup_aie/setup_aie/solution/.autopilot/db/setup_aie.pp.0.cpp:19742:9: note: FIX-IT applied suggested code changes
/home/users/eleonora.cabai/Documents/K-Means-AIE/data_movers/_x/setup_aie_hw/setup_aie/setup_aie/solution/.autopilot/db/setup_aie.pp.0.cpp:19831:13: warning: Added loop label VITIS_LOOP_2479_12:   [xilinx-label-all-loops]
            for(int j=31; j>=I+15; j--) {
            ^~~
            VITIS_LOOP_2479_12: 
/home/users/eleonora.cabai/Documents/K-Means-AIE/data_movers/_x/setup_aie_hw/setup_aie/setup_aie/solution/.autopilot/db/setup_aie.pp.0.cpp:19831:13: note: FIX-IT applied suggested code changes
/home/users/eleonora.cabai/Documents/K-Means-AIE/data_movers/_x/setup_aie_hw/setup_aie/setup_aie/solution/.autopilot/db/setup_aie.pp.0.cpp:19838:17: warning: Added loop label VITIS_LOOP_2486_13:   [xilinx-label-all-loops]
                for(int j=31; j>=I+15; j--) {
                ^~~
                VITIS_LOOP_2486_13: 
/home/users/eleonora.cabai/Documents/K-Means-AIE/data_movers/_x/setup_aie_hw/setup_aie/setup_aie/solution/.autopilot/db/setup_aie.pp.0.cpp:19838:17: note: FIX-IT applied suggested code changes
/home/users/eleonora.cabai/Documents/K-Means-AIE/data_movers/_x/setup_aie_hw/setup_aie/setup_aie/solution/.autopilot/db/setup_aie.pp.0.cpp:19842:17: warning: Added loop label VITIS_LOOP_2490_14:   [xilinx-label-all-loops]
                for(int j=I+14; j>=0; j--) {
                ^~~
                VITIS_LOOP_2490_14: 
/home/users/eleonora.cabai/Documents/K-Means-AIE/data_movers/_x/setup_aie_hw/setup_aie/setup_aie/solution/.autopilot/db/setup_aie.pp.0.cpp:19842:17: note: FIX-IT applied suggested code changes
/home/users/eleonora.cabai/Documents/K-Means-AIE/data_movers/_x/setup_aie_hw/setup_aie/setup_aie/solution/.autopilot/db/setup_aie.pp.0.cpp:19852:9: warning: Added loop label VITIS_LOOP_2500_15:   [xilinx-label-all-loops]
        for(int j=32-F; j<32+I; j++) {
        ^~~
        VITIS_LOOP_2500_15: 
/home/users/eleonora.cabai/Documents/K-Means-AIE/data_movers/_x/setup_aie_hw/setup_aie/setup_aie/solution/.autopilot/db/setup_aie.pp.0.cpp:19852:9: note: FIX-IT applied suggested code changes
/home/users/eleonora.cabai/Documents/K-Means-AIE/data_movers/_x/setup_aie_hw/setup_aie/setup_aie/solution/.autopilot/db/setup_aie.pp.0.cpp:19856:9: warning: Added loop label VITIS_LOOP_2504_16:   [xilinx-label-all-loops]
        for(int j=32+I; j<=64; j++) {
        ^~~
        VITIS_LOOP_2504_16: 
/home/users/eleonora.cabai/Documents/K-Means-AIE/data_movers/_x/setup_aie_hw/setup_aie/setup_aie/solution/.autopilot/db/setup_aie.pp.0.cpp:19856:9: note: FIX-IT applied suggested code changes
/home/users/eleonora.cabai/Documents/K-Means-AIE/data_movers/_x/setup_aie_hw/setup_aie/setup_aie/solution/.autopilot/db/setup_aie.pp.0.cpp:19867:9: warning: Added loop label VITIS_LOOP_2515_17:   [xilinx-label-all-loops]
        for(int j=37; j<64; j++) {
        ^~~
        VITIS_LOOP_2515_17: 
/home/users/eleonora.cabai/Documents/K-Means-AIE/data_movers/_x/setup_aie_hw/setup_aie/setup_aie/solution/.autopilot/db/setup_aie.pp.0.cpp:19867:9: note: FIX-IT applied suggested code changes
/home/users/eleonora.cabai/Documents/K-Means-AIE/data_movers/_x/setup_aie_hw/setup_aie/setup_aie/solution/.autopilot/db/setup_aie.pp.0.cpp:19875:17: warning: Added loop label VITIS_LOOP_2523_18:   [xilinx-label-all-loops]
                for(int j=0; j<64; j++) {
                ^~~
                VITIS_LOOP_2523_18: 
/home/users/eleonora.cabai/Documents/K-Means-AIE/data_movers/_x/setup_aie_hw/setup_aie/setup_aie/solution/.autopilot/db/setup_aie.pp.0.cpp:19875:17: note: FIX-IT applied suggested code changes
/home/users/eleonora.cabai/Documents/K-Means-AIE/data_movers/_x/setup_aie_hw/setup_aie/setup_aie/solution/.autopilot/db/setup_aie.pp.0.cpp:20200:13: warning: Added loop label VITIS_LOOP_2848_19:   [xilinx-label-all-loops]
            for(int j=63; j>=I+31; j--) {
            ^~~
            VITIS_LOOP_2848_19: 
/home/users/eleonora.cabai/Documents/K-Means-AIE/data_movers/_x/setup_aie_hw/setup_aie/setup_aie/solution/.autopilot/db/setup_aie.pp.0.cpp:20200:13: note: FIX-IT applied suggested code changes
/home/users/eleonora.cabai/Documents/K-Means-AIE/data_movers/_x/setup_aie_hw/setup_aie/setup_aie/solution/.autopilot/db/setup_aie.pp.0.cpp:20207:17: warning: Added loop label VITIS_LOOP_2855_20:   [xilinx-label-all-loops]
                for(int j=63; j>=I+31; j--) {
                ^~~
                VITIS_LOOP_2855_20: 
/home/users/eleonora.cabai/Documents/K-Means-AIE/data_movers/_x/setup_aie_hw/setup_aie/setup_aie/solution/.autopilot/db/setup_aie.pp.0.cpp:20207:17: note: FIX-IT applied suggested code changes
/home/users/eleonora.cabai/Documents/K-Means-AIE/data_movers/_x/setup_aie_hw/setup_aie/setup_aie/solution/.autopilot/db/setup_aie.pp.0.cpp:20211:17: warning: Added loop label VITIS_LOOP_2859_21:   [xilinx-label-all-loops]
                for(int j=I+30; j>=0; j--) {
                ^~~
                VITIS_LOOP_2859_21: 
/home/users/eleonora.cabai/Documents/K-Means-AIE/data_movers/_x/setup_aie_hw/setup_aie/setup_aie/solution/.autopilot/db/setup_aie.pp.0.cpp:20211:17: note: FIX-IT applied suggested code changes
/home/users/eleonora.cabai/Documents/K-Means-AIE/data_movers/_x/setup_aie_hw/setup_aie/setup_aie/solution/.autopilot/db/setup_aie.pp.0.cpp:20299:4: warning: Added loop label VITIS_LOOP_2947_1:   [xilinx-label-all-loops]
   for(int j = 5; j>=I_+2; j--) {
   ^~~
   VITIS_LOOP_2947_1: 
/home/users/eleonora.cabai/Documents/K-Means-AIE/data_movers/_x/setup_aie_hw/setup_aie/setup_aie/solution/.autopilot/db/setup_aie.pp.0.cpp:20299:4: note: FIX-IT applied suggested code changes
/home/users/eleonora.cabai/Documents/K-Means-AIE/data_movers/_x/setup_aie_hw/setup_aie/setup_aie/solution/.autopilot/db/setup_aie.pp.0.cpp:20306:5: warning: Added loop label VITIS_LOOP_2954_2:   [xilinx-label-all-loops]
    for(int j = 5; j>=I_+2; j--) {
    ^~~
    VITIS_LOOP_2954_2: 
/home/users/eleonora.cabai/Documents/K-Means-AIE/data_movers/_x/setup_aie_hw/setup_aie/setup_aie/solution/.autopilot/db/setup_aie.pp.0.cpp:20306:5: note: FIX-IT applied suggested code changes
/home/users/eleonora.cabai/Documents/K-Means-AIE/data_movers/_x/setup_aie_hw/setup_aie/setup_aie/solution/.autopilot/db/setup_aie.pp.0.cpp:20310:5: warning: Added loop label VITIS_LOOP_2958_3:   [xilinx-label-all-loops]
    for(int j = I_+1; j>=0; j--) {
    ^~~
    VITIS_LOOP_2958_3: 
/home/users/eleonora.cabai/Documents/K-Means-AIE/data_movers/_x/setup_aie_hw/setup_aie/setup_aie/solution/.autopilot/db/setup_aie.pp.0.cpp:20310:5: note: FIX-IT applied suggested code changes
/home/users/eleonora.cabai/Documents/K-Means-AIE/data_movers/_x/setup_aie_hw/setup_aie/setup_aie/solution/.autopilot/db/setup_aie.pp.0.cpp:20325:3: warning: Added loop label VITIS_LOOP_2973_4:   [xilinx-label-all-loops]
  for(int j = 11; j >=7; j--) {
  ^~~
  VITIS_LOOP_2973_4: 
/home/users/eleonora.cabai/Documents/K-Means-AIE/data_movers/_x/setup_aie_hw/setup_aie/setup_aie/solution/.autopilot/db/setup_aie.pp.0.cpp:20325:3: note: FIX-IT applied suggested code changes
/home/users/eleonora.cabai/Documents/K-Means-AIE/data_movers/_x/setup_aie_hw/setup_aie/setup_aie/solution/.autopilot/db/setup_aie.pp.0.cpp:20357:4: warning: Added loop label VITIS_LOOP_3005_5:   [xilinx-label-all-loops]
   for(int j = 11; j >= I_+5; j--) {
   ^~~
   VITIS_LOOP_3005_5: 
/home/users/eleonora.cabai/Documents/K-Means-AIE/data_movers/_x/setup_aie_hw/setup_aie/setup_aie/solution/.autopilot/db/setup_aie.pp.0.cpp:20357:4: note: FIX-IT applied suggested code changes
/home/users/eleonora.cabai/Documents/K-Means-AIE/data_movers/_x/setup_aie_hw/setup_aie/setup_aie/solution/.autopilot/db/setup_aie.pp.0.cpp:20364:5: warning: Added loop label VITIS_LOOP_3012_6:   [xilinx-label-all-loops]
    for(int j = 11; j>= I_+5; j--) {
    ^~~
    VITIS_LOOP_3012_6: 
/home/users/eleonora.cabai/Documents/K-Means-AIE/data_movers/_x/setup_aie_hw/setup_aie/setup_aie/solution/.autopilot/db/setup_aie.pp.0.cpp:20364:5: note: FIX-IT applied suggested code changes
/home/users/eleonora.cabai/Documents/K-Means-AIE/data_movers/_x/setup_aie_hw/setup_aie/setup_aie/solution/.autopilot/db/setup_aie.pp.0.cpp:20368:5: warning: Added loop label VITIS_LOOP_3016_7:   [xilinx-label-all-loops]
    for(int j = I_+4; j>=0; j--) {
    ^~~
    VITIS_LOOP_3016_7: 
/home/users/eleonora.cabai/Documents/K-Means-AIE/data_movers/_x/setup_aie_hw/setup_aie/setup_aie/solution/.autopilot/db/setup_aie.pp.0.cpp:20368:5: note: FIX-IT applied suggested code changes
/home/users/eleonora.cabai/Documents/K-Means-AIE/data_movers/_x/setup_aie_hw/setup_aie/setup_aie/solution/.autopilot/db/setup_aie.pp.0.cpp:20383:3: warning: Added loop label VITIS_LOOP_3031_8:   [xilinx-label-all-loops]
  for(int j = 25; j>=15; j--) {
  ^~~
  VITIS_LOOP_3031_8: 
/home/users/eleonora.cabai/Documents/K-Means-AIE/data_movers/_x/setup_aie_hw/setup_aie/setup_aie/solution/.autopilot/db/setup_aie.pp.0.cpp:20383:3: note: FIX-IT applied suggested code changes
/home/users/eleonora.cabai/Documents/K-Means-AIE/data_movers/_x/setup_aie_hw/setup_aie/setup_aie/solution/.autopilot/db/setup_aie.pp.0.cpp:20433:4: warning: Added loop label VITIS_LOOP_3081_9:   [xilinx-label-all-loops]
   for(int j = 25; j>= I_+12; j--) {
   ^~~
   VITIS_LOOP_3081_9: 
/home/users/eleonora.cabai/Documents/K-Means-AIE/data_movers/_x/setup_aie_hw/setup_aie/setup_aie/solution/.autopilot/db/setup_aie.pp.0.cpp:20433:4: note: FIX-IT applied suggested code changes
/home/users/eleonora.cabai/Documents/K-Means-AIE/data_movers/_x/setup_aie_hw/setup_aie/setup_aie/solution/.autopilot/db/setup_aie.pp.0.cpp:20440:5: warning: Added loop label VITIS_LOOP_3088_10:   [xilinx-label-all-loops]
    for(int j = 25; j>=I_+12; j--) {
    ^~~
    VITIS_LOOP_3088_10: 
/home/users/eleonora.cabai/Documents/K-Means-AIE/data_movers/_x/setup_aie_hw/setup_aie/setup_aie/solution/.autopilot/db/setup_aie.pp.0.cpp:20440:5: note: FIX-IT applied suggested code changes
/home/users/eleonora.cabai/Documents/K-Means-AIE/data_movers/_x/setup_aie_hw/setup_aie/setup_aie/solution/.autopilot/db/setup_aie.pp.0.cpp:20444:5: warning: Added loop label VITIS_LOOP_3092_11:   [xilinx-label-all-loops]
    for(int j = I_+11; j>=0; j--) {
    ^~~
    VITIS_LOOP_3092_11: 
/home/users/eleonora.cabai/Documents/K-Means-AIE/data_movers/_x/setup_aie_hw/setup_aie/setup_aie/solution/.autopilot/db/setup_aie.pp.0.cpp:20444:5: note: FIX-IT applied suggested code changes
/home/users/eleonora.cabai/Documents/K-Means-AIE/data_movers/_x/setup_aie_hw/setup_aie/setup_aie/solution/.autopilot/db/setup_aie.pp.0.cpp:20459:3: warning: Added loop label VITIS_LOOP_3107_12:   [xilinx-label-all-loops]
  for(int j = 51; j >= 29; j--) {
  ^~~
  VITIS_LOOP_3107_12: 
/home/users/eleonora.cabai/Documents/K-Means-AIE/data_movers/_x/setup_aie_hw/setup_aie/setup_aie/solution/.autopilot/db/setup_aie.pp.0.cpp:20459:3: note: FIX-IT applied suggested code changes
/home/users/eleonora.cabai/Documents/K-Means-AIE/data_movers/_x/setup_aie_hw/setup_aie/setup_aie/solution/.autopilot/db/setup_aie.pp.0.cpp:20596:4: warning: Added loop label VITIS_LOOP_3244_13:   [xilinx-label-all-loops]
   for(int j = 51; j >= 25 + I_; j--) {
   ^~~
   VITIS_LOOP_3244_13: 
/home/users/eleonora.cabai/Documents/K-Means-AIE/data_movers/_x/setup_aie_hw/setup_aie/setup_aie/solution/.autopilot/db/setup_aie.pp.0.cpp:20596:4: note: FIX-IT applied suggested code changes
/home/users/eleonora.cabai/Documents/K-Means-AIE/data_movers/_x/setup_aie_hw/setup_aie/setup_aie/solution/.autopilot/db/setup_aie.pp.0.cpp:20603:5: warning: Added loop label VITIS_LOOP_3251_14:   [xilinx-label-all-loops]
    for(int j = 51; j>=25 + I_; j--) {
    ^~~
    VITIS_LOOP_3251_14: 
/home/users/eleonora.cabai/Documents/K-Means-AIE/data_movers/_x/setup_aie_hw/setup_aie/setup_aie/solution/.autopilot/db/setup_aie.pp.0.cpp:20603:5: note: FIX-IT applied suggested code changes
/home/users/eleonora.cabai/Documents/K-Means-AIE/data_movers/_x/setup_aie_hw/setup_aie/setup_aie/solution/.autopilot/db/setup_aie.pp.0.cpp:20607:5: warning: Added loop label VITIS_LOOP_3255_15:   [xilinx-label-all-loops]
    for(int j = 24 + I_; j >= 0; j--) {
    ^~~
    VITIS_LOOP_3255_15: 
/home/users/eleonora.cabai/Documents/K-Means-AIE/data_movers/_x/setup_aie_hw/setup_aie/setup_aie/solution/.autopilot/db/setup_aie.pp.0.cpp:20607:5: note: FIX-IT applied suggested code changes
/home/users/eleonora.cabai/Documents/K-Means-AIE/data_movers/_x/setup_aie_hw/setup_aie/setup_aie/solution/.autopilot/db/setup_aie.pp.0.cpp:20622:3: warning: Added loop label VITIS_LOOP_3270_16:   [xilinx-label-all-loops]
  for(int j = 63; j >= 36; j--) {
  ^~~
  VITIS_LOOP_3270_16: 
/home/users/eleonora.cabai/Documents/K-Means-AIE/data_movers/_x/setup_aie_hw/setup_aie/setup_aie/solution/.autopilot/db/setup_aie.pp.0.cpp:20622:3: note: FIX-IT applied suggested code changes
/home/users/eleonora.cabai/Documents/K-Means-AIE/data_movers/_x/setup_aie_hw/setup_aie/setup_aie/solution/.autopilot/db/setup_aie.pp.0.cpp:20782:4: warning: Added loop label VITIS_LOOP_3430_17:   [xilinx-label-all-loops]
   for(int j = 63; j >= 31 + I_; j--) {
   ^~~
   VITIS_LOOP_3430_17: 
/home/users/eleonora.cabai/Documents/K-Means-AIE/data_movers/_x/setup_aie_hw/setup_aie/setup_aie/solution/.autopilot/db/setup_aie.pp.0.cpp:20782:4: note: FIX-IT applied suggested code changes
/home/users/eleonora.cabai/Documents/K-Means-AIE/data_movers/_x/setup_aie_hw/setup_aie/setup_aie/solution/.autopilot/db/setup_aie.pp.0.cpp:20789:5: warning: Added loop label VITIS_LOOP_3437_18:   [xilinx-label-all-loops]
    for(int j = 63; j >= 31 + I_; j--) {
    ^~~
    VITIS_LOOP_3437_18: 
/home/users/eleonora.cabai/Documents/K-Means-AIE/data_movers/_x/setup_aie_hw/setup_aie/setup_aie/solution/.autopilot/db/setup_aie.pp.0.cpp:20789:5: note: FIX-IT applied suggested code changes
/home/users/eleonora.cabai/Documents/K-Means-AIE/data_movers/_x/setup_aie_hw/setup_aie/setup_aie/solution/.autopilot/db/setup_aie.pp.0.cpp:20793:5: warning: Added loop label VITIS_LOOP_3441_19:   [xilinx-label-all-loops]
    for(int j = 30 + I_; j >= 0; j--) {
    ^~~
    VITIS_LOOP_3441_19: 
/home/users/eleonora.cabai/Documents/K-Means-AIE/data_movers/_x/setup_aie_hw/setup_aie/setup_aie/solution/.autopilot/db/setup_aie.pp.0.cpp:20793:5: note: FIX-IT applied suggested code changes
/home/users/eleonora.cabai/Documents/K-Means-AIE/data_movers/_x/setup_aie_hw/setup_aie/setup_aie/solution/.autopilot/db/setup_aie.pp.0.cpp:21508:13: warning: Added loop label VITIS_LOOP_729_1:   [xilinx-label-all-loops]
            for (b_exp = I_-1; b_exp >= -F_; b_exp--) {
            ^~~
            VITIS_LOOP_729_1: 
/home/users/eleonora.cabai/Documents/K-Means-AIE/data_movers/_x/setup_aie_hw/setup_aie/setup_aie/solution/.autopilot/db/setup_aie.pp.0.cpp:21508:13: note: FIX-IT applied suggested code changes
/home/users/eleonora.cabai/Documents/K-Means-AIE/data_movers/_x/setup_aie_hw/setup_aie/setup_aie/solution/.autopilot/db/setup_aie.pp.0.cpp:21726:13: warning: Added loop label VITIS_LOOP_947_1:   [xilinx-label-all-loops]
            for (b_exp = I_-1; b_exp >= -F_; b_exp--) {
            ^~~
            VITIS_LOOP_947_1: 
/home/users/eleonora.cabai/Documents/K-Means-AIE/data_movers/_x/setup_aie_hw/setup_aie/setup_aie/solution/.autopilot/db/setup_aie.pp.0.cpp:21726:13: note: FIX-IT applied suggested code changes
/home/users/eleonora.cabai/Documents/K-Means-AIE/data_movers/_x/setup_aie_hw/setup_aie/setup_aie/solution/.autopilot/db/setup_aie.pp.0.cpp:22143:13: warning: Added loop label VITIS_LOOP_1371_1:   [xilinx-label-all-loops]
            for (b_exp = I_-1; b_exp >= -F_; b_exp--) {
            ^~~
            VITIS_LOOP_1371_1: 
/home/users/eleonora.cabai/Documents/K-Means-AIE/data_movers/_x/setup_aie_hw/setup_aie/setup_aie/solution/.autopilot/db/setup_aie.pp.0.cpp:22143:13: note: FIX-IT applied suggested code changes
/home/users/eleonora.cabai/Documents/K-Means-AIE/data_movers/_x/setup_aie_hw/setup_aie/setup_aie/solution/.autopilot/db/setup_aie.pp.0.cpp:22457:9: warning: Added loop label VITIS_LOOP_266_1:   [xilinx-label-all-loops]
        for ( int pos = msbr-1; pos >= 0; pos-- ) {
        ^~~
        VITIS_LOOP_266_1: 
/home/users/eleonora.cabai/Documents/K-Means-AIE/data_movers/_x/setup_aie_hw/setup_aie/setup_aie/solution/.autopilot/db/setup_aie.pp.0.cpp:22457:9: note: FIX-IT applied suggested code changes
/home/users/eleonora.cabai/Documents/K-Means-AIE/data_movers/_x/setup_aie_hw/setup_aie/setup_aie/solution/.autopilot/db/setup_aie.pp.0.cpp:22485:9: warning: Added loop label VITIS_LOOP_294_2:   [xilinx-label-all-loops]
        for ( int pos = -1; pos >= -F_-1; pos-- ) {
        ^~~
        VITIS_LOOP_294_2: 
/home/users/eleonora.cabai/Documents/K-Means-AIE/data_movers/_x/setup_aie_hw/setup_aie/setup_aie/solution/.autopilot/db/setup_aie.pp.0.cpp:22485:9: note: FIX-IT applied suggested code changes
/home/users/eleonora.cabai/Documents/K-Means-AIE/data_movers/_x/setup_aie_hw/setup_aie/setup_aie/solution/.autopilot/db/setup_aie.pp.0.cpp:23180:13: warning: Added loop label VITIS_LOOP_74_1:   [xilinx-label-all-loops]
            for (int j = 0; j < W_-1; j++){
            ^~~
            VITIS_LOOP_74_1: 
/home/users/eleonora.cabai/Documents/K-Means-AIE/data_movers/_x/setup_aie_hw/setup_aie/setup_aie/solution/.autopilot/db/setup_aie.pp.0.cpp:23180:13: note: FIX-IT applied suggested code changes
/home/users/eleonora.cabai/Documents/K-Means-AIE/data_movers/_x/setup_aie_hw/setup_aie/setup_aie/solution/.autopilot/db/setup_aie.pp.0.cpp:23233:5: warning: Added loop label VITIS_LOOP_135_2:   [xilinx-label-all-loops]
    for (int j = F_l+F_+I_m-1; j < F_l+W_+5; j++){
    ^~~
    VITIS_LOOP_135_2: 
/home/users/eleonora.cabai/Documents/K-Means-AIE/data_movers/_x/setup_aie_hw/setup_aie/setup_aie/solution/.autopilot/db/setup_aie.pp.0.cpp:23233:5: note: FIX-IT applied suggested code changes
/home/users/eleonora.cabai/Documents/K-Means-AIE/data_movers/_x/setup_aie_hw/setup_aie/setup_aie/solution/.autopilot/db/setup_aie.pp.0.cpp:23247:13: warning: Added loop label VITIS_LOOP_149_3:   [xilinx-label-all-loops]
            for (int j = WO_m-1; j >= W_-1; j--) {
            ^~~
            VITIS_LOOP_149_3: 
/home/users/eleonora.cabai/Documents/K-Means-AIE/data_movers/_x/setup_aie_hw/setup_aie/setup_aie/solution/.autopilot/db/setup_aie.pp.0.cpp:23247:13: note: FIX-IT applied suggested code changes
/home/users/eleonora.cabai/Documents/K-Means-AIE/data_movers/_x/setup_aie_hw/setup_aie/setup_aie/solution/.autopilot/db/setup_aie.pp.0.cpp:23277:13: warning: Added loop label VITIS_LOOP_179_4:   [xilinx-label-all-loops]
            for (int j = W_-2; j >= 0; j--){
            ^~~
            VITIS_LOOP_179_4: 
/home/users/eleonora.cabai/Documents/K-Means-AIE/data_movers/_x/setup_aie_hw/setup_aie/setup_aie/solution/.autopilot/db/setup_aie.pp.0.cpp:23277:13: note: FIX-IT applied suggested code changes
/home/users/eleonora.cabai/Documents/K-Means-AIE/data_movers/_x/setup_aie_hw/setup_aie/setup_aie/solution/.autopilot/db/setup_aie.pp.0.cpp:23362:12: warning: Added loop label VITIS_LOOP_307_1:   [xilinx-label-all-loops]
           for(int i = wf_log+we_log-2; i > WI_e - 2; --i) {
           ^~~
           VITIS_LOOP_307_1: 
/home/users/eleonora.cabai/Documents/K-Means-AIE/data_movers/_x/setup_aie_hw/setup_aie/setup_aie/solution/.autopilot/db/setup_aie.pp.0.cpp:23362:12: note: FIX-IT applied suggested code changes
/home/users/eleonora.cabai/Documents/K-Means-AIE/data_movers/_x/setup_aie_hw/setup_aie/setup_aie/solution/.autopilot/db/setup_aie.pp.0.cpp:23382:16: warning: Added loop label VITIS_LOOP_327_2:   [xilinx-label-all-loops]
               for (int j = WO_e-1; j >= W_-1; j--) {
               ^~~
               VITIS_LOOP_327_2: 
/home/users/eleonora.cabai/Documents/K-Means-AIE/data_movers/_x/setup_aie_hw/setup_aie/setup_aie/solution/.autopilot/db/setup_aie.pp.0.cpp:23382:16: note: FIX-IT applied suggested code changes
/home/users/eleonora.cabai/Documents/K-Means-AIE/data_movers/_x/setup_aie_hw/setup_aie/setup_aie/solution/.autopilot/db/setup_aie.pp.0.cpp:23396:20: warning: Added loop label VITIS_LOOP_341_3:   [xilinx-label-all-loops]
                   for(int i = 0; i < W_-1; ++i) {
                   ^~~
                   VITIS_LOOP_341_3: 
/home/users/eleonora.cabai/Documents/K-Means-AIE/data_movers/_x/setup_aie_hw/setup_aie/setup_aie/solution/.autopilot/db/setup_aie.pp.0.cpp:23396:20: note: FIX-IT applied suggested code changes
/home/users/eleonora.cabai/Documents/K-Means-AIE/data_movers/_x/setup_aie_hw/setup_aie/setup_aie/solution/.autopilot/db/setup_aie.pp.0.cpp:23489:12: warning: Added loop label VITIS_LOOP_459_1:   [xilinx-label-all-loops]
           for (int j =WO_d-1; j >= W_-1; j--) {
           ^~~
           VITIS_LOOP_459_1: 
/home/users/eleonora.cabai/Documents/K-Means-AIE/data_movers/_x/setup_aie_hw/setup_aie/setup_aie/solution/.autopilot/db/setup_aie.pp.0.cpp:23489:12: note: FIX-IT applied suggested code changes
/home/users/eleonora.cabai/Documents/K-Means-AIE/data_movers/_x/setup_aie_hw/setup_aie/setup_aie/solution/.autopilot/db/setup_aie.pp.0.cpp:23503:15: warning: Added loop label VITIS_LOOP_473_2:   [xilinx-label-all-loops]
              for(int i = 0; i < W_-1; ++i) {
              ^~~
              VITIS_LOOP_473_2: 
/home/users/eleonora.cabai/Documents/K-Means-AIE/data_movers/_x/setup_aie_hw/setup_aie/setup_aie/solution/.autopilot/db/setup_aie.pp.0.cpp:23503:15: note: FIX-IT applied suggested code changes
/home/users/eleonora.cabai/Documents/K-Means-AIE/data_movers/_x/setup_aie_hw/setup_aie/setup_aie/solution/.autopilot/db/setup_aie.pp.0.cpp:23616:13: warning: Added loop label VITIS_LOOP_59_1:   [xilinx-label-all-loops]
            for (int i = 0; i < W_-1; i++){
            ^~~
            VITIS_LOOP_59_1: 
/home/users/eleonora.cabai/Documents/K-Means-AIE/data_movers/_x/setup_aie_hw/setup_aie/setup_aie/solution/.autopilot/db/setup_aie.pp.0.cpp:23616:13: note: FIX-IT applied suggested code changes
/home/users/eleonora.cabai/Documents/K-Means-AIE/data_movers/_x/setup_aie_hw/setup_aie/setup_aie/solution/.autopilot/db/setup_aie.pp.0.cpp:23740:13: warning: Added loop label VITIS_LOOP_209_1:   [xilinx-label-all-loops]
            for (int i = 0; i < W_-1; i++){
            ^~~
            VITIS_LOOP_209_1: 
/home/users/eleonora.cabai/Documents/K-Means-AIE/data_movers/_x/setup_aie_hw/setup_aie/setup_aie/solution/.autopilot/db/setup_aie.pp.0.cpp:23740:13: note: FIX-IT applied suggested code changes
/home/users/eleonora.cabai/Documents/K-Means-AIE/data_movers/_x/setup_aie_hw/setup_aie/setup_aie/solution/.autopilot/db/setup_aie.pp.0.cpp:23795:13: warning: Added loop label VITIS_LOOP_274_1:   [xilinx-label-all-loops]
            for (int i = 0; i < W_-1; i++){
            ^~~
            VITIS_LOOP_274_1: 
/home/users/eleonora.cabai/Documents/K-Means-AIE/data_movers/_x/setup_aie_hw/setup_aie/setup_aie/solution/.autopilot/db/setup_aie.pp.0.cpp:23795:13: note: FIX-IT applied suggested code changes
/home/users/eleonora.cabai/Documents/K-Means-AIE/data_movers/_x/setup_aie_hw/setup_aie/setup_aie/solution/.autopilot/db/setup_aie.pp.0.cpp:24300:2: warning: Added loop label VITIS_LOOP_42_1:   [xilinx-label-all-loops]
 for (int i=0; i<W_;i++)
 ^~~
 VITIS_LOOP_42_1: 
/home/users/eleonora.cabai/Documents/K-Means-AIE/data_movers/_x/setup_aie_hw/setup_aie/setup_aie/solution/.autopilot/db/setup_aie.pp.0.cpp:24300:2: note: FIX-IT applied suggested code changes
/home/users/eleonora.cabai/Documents/K-Means-AIE/data_movers/_x/setup_aie_hw/setup_aie/setup_aie/solution/.autopilot/db/setup_aie.pp.0.cpp:24311:2: warning: Added loop label VITIS_LOOP_53_1:   [xilinx-label-all-loops]
 for (int i=0; i<W_;i++)
 ^~~
 VITIS_LOOP_53_1: 
/home/users/eleonora.cabai/Documents/K-Means-AIE/data_movers/_x/setup_aie_hw/setup_aie/setup_aie/solution/.autopilot/db/setup_aie.pp.0.cpp:24311:2: note: FIX-IT applied suggested code changes
/home/users/eleonora.cabai/Documents/K-Means-AIE/data_movers/_x/setup_aie_hw/setup_aie/setup_aie/solution/.autopilot/db/setup_aie.pp.0.cpp:24322:2: warning: Added loop label VITIS_LOOP_64_1:   [xilinx-label-all-loops]
 for (int i=0; i<I_;i++)
 ^~~
 VITIS_LOOP_64_1: 
/home/users/eleonora.cabai/Documents/K-Means-AIE/data_movers/_x/setup_aie_hw/setup_aie/setup_aie/solution/.autopilot/db/setup_aie.pp.0.cpp:24322:2: note: FIX-IT applied suggested code changes
/home/users/eleonora.cabai/Documents/K-Means-AIE/data_movers/_x/setup_aie_hw/setup_aie/setup_aie/solution/.autopilot/db/setup_aie.pp.0.cpp:24333:2: warning: Added loop label VITIS_LOOP_75_1:   [xilinx-label-all-loops]
 for (int i=0; i<I_;i++)
 ^~~
 VITIS_LOOP_75_1: 
/home/users/eleonora.cabai/Documents/K-Means-AIE/data_movers/_x/setup_aie_hw/setup_aie/setup_aie/solution/.autopilot/db/setup_aie.pp.0.cpp:24333:2: note: FIX-IT applied suggested code changes
/home/users/eleonora.cabai/Documents/K-Means-AIE/data_movers/_x/setup_aie_hw/setup_aie/setup_aie/solution/.autopilot/db/setup_aie.pp.0.cpp:24344:2: warning: Added loop label VITIS_LOOP_86_1:   [xilinx-label-all-loops]
 for (int i=0; i<W_;i++)
 ^~~
 VITIS_LOOP_86_1: 
/home/users/eleonora.cabai/Documents/K-Means-AIE/data_movers/_x/setup_aie_hw/setup_aie/setup_aie/solution/.autopilot/db/setup_aie.pp.0.cpp:24344:2: note: FIX-IT applied suggested code changes
/home/users/eleonora.cabai/Documents/K-Means-AIE/data_movers/_x/setup_aie_hw/setup_aie/setup_aie/solution/.autopilot/db/setup_aie.pp.0.cpp:24355:2: warning: Added loop label VITIS_LOOP_97_1:   [xilinx-label-all-loops]
 for (int i=0; i<W_;i++)
 ^~~
 VITIS_LOOP_97_1: 
/home/users/eleonora.cabai/Documents/K-Means-AIE/data_movers/_x/setup_aie_hw/setup_aie/setup_aie/solution/.autopilot/db/setup_aie.pp.0.cpp:24355:2: note: FIX-IT applied suggested code changes
/home/users/eleonora.cabai/Documents/K-Means-AIE/data_movers/_x/setup_aie_hw/setup_aie/setup_aie/solution/.autopilot/db/setup_aie.pp.0.cpp:24366:2: warning: Added loop label VITIS_LOOP_108_1:   [xilinx-label-all-loops]
 for (int i=0; i<I_;i++)
 ^~~
 VITIS_LOOP_108_1: 
/home/users/eleonora.cabai/Documents/K-Means-AIE/data_movers/_x/setup_aie_hw/setup_aie/setup_aie/solution/.autopilot/db/setup_aie.pp.0.cpp:24366:2: note: FIX-IT applied suggested code changes
/home/users/eleonora.cabai/Documents/K-Means-AIE/data_movers/_x/setup_aie_hw/setup_aie/setup_aie/solution/.autopilot/db/setup_aie.pp.0.cpp:24377:2: warning: Added loop label VITIS_LOOP_119_1:   [xilinx-label-all-loops]
 for (int i=0; i<I_;i++)
 ^~~
 VITIS_LOOP_119_1: 
/home/users/eleonora.cabai/Documents/K-Means-AIE/data_movers/_x/setup_aie_hw/setup_aie/setup_aie/solution/.autopilot/db/setup_aie.pp.0.cpp:24377:2: note: FIX-IT applied suggested code changes
/home/users/eleonora.cabai/Documents/K-Means-AIE/data_movers/_x/setup_aie_hw/setup_aie/setup_aie/solution/.autopilot/db/setup_aie.pp.0.cpp:26678:12: warning: Added loop label VITIS_LOOP_23_1:   [xilinx-label-all-loops]
           for(int i = 0; i < W_-1; ++i) {
           ^~~
           VITIS_LOOP_23_1: 
/home/users/eleonora.cabai/Documents/K-Means-AIE/data_movers/_x/setup_aie_hw/setup_aie/setup_aie/solution/.autopilot/db/setup_aie.pp.0.cpp:26678:12: note: FIX-IT applied suggested code changes
/home/users/eleonora.cabai/Documents/K-Means-AIE/data_movers/_x/setup_aie_hw/setup_aie/setup_aie/solution/.autopilot/db/setup_aie.pp.0.cpp:26742:7: warning: Added loop label VITIS_LOOP_66_1:   [xilinx-label-all-loops]
      for(int pos = msbr - 1 ; pos >= -F-1; pos--) {
      ^~~
      VITIS_LOOP_66_1: 
/home/users/eleonora.cabai/Documents/K-Means-AIE/data_movers/_x/setup_aie_hw/setup_aie/setup_aie/solution/.autopilot/db/setup_aie.pp.0.cpp:26742:7: note: FIX-IT applied suggested code changes
/home/users/eleonora.cabai/Documents/K-Means-AIE/data_movers/_x/setup_aie_hw/setup_aie/setup_aie/solution/.autopilot/db/setup_aie.pp.0.cpp:26859:9: warning: Added loop label VITIS_LOOP_75_1:   [xilinx-label-all-loops]
        for(int pos = msbr - 1; pos >= 0; pos--) {
        ^~~
        VITIS_LOOP_75_1: 
/home/users/eleonora.cabai/Documents/K-Means-AIE/data_movers/_x/setup_aie_hw/setup_aie/setup_aie/solution/.autopilot/db/setup_aie.pp.0.cpp:26859:9: note: FIX-IT applied suggested code changes
/home/users/eleonora.cabai/Documents/K-Means-AIE/data_movers/_x/setup_aie_hw/setup_aie/setup_aie/solution/.autopilot/db/setup_aie.pp.0.cpp:26884:5: warning: Added loop label VITIS_LOOP_107_2:   [xilinx-label-all-loops]
    for(int pos = -1; pos >= -F-1; pos--) {
    ^~~
    VITIS_LOOP_107_2: 
/home/users/eleonora.cabai/Documents/K-Means-AIE/data_movers/_x/setup_aie_hw/setup_aie/setup_aie/solution/.autopilot/db/setup_aie.pp.0.cpp:26884:5: note: FIX-IT applied suggested code changes
/home/users/eleonora.cabai/Documents/K-Means-AIE/data_movers/_x/setup_aie_hw/setup_aie/setup_aie/solution/.autopilot/db/setup_aie.pp.0.cpp:26954:8: warning: Added loop label VITIS_LOOP_195_3:   [xilinx-label-all-loops]
       for(int i = 0; i < W - 1; ++i) {
       ^~~
       VITIS_LOOP_195_3: 
/home/users/eleonora.cabai/Documents/K-Means-AIE/data_movers/_x/setup_aie_hw/setup_aie/setup_aie/solution/.autopilot/db/setup_aie.pp.0.cpp:26954:8: note: FIX-IT applied suggested code changes
/home/users/eleonora.cabai/Documents/K-Means-AIE/data_movers/_x/setup_aie_hw/setup_aie/setup_aie/solution/.autopilot/db/setup_aie.pp.0.cpp:29617:3: warning: Added loop label VITIS_LOOP_37_1:   [xilinx-label-all-loops]
  for (int32_t i = 0; i < size_loop; i++)
  ^~~
  VITIS_LOOP_37_1: 
/home/users/eleonora.cabai/Documents/K-Means-AIE/data_movers/_x/setup_aie_hw/setup_aie/setup_aie/solution/.autopilot/db/setup_aie.pp.0.cpp:29617:3: note: FIX-IT applied suggested code changes
