
*** Running vivado
    with args -log ulp_inst_0_pipereg_kernel1_0.vds -m64 -product Vivado -mode batch -messageDb vivado.pb -notrace -source ulp_inst_0_pipereg_kernel1_0.tcl


****** Vivado v2022.2.2 (64-bit)
  **** SW Build 3788238 on Tue Feb 21 19:59:23 MST 2023
  **** IP Build 3783773 on Tue Feb 21 23:41:56 MST 2023
    ** Copyright 1986-2023 Xilinx, Inc. All Rights Reserved.

source ulp_inst_0_pipereg_kernel1_0.tcl -notrace
INFO: Dispatch client connection id - 45305
create_project: Time (s): cpu = 00:00:13 ; elapsed = 00:01:57 . Memory (MB): peak = 1835.648 ; gain = 89.992 ; free physical = 2403 ; free virtual = 8852
INFO: [IP_Flow 19-234] Refreshing IP repositories
INFO: [IP_Flow 19-1700] Loaded user IP repository '/home/users/eleonora.cabai/Documents/K-Means-AIE/hw/_x/link/int/xo/ip_repo/xilinx_com_hls_sink_from_aie_1_0'.
INFO: [IP_Flow 19-1700] Loaded user IP repository '/home/users/eleonora.cabai/Documents/K-Means-AIE/hw/_x/link/int/xo/ip_repo/xilinx_com_hls_setup_aie_1_0'.
INFO: [IP_Flow 19-1700] Loaded user IP repository '/home/users/eleonora.cabai/Documents/K-Means-AIE/hw/_x/link/vivado/vpl/.local/hw_platform/iprepo'.
INFO: [IP_Flow 19-1700] Loaded user IP repository '/home/users/eleonora.cabai/Documents/K-Means-AIE/hw/_x/link/vivado/vpl/.local/hw_platform/ipcache'.
INFO: [IP_Flow 19-1700] Loaded user IP repository '/home/xilinx/software/Vitis/2022.2/data/ip'.
INFO: [IP_Flow 19-2313] Loaded Vivado IP repository '/home/xilinx/software/Vivado/2022.2/data/ip'.
WARNING: [IP_Flow 19-1663] Duplicate IP found for 'xilinx.com:hls:Data_Mover_XIP:1.0'. The one found in IP location '/home/users/eleonora.cabai/Documents/K-Means-AIE/hw/_x/link/vivado/vpl/.local/hw_platform/iprepo/xilinx/data_mover' will take precedence over the same IP in location /home/xilinx/software/Vitis/2022.2/data/ip/xilinx/data_mover
WARNING: [IP_Flow 19-1663] Duplicate IP found for 'xilinx.com:ip:adapter_v3_0:1.0'. The one found in IP location '/home/users/eleonora.cabai/Documents/K-Means-AIE/hw/_x/link/vivado/vpl/.local/hw_platform/iprepo/xilinx/adapter_v3_0' will take precedence over the same IP in location /home/xilinx/software/Vitis/2022.2/data/ip/xilinx/adapter_v3_0
WARNING: [IP_Flow 19-1663] Duplicate IP found for 'xilinx.com:ip:axis_ic2sgdma:1.0'. The one found in IP location '/home/users/eleonora.cabai/Documents/K-Means-AIE/hw/_x/link/vivado/vpl/.local/hw_platform/iprepo/xilinx/axis_ic2sgdma_v1_0' will take precedence over the same IP in location /home/xilinx/software/Vitis/2022.2/data/ip/xilinx/axis_ic2sgdma_v1_0
WARNING: [IP_Flow 19-1663] Duplicate IP found for 'xilinx.com:ip:Event_Pulse:1.0'. The one found in IP location '/home/users/eleonora.cabai/Documents/K-Means-AIE/hw/_x/link/vivado/vpl/.local/hw_platform/iprepo/xilinx/event_pulse_v1_0' will take precedence over the same IP in location /home/xilinx/software/Vitis/2022.2/data/ip/xilinx/event_pulse_v1_0
WARNING: [IP_Flow 19-1663] Duplicate IP found for 'xilinx.com:ip:sds_lib:1.0'. The one found in IP location '/home/users/eleonora.cabai/Documents/K-Means-AIE/hw/_x/link/vivado/vpl/.local/hw_platform/iprepo/xilinx/sds_lib' will take precedence over the same IP in location /home/xilinx/software/Vitis/2022.2/data/ip/xilinx/sds_lib
WARNING: [IP_Flow 19-1663] Duplicate IP found for 'xilinx.com:sds:sds_mem_sink:1.0'. The one found in IP location '/home/users/eleonora.cabai/Documents/K-Means-AIE/hw/_x/link/vivado/vpl/.local/hw_platform/iprepo/xilinx/sds_mem_sink' will take precedence over the same IP in location /home/xilinx/software/Vitis/2022.2/data/ip/xilinx/sds_mem_sink
WARNING: [IP_Flow 19-1663] Duplicate IP found for 'xilinx.com:ip:xrt_queue:1.1'. The one found in IP location '/home/users/eleonora.cabai/Documents/K-Means-AIE/hw/_x/link/vivado/vpl/.local/hw_platform/iprepo/xilinx/xrt_queue_v1_1' will take precedence over the same IP in location /home/xilinx/software/Vitis/2022.2/data/ip/xilinx/xrt_queue_v1_1
WARNING: [IP_Flow 19-1663] Duplicate IP found for 'xilinx.com:ip:aximm_tieoff_v1_0:1.0'. The one found in IP location '/home/users/eleonora.cabai/Documents/K-Means-AIE/hw/_x/link/vivado/vpl/.local/hw_platform/iprepo/xilinx/aximm_tieoff_v1_0' will take precedence over the same IP in location /home/xilinx/software/Vitis/2022.2/data/ip/xilinx/aximm_tieoff_v1_0
WARNING: [IP_Flow 19-1663] Duplicate IP found for 'xilinx.com:ip:maxis_tieoff_v1_0:1.0'. The one found in IP location '/home/users/eleonora.cabai/Documents/K-Means-AIE/hw/_x/link/vivado/vpl/.local/hw_platform/iprepo/xilinx/maxis_tieoff_v1_0' will take precedence over the same IP in location /home/xilinx/software/Vitis/2022.2/data/ip/xilinx/maxis_tieoff_v1_0
WARNING: [IP_Flow 19-1663] Duplicate IP found for 'xilinx.com:ip:saxis_tieoff_v1_0:1.0'. The one found in IP location '/home/users/eleonora.cabai/Documents/K-Means-AIE/hw/_x/link/vivado/vpl/.local/hw_platform/iprepo/xilinx/saxis_tieoff_v1_0' will take precedence over the same IP in location /home/xilinx/software/Vitis/2022.2/data/ip/xilinx/saxis_tieoff_v1_0
WARNING: [IP_Flow 19-1663] Duplicate IP found for 'xilinx.com:ip:ovld_reg:1.0'. The one found in IP location '/home/users/eleonora.cabai/Documents/K-Means-AIE/hw/_x/link/vivado/vpl/.local/hw_platform/iprepo/xilinx/ovld_reg_v1_0' will take precedence over the same IP in location /home/xilinx/software/Vitis/2022.2/data/ip/xilinx/ovld_reg_v1_0
WARNING: [IP_Flow 19-1663] Duplicate IP found for 'xilinx.com:ip:xrt_queue:1.0'. The one found in IP location '/home/users/eleonora.cabai/Documents/K-Means-AIE/hw/_x/link/vivado/vpl/.local/hw_platform/iprepo/xilinx/xrt_queue_v1_0' will take precedence over the same IP in location /home/xilinx/software/Vitis/2022.2/data/ip/xilinx/xrt_queue_v1_0
WARNING: [IP_Flow 19-1663] Duplicate IP found for 'xilinx.com:ip:axi_fifo_register:3.0'. The one found in IP location '/home/users/eleonora.cabai/Documents/K-Means-AIE/hw/_x/link/vivado/vpl/.local/hw_platform/iprepo/xilinx/axi_fifo_register_v3_0' will take precedence over the same IP in location /home/xilinx/software/Vitis/2022.2/data/ip/xilinx/axi_fifo_register_v3_0
WARNING: [IP_Flow 19-1663] Duplicate IP found for 'xilinx.com:ip:stream_gate:1.0'. The one found in IP location '/home/users/eleonora.cabai/Documents/K-Means-AIE/hw/_x/link/vivado/vpl/.local/hw_platform/iprepo/xilinx/stream_gate_v1_0' will take precedence over the same IP in location /home/xilinx/software/Vitis/2022.2/data/ip/xilinx/stream_gate_v1_0
WARNING: [IP_Flow 19-1663] Duplicate IP found for 'xilinx.com:ip:sgdma2axis_ic:1.0'. The one found in IP location '/home/users/eleonora.cabai/Documents/K-Means-AIE/hw/_x/link/vivado/vpl/.local/hw_platform/iprepo/xilinx/sgdma2axis_ic_v1_0' will take precedence over the same IP in location /home/xilinx/software/Vitis/2022.2/data/ip/xilinx/sgdma2axis_ic_v1_0
WARNING: [IP_Flow 19-1663] Duplicate IP found for 'xilinx.com:sds:sds_mem_source:1.0'. The one found in IP location '/home/users/eleonora.cabai/Documents/K-Means-AIE/hw/_x/link/vivado/vpl/.local/hw_platform/iprepo/xilinx/sds_mem_source' will take precedence over the same IP in location /home/xilinx/software/Vitis/2022.2/data/ip/xilinx/sds_mem_source
update_ip_catalog: Time (s): cpu = 00:00:05 ; elapsed = 00:00:56 . Memory (MB): peak = 2030.391 ; gain = 190.742 ; free physical = 8179 ; free virtual = 14734
INFO: [IP_Flow 19-6924] IPCACHE: Running cache check for IP inst: ulp_inst_0_pipereg_kernel1_0
Command: synth_design -top ulp_inst_0_pipereg_kernel1_0 -part xcvc1902-vsvd1760-2MP-e-S -incremental_mode off -mode out_of_context
Starting synth_design
Attempting to get a license for feature 'Synthesis' and/or device 'xcvc1902'
INFO: [Common 17-349] Got license for feature 'Synthesis' and/or device 'xcvc1902'
INFO: [Device 21-403] Loading part xcvc1902-vsvd1760-2MP-e-S
INFO: [Synth 8-7079] Multithreading enabled for synth_design using a maximum of 1 processes.
INFO: [Synth 8-7078] Launching helper process for spawning children vivado processes
INFO: [Synth 8-7075] Helper process launched with PID 2478099
INFO: [Synth 8-11241] undeclared symbol 'REGCCE', assumed default net type 'wire' [/home/xilinx/software/Vivado/2022.2/data/verilog/src/unimacro/BRAM_SINGLE_MACRO.v:2170]
---------------------------------------------------------------------------------
Starting RTL Elaboration : Time (s): cpu = 00:00:11 ; elapsed = 00:01:54 . Memory (MB): peak = 3104.953 ; gain = 356.766 ; free physical = 29084 ; free virtual = 33404
Synthesis current peak Physical Memory [PSS] (MB): peak = 2278.562; parent = 2153.642; children = 240.267
Synthesis current peak Virtual Memory [VSS] (MB): peak = 4111.562; parent = 3108.926; children = 1002.637
---------------------------------------------------------------------------------
INFO: [Synth 8-6157] synthesizing module 'ulp_inst_0_pipereg_kernel1_0' [/home/users/eleonora.cabai/Documents/K-Means-AIE/hw/_x/link/vivado/vpl/prj/prj.gen/my_rm/bd/ulp_inst_0/ip/ulp_inst_0_pipereg_kernel1_0/synth/ulp_inst_0_pipereg_kernel1_0.v:53]
INFO: [Synth 8-6157] synthesizing module 'util_ff_v1_0_1_util_ff' [/home/users/eleonora.cabai/Documents/K-Means-AIE/hw/_x/link/vivado/vpl/prj/prj.gen/my_rm/bd/ulp_inst_0/ipshared/28b8/hdl/util_ff_v1_0_rfs.v:3]
INFO: [Synth 8-6157] synthesizing module 'FDRE' [/home/xilinx/software/Vivado/2022.2/scripts/rt/data/unisim_comp.v:38708]
INFO: [Synth 8-6155] done synthesizing module 'FDRE' (0#1) [/home/xilinx/software/Vivado/2022.2/scripts/rt/data/unisim_comp.v:38708]
INFO: [Synth 8-6155] done synthesizing module 'util_ff_v1_0_1_util_ff' (0#1) [/home/users/eleonora.cabai/Documents/K-Means-AIE/hw/_x/link/vivado/vpl/prj/prj.gen/my_rm/bd/ulp_inst_0/ipshared/28b8/hdl/util_ff_v1_0_rfs.v:3]
INFO: [Synth 8-6155] done synthesizing module 'ulp_inst_0_pipereg_kernel1_0' (0#1) [/home/users/eleonora.cabai/Documents/K-Means-AIE/hw/_x/link/vivado/vpl/prj/prj.gen/my_rm/bd/ulp_inst_0/ip/ulp_inst_0_pipereg_kernel1_0/synth/ulp_inst_0_pipereg_kernel1_0.v:53]
WARNING: [Synth 8-7129] Port set in module util_ff_v1_0_1_util_ff is either unconnected or has no load
WARNING: [Synth 8-7129] Port clear in module util_ff_v1_0_1_util_ff is either unconnected or has no load
WARNING: [Synth 8-7129] Port preset in module util_ff_v1_0_1_util_ff is either unconnected or has no load
WARNING: [Synth 8-7129] Port gate_enable in module util_ff_v1_0_1_util_ff is either unconnected or has no load
WARNING: [Synth 8-7129] Port G in module util_ff_v1_0_1_util_ff is either unconnected or has no load
---------------------------------------------------------------------------------
Finished RTL Elaboration : Time (s): cpu = 00:00:14 ; elapsed = 00:02:32 . Memory (MB): peak = 3175.891 ; gain = 427.703 ; free physical = 25277 ; free virtual = 31214
Synthesis current peak Physical Memory [PSS] (MB): peak = 2357.327; parent = 2238.359; children = 240.267
Synthesis current peak Virtual Memory [VSS] (MB): peak = 4178.531; parent = 3175.895; children = 1002.637
---------------------------------------------------------------------------------
---------------------------------------------------------------------------------
Start Handling Custom Attributes
---------------------------------------------------------------------------------
---------------------------------------------------------------------------------
Finished Handling Custom Attributes : Time (s): cpu = 00:00:14 ; elapsed = 00:02:36 . Memory (MB): peak = 3190.734 ; gain = 442.547 ; free physical = 25064 ; free virtual = 31019
Synthesis current peak Physical Memory [PSS] (MB): peak = 2357.327; parent = 2238.359; children = 240.267
Synthesis current peak Virtual Memory [VSS] (MB): peak = 4193.375; parent = 3190.738; children = 1002.637
---------------------------------------------------------------------------------
---------------------------------------------------------------------------------
Finished RTL Optimization Phase 1 : Time (s): cpu = 00:00:14 ; elapsed = 00:02:38 . Memory (MB): peak = 3190.734 ; gain = 442.547 ; free physical = 25097 ; free virtual = 31010
Synthesis current peak Physical Memory [PSS] (MB): peak = 2357.327; parent = 2238.359; children = 240.267
Synthesis current peak Virtual Memory [VSS] (MB): peak = 4193.375; parent = 3190.738; children = 1002.637
---------------------------------------------------------------------------------
Netlist sorting complete. Time (s): cpu = 00:00:00 ; elapsed = 00:00:00 . Memory (MB): peak = 3204.672 ; gain = 0.000 ; free physical = 22419 ; free virtual = 28430
INFO: [Chipscope 16-579] Latest version is versal_cips_v3_3 for versal_cips_v3_2
INFO: [Constraints 18-6359] No Clock Expansion Window constraints config file entry for device xcvc1902.  GCLK Deskew mode will be Off and cannot be enabled via GCLK_DESKEW override.
INFO: [Constraints 18-5720] The default GCLK Deskew mode is Off.
INFO: [Project 1-570] Preparing netlist for logic optimization

Processing XDC Constraints
Initializing timing engine
WARNING: [Designutils 20-1758] instance inst wraps a black box. Constraint reading is skipped for elaborated designs in this case. Skipping constraint file '/home/users/eleonora.cabai/Documents/K-Means-AIE/hw/_x/link/vivado/vpl/prj/prj.gen/my_rm/bd/ulp_inst_0/ip/ulp_inst_0_pipereg_kernel1_0/ulp_inst_0_pipereg_kernel1_0_ooc.xdc'.
Parsing XDC File [/home/users/eleonora.cabai/Documents/K-Means-AIE/hw/_x/link/vivado/vpl/prj/prj.runs/ulp_inst_0_pipereg_kernel1_0_synth_1/dont_touch.xdc]
Finished Parsing XDC File [/home/users/eleonora.cabai/Documents/K-Means-AIE/hw/_x/link/vivado/vpl/prj/prj.runs/ulp_inst_0_pipereg_kernel1_0_synth_1/dont_touch.xdc]
Completed Processing XDC Constraints

Netlist sorting complete. Time (s): cpu = 00:00:00 ; elapsed = 00:00:00 . Memory (MB): peak = 3258.590 ; gain = 0.000 ; free physical = 12424 ; free virtual = 23492
INFO: [Project 1-111] Unisim Transformation Summary:
No Unisim elements were transformed.

Constraint Validation Runtime : Time (s): cpu = 00:00:00.02 ; elapsed = 00:00:00.19 . Memory (MB): peak = 3258.590 ; gain = 0.000 ; free physical = 12396 ; free virtual = 23479
INFO: [Designutils 20-5008] Incremental synthesis strategy off
INFO: [Synth 8-11241] undeclared symbol 'REGCCE', assumed default net type 'wire' [/home/xilinx/software/Vivado/2022.2/data/verilog/src/unimacro/BRAM_SINGLE_MACRO.v:2170]
---------------------------------------------------------------------------------
Finished Constraint Validation : Time (s): cpu = 00:00:31 ; elapsed = 00:05:37 . Memory (MB): peak = 3258.590 ; gain = 510.402 ; free physical = 42982 ; free virtual = 61118
Synthesis current peak Physical Memory [PSS] (MB): peak = 2357.327; parent = 2238.359; children = 240.267
Synthesis current peak Virtual Memory [VSS] (MB): peak = 4261.230; parent = 3258.594; children = 1002.637
---------------------------------------------------------------------------------
---------------------------------------------------------------------------------
Start Loading Part and Timing Information
---------------------------------------------------------------------------------
Loading part: xcvc1902-vsvd1760-2MP-e-S
INFO: [Synth 8-6742] Reading net delay rules and data
---------------------------------------------------------------------------------
Finished Loading Part and Timing Information : Time (s): cpu = 00:00:31 ; elapsed = 00:05:38 . Memory (MB): peak = 3258.590 ; gain = 510.402 ; free physical = 42830 ; free virtual = 60970
Synthesis current peak Physical Memory [PSS] (MB): peak = 2357.327; parent = 2238.359; children = 240.267
Synthesis current peak Virtual Memory [VSS] (MB): peak = 4261.230; parent = 3258.594; children = 1002.637
---------------------------------------------------------------------------------
---------------------------------------------------------------------------------
Start Applying 'set_property' XDC Constraints
---------------------------------------------------------------------------------
Applied set_property KEEP_HIERARCHY = SOFT for inst. (constraint file  /home/users/eleonora.cabai/Documents/K-Means-AIE/hw/_x/link/vivado/vpl/prj/prj.runs/ulp_inst_0_pipereg_kernel1_0_synth_1/dont_touch.xdc, line 9).
---------------------------------------------------------------------------------
Finished applying 'set_property' XDC Constraints : Time (s): cpu = 00:00:31 ; elapsed = 00:05:40 . Memory (MB): peak = 3258.590 ; gain = 510.402 ; free physical = 42696 ; free virtual = 60836
Synthesis current peak Physical Memory [PSS] (MB): peak = 2357.327; parent = 2238.359; children = 240.267
Synthesis current peak Virtual Memory [VSS] (MB): peak = 4261.230; parent = 3258.594; children = 1002.637
---------------------------------------------------------------------------------
---------------------------------------------------------------------------------
Finished RTL Optimization Phase 2 : Time (s): cpu = 00:00:32 ; elapsed = 00:05:46 . Memory (MB): peak = 3258.590 ; gain = 510.402 ; free physical = 42515 ; free virtual = 60499
Synthesis current peak Physical Memory [PSS] (MB): peak = 2357.327; parent = 2238.359; children = 240.267
Synthesis current peak Virtual Memory [VSS] (MB): peak = 4261.230; parent = 3258.594; children = 1002.637
---------------------------------------------------------------------------------
---------------------------------------------------------------------------------
Start RTL Component Statistics 
---------------------------------------------------------------------------------
Detailed RTL Component Info : 
---------------------------------------------------------------------------------
Finished RTL Component Statistics 
---------------------------------------------------------------------------------
---------------------------------------------------------------------------------
Start Part Resource Summary
---------------------------------------------------------------------------------
Part Resources:
DSPs: 1968 (col length:164)
BRAMs: 1934 (col length: RAMB18 168 RAMB36 84)
---------------------------------------------------------------------------------
Finished Part Resource Summary
---------------------------------------------------------------------------------
---------------------------------------------------------------------------------
Start Cross Boundary and Area Optimization
---------------------------------------------------------------------------------
WARNING: [Synth 8-7080] Parallel synthesis criteria is not met
WARNING: [Synth 8-7129] Port set in module util_ff_v1_0_1_util_ff is either unconnected or has no load
WARNING: [Synth 8-7129] Port clear in module util_ff_v1_0_1_util_ff is either unconnected or has no load
WARNING: [Synth 8-7129] Port preset in module util_ff_v1_0_1_util_ff is either unconnected or has no load
WARNING: [Synth 8-7129] Port gate_enable in module util_ff_v1_0_1_util_ff is either unconnected or has no load
WARNING: [Synth 8-7129] Port G in module util_ff_v1_0_1_util_ff is either unconnected or has no load
---------------------------------------------------------------------------------
Finished Cross Boundary and Area Optimization : Time (s): cpu = 00:00:34 ; elapsed = 00:06:10 . Memory (MB): peak = 3258.590 ; gain = 510.402 ; free physical = 42810 ; free virtual = 60383
Synthesis current peak Physical Memory [PSS] (MB): peak = 2357.327; parent = 2238.359; children = 240.267
Synthesis current peak Virtual Memory [VSS] (MB): peak = 4261.230; parent = 3258.594; children = 1002.637
---------------------------------------------------------------------------------
---------------------------------------------------------------------------------
Start Applying XDC Timing Constraints
---------------------------------------------------------------------------------
---------------------------------------------------------------------------------
Finished Applying XDC Timing Constraints : Time (s): cpu = 00:01:34 ; elapsed = 00:16:10 . Memory (MB): peak = 3956.387 ; gain = 1208.199 ; free physical = 99371 ; free virtual = 121954
Synthesis current peak Physical Memory [PSS] (MB): peak = 3164.850; parent = 3028.641; children = 240.267
Synthesis current peak Virtual Memory [VSS] (MB): peak = 4959.027; parent = 3956.391; children = 1002.637
---------------------------------------------------------------------------------
---------------------------------------------------------------------------------
Start Timing Optimization
---------------------------------------------------------------------------------
---------------------------------------------------------------------------------
Finished Timing Optimization : Time (s): cpu = 00:01:34 ; elapsed = 00:16:12 . Memory (MB): peak = 3956.387 ; gain = 1208.199 ; free physical = 99256 ; free virtual = 121842
Synthesis current peak Physical Memory [PSS] (MB): peak = 3164.850; parent = 3028.642; children = 240.267
Synthesis current peak Virtual Memory [VSS] (MB): peak = 4959.027; parent = 3956.391; children = 1002.637
---------------------------------------------------------------------------------
---------------------------------------------------------------------------------
Start Technology Mapping
---------------------------------------------------------------------------------
INFO: [Synth 8-11322] No global retiming is needed without any clock constraint
---------------------------------------------------------------------------------
Finished Technology Mapping : Time (s): cpu = 00:01:34 ; elapsed = 00:16:15 . Memory (MB): peak = 3975.418 ; gain = 1227.230 ; free physical = 99174 ; free virtual = 121768
Synthesis current peak Physical Memory [PSS] (MB): peak = 3165.029; parent = 3028.891; children = 240.267
Synthesis current peak Virtual Memory [VSS] (MB): peak = 4978.059; parent = 3975.422; children = 1002.637
---------------------------------------------------------------------------------
---------------------------------------------------------------------------------
Start IO Insertion
---------------------------------------------------------------------------------
---------------------------------------------------------------------------------
Start Flattening Before IO Insertion
---------------------------------------------------------------------------------
---------------------------------------------------------------------------------
Finished Flattening Before IO Insertion
---------------------------------------------------------------------------------
---------------------------------------------------------------------------------
Start Final Netlist Cleanup
---------------------------------------------------------------------------------
---------------------------------------------------------------------------------
Finished Final Netlist Cleanup
---------------------------------------------------------------------------------
---------------------------------------------------------------------------------
Finished IO Insertion : Time (s): cpu = 00:01:41 ; elapsed = 00:17:24 . Memory (MB): peak = 3981.355 ; gain = 1233.168 ; free physical = 97035 ; free virtual = 119683
Synthesis current peak Physical Memory [PSS] (MB): peak = 3167.613; parent = 3029.326; children = 240.267
Synthesis current peak Virtual Memory [VSS] (MB): peak = 4983.996; parent = 3981.359; children = 1002.637
---------------------------------------------------------------------------------
---------------------------------------------------------------------------------
Start Renaming Generated Instances
---------------------------------------------------------------------------------
---------------------------------------------------------------------------------
Finished Renaming Generated Instances : Time (s): cpu = 00:01:41 ; elapsed = 00:17:26 . Memory (MB): peak = 3981.355 ; gain = 1233.168 ; free physical = 97126 ; free virtual = 119775
Synthesis current peak Physical Memory [PSS] (MB): peak = 3167.957; parent = 3029.636; children = 240.267
Synthesis current peak Virtual Memory [VSS] (MB): peak = 4983.996; parent = 3981.359; children = 1002.637
---------------------------------------------------------------------------------
---------------------------------------------------------------------------------
Start Rebuilding User Hierarchy
---------------------------------------------------------------------------------
---------------------------------------------------------------------------------
Finished Rebuilding User Hierarchy : Time (s): cpu = 00:01:41 ; elapsed = 00:17:28 . Memory (MB): peak = 3981.355 ; gain = 1233.168 ; free physical = 97115 ; free virtual = 119759
Synthesis current peak Physical Memory [PSS] (MB): peak = 3167.985; parent = 3029.664; children = 240.267
Synthesis current peak Virtual Memory [VSS] (MB): peak = 4983.996; parent = 3981.359; children = 1002.637
---------------------------------------------------------------------------------
---------------------------------------------------------------------------------
Start Renaming Generated Ports
---------------------------------------------------------------------------------
---------------------------------------------------------------------------------
Finished Renaming Generated Ports : Time (s): cpu = 00:01:41 ; elapsed = 00:17:30 . Memory (MB): peak = 3981.355 ; gain = 1233.168 ; free physical = 97107 ; free virtual = 119752
Synthesis current peak Physical Memory [PSS] (MB): peak = 3168.017; parent = 3029.695; children = 240.267
Synthesis current peak Virtual Memory [VSS] (MB): peak = 4983.996; parent = 3981.359; children = 1002.637
---------------------------------------------------------------------------------
---------------------------------------------------------------------------------
Start Handling Custom Attributes
---------------------------------------------------------------------------------
---------------------------------------------------------------------------------
Finished Handling Custom Attributes : Time (s): cpu = 00:01:41 ; elapsed = 00:17:31 . Memory (MB): peak = 3981.355 ; gain = 1233.168 ; free physical = 96948 ; free virtual = 119593
Synthesis current peak Physical Memory [PSS] (MB): peak = 3168.017; parent = 3029.695; children = 240.267
Synthesis current peak Virtual Memory [VSS] (MB): peak = 4983.996; parent = 3981.359; children = 1002.637
---------------------------------------------------------------------------------
---------------------------------------------------------------------------------
Start Renaming Generated Nets
---------------------------------------------------------------------------------
---------------------------------------------------------------------------------
Finished Renaming Generated Nets : Time (s): cpu = 00:01:41 ; elapsed = 00:17:33 . Memory (MB): peak = 3981.355 ; gain = 1233.168 ; free physical = 96913 ; free virtual = 119558
Synthesis current peak Physical Memory [PSS] (MB): peak = 3168.017; parent = 3029.695; children = 240.267
Synthesis current peak Virtual Memory [VSS] (MB): peak = 4983.996; parent = 3981.359; children = 1002.637
---------------------------------------------------------------------------------
---------------------------------------------------------------------------------
Start Writing Synthesis Report
---------------------------------------------------------------------------------

Report BlackBoxes: 
+-+--------------+----------+
| |BlackBox name |Instances |
+-+--------------+----------+
+-+--------------+----------+

Report Cell Usage: 
+------+-----+------+
|      |Cell |Count |
+------+-----+------+
|1     |FDRE |     1|
+------+-----+------+
---------------------------------------------------------------------------------
Finished Writing Synthesis Report : Time (s): cpu = 00:01:41 ; elapsed = 00:17:34 . Memory (MB): peak = 3981.355 ; gain = 1233.168 ; free physical = 96761 ; free virtual = 119406
Synthesis current peak Physical Memory [PSS] (MB): peak = 3168.047; parent = 3029.727; children = 240.267
Synthesis current peak Virtual Memory [VSS] (MB): peak = 4983.996; parent = 3981.359; children = 1002.637
---------------------------------------------------------------------------------
Synthesis finished with 0 errors, 0 critical warnings and 6 warnings.
Synthesis Optimization Runtime : Time (s): cpu = 00:01:37 ; elapsed = 00:16:42 . Memory (MB): peak = 3981.355 ; gain = 1165.312 ; free physical = 97049 ; free virtual = 119695
Synthesis Optimization Complete : Time (s): cpu = 00:01:41 ; elapsed = 00:17:39 . Memory (MB): peak = 3981.363 ; gain = 1233.168 ; free physical = 97029 ; free virtual = 119675
INFO: [Project 1-571] Translating synthesized netlist
Netlist sorting complete. Time (s): cpu = 00:00:00 ; elapsed = 00:00:00 . Memory (MB): peak = 3981.363 ; gain = 0.000 ; free physical = 97033 ; free virtual = 119680
INFO: [Chipscope 16-579] Latest version is versal_cips_v3_3 for versal_cips_v3_2
INFO: [Constraints 18-6359] No Clock Expansion Window constraints config file entry for device xcvc1902.  GCLK Deskew mode will be Off and cannot be enabled via GCLK_DESKEW override.
INFO: [Constraints 18-5720] The default GCLK Deskew mode is Off.
INFO: [Project 1-570] Preparing netlist for logic optimization
INFO: [Opt 31-138] Pushed 0 inverter(s) to 0 load pin(s).
Netlist sorting complete. Time (s): cpu = 00:00:00 ; elapsed = 00:00:00 . Memory (MB): peak = 4025.949 ; gain = 0.000 ; free physical = 99870 ; free virtual = 122612
INFO: [Project 1-111] Unisim Transformation Summary:
No Unisim elements were transformed.

Synth Design complete, checksum: ff5f3804
INFO: [Common 17-83] Releasing license: Synthesis
37 Infos, 28 Warnings, 0 Critical Warnings and 0 Errors encountered.
synth_design completed successfully
synth_design: Time (s): cpu = 00:02:10 ; elapsed = 00:21:49 . Memory (MB): peak = 4025.949 ; gain = 1995.559 ; free physical = 99225 ; free virtual = 121971
INFO: [Common 17-600] The following parameters have non-default value.
general.maxThreads
INFO: [Common 17-1381] The checkpoint '/home/users/eleonora.cabai/Documents/K-Means-AIE/hw/_x/link/vivado/vpl/prj/prj.runs/ulp_inst_0_pipereg_kernel1_0_synth_1/ulp_inst_0_pipereg_kernel1_0.dcp' has been generated.
INFO: [Coretcl 2-1648] Added synthesis output to IP cache for IP ulp_inst_0_pipereg_kernel1_0, cache-ID = fbe0ffed44af629e
INFO: [Common 17-1381] The checkpoint '/home/users/eleonora.cabai/Documents/K-Means-AIE/hw/_x/link/vivado/vpl/prj/prj.runs/ulp_inst_0_pipereg_kernel1_0_synth_1/ulp_inst_0_pipereg_kernel1_0.dcp' has been generated.
INFO: [runtcl-4] Executing : report_utilization -file ulp_inst_0_pipereg_kernel1_0_utilization_synth.rpt -pb ulp_inst_0_pipereg_kernel1_0_utilization_synth.pb
INFO: [Common 17-206] Exiting Vivado at Fri Jun 28 09:53:23 2024...
