Add module pass cdno::xlopt::PrintFilteredPass
Add module pass {anonymous}::GuidancePass
Add module pass {anonymous}::ChessOptionsPass
Add module pass {anonymous}::InlineAPIPass
Add module pass {anonymous}::XLModuleAdaptor<llvm::PromotePass>
Add module pass {anonymous}::IpConstPropPass
Add module pass {anonymous}::XLModuleAdaptor<llvm::SimplifyCFGPass>
Add module pass {anonymous}::XLModuleAdaptor<llvm::LoopSimplifyPass>
Add module pass {anonymous}::XLModuleAdaptor<llvm::FunctionToLoopPassAdaptor>
Add module pass {anonymous}::XLModuleAdaptor<{anonymous}::AIELoopInfoPass>
Add module pass {anonymous}::FunctionInliner
Add module pass cdno::xlopt::AIEAnnotatePragmaPass
Add module pass {anonymous}::XLModuleAdaptor<llvm::FunctionToLoopPassAdaptor>
Add module pass {anonymous}::XLModuleAdaptor<{anonymous}::AIELoopPeelPass>
Add module pass {anonymous}::AIEAliasAnalysisPass


--------------- FUNCTION FILTERING LOG ---------------

Filtered function llvm.lifetime.start.p0i8
Filtered function llvm.dbg.declare
Filtered function llvm.chess_memory_fence
Filtered function _Z4donev
Filtered function llvm.lifetime.end.p0i8
Filtered function _ZL25chess_separator_scheduleri
Filtered function _ZN12me_primitive5eventE7uint2_t
Filtered function _ZN7uint2_tC2Ei
Filtered function __regcall3__chessintr_void_event_uint2_t
Filtered function __regcall3__chessintr_uint2_t_uint2_t___sint
Filtered function _Z10as_v8int167v4int32
Filtered function _Z7put_wmsi7v8int16i
Filtered function _Z10as_v4int327v8int16
Filtered function _Z7put_wmsi7v4int32i
Filtered function llvm.chess_manifest
Filtered function _ZN7uint1_tC2Ei
Filtered function _ZN12me_primitive15stream_write128EPU4AS23U16__protect_accessi7v4int327uint1_tS3_
Filtered function _ZN12me_primitive15stream_write128EPU4AS24U16__protect_accessi7v4int327uint1_tS3_
Filtered function _ZN12me_primitive15stream_write128EPU4AS12U16__protect_accessi7v4int327uint1_tS3_
Filtered function __regcall3__chessintr_void_stream_write128___PWMSMEM__sint_v4int32_uint1_t_uint1_t
Filtered function __regcall3__chessintr_void_stream_write128___PWMS_rsrc2__sint_v4int32_uint1_t_uint1_t
Filtered function __regcall3__chessintr_void_stream_write128___PWMS_rsrc1__sint_v4int32_uint1_t_uint1_t
Filtered function __regcall3__chessintr_uint1_t_uint1_t___sint
Filtered function llvm.chess.init.customint.s_struct.ipd.custom_type.uint1_t.uint1_ts.i32.p1f_s_struct.ipd.custom_type.uint1_t.uint1_tsi32f
Filtered function _ZN7v4int32C2E17chessllvmInternal7v16int8
Filtered function _ZN7v8int16C2E17chessllvmInternal7v16int8
Filtered function llvm.chess_error
Filtered function _Z8upd_elem7v4int32ji
Filtered function __regcall3__chessintr_v4int32_upd_elem_v4int32___uint___sint
Filtered function llvm.is.constant.i32
Filtered function _Z5ext_v8v16int32i
Filtered function _Z8shuffle88v8cint32ij
Filtered function _Z5ext_v8v8cint32i
Filtered function _Z10as_v4int328v2cint32
Filtered function __regcall3__chessintr_v2cint32_ext_v_v8cint32___sint
Filtered function __regcall3__chessintr_v8cint32_shuffle8_v8cint32___sint___uint
Filtered function _Z14undef_v8cint32v
Filtered function __regcall3__chessintr_v8cint32_undef_v8cint32
Filtered function _Z11as_v8cint328v16int32
Filtered function _ZN8v8cint32C2E17chessllvmInternal7v64int8
Filtered function __regcall3__chessintr_v4int32_ext_v_v16int32___sint
Filtered function _Z13undef_v4int32v
Filtered function __regcall3__chessintr_v4int32_undef_v4int32
Filtered function _Z8upd_elem8v16int32ji
Filtered function __regcall3__chessintr_v16int32_upd_elem_v16int32___uint___sint
Filtered function _Z11as_v16int328v16int32
Filtered function _Z14undef_v16int32v
Filtered function __regcall3__chessintr_v16int32_undef_v16int32
Filtered function _Z6concat7v8int32S_
Filtered function __regcall3__chessintr_v16int32_concat_v8int32_v8int32
Filtered function _Z5ext_v7v8int32i
Filtered function _Z6xset_wi8v4cint32
Filtered function __regcall3__chessintr_v8cint32_xset_w___sint_v4cint32
Filtered function _Z11as_v4cint327v8int32
Filtered function _ZN8v4cint32C2E17chessllvmInternal7v32int8
Filtered function _Z14undef_v4cint32v
Filtered function __regcall3__chessintr_v4cint32_undef_v4cint32
Filtered function __regcall3__chessintr_v4int32_ext_v_v8int32___sint
Filtered function _Z8upd_elem7v8int32ji
Filtered function __regcall3__chessintr_v8int32_upd_elem_v8int32___uint___sint
Filtered function _Z8ext_elem7v8int32j
Filtered function __regcall3__chessintr___sint_ext_elem_v8int32___uint
Filtered function _Z8ext_elem8v16int32j
Filtered function __regcall3__chessintr___sint_ext_elem_v16int32___uint
Filtered function _Z5min168v16int32ijjijj
Filtered function __regcall3__chessintr_v16int32_min16_v16int32___sint___uint___uint___sint___uint___uint
Filtered function _Z6xset_wi7v8int32
Filtered function __regcall3__chessintr_v16int32_xset_w___sint_v8int32
Filtered function _Z5ext_w8v16int32i
Filtered function _Z5ext_w8v8cint32i
Filtered function _Z10as_v8int328v4cint32
Filtered function _ZN7v8int32C2E17chessllvmInternal7v32int8
Filtered function __regcall3__chessintr_v4cint32_ext_w_v8cint32___sint
Filtered function __regcall3__chessintr_v8int32_ext_w_v16int32___sint
Filtered function _Z13undef_v8int32v
Filtered function __regcall3__chessintr_v8int32_undef_v8int32
Filtered function _Z5add168v16int32S_
Filtered function _Z6concat8v16int32S_
Filtered function _Z5add168v32int32ijjijj
Filtered function __regcall3__chessintr_v16int32_add16_v32int32___sint___uint___uint___sint___uint___uint
Filtered function __regcall3__chessintr_v32int32_concat_v16int32_v16int32
Filtered function _Z5add168v16int32ijjijj
Filtered function __regcall3__chessintr_v16int32_add16_v16int32___sint___uint___uint___sint___uint___uint
Filtered function _Z3srs7v8acc80i
Filtered function _ZN12me_primitive8shft_nrmEi
Filtered function _Z12get_sat_implv
Filtered function _Z16get_sym_sat_implv
Filtered function _Z12get_rnd_implv
Filtered function _ZN12me_primitive5dssrsI7uint1_tEEN13chessEnableIfIXsr17chessIsCompatibleIN15chessRemoveQualIT_E4typeES1_EE5valueE7v8int32E4typeE7v8acc80hS1_S1_S1_7uint3_tRS4_
Filtered function _Z16set_srs_sat_impl7uint1_t
Filtered function llvm.write_register.s_struct.ipd.custom_type.uint1_t.uint1_ts
Filtered function _Z20chess_dont_warn_deadI7uint1_tERKT_S3_
Filtered function __regcall3__chessintr_v8int32_dssrs_v8acc80___uchar_uint1_t_uint1_t_uint1_t_uint3_t_uint1_t
Filtered function __regcall3__chessintr___uchar_shft_nrm___sint
Filtered function _Z5lmul88v16int32ij7v8int32jj
Filtered function __regcall3__chessintr_v8acc80_lmul8_v16int32___sint___uint_v8int32___uint___uint
Filtered function _Z5lmul88v16int32ijij
Filtered function __regcall3__chessintr_v8acc80_lmul8_v16int32___sint___uint___sint___uint
Filtered function _Z13undef_v8acc80v
Filtered function __regcall3__chessintr_v8acc80_undef_v8acc80
Filtered function _Z5sub168v16int32ijjS_ijj
Filtered function __regcall3__chessintr_v16int32_sub16_v16int32___sint___uint___uint_v16int32___sint___uint___uint
Filtered function _Z5sub168v16int32ijjijj
Filtered function __regcall3__chessintr_v16int32_sub16_v16int32___sint___uint___uint___sint___uint___uint
Filtered function _Z9shft_elem8v16int32i
Filtered function __regcall3__chessintr_v16int32_shft_elem_v16int32___sint
Filtered function _Z4lups7v8int32i
Filtered function _ZN12me_primitive10ups_w2b_swI7uint1_tEEN13chessEnableIfIXsr17chessIsCompatibleIN15chessRemoveQualIT_E4typeES1_EE5valueE7v8acc80E4typeE7v8int32hS1_7uint2_tS1_RS4_
Filtered function _Z16set_ups_sat_impl7uint1_t
Filtered function __regcall3__chessintr_v8acc80_ups_w2b_sw_v8int32___uchar_uint1_t_uint2_t_uint1_t_uint1_t
Filtered function _Z10as_v8int327v8int32
Filtered function _Z8ext_elem7v4int32j
Filtered function __regcall3__chessintr___sint_ext_elem_v4int32___uint
Filtered function _Z7get_wssi
Filtered function _Z8getl_wssi
Filtered function _ZN12me_primitive14stream_read128IiEEN13chessEnableIfIXsr17chessIsCompatibleIN15chessRemoveQualIT_E4typeEiEE5valueE7v4int32E4typeEPU4AS19U16__protect_accessi7uint1_tRS3_
Filtered function _ZN12me_primitive14stream_read128IiEEN13chessEnableIfIXsr17chessIsCompatibleIN15chessRemoveQualIT_E4typeEiEE5valueE7v4int32E4typeEPU4AS20U16__protect_accessi7uint1_tRS3_
Filtered function _ZN12me_primitive14stream_read128IiEEN13chessEnableIfIXsr17chessIsCompatibleIN15chessRemoveQualIT_E4typeEiEE5valueE7v4int32E4typeEPU4AS11U16__protect_accessi7uint1_tRS3_
Filtered function __regcall3__chessintr_v4int32_stream_read128___PWSSMEM__sint_uint1_t___sint
Filtered function __regcall3__chessintr_v4int32_stream_read128___PWSS_rsrc2__sint_uint1_t___sint
Filtered function __regcall3__chessintr_v4int32_stream_read128___PWSS_rsrc1__sint_uint1_t___sint
Filtered function _Z10as_v4int327v4int32

------------------------------------------------------



--------------- STREAM APIs INLINING LOG ---------------

Cloning function _Z15kmeans_functionP12input_streamIiEP13output_streamIiE
Cloning function _Z10readincr_vILj4EL22aie_stream_resource_in0EiEN3aie6detail6vectorIT1_XT_EEEP12input_streamIS4_E
Cloning function _Z9writeincrIL23aie_stream_resource_out0EiLj8EEvP13output_streamIT0_ERKN3aie6detail6vectorIS2_XT1_EEE
Cloning function _Z9writeincrIL23aie_stream_resource_out0EiLj16EEvP13output_streamIT0_ERKN3aie6detail6vectorIS2_XT1_EEE
Cloning function _Z9writeincrIL23aie_stream_resource_out0EiLj4EEvP13output_streamIT0_ERKN3aie6detail6vectorIS2_XT1_EEE
Cloning function _ZN3aie6detail3adf17stream_out_helperILj4EiL23aie_stream_resource_out0EE9writeincrEP13output_streamIiENS0_6vectorIiLj4EEE
Cloning function _ZL9writeincrIL23aie_stream_resource_out0EEvP13output_streamIiE7v4int32b
Cloning function _ZL9writeincrIL23aie_stream_resource_out0EEvP13output_streamIsE7v8int16b
Cloning function _ZN12stream_utilsL18aie_stream_put_wmsIsEEvP13output_streamIsE7v8int16Rb
Cloning function _ZN3aie6detail3adf17stream_out_helperILj16EiL23aie_stream_resource_out0EE9writeincrEP13output_streamIiENS0_6vectorIiLj16EEE
Cloning function _ZN3aie6detail3adf17stream_out_helperILj8EiL23aie_stream_resource_out0EE9writeincrEP13output_streamIiENS0_6vectorIiLj8EEE
Cloning function _ZN3aie6detail3adf16stream_in_helperILj4EiL22aie_stream_resource_in0EE8readincrEP12input_streamIiE
Cloning function _ZL11readincr_v8IL22aie_stream_resource_in0EE7v8int16P12input_streamIsE
Cloning function _ZN12stream_utilsL18aie_stream_get_wssIsEE7v8int16P12input_streamIsE

--------------------------------------------------------



--------------- LOOP STATISTICS : main ---------------

Total loops = 2
Loops with prepare for pipelining pragma = 0
Loops with unroll pragma = 0
Loops with flatten pragma = 0
Loops with min range pragma = 0
Loops with max range pragma = 0
Loops with known trip count = 0

------------------------------------------------------



--------------- LOOP STATISTICS : _Z18euclidean_distanceP7Clusteri5Point ---------------

Total loops = 2
Loops with prepare for pipelining pragma = 0
Loops with unroll pragma = 0
Loops with flatten pragma = 0
Loops with min range pragma = 0
Loops with max range pragma = 0
Loops with known trip count = 0

----------------------------------------------------------------------------------------



--------------- LOOP STATISTICS : _Z19assignment_functionN3aie6detail6vectorIiLj8EEE5PointP7Clusteri ---------------

Total loops = 2
Loops with prepare for pipelining pragma = 0
Loops with unroll pragma = 0
Loops with flatten pragma = 0
Loops with min range pragma = 0
Loops with max range pragma = 0
Loops with known trip count = 0

--------------------------------------------------------------------------------------------------------------------



--------------- LOOP STATISTICS : _Z15kmeans_functionP12input_streamIiEP13output_streamIiE ---------------

Total loops = 7
Loops with prepare for pipelining pragma = 0
Loops with unroll pragma = 0
Loops with flatten pragma = 0
Loops with min range pragma = 0
Loops with max range pragma = 0
Loops with known trip count = 2

----------------------------------------------------------------------------------------------------------



--------------- LOOP STATISTICS : _ZN3aie6detail3adf17stream_out_helperILj4EiL23aie_stream_resource_out0EE9writeincrEP13output_streamIiENS0_6vectorIiLj4EEE ---------------

Total loops = 1
Loops with prepare for pipelining pragma = 0
Loops with unroll pragma = 0
Loops with flatten pragma = 0
Loops with min range pragma = 0
Loops with max range pragma = 0
Loops with known trip count = 1

---------------------------------------------------------------------------------------------------------------------------------------------------------------------------



--------------- LOOP STATISTICS : _ZN3aie6detail3adf17stream_out_helperILj16EiL23aie_stream_resource_out0EE9writeincrEP13output_streamIiENS0_6vectorIiLj16EEE ---------------

Total loops = 1
Loops with prepare for pipelining pragma = 0
Loops with unroll pragma = 0
Loops with flatten pragma = 0
Loops with min range pragma = 0
Loops with max range pragma = 0
Loops with known trip count = 1

-----------------------------------------------------------------------------------------------------------------------------------------------------------------------------



--------------- LOOP STATISTICS : _ZN3aie6detail3adf17stream_out_helperILj8EiL23aie_stream_resource_out0EE9writeincrEP13output_streamIiENS0_6vectorIiLj8EEE ---------------

Total loops = 1
Loops with prepare for pipelining pragma = 0
Loops with unroll pragma = 0
Loops with flatten pragma = 0
Loops with min range pragma = 0
Loops with max range pragma = 0
Loops with known trip count = 1

---------------------------------------------------------------------------------------------------------------------------------------------------------------------------



--------------- LOOP STATISTICS : _ZN3aie6detail3adf16stream_in_helperILj4EiL22aie_stream_resource_in0EE8readincrEP12input_streamIiE ---------------

Total loops = 1
Loops with prepare for pipelining pragma = 0
Loops with unroll pragma = 0
Loops with flatten pragma = 0
Loops with min range pragma = 0
Loops with max range pragma = 0
Loops with known trip count = 1

----------------------------------------------------------------------------------------------------------------------------------------------------



--------------- FUNCTION INLINING LOG (threshold = 5000) ---------------

Inlining statistics for functions :
	_ZNSt3__27forwardIZN3aie6detail13mul_bits_implILNS2_10MulMacroOpE0ELj80ELj32EiLj32EiE3runILj8EJEEENS2_5accumILNS2_10AccumClassE0ELj80EXT_EEERKNS2_6vectorIiXT_EEEbSD_bDpRKT0_EUlT_E_EEOSI_RNS_16remove_referenceISI_E4typeE : inscount = 1, 3 callers
	_ZNK3aie6detail5utils14unroll_contextIjLj0ELj1ELj0EE7currentEv : inscount = 1, 1 callers
	_ZNSt3__27forwardIRKN3aie6detail6vectorIiLj8EEEEEOT_RNS_16remove_referenceIS7_E4typeE : inscount = 1, 3 callers
	_ZNSt3__27forwardIZN3aie6detail5zerosILNS2_10AccumClassE0ELj64ELj8EEENS2_5accumIXT_EXT0_EXT1_EEEvEUlT_E_EEOS7_RNS_16remove_referenceIS7_E4typeE : inscount = 1, 2 callers
	_ZN3aie6detail5utils14is_same_objectINS0_6vectorIiLj16EEENS3_IiLj8EEEEEbRKT_RKT0_ : inscount = 1, 1 callers
	_ZN3aie6detail19max_min_reduce_bitsILj32EiLj8ELNS0_15MaxMinOperationE1EE3runERKNS0_6vectorIiLj8EEE : inscount = 2, 1 callers
	_ZNK3aie6detail5utils14unroll_contextIjLj0ELj1ELj0EEcvjEv : inscount = 2, 2 callers
	_ZNK3aie6detail15vector_elem_refIiLj8EEcviEv : inscount = 2, 1 callers
	_ZNK3aie6detail15vector_elem_refIiLj16EEcviEv : inscount = 2, 1 callers
	_ZN3aie6detail5utils14is_same_objectINS0_6vectorIiLj8EEES4_EEbRKT_RKT0_ : inscount = 2, 2 callers
	_ZNK3aie6detail15vector_elem_refIiLj4EEcviEv : inscount = 2, 1 callers
	_ZNK3aie6detail15vector_elem_refIiLj8EEeqIiEEbT_ : inscount = 3, 1 callers
	_ZN7Cluster4getYEv : inscount = 3, 2 callers
	_ZN5Point4getYEv : inscount = 3, 2 callers
	_ZN5Point4getXEv : inscount = 3, 2 callers
	_ZN7Cluster4getXEv : inscount = 3, 2 callers
	_ZN5Point10setClusterEi : inscount = 3, 1 callers
	_Z9writeincrIL23aie_stream_resource_out0EiLj8EEvP13output_streamIT0_ERKN3aie6detail6vectorIS2_XT1_EEE : inscount = 3, 1 callers
	_Z9writeincrIL23aie_stream_resource_out0EiLj16EEvP13output_streamIT0_ERKN3aie6detail6vectorIS2_XT1_EEE : inscount = 3, 1 callers
	_Z9writeincrIL23aie_stream_resource_out0EiLj4EEvP13output_streamIT0_ERKN3aie6detail6vectorIS2_XT1_EEE : inscount = 3, 1 callers
	_ZN13output_streamIiEC2Ej : inscount = 4, 0 callers
	_ZN12input_streamIiEC2Ej : inscount = 4, 0 callers
	_ZN3aie6detail21vector_elem_const_refIiLj16EEC2ERKNS0_6vectorIiLj16EEEj : inscount = 5, 1 callers
	_ZN3aie6detail15vector_elem_refIiLj8EEC2ERNS0_6vectorIiLj8EEEj : inscount = 5, 1 callers
	_ZN3aie6detail15vector_elem_refIiLj4EEC2ERNS0_6vectorIiLj4EEEj : inscount = 5, 1 callers
	_ZN3aie6detail15vector_elem_refIiLj16EEC2ERNS0_6vectorIiLj16EEEj : inscount = 5, 1 callers
	_ZN5PointC2Ev : inscount = 7, 1 callers
	_ZN3aie6detail12add_sub_bitsILj32EiLj8ELNS0_15AddSubOperationE1EE3runERKNS0_6vectorIiLj8EEERKi : inscount = 7, 1 callers
	_ZN5PointC2Eii : inscount = 7, 1 callers
	_ZN3aie6detail12add_sub_bitsILj32EiLj8ELNS0_15AddSubOperationE0EE3runERKNS0_6vectorIiLj8EEES7_ : inscount = 7, 1 callers
	_Z10readincr_vILj4EL22aie_stream_resource_in0EiEN3aie6detail6vectorIT1_XT_EEEP12input_streamIS4_E : inscount = 7, 1 callers
	_ZN3aie6detail13concat_vectorIJRKNS0_6vectorIiLj8EEES5_EEEDaDpOT_ : inscount = 9, 1 callers
	_ZN7v8int32C2E17chessllvmInternal7v32int8 : inscount = 11, 1 callers
	_ZN7v8int16C2E17chessllvmInternal7v16int8 : inscount = 11, 1 callers
	_ZN8v8cint32C2E17chessllvmInternal7v64int8 : inscount = 11, 1 callers
	_ZN3aie6detailL18vector_cast_helperIiLj16ERK8v16int32EENS0_14vector_storageIT_XT0_EE4typeEOT1_ : inscount = 11, 1 callers
	_ZN7v4int32C2E17chessllvmInternal7v16int8 : inscount = 11, 2 callers
	_ZN7ClusterC2Eii : inscount = 11, 1 callers
	_ZN7ClusterC2Ev : inscount = 11, 1 callers
	_ZN3aie6detailL18vector_cast_helperIiLj4ERK7v4int32EENS0_14vector_storageIT_XT0_EE4typeEOT1_ : inscount = 11, 1 callers
	_ZN8v4cint32C2E17chessllvmInternal7v32int8 : inscount = 11, 1 callers
	_ZN3aie6detailL18vector_cast_helperIiLj8ERK7v8int32EENS0_14vector_storageIT_XT0_EE4typeEOT1_ : inscount = 11, 1 callers
	_ZN3aie6detail14vector_storageIiLj4EE5undefEv : inscount = 13, 1 callers
	_ZN3aie6detail13accum_storageILNS0_10AccumClassE0ELj80ELj8EE5undefEv : inscount = 13, 2 callers
	_ZN3aie6detail14vector_storageI6cint32Lj8EE5undefEv : inscount = 13, 1 callers
	_ZN3aie6detail14vector_storageIiLj8EE5undefEv : inscount = 13, 1 callers
	_ZN3aie6detail14vector_storageI6cint32Lj4EE5undefEv : inscount = 13, 1 callers
	_ZN3aie6detail14vector_storageIiLj16EE5undefEv : inscount = 13, 2 callers
	_ZN3aie6detailL18vector_cast_helperIiLj8E8v4cint32EENS0_14vector_storageIT_XT0_EE4typeEOT1_ : inscount = 15, 1 callers
	_ZN3aie6detailL18vector_cast_helperI6cint32Lj8ERK8v16int32EENS0_14vector_storageIT_XT0_EE4typeEOT1_ : inscount = 15, 1 callers
	_ZN3aie6detailL18vector_cast_helperIiLj4ERK7v8int16EENS0_14vector_storageIT_XT0_EE4typeEOT1_ : inscount = 15, 1 callers
	_ZN7Cluster17updateCoordinatesEv : inscount = 15, 1 callers
	_ZN3aie6detailL18vector_cast_helperI6cint32Lj4ERK7v8int32EENS0_14vector_storageIT_XT0_EE4typeEOT1_ : inscount = 15, 1 callers
	_ZN3aie6detailL18vector_cast_helperIiLj4E8v2cint32EENS0_14vector_storageIT_XT0_EE4typeEOT1_ : inscount = 15, 2 callers
	_ZN7Cluster8addPointE5Point : inscount = 17, 1 callers
	_ZNK3aie6detail15vector_elem_refIiLj4EE3getEv : inscount = 26, 1 callers
	_ZNK3aie6detail15vector_elem_refIiLj8EE3getEv : inscount = 26, 1 callers
	_ZNK3aie6detail15vector_elem_refIiLj16EE3getEv : inscount = 26, 1 callers
	_ZN3aie6detail11vector_castIiiLj8EEEDaRKNS0_6vectorIT0_XT1_EEE : inscount = 36, 1 callers
	_ZN3aie6detail11vector_castIiiLj4EEEDaRKNS0_6vectorIT0_XT1_EEE : inscount = 36, 1 callers
	_ZN3aie6detail11vector_castIisLj8EEEDaRKNS0_6vectorIT0_XT1_EEE : inscount = 36, 1 callers
	_ZN3aie6detail11vector_castIiiLj16EEEDaRKNS0_6vectorIT0_XT1_EEE : inscount = 36, 1 callers
	_ZN3aie6detail3adf17stream_out_helperILj4EiL23aie_stream_resource_out0EE9writeincrEP13output_streamIiENS0_6vectorIiLj4EEE : inscount = 43, 1 callers
	_ZN3aie6detail15vector_elem_refIiLj16EEaSERKi : inscount = 46, 1 callers
	_ZN3aie6detail15vector_elem_refIiLj4EEaSERKi : inscount = 46, 1 callers
	_ZN3aie6detail15vector_elem_refIiLj8EEaSERKi : inscount = 46, 3 callers
	_ZN3aie6detail20concat_vector_helperIiLj8EE3runIJRKNS0_6vectorIiLj8EEES7_EEEDaDpOT_ : inscount = 50, 1 callers
	_ZN3aie6detail17add_sub_bits_implILj32EiLj8ELNS0_15AddSubOperationE1EE3runERKNS0_6vectorIiLj8EEERKi : inscount = 74, 1 callers
	_Z19assignment_functionN3aie6detail6vectorIiLj8EEE5PointP7Clusteri : inscount = 122, 1 callers
	_ZL9writeincrIL23aie_stream_resource_out0EEvP13output_streamIiE7v4int32b : inscount = 225, 3 callers
	_ZN3aie6detail3adf17stream_out_helperILj16EiL23aie_stream_resource_out0EE9writeincrEP13output_streamIiENS0_6vectorIiLj16EEE : inscount = 240, 1 callers
	_ZN3aie6detail3adf17stream_out_helperILj8EiL23aie_stream_resource_out0EE9writeincrEP13output_streamIiENS0_6vectorIiLj8EEE : inscount = 262, 1 callers
	_ZN3aie6detail3adf16stream_in_helperILj4EiL22aie_stream_resource_in0EE8readincrEP12input_streamIiE : inscount = 291, 1 callers
	_ZN3aie6detail24max_min_bits_reduce_implILj32EiLj8ELNS0_15MaxMinOperationE1EE3runERKNS0_6vectorIiLj8EEE : inscount = 418, 1 callers
	_ZN3aie6detail17add_sub_bits_implILj32EiLj8ELNS0_15AddSubOperationE1EE3runILj16EEENS0_6vectorIiLj8EEERKS6_NS0_21vector_elem_const_refIiXT_EEE : inscount = 550, 1 callers
	_ZN3aie6detail17add_sub_bits_implILj32EiLj8ELNS0_15AddSubOperationE0EE3runERKNS0_6vectorIiLj8EEES7_ : inscount = 566, 1 callers
	_Z15kmeans_functionP12input_streamIiEP13output_streamIiE : inscount = 1180, 1 callers
	_Z18euclidean_distanceP7Clusteri5Point : inscount = 2259, 1 callers

Inlining decisions based on profitability metrics :
	inlining function _ZNSt3__27forwardIZN3aie6detail13mul_bits_implILNS2_10MulMacroOpE0ELj80ELj32EiLj32EiE3runILj8EJEEENS2_5accumILNS2_10AccumClassE0ELj80EXT_EEERKNS2_6vectorIiXT_EEEbSD_bDpRKT0_EUlT_E_EEOSI_RNS_16remove_referenceISI_E4typeE
	inlining function _ZNK3aie6detail5utils14unroll_contextIjLj0ELj1ELj0EE7currentEv
	inlining function _ZNSt3__27forwardIRKN3aie6detail6vectorIiLj8EEEEEOT_RNS_16remove_referenceIS7_E4typeE
	inlining function _ZNSt3__27forwardIZN3aie6detail5zerosILNS2_10AccumClassE0ELj64ELj8EEENS2_5accumIXT_EXT0_EXT1_EEEvEUlT_E_EEOS7_RNS_16remove_referenceIS7_E4typeE
	inlining function _ZN3aie6detail5utils14is_same_objectINS0_6vectorIiLj16EEENS3_IiLj8EEEEEbRKT_RKT0_
	inlining function _ZN3aie6detail19max_min_reduce_bitsILj32EiLj8ELNS0_15MaxMinOperationE1EE3runERKNS0_6vectorIiLj8EEE
	inlining function _ZNK3aie6detail5utils14unroll_contextIjLj0ELj1ELj0EEcvjEv
	inlining function _ZNK3aie6detail15vector_elem_refIiLj8EEcviEv
	inlining function _ZNK3aie6detail15vector_elem_refIiLj16EEcviEv
	inlining function _ZN3aie6detail5utils14is_same_objectINS0_6vectorIiLj8EEES4_EEbRKT_RKT0_
	inlining function _ZNK3aie6detail15vector_elem_refIiLj4EEcviEv
	inlining function _ZNK3aie6detail15vector_elem_refIiLj8EEeqIiEEbT_
	inlining function _ZN7Cluster4getYEv
	inlining function _ZN5Point4getYEv
	inlining function _ZN5Point4getXEv
	inlining function _ZN7Cluster4getXEv
	inlining function _ZN5Point10setClusterEi
	inlining function _Z9writeincrIL23aie_stream_resource_out0EiLj8EEvP13output_streamIT0_ERKN3aie6detail6vectorIS2_XT1_EEE
	inlining function _Z9writeincrIL23aie_stream_resource_out0EiLj16EEvP13output_streamIT0_ERKN3aie6detail6vectorIS2_XT1_EEE
	inlining function _Z9writeincrIL23aie_stream_resource_out0EiLj4EEvP13output_streamIT0_ERKN3aie6detail6vectorIS2_XT1_EEE
	inlining function _ZN3aie6detail21vector_elem_const_refIiLj16EEC2ERKNS0_6vectorIiLj16EEEj
	inlining function _ZN3aie6detail15vector_elem_refIiLj8EEC2ERNS0_6vectorIiLj8EEEj
	inlining function _ZN3aie6detail15vector_elem_refIiLj4EEC2ERNS0_6vectorIiLj4EEEj
	inlining function _ZN3aie6detail15vector_elem_refIiLj16EEC2ERNS0_6vectorIiLj16EEEj
	inlining function _ZN5PointC2Ev
	inlining function _ZN3aie6detail12add_sub_bitsILj32EiLj8ELNS0_15AddSubOperationE1EE3runERKNS0_6vectorIiLj8EEERKi
	inlining function _ZN5PointC2Eii
	inlining function _ZN3aie6detail12add_sub_bitsILj32EiLj8ELNS0_15AddSubOperationE0EE3runERKNS0_6vectorIiLj8EEES7_
	inlining function _Z10readincr_vILj4EL22aie_stream_resource_in0EiEN3aie6detail6vectorIT1_XT_EEEP12input_streamIS4_E
	inlining function _ZN3aie6detail13concat_vectorIJRKNS0_6vectorIiLj8EEES5_EEEDaDpOT_
	inlining function _ZN7v8int32C2E17chessllvmInternal7v32int8
	inlining function _ZN7v8int16C2E17chessllvmInternal7v16int8
	inlining function _ZN8v8cint32C2E17chessllvmInternal7v64int8
	inlining function _ZN3aie6detailL18vector_cast_helperIiLj16ERK8v16int32EENS0_14vector_storageIT_XT0_EE4typeEOT1_
	inlining function _ZN7v4int32C2E17chessllvmInternal7v16int8
	inlining function _ZN7ClusterC2Eii
	inlining function _ZN7ClusterC2Ev
	inlining function _ZN3aie6detailL18vector_cast_helperIiLj4ERK7v4int32EENS0_14vector_storageIT_XT0_EE4typeEOT1_
	inlining function _ZN8v4cint32C2E17chessllvmInternal7v32int8
	inlining function _ZN3aie6detailL18vector_cast_helperIiLj8ERK7v8int32EENS0_14vector_storageIT_XT0_EE4typeEOT1_
	inlining function _ZN3aie6detail14vector_storageIiLj4EE5undefEv
	inlining function _ZN3aie6detail13accum_storageILNS0_10AccumClassE0ELj80ELj8EE5undefEv
	inlining function _ZN3aie6detail14vector_storageI6cint32Lj8EE5undefEv
	inlining function _ZN3aie6detail14vector_storageIiLj8EE5undefEv
	inlining function _ZN3aie6detail14vector_storageI6cint32Lj4EE5undefEv
	inlining function _ZN3aie6detail14vector_storageIiLj16EE5undefEv
	inlining function _ZN3aie6detailL18vector_cast_helperIiLj8E8v4cint32EENS0_14vector_storageIT_XT0_EE4typeEOT1_
	inlining function _ZN3aie6detailL18vector_cast_helperI6cint32Lj8ERK8v16int32EENS0_14vector_storageIT_XT0_EE4typeEOT1_
	inlining function _ZN3aie6detailL18vector_cast_helperIiLj4ERK7v8int16EENS0_14vector_storageIT_XT0_EE4typeEOT1_
	inlining function _ZN7Cluster17updateCoordinatesEv
	inlining function _ZN3aie6detailL18vector_cast_helperI6cint32Lj4ERK7v8int32EENS0_14vector_storageIT_XT0_EE4typeEOT1_
	inlining function _ZN3aie6detailL18vector_cast_helperIiLj4E8v2cint32EENS0_14vector_storageIT_XT0_EE4typeEOT1_
	inlining function _ZN7Cluster8addPointE5Point
	inlining function _ZNK3aie6detail15vector_elem_refIiLj4EE3getEv
	inlining function _ZNK3aie6detail15vector_elem_refIiLj8EE3getEv
	inlining function _ZNK3aie6detail15vector_elem_refIiLj16EE3getEv
	inlining function _ZN3aie6detail11vector_castIiiLj8EEEDaRKNS0_6vectorIT0_XT1_EEE
	inlining function _ZN3aie6detail11vector_castIiiLj4EEEDaRKNS0_6vectorIT0_XT1_EEE
	inlining function _ZN3aie6detail11vector_castIisLj8EEEDaRKNS0_6vectorIT0_XT1_EEE
	inlining function _ZN3aie6detail11vector_castIiiLj16EEEDaRKNS0_6vectorIT0_XT1_EEE
	inlining function _ZN3aie6detail3adf17stream_out_helperILj4EiL23aie_stream_resource_out0EE9writeincrEP13output_streamIiENS0_6vectorIiLj4EEE
	inlining function _ZN3aie6detail15vector_elem_refIiLj16EEaSERKi
	inlining function _ZN3aie6detail15vector_elem_refIiLj4EEaSERKi
	inlining function _ZN3aie6detail15vector_elem_refIiLj8EEaSERKi
	inlining function _ZN3aie6detail20concat_vector_helperIiLj8EE3runIJRKNS0_6vectorIiLj8EEES7_EEEDaDpOT_
	inlining function _ZN3aie6detail17add_sub_bits_implILj32EiLj8ELNS0_15AddSubOperationE1EE3runERKNS0_6vectorIiLj8EEERKi
	inlining function _ZN3aie6detail3adf16stream_in_helperILj4EiL22aie_stream_resource_in0EE8readincrEP12input_streamIiE
	inlining function _ZN3aie6detail17add_sub_bits_implILj32EiLj8ELNS0_15AddSubOperationE1EE3runILj16EEENS0_6vectorIiLj8EEERKS6_NS0_21vector_elem_const_refIiXT_EEE
	inlining function _ZN3aie6detail17add_sub_bits_implILj32EiLj8ELNS0_15AddSubOperationE0EE3runERKNS0_6vectorIiLj8EEES7_
	inlining function _Z18euclidean_distanceP7Clusteri5Point
	inlining function _ZN3aie6detail24max_min_bits_reduce_implILj32EiLj8ELNS0_15MaxMinOperationE1EE3runERKNS0_6vectorIiLj8EEE
	inlining function _Z19assignment_functionN3aie6detail6vectorIiLj8EEE5PointP7Clusteri
	inlining function _ZN3aie6detail3adf17stream_out_helperILj8EiL23aie_stream_resource_out0EE9writeincrEP13output_streamIiENS0_6vectorIiLj8EEE
	inlining function _ZN3aie6detail3adf17stream_out_helperILj16EiL23aie_stream_resource_out0EE9writeincrEP13output_streamIiENS0_6vectorIiLj16EEE
	inlining function _ZN12stream_utilsL18aie_stream_get_wssIsEE7v8int16P12input_streamIsE
	inlining function _ZL11readincr_v8IL22aie_stream_resource_in0EE7v8int16P12input_streamIsE
	inlining function _ZN12stream_utilsL18aie_stream_put_wmsIsEEvP13output_streamIsE7v8int16Rb
	inlining function _ZZN3aie6detail24max_min_bits_reduce_implILj32EiLj8ELNS0_15MaxMinOperationE1EE6get_opEvENKUlDpOT_E_clIJRNS0_6vectorIiLj16EEEiiiiiiEEEDaS6_
	inlining function _ZZN3aie6detail17add_sub_bits_implILj32EiLj8ELNS0_15AddSubOperationE0EE6get_opEvENKUlDpOT_E_clIJNS0_6vectorIiLj16EEEiijiijEEEDaS6_
	inlining function _ZZN3aie6detail17add_sub_bits_implILj32EiLj8ELNS0_15AddSubOperationE0EE6get_opEvENKUlDpOT_E_clIJNS0_6vectorIiLj16EEESA_EEEDaS6_
	inlining function _ZN3aie8unary_opINS_6detail6vectorIiLj8EEELNS_9OperationE0EECI2NS_15unary_op_commonIS3_LS4_0EEEES3_
	inlining function _ZZN3aie6detail5accumILNS0_10AccumClassE0ELj64ELj8EE7get_srsIiEEDavENKUlRKT_iE_clI7v8acc80EEDaS7_i
	inlining function _ZZN3aie6detail24max_min_bits_reduce_implILj32EiLj8ELNS0_15MaxMinOperationE1EE6get_opEvENKUlDpOT_E_clIJNS0_6vectorIiLj16EEEiiiiiiEEEDaS6_
	inlining function _ZZN3aie6detail13mul_bits_implILNS0_10MulMacroOpE0ELj80ELj32EiLj32EiE3runILj8EJEEENS0_5accumILNS0_10AccumClassE0ELj80EXT_EEERKNS0_6vectorIiXT_EEEbSB_bDpRKT0_ENKUlT_E_clINS0_5utils14unroll_contextIjLj0ELj1ELj0EEEEEDaSG_
	inlining function _ZZN3aie6detail5accumILNS0_10AccumClassE0ELj64ELj8EE7get_upsIiLj8EEEDavENKUlRKT_iE_clINS0_6vectorIiLj8EEEEEDaS7_i
	inlining function _ZZN3aie6detailL20mul_acc80_get_mul_opILNS0_10MulMacroOpE0ELj8EiiEEDavENKUlDpOT_E_clIJNS0_6vectorIiLj16EEEjiNS8_IiLj8EEEiiEEEDaS5_
	inlining function _ZZN3aie6detailL20mul_acc80_get_mul_opILNS0_10MulMacroOpE0ELj8EiiEEDavENKUlDpOT_E_clIJNS0_6vectorIiLj16EEEjijiEEEDaS5_
	inlining function _ZL9writeincrIL23aie_stream_resource_out0EEvP13output_streamIsE7v8int16b
	inlining function _ZZN3aie6detail17add_sub_bits_implILj32EiLj8ELNS0_15AddSubOperationE1EE6get_opEvENKUlDpOT_E_clIJNS0_6vectorIiLj16EEEiijSA_RjiiEEEDaS6_
	inlining function _ZZN3aie6detail17add_sub_bits_implILj32EiLj8ELNS0_15AddSubOperationE1EE6get_opEvENKUlDpOT_E_clIJNS0_6vectorIiLj16EEEiijRjiiEEEDaS6_
	inlining function _ZZN3aie6detail5zerosILNS0_10AccumClassE0ELj64ELj8EEENS0_5accumIXT_EXT0_EXT1_EEEvENKUlT_E_clINS0_5utils14unroll_contextIjLj0ELj1ELj0EEEEEDaS5_

------------------------------------------------------------------------



--------------- PRAGMA INSERTION LOG (unroll threshold = 3000, max unroll factor = 8) ---------------

Adding pragma to function _ZN3aie6detail3adf16stream_in_helperILj4EiL22aie_stream_resource_in0EE8readincrEP12input_streamIiE :
	Pragma added to loop at line 84 in file xilinx/software/Vitis/2022.2/aietools/include/aie_api/adf/stream.hpp : chess_loop_range(1,1)
	Pragma added to loop at line 84 in file xilinx/software/Vitis/2022.2/aietools/include/aie_api/adf/stream.hpp : chess_flatten_loop
Adding pragma to function _Z18euclidean_distanceP7Clusteri5Point :
	Pragma added to loop at line 128 in file src/kmeans_kernel.cpp : chess_prepare_for_pipelining
	Pragma added to loop at line 120 in file src/kmeans_kernel.cpp : chess_prepare_for_pipelining
Adding pragma to function _Z19assignment_functionN3aie6detail6vectorIiLj8EEE5PointP7Clusteri :
	Pragma added to loop at line 153 in file src/kmeans_kernel.cpp : chess_prepare_for_pipelining
	Pragma added to loop at line 145 in file src/kmeans_kernel.cpp : chess_prepare_for_pipelining
Adding pragma to function _ZN3aie6detail3adf17stream_out_helperILj8EiL23aie_stream_resource_out0EE9writeincrEP13output_streamIiENS0_6vectorIiLj8EEE :
	Pragma added to loop at line 131 in file xilinx/software/Vitis/2022.2/aietools/include/aie_api/adf/stream.hpp : chess_loop_range(2,2)
	Pragma added to loop at line 131 in file xilinx/software/Vitis/2022.2/aietools/include/aie_api/adf/stream.hpp : chess_prepare_for_pipelining
	Pragma added to loop at line 131 in file xilinx/software/Vitis/2022.2/aietools/include/aie_api/adf/stream.hpp : chess_unroll_loop(2)
Adding pragma to function _ZN3aie6detail3adf17stream_out_helperILj16EiL23aie_stream_resource_out0EE9writeincrEP13output_streamIiENS0_6vectorIiLj16EEE :
	Pragma added to loop at line 131 in file xilinx/software/Vitis/2022.2/aietools/include/aie_api/adf/stream.hpp : chess_loop_range(4,4)
	Pragma added to loop at line 131 in file xilinx/software/Vitis/2022.2/aietools/include/aie_api/adf/stream.hpp : chess_prepare_for_pipelining
	Pragma added to loop at line 131 in file xilinx/software/Vitis/2022.2/aietools/include/aie_api/adf/stream.hpp : chess_unroll_loop(4)
Adding pragma to function _ZN3aie6detail3adf17stream_out_helperILj4EiL23aie_stream_resource_out0EE9writeincrEP13output_streamIiENS0_6vectorIiLj4EEE :
	Pragma added to loop at line 131 in file xilinx/software/Vitis/2022.2/aietools/include/aie_api/adf/stream.hpp : chess_loop_range(1,1)
	Pragma added to loop at line 131 in file xilinx/software/Vitis/2022.2/aietools/include/aie_api/adf/stream.hpp : chess_flatten_loop
Adding pragma to function _Z15kmeans_functionP12input_streamIiEP13output_streamIiE :
	Pragma added to loop at line 100 in file src/kmeans_kernel.cpp : chess_prepare_for_pipelining
	Pragma added to loop at line 76 in file src/kmeans_kernel.cpp : chess_prepare_for_pipelining
	Pragma added to loop at line 88 in file src/kmeans_kernel.cpp : chess_prepare_for_pipelining
	Pragma added to loop at line 32 in file src/kmeans_kernel.cpp : chess_prepare_for_pipelining
	Pragma added to loop at line 28 in file src/kmeans_kernel.cpp : chess_loop_range(200,200)
	Pragma added to loop at line 28 in file src/kmeans_kernel.cpp : chess_unroll_loop(8)
	Pragma added to loop at line 27 in file src/kmeans_kernel.cpp : chess_loop_range(8,8)
	Pragma added to loop at line 27 in file src/kmeans_kernel.cpp : chess_unroll_loop(8)

-----------------------------------------------------------------------------------------------------

