INFO: [v++ 60-897] Reading --xp value from platform: vivado_param:project.ensureVersalHasCIPS=false
INFO: [v++ 60-897] Reading --xp value from platform: vivado_param:bd.enableAutoConnectionsInNoc=1
INFO: [v++ 60-897] Reading --xp value from platform: vivado_param:constr.restoreXDEFConstraintsASTCL=1
INFO: [v++ 60-897] Reading --xp value from platform: vivado_param:ips.enableSLRParameter=4
INFO: [v++ 60-1306] Additional information associated with this v++ link can be found at:
	Reports: /home/users/eleonora.cabai/Documents/K-Means-AIE/hw/_x/reports/link
	Log files: /home/users/eleonora.cabai/Documents/K-Means-AIE/hw/_x/logs/link
INFO: [v++ 60-1548] Creating build summary session with primary output /home/users/eleonora.cabai/Documents/K-Means-AIE/hw/overlay_hw.xsa.link_summary, at Fri Jun 28 08:39:03 2024
INFO: [v++ 60-1315] Creating rulecheck session with output '/home/users/eleonora.cabai/Documents/K-Means-AIE/hw/_x/reports/link/v++_link_overlay_hw_guidance.html', at Fri Jun 28 08:39:03 2024
INFO: [v++ 60-895]   Target platform: /opt/xilinx/platforms/xilinx_vck5000_gen4x8_qdma_2_202220_1/xilinx_vck5000_gen4x8_qdma_2_202220_1.xpfm
INFO: [v++ 60-1578]   This platform contains Xilinx Shell Archive '/opt/xilinx/platforms/xilinx_vck5000_gen4x8_qdma_2_202220_1/hw/xilinx_vck5000_gen4x8_qdma_2_202220_1.xsa'
INFO: [v++ 74-78] Compiler Version string: 2022.2
INFO: [v++ 60-629] Linking for hardware target
INFO: [v++ 60-423]   Target device: xilinx_vck5000_gen4x8_qdma_2_202220_1
INFO: [v++ 60-1332] Run 'run_link' status: Not started
INFO: [v++ 60-1443] [08:39:13] Run run_link: Step system_link: Started
INFO: [v++ 60-1453] Command Line: system_link --xo /home/users/eleonora.cabai/Documents/K-Means-AIE/data_movers/setup_aie_hw.xo --xo /home/users/eleonora.cabai/Documents/K-Means-AIE/data_movers/sink_from_aie_hw.xo -keep /home/users/eleonora.cabai/Documents/K-Means-AIE/hw/.Xil/v++-2318253-nags27/hw.o --config /home/users/eleonora.cabai/Documents/K-Means-AIE/hw/_x/link/int/syslinkConfig.ini --xpfm /opt/xilinx/platforms/xilinx_vck5000_gen4x8_qdma_2_202220_1/xilinx_vck5000_gen4x8_qdma_2_202220_1.xpfm --target hw --output_dir /home/users/eleonora.cabai/Documents/K-Means-AIE/hw/_x/link/int --temp_dir /home/users/eleonora.cabai/Documents/K-Means-AIE/hw/_x/link/sys_link
INFO: [v++ 60-1454] Run Directory: /home/users/eleonora.cabai/Documents/K-Means-AIE/hw/_x/link/run_link
INFO: [SYSTEM_LINK 82-128] Extracting .o file /home/users/eleonora.cabai/Documents/K-Means-AIE/hw/.Xil/v++-2318253-nags27/hw.o
INFO: [SYSTEM_LINK 82-70] Extracting xo v3 file /home/users/eleonora.cabai/Documents/K-Means-AIE/data_movers/setup_aie_hw.xo
INFO: [SYSTEM_LINK 82-70] Extracting xo v3 file /home/users/eleonora.cabai/Documents/K-Means-AIE/data_movers/sink_from_aie_hw.xo
INFO: [SYSTEM_LINK 82-53] Creating IP database /home/users/eleonora.cabai/Documents/K-Means-AIE/hw/_x/link/sys_link/_sysl/.cdb/xd_ip_db.xml
INFO: [SYSTEM_LINK 82-38] [08:39:18] build_xd_ip_db started: /home/xilinx/software/Vitis/2022.2/bin/build_xd_ip_db -ip_search 0  -sds-pf /home/users/eleonora.cabai/Documents/K-Means-AIE/hw/_x/link/sys_link/xilinx_vck5000_gen4x8_qdma_2_202220_1.hpfm -clkid 0 -ip /home/users/eleonora.cabai/Documents/K-Means-AIE/hw/_x/link/sys_link/iprepo/xilinx_com_hls_setup_aie_1_0,setup_aie -ip /home/users/eleonora.cabai/Documents/K-Means-AIE/hw/_x/link/sys_link/iprepo/xilinx_com_hls_sink_from_aie_1_0,sink_from_aie -o /home/users/eleonora.cabai/Documents/K-Means-AIE/hw/_x/link/sys_link/_sysl/.cdb/xd_ip_db.xml
INFO: [SYSTEM_LINK 82-37] [08:39:29] build_xd_ip_db finished successfully
Time (s): cpu = 00:00:09 ; elapsed = 00:00:11 . Memory (MB): peak = 435.160 ; gain = 0.000 ; free physical = 25020 ; free virtual = 28807
INFO: [SYSTEM_LINK 82-51] Create system connectivity graph
INFO: [SYSTEM_LINK 82-101] Importing AIE connectivity graph
INFO: [SYSTEM_LINK 82-38] [08:39:29] aie_import started: /home/xilinx/software/Vitis/2022.2/bin/aie_import -r /home/users/eleonora.cabai/Documents/K-Means-AIE/hw/_x/link/sys_link/_sysl/.cdb/xd_ip_db.xml -i /home/users/eleonora.cabai/Documents/K-Means-AIE/hw/_x/link/sys_link/aie/v_cfgraph.xml -o /home/users/eleonora.cabai/Documents/K-Means-AIE/hw/_x/link/sys_link/cfgraph/aie_cfgraph.xml -c /home/users/eleonora.cabai/Documents/K-Means-AIE/hw/_x/link/sys_link/cfgraph/aie_comp.xml -f /home/users/eleonora.cabai/Documents/K-Means-AIE/hw/_x/link/sys_link/cfgraph/aie_fcnmap.xml
INFO: [SYSTEM_LINK 82-37] [08:39:33] aie_import finished successfully
Time (s): cpu = 00:00:03 ; elapsed = 00:00:04 . Memory (MB): peak = 435.160 ; gain = 0.000 ; free physical = 24982 ; free virtual = 28770
INFO: [SYSTEM_LINK 82-102] Applying explicit connections to the system connectivity graph: /home/users/eleonora.cabai/Documents/K-Means-AIE/hw/_x/link/sys_link/cfgraph/cfgen_cfgraph.xml
INFO: [SYSTEM_LINK 82-38] [08:39:43] cfgen started: /home/xilinx/software/Vitis/2022.2/bin/cfgen  -nk setup_aie:1:setup_aie_0 -nk sink_from_aie:1:sink_from_aie_0 -sc setup_aie_0.s:ai_engine_0.in_plio_kmeans -sc ai_engine_0.out_plio_kmeans:sink_from_aie_0.input_stream -slr setup_aie_0:SLR0 -slr sink_from_aie_0:SLR0 -sp sink_from_aie_0.m_axi_gmem1:MC_NOC0 -sp setup_aie_0.m_axi_gmem0:MC_NOC0 -dpa_mem_offload false -dmclkid 0 -r /home/users/eleonora.cabai/Documents/K-Means-AIE/hw/_x/link/sys_link/_sysl/.cdb/xd_ip_db.xml -i /home/users/eleonora.cabai/Documents/K-Means-AIE/hw/_x/link/sys_link/cfgraph/aie_cfgraph.xml -o /home/users/eleonora.cabai/Documents/K-Means-AIE/hw/_x/link/sys_link/cfgraph/cfgen_cfgraph.xml
INFO: [CFGEN 83-0] Kernel Specs: 
INFO: [CFGEN 83-0]   kernel: setup_aie, num: 1  {setup_aie_0}
INFO: [CFGEN 83-0]   kernel: sink_from_aie, num: 1  {sink_from_aie_0}
INFO: [CFGEN 83-0] Port Specs: 
INFO: [CFGEN 83-0]   kernel: sink_from_aie_0, k_port: m_axi_gmem1, sptag: MC_NOC0
INFO: [CFGEN 83-0]   kernel: setup_aie_0, k_port: m_axi_gmem0, sptag: MC_NOC0
INFO: [CFGEN 83-0] Stream Specs: 
INFO: [CFGEN 83-0]   setup_aie_0.s => ai_engine_0.in_plio_kmeans
INFO: [CFGEN 83-0]   ai_engine_0.out_plio_kmeans => sink_from_aie_0.input_stream
INFO: [CFGEN 83-0] SLR Specs: 
INFO: [CFGEN 83-0]   instance: setup_aie_0, SLR: SLR0
INFO: [CFGEN 83-0]   instance: sink_from_aie_0, SLR: SLR0
INFO: [SYSTEM_LINK 82-37] [08:39:51] cfgen finished successfully
Time (s): cpu = 00:00:06 ; elapsed = 00:00:08 . Memory (MB): peak = 435.160 ; gain = 0.000 ; free physical = 24610 ; free virtual = 28423
INFO: [SYSTEM_LINK 82-52] Create top-level block diagram
INFO: [SYSTEM_LINK 82-38] [08:39:51] cf2bd started: /home/xilinx/software/Vitis/2022.2/bin/cf2bd  --linux --trace_buffer 1024 --input_file /home/users/eleonora.cabai/Documents/K-Means-AIE/hw/_x/link/sys_link/cfgraph/cfgen_cfgraph.xml --ip_db /home/users/eleonora.cabai/Documents/K-Means-AIE/hw/_x/link/sys_link/_sysl/.cdb/xd_ip_db.xml --cf_name dr --working_dir /home/users/eleonora.cabai/Documents/K-Means-AIE/hw/_x/link/sys_link/_sysl/.xsd --temp_dir /home/users/eleonora.cabai/Documents/K-Means-AIE/hw/_x/link/sys_link --output_dir /home/users/eleonora.cabai/Documents/K-Means-AIE/hw/_x/link/int --target_bd ulp_inst_0.bd
INFO: [CF2BD 82-31] Launching cf2xd: cf2xd -linux -trace-buffer 1024 -i /home/users/eleonora.cabai/Documents/K-Means-AIE/hw/_x/link/sys_link/cfgraph/cfgen_cfgraph.xml -r /home/users/eleonora.cabai/Documents/K-Means-AIE/hw/_x/link/sys_link/_sysl/.cdb/xd_ip_db.xml -o dr.xml
INFO: [CF2BD 82-28] cf2xd finished successfully
INFO: [CF2BD 82-31] Launching cf_xsd: cf_xsd -disable-address-gen -bd ulp_inst_0.bd -dn dr -dp /home/users/eleonora.cabai/Documents/K-Means-AIE/hw/_x/link/sys_link/_sysl/.xsd
INFO: [CF2BD 82-28] cf_xsd finished successfully
INFO: [SYSTEM_LINK 82-37] [08:39:59] cf2bd finished successfully
Time (s): cpu = 00:00:04 ; elapsed = 00:00:08 . Memory (MB): peak = 435.160 ; gain = 0.000 ; free physical = 24101 ; free virtual = 27921
INFO: [v++ 60-1441] [08:39:59] Run run_link: Step system_link: Completed
Time (s): cpu = 00:00:35 ; elapsed = 00:00:47 . Memory (MB): peak = 441.086 ; gain = 0.000 ; free physical = 24160 ; free virtual = 27980
INFO: [v++ 60-1443] [08:39:59] Run run_link: Step cf2sw: Started
INFO: [v++ 60-1453] Command Line: cf2sw -sdsl /home/users/eleonora.cabai/Documents/K-Means-AIE/hw/_x/link/int/sdsl.dat -rtd /home/users/eleonora.cabai/Documents/K-Means-AIE/hw/_x/link/int/cf2sw.rtd -nofilter /home/users/eleonora.cabai/Documents/K-Means-AIE/hw/_x/link/int/cf2sw_full.rtd -xclbin /home/users/eleonora.cabai/Documents/K-Means-AIE/hw/_x/link/int/xclbin_orig.xml -o /home/users/eleonora.cabai/Documents/K-Means-AIE/hw/_x/link/int/xclbin_orig.1.xml
INFO: [v++ 60-1454] Run Directory: /home/users/eleonora.cabai/Documents/K-Means-AIE/hw/_x/link/run_link
INFO: [v++ 60-1441] [08:40:07] Run run_link: Step cf2sw: Completed
Time (s): cpu = 00:00:06 ; elapsed = 00:00:08 . Memory (MB): peak = 441.086 ; gain = 0.000 ; free physical = 23662 ; free virtual = 27492
INFO: [v++ 60-1443] [08:40:07] Run run_link: Step rtd2_system_diagram: Started
INFO: [v++ 60-1453] Command Line: rtd2SystemDiagram
INFO: [v++ 60-1454] Run Directory: /home/users/eleonora.cabai/Documents/K-Means-AIE/hw/_x/link/run_link
INFO: [v++ 60-1441] [08:40:08] Run run_link: Step rtd2_system_diagram: Completed
Time (s): cpu = 00:00:00 ; elapsed = 00:00:00.67 . Memory (MB): peak = 441.086 ; gain = 0.000 ; free physical = 23641 ; free virtual = 27471
INFO: [v++ 60-1443] [08:40:08] Run run_link: Step vpl: Started
INFO: [v++ 60-1453] Command Line: vpl -t hw -f xilinx_vck5000_gen4x8_qdma_2_202220_1 -s -g --kernel_frequency 200 --remote_ip_cache /home/users/eleonora.cabai/Documents/K-Means-AIE/hw/.ipcache --output_dir /home/users/eleonora.cabai/Documents/K-Means-AIE/hw/_x/link/int --log_dir /home/users/eleonora.cabai/Documents/K-Means-AIE/hw/_x/logs/link --report_dir /home/users/eleonora.cabai/Documents/K-Means-AIE/hw/_x/reports/link --config /home/users/eleonora.cabai/Documents/K-Means-AIE/hw/_x/link/int/vplConfig.ini -k /home/users/eleonora.cabai/Documents/K-Means-AIE/hw/_x/link/int/kernel_info.dat --webtalk_flag Vitis --temp_dir /home/users/eleonora.cabai/Documents/K-Means-AIE/hw/_x/link --no-info --iprepo /home/users/eleonora.cabai/Documents/K-Means-AIE/hw/_x/link/int/xo/ip_repo/xilinx_com_hls_sink_from_aie_1_0 --iprepo /home/users/eleonora.cabai/Documents/K-Means-AIE/hw/_x/link/int/xo/ip_repo/xilinx_com_hls_setup_aie_1_0 --messageDb /home/users/eleonora.cabai/Documents/K-Means-AIE/hw/_x/link/run_link/vpl.pb /home/users/eleonora.cabai/Documents/K-Means-AIE/hw/_x/link/int/dr.bd.tcl
INFO: [v++ 60-1454] Run Directory: /home/users/eleonora.cabai/Documents/K-Means-AIE/hw/_x/link/run_link

****** vpl v2022.2.2 (64-bit)
  **** SW Build 3716524 on 2023-02-17-15:43:22
    ** Copyright 1986-2023 Xilinx, Inc. All Rights Reserved.

INFO: [VPL 60-839] Read in kernel information from file '/home/users/eleonora.cabai/Documents/K-Means-AIE/hw/_x/link/int/kernel_info.dat'.
INFO: [VPL 74-78] Compiler Version string: 2022.2
INFO: [VPL 60-423]   Target device: xilinx_vck5000_gen4x8_qdma_2_202220_1
INFO: [VPL 60-1032] Extracting hardware platform to /home/users/eleonora.cabai/Documents/K-Means-AIE/hw/_x/link/vivado/vpl/.local/hw_platform
[08:40:49] Run vpl: Step create_project: Started
Creating Vivado project.
[08:41:06] Run vpl: Step create_project: Completed
[08:41:06] Run vpl: Step create_bd: Started
[08:42:12] Run vpl: Step create_bd: Completed
[08:42:12] Run vpl: Step update_bd: Started
[08:42:12] Run vpl: Step update_bd: Completed
[08:42:12] Run vpl: Step generate_target: Started
[08:43:29] Run vpl: Step generate_target: RUNNING...
[08:43:29] Run vpl: Step generate_target: Completed
[08:43:29] Run vpl: Step config_hw_runs: Started
[08:44:45] Run vpl: Step config_hw_runs: RUNNING...
[08:45:10] Run vpl: Step config_hw_runs: Completed
[08:45:10] Run vpl: Step synth: Started
[08:47:46] Block-level synthesis in progress, 0 of 25 jobs complete, 4 jobs running.
[08:48:17] Block-level synthesis in progress, 0 of 25 jobs complete, 8 jobs running.
[08:48:48] Block-level synthesis in progress, 0 of 25 jobs complete, 8 jobs running.
[08:49:19] Block-level synthesis in progress, 0 of 25 jobs complete, 8 jobs running.
[08:49:51] Block-level synthesis in progress, 0 of 25 jobs complete, 8 jobs running.
[08:50:22] Block-level synthesis in progress, 0 of 25 jobs complete, 8 jobs running.
[08:50:54] Block-level synthesis in progress, 0 of 25 jobs complete, 8 jobs running.
[08:51:25] Block-level synthesis in progress, 0 of 25 jobs complete, 8 jobs running.
[08:51:56] Block-level synthesis in progress, 0 of 25 jobs complete, 8 jobs running.
[08:52:27] Block-level synthesis in progress, 0 of 25 jobs complete, 8 jobs running.
[08:52:58] Block-level synthesis in progress, 0 of 25 jobs complete, 8 jobs running.
[08:53:33] Block-level synthesis in progress, 0 of 25 jobs complete, 8 jobs running.
[08:54:05] Block-level synthesis in progress, 0 of 25 jobs complete, 8 jobs running.
[08:54:36] Block-level synthesis in progress, 0 of 25 jobs complete, 8 jobs running.
[08:55:08] Block-level synthesis in progress, 0 of 25 jobs complete, 8 jobs running.
[08:55:40] Block-level synthesis in progress, 0 of 25 jobs complete, 8 jobs running.
[08:56:12] Block-level synthesis in progress, 0 of 25 jobs complete, 8 jobs running.
[08:56:44] Block-level synthesis in progress, 0 of 25 jobs complete, 8 jobs running.
[08:57:17] Block-level synthesis in progress, 0 of 25 jobs complete, 8 jobs running.
[08:57:52] Block-level synthesis in progress, 0 of 25 jobs complete, 8 jobs running.
[08:58:23] Block-level synthesis in progress, 0 of 25 jobs complete, 8 jobs running.
[08:58:55] Block-level synthesis in progress, 0 of 25 jobs complete, 8 jobs running.
[08:59:26] Block-level synthesis in progress, 0 of 25 jobs complete, 8 jobs running.
[08:59:58] Block-level synthesis in progress, 0 of 25 jobs complete, 8 jobs running.
[09:00:29] Block-level synthesis in progress, 0 of 25 jobs complete, 8 jobs running.
[09:01:01] Block-level synthesis in progress, 0 of 25 jobs complete, 8 jobs running.
[09:01:33] Block-level synthesis in progress, 0 of 25 jobs complete, 8 jobs running.
[09:02:11] Block-level synthesis in progress, 0 of 25 jobs complete, 8 jobs running.
[09:04:52] Block-level synthesis in progress, 0 of 25 jobs complete, 8 jobs running.
[09:05:50] Block-level synthesis in progress, 0 of 25 jobs complete, 8 jobs running.
[09:06:58] Block-level synthesis in progress, 0 of 25 jobs complete, 8 jobs running.
[09:07:36] Block-level synthesis in progress, 0 of 25 jobs complete, 8 jobs running.
[09:08:13] Block-level synthesis in progress, 0 of 25 jobs complete, 8 jobs running.
[09:08:45] Block-level synthesis in progress, 0 of 25 jobs complete, 8 jobs running.
[09:09:29] Block-level synthesis in progress, 0 of 25 jobs complete, 8 jobs running.
[09:15:49] Block-level synthesis in progress, 0 of 25 jobs complete, 8 jobs running.
[09:16:20] Block-level synthesis in progress, 0 of 25 jobs complete, 8 jobs running.
[09:16:52] Block-level synthesis in progress, 0 of 25 jobs complete, 8 jobs running.
[09:17:24] Block-level synthesis in progress, 0 of 25 jobs complete, 8 jobs running.
[09:17:56] Block-level synthesis in progress, 0 of 25 jobs complete, 8 jobs running.
[09:18:28] Block-level synthesis in progress, 0 of 25 jobs complete, 8 jobs running.
[09:18:59] Block-level synthesis in progress, 0 of 25 jobs complete, 8 jobs running.
[09:19:31] Block-level synthesis in progress, 0 of 25 jobs complete, 8 jobs running.
[09:20:02] Block-level synthesis in progress, 0 of 25 jobs complete, 8 jobs running.
[09:20:34] Block-level synthesis in progress, 0 of 25 jobs complete, 8 jobs running.
[09:21:06] Block-level synthesis in progress, 0 of 25 jobs complete, 8 jobs running.
[09:21:38] Block-level synthesis in progress, 0 of 25 jobs complete, 8 jobs running.
[09:22:09] Block-level synthesis in progress, 0 of 25 jobs complete, 8 jobs running.
[09:22:41] Block-level synthesis in progress, 0 of 25 jobs complete, 8 jobs running.
[09:23:13] Block-level synthesis in progress, 2 of 25 jobs complete, 6 jobs running.
[09:23:45] Block-level synthesis in progress, 2 of 25 jobs complete, 6 jobs running.
[09:24:17] Block-level synthesis in progress, 2 of 25 jobs complete, 6 jobs running.
[09:24:50] Block-level synthesis in progress, 3 of 25 jobs complete, 5 jobs running.
[09:25:22] Block-level synthesis in progress, 4 of 25 jobs complete, 4 jobs running.
[09:25:53] Block-level synthesis in progress, 5 of 25 jobs complete, 3 jobs running.
[09:26:25] Block-level synthesis in progress, 5 of 25 jobs complete, 5 jobs running.
[09:26:57] Block-level synthesis in progress, 5 of 25 jobs complete, 5 jobs running.
[09:27:29] Block-level synthesis in progress, 5 of 25 jobs complete, 6 jobs running.
[09:28:01] Block-level synthesis in progress, 5 of 25 jobs complete, 7 jobs running.
[09:28:33] Block-level synthesis in progress, 5 of 25 jobs complete, 7 jobs running.
[09:29:05] Block-level synthesis in progress, 6 of 25 jobs complete, 7 jobs running.
[09:29:37] Block-level synthesis in progress, 6 of 25 jobs complete, 7 jobs running.
[09:30:09] Block-level synthesis in progress, 6 of 25 jobs complete, 7 jobs running.
[09:30:41] Block-level synthesis in progress, 6 of 25 jobs complete, 7 jobs running.
[09:31:13] Block-level synthesis in progress, 6 of 25 jobs complete, 7 jobs running.
[09:31:45] Block-level synthesis in progress, 6 of 25 jobs complete, 8 jobs running.
[09:32:18] Block-level synthesis in progress, 6 of 25 jobs complete, 8 jobs running.
[09:32:50] Block-level synthesis in progress, 6 of 25 jobs complete, 8 jobs running.
[09:33:23] Block-level synthesis in progress, 6 of 25 jobs complete, 8 jobs running.
[09:33:55] Block-level synthesis in progress, 6 of 25 jobs complete, 8 jobs running.
[09:34:27] Block-level synthesis in progress, 6 of 25 jobs complete, 8 jobs running.
[09:34:59] Block-level synthesis in progress, 7 of 25 jobs complete, 7 jobs running.
[09:35:31] Block-level synthesis in progress, 7 of 25 jobs complete, 7 jobs running.
[09:36:04] Block-level synthesis in progress, 8 of 25 jobs complete, 6 jobs running.
[09:36:36] Block-level synthesis in progress, 8 of 25 jobs complete, 6 jobs running.
[09:37:08] Block-level synthesis in progress, 8 of 25 jobs complete, 6 jobs running.
[09:37:40] Block-level synthesis in progress, 8 of 25 jobs complete, 6 jobs running.
[09:38:13] Block-level synthesis in progress, 8 of 25 jobs complete, 6 jobs running.
[09:38:45] Block-level synthesis in progress, 8 of 25 jobs complete, 8 jobs running.
[09:39:18] Block-level synthesis in progress, 8 of 25 jobs complete, 8 jobs running.
[09:39:50] Block-level synthesis in progress, 8 of 25 jobs complete, 8 jobs running.
[09:40:22] Block-level synthesis in progress, 8 of 25 jobs complete, 8 jobs running.
[09:40:54] Block-level synthesis in progress, 8 of 25 jobs complete, 8 jobs running.
[09:41:27] Block-level synthesis in progress, 8 of 25 jobs complete, 8 jobs running.
[09:41:59] Block-level synthesis in progress, 8 of 25 jobs complete, 8 jobs running.
[09:42:31] Block-level synthesis in progress, 8 of 25 jobs complete, 8 jobs running.
[09:43:04] Block-level synthesis in progress, 8 of 25 jobs complete, 8 jobs running.
[09:43:36] Block-level synthesis in progress, 8 of 25 jobs complete, 8 jobs running.
[09:44:08] Block-level synthesis in progress, 8 of 25 jobs complete, 8 jobs running.
[09:44:41] Block-level synthesis in progress, 8 of 25 jobs complete, 8 jobs running.
[09:45:13] Block-level synthesis in progress, 8 of 25 jobs complete, 8 jobs running.
[09:45:45] Block-level synthesis in progress, 8 of 25 jobs complete, 8 jobs running.
[09:46:17] Block-level synthesis in progress, 8 of 25 jobs complete, 8 jobs running.
[09:46:49] Block-level synthesis in progress, 8 of 25 jobs complete, 8 jobs running.
[09:47:22] Block-level synthesis in progress, 8 of 25 jobs complete, 8 jobs running.
[09:47:54] Block-level synthesis in progress, 8 of 25 jobs complete, 8 jobs running.
[09:48:26] Block-level synthesis in progress, 8 of 25 jobs complete, 8 jobs running.
[09:48:58] Block-level synthesis in progress, 8 of 25 jobs complete, 8 jobs running.
[09:49:31] Block-level synthesis in progress, 8 of 25 jobs complete, 8 jobs running.
[09:50:03] Block-level synthesis in progress, 10 of 25 jobs complete, 6 jobs running.
[09:50:36] Block-level synthesis in progress, 10 of 25 jobs complete, 6 jobs running.
[09:51:09] Block-level synthesis in progress, 10 of 25 jobs complete, 6 jobs running.
[09:51:41] Block-level synthesis in progress, 10 of 25 jobs complete, 6 jobs running.
[09:52:13] Block-level synthesis in progress, 10 of 25 jobs complete, 8 jobs running.
[09:52:46] Block-level synthesis in progress, 11 of 25 jobs complete, 7 jobs running.
[09:53:19] Block-level synthesis in progress, 12 of 25 jobs complete, 6 jobs running.
[09:53:50] Block-level synthesis in progress, 13 of 25 jobs complete, 5 jobs running.
[09:54:23] Block-level synthesis in progress, 13 of 25 jobs complete, 5 jobs running.
[09:54:55] Block-level synthesis in progress, 13 of 25 jobs complete, 6 jobs running.
[09:55:27] Block-level synthesis in progress, 13 of 25 jobs complete, 6 jobs running.
[09:56:00] Block-level synthesis in progress, 13 of 25 jobs complete, 8 jobs running.
[09:56:32] Block-level synthesis in progress, 13 of 25 jobs complete, 8 jobs running.
[09:57:05] Block-level synthesis in progress, 13 of 25 jobs complete, 8 jobs running.
[09:57:37] Block-level synthesis in progress, 13 of 25 jobs complete, 8 jobs running.
[09:58:09] Block-level synthesis in progress, 13 of 25 jobs complete, 8 jobs running.
[09:58:42] Block-level synthesis in progress, 13 of 25 jobs complete, 8 jobs running.
[09:59:15] Block-level synthesis in progress, 13 of 25 jobs complete, 8 jobs running.
[09:59:47] Block-level synthesis in progress, 13 of 25 jobs complete, 8 jobs running.
[10:00:19] Block-level synthesis in progress, 13 of 25 jobs complete, 8 jobs running.
[10:00:52] Block-level synthesis in progress, 13 of 25 jobs complete, 8 jobs running.
[10:01:25] Block-level synthesis in progress, 14 of 25 jobs complete, 7 jobs running.
[10:01:58] Block-level synthesis in progress, 14 of 25 jobs complete, 7 jobs running.
[10:02:32] Block-level synthesis in progress, 14 of 25 jobs complete, 7 jobs running.
[10:03:04] Block-level synthesis in progress, 14 of 25 jobs complete, 7 jobs running.
[10:03:37] Block-level synthesis in progress, 14 of 25 jobs complete, 7 jobs running.
[10:04:10] Block-level synthesis in progress, 14 of 25 jobs complete, 8 jobs running.
[10:04:43] Block-level synthesis in progress, 14 of 25 jobs complete, 8 jobs running.
[10:05:16] Block-level synthesis in progress, 14 of 25 jobs complete, 8 jobs running.
[10:05:49] Block-level synthesis in progress, 14 of 25 jobs complete, 8 jobs running.
[10:06:22] Block-level synthesis in progress, 14 of 25 jobs complete, 8 jobs running.
[10:06:56] Block-level synthesis in progress, 14 of 25 jobs complete, 8 jobs running.
[10:07:30] Block-level synthesis in progress, 14 of 25 jobs complete, 8 jobs running.
[10:08:04] Block-level synthesis in progress, 14 of 25 jobs complete, 8 jobs running.
[10:08:38] Block-level synthesis in progress, 14 of 25 jobs complete, 8 jobs running.
[10:09:11] Block-level synthesis in progress, 14 of 25 jobs complete, 8 jobs running.
[10:09:44] Block-level synthesis in progress, 14 of 25 jobs complete, 8 jobs running.
[10:10:16] Block-level synthesis in progress, 14 of 25 jobs complete, 8 jobs running.
[10:10:49] Block-level synthesis in progress, 14 of 25 jobs complete, 8 jobs running.
[10:11:23] Block-level synthesis in progress, 14 of 25 jobs complete, 8 jobs running.
[10:11:56] Block-level synthesis in progress, 14 of 25 jobs complete, 8 jobs running.
[10:12:30] Block-level synthesis in progress, 14 of 25 jobs complete, 8 jobs running.
[10:13:03] Block-level synthesis in progress, 14 of 25 jobs complete, 8 jobs running.
[10:13:37] Block-level synthesis in progress, 14 of 25 jobs complete, 8 jobs running.
[10:14:10] Block-level synthesis in progress, 14 of 25 jobs complete, 8 jobs running.
[10:14:43] Block-level synthesis in progress, 14 of 25 jobs complete, 8 jobs running.
[10:15:17] Block-level synthesis in progress, 14 of 25 jobs complete, 8 jobs running.
[10:15:49] Block-level synthesis in progress, 14 of 25 jobs complete, 8 jobs running.
[10:16:23] Block-level synthesis in progress, 14 of 25 jobs complete, 8 jobs running.
[10:16:57] Block-level synthesis in progress, 14 of 25 jobs complete, 8 jobs running.
[10:17:31] Block-level synthesis in progress, 16 of 25 jobs complete, 6 jobs running.
[10:18:04] Block-level synthesis in progress, 17 of 25 jobs complete, 5 jobs running.
[10:18:38] Block-level synthesis in progress, 17 of 25 jobs complete, 5 jobs running.
[10:19:11] Block-level synthesis in progress, 17 of 25 jobs complete, 5 jobs running.
[10:19:45] Block-level synthesis in progress, 17 of 25 jobs complete, 7 jobs running.
[10:20:20] Block-level synthesis in progress, 18 of 25 jobs complete, 6 jobs running.
[10:20:53] Block-level synthesis in progress, 18 of 25 jobs complete, 7 jobs running.
[10:21:27] Block-level synthesis in progress, 18 of 25 jobs complete, 7 jobs running.
[10:22:00] Block-level synthesis in progress, 18 of 25 jobs complete, 7 jobs running.
[10:22:33] Block-level synthesis in progress, 18 of 25 jobs complete, 7 jobs running.
[10:23:06] Block-level synthesis in progress, 18 of 25 jobs complete, 7 jobs running.
[10:23:39] Block-level synthesis in progress, 18 of 25 jobs complete, 7 jobs running.
[10:24:12] Block-level synthesis in progress, 18 of 25 jobs complete, 7 jobs running.
[10:24:46] Block-level synthesis in progress, 18 of 25 jobs complete, 7 jobs running.
[10:25:20] Block-level synthesis in progress, 18 of 25 jobs complete, 7 jobs running.
[10:25:54] Block-level synthesis in progress, 18 of 25 jobs complete, 7 jobs running.
[10:26:27] Block-level synthesis in progress, 18 of 25 jobs complete, 7 jobs running.
[10:27:01] Block-level synthesis in progress, 18 of 25 jobs complete, 7 jobs running.
[10:27:34] Block-level synthesis in progress, 18 of 25 jobs complete, 7 jobs running.
[10:28:06] Block-level synthesis in progress, 20 of 25 jobs complete, 5 jobs running.
[10:28:39] Block-level synthesis in progress, 20 of 25 jobs complete, 5 jobs running.
[10:29:11] Block-level synthesis in progress, 20 of 25 jobs complete, 5 jobs running.
[10:29:44] Block-level synthesis in progress, 20 of 25 jobs complete, 5 jobs running.
[10:30:17] Block-level synthesis in progress, 20 of 25 jobs complete, 5 jobs running.
[10:30:49] Block-level synthesis in progress, 20 of 25 jobs complete, 5 jobs running.
[10:31:22] Block-level synthesis in progress, 20 of 25 jobs complete, 5 jobs running.
[10:31:55] Block-level synthesis in progress, 20 of 25 jobs complete, 5 jobs running.
[10:32:27] Block-level synthesis in progress, 21 of 25 jobs complete, 4 jobs running.
[10:32:59] Block-level synthesis in progress, 21 of 25 jobs complete, 4 jobs running.
[10:33:31] Block-level synthesis in progress, 21 of 25 jobs complete, 4 jobs running.
[10:34:03] Block-level synthesis in progress, 21 of 25 jobs complete, 4 jobs running.
[10:34:36] Block-level synthesis in progress, 21 of 25 jobs complete, 4 jobs running.
[10:35:08] Block-level synthesis in progress, 22 of 25 jobs complete, 3 jobs running.
[10:35:40] Block-level synthesis in progress, 22 of 25 jobs complete, 3 jobs running.
[10:36:11] Block-level synthesis in progress, 23 of 25 jobs complete, 2 jobs running.
[10:36:42] Block-level synthesis in progress, 24 of 25 jobs complete, 1 job running.
[10:37:14] Block-level synthesis in progress, 25 of 25 jobs complete, 0 jobs running.
[10:37:45] Top-level synthesis in progress.
[10:38:16] Top-level synthesis in progress.
[10:38:47] Top-level synthesis in progress.
[10:39:18] Top-level synthesis in progress.
[10:39:49] Top-level synthesis in progress.
[10:40:20] Top-level synthesis in progress.
[10:40:51] Top-level synthesis in progress.
[10:41:22] Run vpl: Step synth: Completed
[10:41:22] Run vpl: Step impl: Started
[11:05:38] Finished 2nd of 6 tasks (FPGA linking synthesized kernels to platform). Elapsed time: 02h 25m 25s 

[11:05:38] Starting logic optimization..
[11:08:13] Phase 1 Retarget
[11:08:44] Phase 2 Constant propagation
[11:08:44] Phase 3 Sweep
[11:09:46] Phase 4 BUFG optimization
[11:11:19] Phase 5 Shift Register Optimization
[11:11:19] Phase 6 Post Processing Netlist
[11:16:00] Finished 3rd of 6 tasks (FPGA logic optimization). Elapsed time: 00h 10m 21s 

[11:16:00] Starting logic placement..
[11:18:07] Phase 1 Placer Initialization
[11:18:07] Phase 1.1 Placer Initialization Netlist Sorting
[11:20:13] Phase 1.2 IO Placement/ Clock Placement/ Build Placer Device
[11:23:54] Phase 1.3 Build Placer Netlist Model
[11:25:36] Phase 1.4 Constrain Clocks/Macros
[11:26:10] Phase 2 Global Placement
[11:26:10] Phase 2.1 Floorplanning
[11:26:42] Phase 2.1.1 Partition Driven Placement
[11:26:42] Phase 2.1.1.1 PBP: Partition Driven Placement
[11:27:13] Phase 2.1.1.2 PBP: Clock Region Placement
[11:29:17] Phase 2.1.1.3 PBP: Discrete Incremental
[11:29:17] Phase 2.1.1.4 PBP: Compute Congestion
[11:29:49] Phase 2.1.1.5 PBP: Macro Placement
[11:30:22] Phase 2.1.1.6 PBP: UpdateTiming
[11:30:54] Phase 2.1.1.7 PBP: Add part constraints
[11:30:54] Phase 2.2 Update Timing before SLR Path Opt
[11:30:54] Phase 2.3 Post-Processing in Floorplanning
[11:30:54] Phase 2.4 Global Placement Core
[11:40:33] Phase 2.4.1 UpdateTiming Before Physical Synthesis
[11:41:05] Phase 2.4.2 Physical Synthesis In Placer
[11:46:26] Phase 3 Detail Placement
[11:46:26] Phase 3.1 Commit Multi Column Macros
[11:46:26] Phase 3.2 Commit Most Macros & LUTRAMs
[11:48:05] Phase 3.3 Small Shape DP
[11:48:05] Phase 3.3.1 Small Shape Clustering
[11:48:05] Phase 3.3.2 Flow Legalize Slice Clusters
[11:48:05] Phase 3.3.3 Slice Area Swap
[11:48:05] Phase 3.3.3.1 Slice Area Swap Initial
[11:49:08] Phase 3.4 Place Remaining
[11:49:42] Phase 3.5 Optimize BEL assignments
[11:50:46] Phase 3.6 Pipeline Register Optimization
[11:50:46] Phase 3.7 Fast Optimization
[11:52:54] Phase 4 Post Placement Optimization and Clean-Up
[11:52:54] Phase 4.1 Post Commit Optimization
[11:55:34] Phase 4.1.1 Post Placement Optimization
[11:55:34] Phase 4.1.1.1 Post Placement Timing Optimization
[11:57:39] Phase 4.2 Post Placement Cleanup
[11:57:39] Phase 4.3 Placer Reporting
[11:57:39] Phase 4.3.1 Print Estimated Congestion
[11:57:39] Phase 4.4 Final Placement Cleanup
[12:01:23] Finished 4th of 6 tasks (FPGA logic placement). Elapsed time: 00h 45m 22s 

[12:01:23] Starting logic routing..
[12:03:29] Phase 1 Build RT Design
[12:10:07] Phase 2 Router Initialization
[12:10:07] Phase 2.1 Fix Topology Constraints
[12:10:07] Phase 2.2 Pre Route Cleanup
[12:10:40] Phase 2.3 Global Clock Net Routing
[12:10:40] Phase 2.4 Update Timing
[12:12:53] Phase 2.5 Update Timing for Bus Skew
[12:12:53] Phase 2.5.1 Update Timing
[12:13:57] Phase 3 Initial Routing
[12:13:57] Phase 3.1 Global Routing
[12:13:57] Phase 3.1.1 SLL Assignment
[12:15:00] Phase 4 Rip-up And Reroute
[12:15:00] Phase 4.1 Global Iteration 0
[12:17:06] Phase 4.2 Additional Iteration for Hold
[12:17:37] Phase 5 Delay and Skew Optimization
[12:17:37] Phase 5.1 Delay CleanUp
[12:17:37] Phase 5.2 Clock Skew Optimization
[12:17:37] Phase 6 Post Hold Fix
[12:17:37] Phase 6.1 Hold Fix Iter
[12:17:37] Phase 6.1.1 Update Timing
[12:18:40] Phase 7 Leaf Clock Prog Delay Opt
[12:19:42] Phase 8 Route finalize
[12:19:42] Phase 9 Verifying routed nets
[12:19:42] Phase 10 Depositing Routes
[12:20:15] Phase 11 Post Router Timing
[12:22:27] Finished 5th of 6 tasks (FPGA routing). Elapsed time: 00h 21m 04s 

[12:22:27] Starting bitstream generation..
[12:35:39] Creating bitmap...
[12:56:57] Finished 6th of 6 tasks (FPGA bitstream generation). Elapsed time: 00h 34m 29s 
Check VPL, containing 1 checks, has run: 0 errors
[13:43:49] Run vpl: Step impl: Completed
[13:43:50] Run vpl: FINISHED. Run Status: impl Complete!
INFO: [v++ 60-1441] [13:43:50] Run run_link: Step vpl: Completed
Time (s): cpu = 00:03:23 ; elapsed = 05:03:42 . Memory (MB): peak = 441.086 ; gain = 0.000 ; free physical = 87661 ; free virtual = 125650
INFO: [v++ 60-1443] [13:43:50] Run run_link: Step rtdgen: Started
INFO: [v++ 60-1453] Command Line: rtdgen
INFO: [v++ 60-1454] Run Directory: /home/users/eleonora.cabai/Documents/K-Means-AIE/hw/_x/link/run_link
INFO: [v++ 60-991] clock name 'blp_s_aclk_kernel_01' (clock ID '1') is being mapped to clock name 'KERNEL_CLK' in the xclbin
INFO: [v++ 60-991] clock name 'blp_s_aclk_kernel_00' (clock ID '0') is being mapped to clock name 'DATA_CLK' in the xclbin
INFO: [v++ 60-1230] The compiler selected the following frequencies for the runtime controllable kernel clock(s) and scalable system clock(s): Kernel (KERNEL) clock: blp_s_aclk_kernel_01 = 500, Kernel (DATA) clock: blp_s_aclk_kernel_00 = 200
INFO: [v++ 60-1453] Command Line: cf2sw -a /home/users/eleonora.cabai/Documents/K-Means-AIE/hw/_x/link/int/address_map.xml -sdsl /home/users/eleonora.cabai/Documents/K-Means-AIE/hw/_x/link/int/sdsl.dat -xclbin /home/users/eleonora.cabai/Documents/K-Means-AIE/hw/_x/link/int/xclbin_orig.xml -rtd /home/users/eleonora.cabai/Documents/K-Means-AIE/hw/_x/link/int/overlay_hw.rtd -o /home/users/eleonora.cabai/Documents/K-Means-AIE/hw/_x/link/int/overlay_hw.xml
INFO: [v++ 60-1652] Cf2sw returned exit code: 0
INFO: [v++ 60-1441] [13:43:56] Run run_link: Step rtdgen: Completed
Time (s): cpu = 00:00:05 ; elapsed = 00:00:06 . Memory (MB): peak = 441.086 ; gain = 0.000 ; free physical = 87316 ; free virtual = 125309
INFO: [v++ 60-1443] [13:43:56] Run run_link: Step xclbinutil: Started
INFO: [v++ 60-1453] Command Line: xclbinutil --add-section DEBUG_IP_LAYOUT:JSON:/home/users/eleonora.cabai/Documents/K-Means-AIE/hw/_x/link/int/debug_ip_layout.rtd --add-section BITSTREAM_PARTIAL_PDI:raw:/home/users/eleonora.cabai/Documents/K-Means-AIE/hw/_x/link/int/partial.pdi --force --target hw --key-value SYS:dfx_enable:true --add-section :JSON:/home/users/eleonora.cabai/Documents/K-Means-AIE/hw/_x/link/int/overlay_hw.rtd --append-section :JSON:/home/users/eleonora.cabai/Documents/K-Means-AIE/hw/_x/link/int/appendSection.rtd --add-section CLOCK_FREQ_TOPOLOGY:JSON:/home/users/eleonora.cabai/Documents/K-Means-AIE/hw/_x/link/int/overlay_hw_xml.rtd --add-section BUILD_METADATA:JSON:/home/users/eleonora.cabai/Documents/K-Means-AIE/hw/_x/link/int/overlay_hw_build.rtd --add-section EMBEDDED_METADATA:RAW:/home/users/eleonora.cabai/Documents/K-Means-AIE/hw/_x/link/int/overlay_hw.xml --add-section SYSTEM_METADATA:RAW:/home/users/eleonora.cabai/Documents/K-Means-AIE/hw/_x/link/int/systemDiagramModelSlrBaseAddress.json --add-section AIE_METADATA:JSON:/home/users/eleonora.cabai/Documents/K-Means-AIE/hw/_x/link/int/aie_control_config.json --key-value SYS:PlatformVBNV:xilinx_vck5000_gen4x8_qdma_2_202220_1 --output /home/users/eleonora.cabai/Documents/K-Means-AIE/hw/_x/link/int/overlay_hw.xclbin
INFO: [v++ 60-1454] Run Directory: /home/users/eleonora.cabai/Documents/K-Means-AIE/hw/_x/link/run_link
XRT Build Version: 2.14.384 (2022.2)
       Build Date: 2022-12-09 00:55:08
          Hash ID: 090bb050d570d2b668477c3bd0f979dc3a34b9db
Creating a default 'in-memory' xclbin image.

Section: 'DEBUG_IP_LAYOUT'(9) was successfully added.
Size   : 296 bytes
Format : JSON
File   : '/home/users/eleonora.cabai/Documents/K-Means-AIE/hw/_x/link/int/debug_ip_layout.rtd'

Section: 'BITSTREAM_PARTIAL_PDI'(19) was successfully added.
Size   : 7251392 bytes
Format : raw
File   : '/home/users/eleonora.cabai/Documents/K-Means-AIE/hw/_x/link/int/partial.pdi'

Section: 'MEM_TOPOLOGY'(6) was successfully added.
Format : JSON
File   : 'mem_topology'

Section: 'IP_LAYOUT'(8) was successfully added.
Format : JSON
File   : 'ip_layout'

Section: 'CONNECTIVITY'(7) was successfully added.
Format : JSON
File   : 'connectivity'

Section: 'CLOCK_FREQ_TOPOLOGY'(11) was successfully added.
Size   : 274 bytes
Format : JSON
File   : '/home/users/eleonora.cabai/Documents/K-Means-AIE/hw/_x/link/int/overlay_hw_xml.rtd'

Section: 'BUILD_METADATA'(14) was successfully added.
Size   : 3783 bytes
Format : JSON
File   : '/home/users/eleonora.cabai/Documents/K-Means-AIE/hw/_x/link/int/overlay_hw_build.rtd'

Section: 'EMBEDDED_METADATA'(2) was successfully added.
Size   : 5920 bytes
Format : RAW
File   : '/home/users/eleonora.cabai/Documents/K-Means-AIE/hw/_x/link/int/overlay_hw.xml'

Section: 'SYSTEM_METADATA'(22) was successfully added.
Size   : 19626 bytes
Format : RAW
File   : '/home/users/eleonora.cabai/Documents/K-Means-AIE/hw/_x/link/int/systemDiagramModelSlrBaseAddress.json'

Section: 'AIE_METADATA'(25) was successfully added.
Size   : 1381 bytes
Format : JSON
File   : '/home/users/eleonora.cabai/Documents/K-Means-AIE/hw/_x/link/int/aie_control_config.json'

Section: 'PARTITION_METADATA'(20) was successfully appended to.
Format : JSON
File   : 'partition_metadata'
Successfully wrote (7293647 bytes) to the output file: /home/users/eleonora.cabai/Documents/K-Means-AIE/hw/_x/link/int/overlay_hw.xclbin
Leaving xclbinutil.
INFO: [v++ 60-1441] [13:43:57] Run run_link: Step xclbinutil: Completed
Time (s): cpu = 00:00:00.18 ; elapsed = 00:00:00.48 . Memory (MB): peak = 441.086 ; gain = 0.000 ; free physical = 87273 ; free virtual = 125273
INFO: [v++ 60-1443] [13:43:57] Run run_link: Step xclbinutilinfo: Started
INFO: [v++ 60-1453] Command Line: xclbinutil --quiet --force --info /home/users/eleonora.cabai/Documents/K-Means-AIE/hw/_x/link/int/overlay_hw.xclbin.info --input /home/users/eleonora.cabai/Documents/K-Means-AIE/hw/_x/link/int/overlay_hw.xclbin
INFO: [v++ 60-1454] Run Directory: /home/users/eleonora.cabai/Documents/K-Means-AIE/hw/_x/link/run_link
INFO: [v++ 60-1441] [13:43:58] Run run_link: Step xclbinutilinfo: Completed
Time (s): cpu = 00:00:00.32 ; elapsed = 00:00:00.69 . Memory (MB): peak = 441.086 ; gain = 0.000 ; free physical = 87225 ; free virtual = 125226
INFO: [v++ 60-1443] [13:43:58] Run run_link: Step generate_sc_driver: Started
INFO: [v++ 60-1453] Command Line: 
INFO: [v++ 60-1454] Run Directory: /home/users/eleonora.cabai/Documents/K-Means-AIE/hw/_x/link/run_link
INFO: [v++ 60-1441] [13:43:58] Run run_link: Step generate_sc_driver: Completed
Time (s): cpu = 00:00:00 ; elapsed = 00:00:00 . Memory (MB): peak = 441.086 ; gain = 0.000 ; free physical = 87225 ; free virtual = 125226
INFO: [v++ 60-2331] SLR0 was specfied for compute unit setup_aie_0, and verified as such in implementation.
INFO: [v++ 60-2331] SLR0 was specfied for compute unit sink_from_aie_0, and verified as such in implementation.
INFO: [v++ 60-244] Generating system estimate report...
INFO: [v++ 60-1092] Generated system estimate report: /home/users/eleonora.cabai/Documents/K-Means-AIE/hw/_x/reports/link/system_estimate_overlay_hw.xtxt
INFO: [v++ 82-3844] Successfully added runtime data to ./overlay_hw.xsa
INFO: [v++ 60-586] Created /home/users/eleonora.cabai/Documents/K-Means-AIE/hw/overlay_hw.ltx
INFO: [v++ 60-586] Created overlay_hw.xsa
INFO: [v++ 60-1307] Run completed. Additional information can be found in:
	Guidance: /home/users/eleonora.cabai/Documents/K-Means-AIE/hw/_x/reports/link/v++_link_overlay_hw_guidance.html
	Timing Report: /home/users/eleonora.cabai/Documents/K-Means-AIE/hw/_x/reports/link/imp/impl_1_xilinx_vck5000_gen4x8_qdma_2_202220_1_bb_locked_timing_summary_routed.rpt
	Vivado Log: /home/users/eleonora.cabai/Documents/K-Means-AIE/hw/_x/logs/link/vivado.log
	Steps Log File: /home/users/eleonora.cabai/Documents/K-Means-AIE/hw/_x/logs/link/link.steps.log

INFO: [v++ 60-2343] Use the vitis_analyzer tool to visualize and navigate the relevant reports. Run the following command. 
    vitis_analyzer /home/users/eleonora.cabai/Documents/K-Means-AIE/hw/overlay_hw.xsa.link_summary 
INFO: [v++ 60-791] Total elapsed time: 5h 5m 6s
INFO: [v++ 60-1653] Closing dispatch client.
