Fri Jun 28 08:38:56 2024: Running xcd server. This server was built by gradle.
Fri Jun 28 08:38:56 2024: Server was asked to start on port: '45305'
Fri Jun 28 08:38:56 2024: Server is using token UUID: '36fc853b-59b0-4dcf-bdb8-db041fa05e41'
Fri Jun 28 08:38:56 2024: SESSION_MGR: creating session with session uuid: '6d04a3e9-ade5-4ab9-8d63-1f78fcd2ec76' and name 'default'
Fri Jun 28 08:38:56 2024: Attempting to start server on port '45305'
Fri Jun 28 08:38:56 2024: XCD main fifo: created main fifo '/tmp/xcdmain36fc853b-59b0-4dcf-bdb8-db041fa05e41', fd read = 12
Fri Jun 28 08:38:56 2024: Running Dispatch Server
Fri Jun 28 08:38:56 2024: Version 2.2.0
Fri Jun 28 08:39:03 2024: Dispatch Server: Accepted socket connection from client
Fri Jun 28 08:39:03 2024: Starting Socket connection
Fri Jun 28 08:39:03 2024: EXCHANGE_TOKEN received, server token: 36fc853b-59b0-4dcf-bdb8-db041fa05e41, passed token: 36fc853b-59b0-4dcf-bdb8-db041fa05e41
Fri Jun 28 08:39:03 2024: DISPATCH_HANDLER: Adding handler from function makeHandler in library libxv_system_diagram
Fri Jun 28 08:39:03 2024: SESSION_MGR: creating session with session uuid: '70506783-19c8-4e2e-8866-fb247bd30a80' and name 'v++_link_overlay_hw'
Fri Jun 28 08:39:03 2024: KERNEL_SVC: creating session with uuid: '70506783-19c8-4e2e-8866-fb247bd30a80' and name 'v++_link_overlay_hw'
Fri Jun 28 08:39:03 2024: GUIDANCE_SMGR: creating guidance session with uuid: '70506783-19c8-4e2e-8866-fb247bd30a80' and name 'v++_link_overlay_hw'
Fri Jun 28 08:39:03 2024: SYSTEM_DIAGRAM: creating session with uuid: '70506783-19c8-4e2e-8866-fb247bd30a80' and name 'v++_link_overlay_hw'
Fri Jun 28 08:40:12 2024: Dispatch Server: Accepted socket connection from client
Fri Jun 28 08:40:12 2024: Starting Socket connection
Fri Jun 28 08:40:48 2024: Dispatch Server: Accepted socket connection from client
Fri Jun 28 08:40:48 2024: Starting Socket connection
Fri Jun 28 08:47:42 2024: Dispatch Server: Accepted socket connection from client
Fri Jun 28 08:47:42 2024: Starting Socket connection
Fri Jun 28 08:47:43 2024: Dispatch Server: Accepted socket connection from client
Fri Jun 28 08:47:43 2024: Starting Socket connection
Fri Jun 28 08:47:44 2024: Dispatch Server: Accepted socket connection from client
Fri Jun 28 08:47:44 2024: Starting Socket connection
Fri Jun 28 08:47:44 2024: Dispatch Server: Accepted socket connection from client
Fri Jun 28 08:47:44 2024: Starting Socket connection
Fri Jun 28 08:47:53 2024: Dispatch Server: Accepted socket connection from client
Fri Jun 28 08:47:53 2024: Starting Socket connection
Fri Jun 28 08:47:54 2024: Dispatch Server: Accepted socket connection from client
Fri Jun 28 08:47:54 2024: Starting Socket connection
Fri Jun 28 08:47:55 2024: Dispatch Server: Accepted socket connection from client
Fri Jun 28 08:47:55 2024: Starting Socket connection
Fri Jun 28 08:47:55 2024: Dispatch Server: Accepted socket connection from client
Fri Jun 28 08:47:55 2024: Starting Socket connection
Fri Jun 28 09:26:01 2024: Dispatch Server: Accepted socket connection from client
Fri Jun 28 09:26:01 2024: Starting Socket connection
Fri Jun 28 09:26:21 2024: Dispatch Server: Accepted socket connection from client
Fri Jun 28 09:26:21 2024: Starting Socket connection
Fri Jun 28 09:27:02 2024: Dispatch Server: Accepted socket connection from client
Fri Jun 28 09:27:02 2024: Starting Socket connection
Fri Jun 28 09:27:57 2024: Dispatch Server: Accepted socket connection from client
Fri Jun 28 09:27:57 2024: Starting Socket connection
Fri Jun 28 09:28:42 2024: Dispatch Server: Accepted socket connection from client
Fri Jun 28 09:28:42 2024: Starting Socket connection
Fri Jun 28 09:31:33 2024: Dispatch Server: Accepted socket connection from client
Fri Jun 28 09:31:33 2024: Starting Socket connection
Fri Jun 28 09:38:13 2024: Dispatch Server: Accepted socket connection from client
Fri Jun 28 09:38:13 2024: Starting Socket connection
Fri Jun 28 09:38:44 2024: Dispatch Server: Accepted socket connection from client
Fri Jun 28 09:38:44 2024: Starting Socket connection
Fri Jun 28 09:51:46 2024: Dispatch Server: Accepted socket connection from client
Fri Jun 28 09:51:46 2024: Starting Socket connection
Fri Jun 28 09:52:12 2024: Dispatch Server: Accepted socket connection from client
Fri Jun 28 09:52:12 2024: Starting Socket connection
Fri Jun 28 09:54:35 2024: Dispatch Server: Accepted socket connection from client
Fri Jun 28 09:54:35 2024: Starting Socket connection
Fri Jun 28 09:55:35 2024: Dispatch Server: Accepted socket connection from client
Fri Jun 28 09:55:35 2024: Starting Socket connection
Fri Jun 28 09:55:37 2024: Dispatch Server: Accepted socket connection from client
Fri Jun 28 09:55:37 2024: Starting Socket connection
Fri Jun 28 10:03:47 2024: Dispatch Server: Accepted socket connection from client
Fri Jun 28 10:03:47 2024: Starting Socket connection
Fri Jun 28 10:19:43 2024: Dispatch Server: Accepted socket connection from client
Fri Jun 28 10:19:43 2024: Starting Socket connection
Fri Jun 28 10:19:44 2024: Dispatch Server: Accepted socket connection from client
Fri Jun 28 10:19:44 2024: Starting Socket connection
Fri Jun 28 10:20:34 2024: Dispatch Server: Accepted socket connection from client
Fri Jun 28 10:20:34 2024: Starting Socket connection
Fri Jun 28 10:37:33 2024: Dispatch Server: Accepted socket connection from client
Fri Jun 28 10:37:33 2024: Starting Socket connection
Fri Jun 28 10:41:46 2024: Dispatch Server: Accepted socket connection from client
Fri Jun 28 10:41:46 2024: Starting Socket connection
Fri Jun 28 13:43:59 2024: SESSION_MGR: closing session for UUID '70506783-19c8-4e2e-8866-fb247bd30a80' with name 'v++_link_overlay_hw'
Fri Jun 28 13:43:59 2024: KERNEL_SVC: closing session for UUID '70506783-19c8-4e2e-8866-fb247bd30a80' with name 'v++_link_overlay_hw'
Fri Jun 28 13:43:59 2024: GUIDANCE_SMGR: closing session for UUID '70506783-19c8-4e2e-8866-fb247bd30a80' with name 'v++_link_overlay_hw'
Fri Jun 28 13:43:59 2024: SYSTEM_DIAGRAM: closing session for UUID '70506783-19c8-4e2e-8866-fb247bd30a80' with name 'v++_link_overlay_hw'
Fri Jun 28 13:43:59 2024: STOP_SERVER received, server token: 36fc853b-59b0-4dcf-bdb8-db041fa05e41, passed token: 36fc853b-59b0-4dcf-bdb8-db041fa05e41
Fri Jun 28 13:43:59 2024: DISPATCH_HANDLER: 2 connections are active. Stop request denied.
Fri Jun 28 13:44:16 2024: Running xcd server. This server was built by gradle.
Fri Jun 28 13:44:16 2024: Server was asked to start on port: '44841'
Fri Jun 28 13:44:16 2024: Server is using token UUID: 'd7d7f334-5535-4ebe-9219-490f7e1f4c78'
Fri Jun 28 13:44:16 2024: SESSION_MGR: creating session with session uuid: '6d04a3e9-ade5-4ab9-8d63-1f78fcd2ec76' and name 'default'
Fri Jun 28 13:44:16 2024: Attempting to start server on port '44841'
Fri Jun 28 13:44:16 2024: XCD main fifo: created main fifo '/tmp/xcdmaind7d7f334-5535-4ebe-9219-490f7e1f4c78', fd read = 13
Fri Jun 28 13:44:16 2024: Running Dispatch Server
Fri Jun 28 13:44:16 2024: Version 2.2.0
Fri Jun 28 13:44:23 2024: Dispatch Server: Accepted socket connection from client
Fri Jun 28 13:44:23 2024: Starting Socket connection
Fri Jun 28 13:44:23 2024: EXCHANGE_TOKEN received, server token: d7d7f334-5535-4ebe-9219-490f7e1f4c78, passed token: d7d7f334-5535-4ebe-9219-490f7e1f4c78
Fri Jun 28 13:44:24 2024: DISPATCH_HANDLER: Adding handler from function makeHandler in library libxv_system_diagram
Fri Jun 28 13:44:24 2024: SESSION_MGR: creating session with session uuid: 'a1b5f766-e484-418e-b935-69c9f6daad85' and name 'v++_package_overlay_hw'
Fri Jun 28 13:44:24 2024: KERNEL_SVC: creating session with uuid: 'a1b5f766-e484-418e-b935-69c9f6daad85' and name 'v++_package_overlay_hw'
Fri Jun 28 13:44:24 2024: GUIDANCE_SMGR: creating guidance session with uuid: 'a1b5f766-e484-418e-b935-69c9f6daad85' and name 'v++_package_overlay_hw'
Fri Jun 28 13:44:24 2024: SYSTEM_DIAGRAM: creating session with uuid: 'a1b5f766-e484-418e-b935-69c9f6daad85' and name 'v++_package_overlay_hw'
Fri Jun 28 13:44:42 2024: SESSION_MGR: closing session for UUID 'a1b5f766-e484-418e-b935-69c9f6daad85' with name 'v++_package_overlay_hw'
Fri Jun 28 13:44:42 2024: KERNEL_SVC: closing session for UUID 'a1b5f766-e484-418e-b935-69c9f6daad85' with name 'v++_package_overlay_hw'
Fri Jun 28 13:44:42 2024: GUIDANCE_SMGR: closing session for UUID 'a1b5f766-e484-418e-b935-69c9f6daad85' with name 'v++_package_overlay_hw'
Fri Jun 28 13:44:42 2024: SYSTEM_DIAGRAM: closing session for UUID 'a1b5f766-e484-418e-b935-69c9f6daad85' with name 'v++_package_overlay_hw'
Fri Jun 28 13:44:42 2024: STOP_SERVER received, server token: d7d7f334-5535-4ebe-9219-490f7e1f4c78, passed token: d7d7f334-5535-4ebe-9219-490f7e1f4c78
Fri Jun 28 13:44:42 2024: Socket received request to stop server.
Fri Jun 28 13:44:42 2024: Dispatch Server: do_await_stop
Fri Jun 28 13:44:42 2024: Dispatch Server: stopping mainFifo_
Fri Jun 28 13:44:42 2024: XCD main fifo: Stopping
Fri Jun 28 13:44:42 2024: XCD main fifo: do_read error code: Operation canceled
Fri Jun 28 13:44:42 2024: XCD main fifo: bytes_transferred: 0
Fri Jun 28 13:44:42 2024: SERVER: destructor for server bound to port 44841
Fri Jun 28 13:44:42 2024: XCD main fifo: Good unlink of /tmp/xcdmaind7d7f334-5535-4ebe-9219-490f7e1f4c78
Fri Jun 28 13:44:42 2024: Server exiting with status 0.
Fri Jun 28 13:44:42 2024: Closing log file.
