INFO: [aiecompiler 77-3355] ###[Start]: Reading in platform specification from /opt/xilinx/platforms/xilinx_vck5000_gen4x8_qdma_2_202220_1/hw/xilinx_vck5000_gen4x8_qdma_2_202220_1.xsa
INFO: [aiecompiler 55-2053] elapsed time for repository (/home/xilinx/software/Vivado/2022.2/data/embeddedsw) loading 1 seconds
INFO: [aiecompiler 77-3354] ###[Finish]:  Reading in platform specification from /opt/xilinx/platforms/xilinx_vck5000_gen4x8_qdma_2_202220_1/hw/xilinx_vck5000_gen4x8_qdma_2_202220_1.xsa
INFO: [aiecompiler 77-3379] Extracted physical device part from platform is : xcvc1902-vsvd1760-2MP-e-S 
INFO: [aiecompiler 77-297] Cmd Line : /home/xilinx/software/Vitis/2022.2/aietools/bin/unwrapped/lnx64.o/aiecompiler --target=hw --platform=/opt/xilinx/platforms/xilinx_vck5000_gen4x8_qdma_2_202220_1/hw/xilinx_vck5000_gen4x8_qdma_2_202220_1.xsa --include=src --include=../common --workdir=./Work --heapsize=2048 --stacksize=4096 --xlopt=2 -v src/graph.cpp 
INFO: [aiecompiler 77-349] Starting Dataflow Frontend with input 'src/graph.cpp'
INFO: [aiecompiler 77-404] Executing Cmd: ${XILINX_VITIS_AIETOOLS}/tps/lnx64/gcc/bin/g++ -E -std=c++17 -D__ADF_FRONTEND__ -D__AIEARCH__=10 -I/home/xilinx/software/Vitis/2022.2/aietools/include  -I .  -I src -I ../common -I ${XILINX_HLS}/include src/graph.cpp > ./Work/temp/graph.ii
INFO: [aiecompiler 77-404] Executing Cmd: graph_preprocessor ./Work/temp/graph.ii -o ./Work/temp/graph.processed.ii -report-core-dump  -- -std=c++17  -ftemplate-depth=2048  -Wno-return-stack-address  -Wno-missing-declarations  -Wno-parentheses-equality  -Wno-shift-negative-value  
INFO: [aiecompiler 77-404] Executing Cmd: ${XILINX_VITIS_AIETOOLS}/tps/lnx64/gcc/bin/g++  -std=c++17  -I .  ./Work/temp/graph.processed.ii -o ./Work/temp/graph.out -L /home/xilinx/software/Vitis/2022.2/aietools/lib/lnx64.o -g -O0 -Wl,--unresolved-symbols=ignore-all  -Wno-return-stack-address  -Wno-missing-declarations  -lxv_meir_frontend  -lxv_adf_api_frontend 
INFO: [aiecompiler 77-404] Executing Cmd: ./Work/temp/graph.out -I src -I ../common -workdir=./Work -aiearch=aie -log-level=2 --pl-axi-lite=0 --enable-multi-layer=0 --disable-dma-autostart=0 --enable-light-cdo=0
INFO: [aiecompiler 77-404] Executing Cmd: aieir_be --time-passes=0  --disable-om-fifo-insertion=false  --logcfg-file=  --trace-plio-width=64  --aie2ipu-base-addr=1073741824  --pl-freq=0  --use-real-noc=true  --enable-light-cdo=false  --show-loggers=false  --fast-nonlinearfloats=false  --broadcast-enable-core=true  --high-performance=false  --multi-layer-opt=0  --kernel-address-location=false  --target=hw --swfifo-threshold=40  --single-mm2s-channel=false  --workdir=./Work  --exit-after=complete  --event-trace-config=  --test-iterations=-1  --stacksize=4096  --known-tripcount=false  --enable-core-processor-bus=false  --platform=/opt/xilinx/platforms/xilinx_vck5000_gen4x8_qdma_2_202220_1/hw/xilinx_vck5000_gen4x8_qdma_2_202220_1.xsa  --event-trace-custom-config=  --disable-dma-cmd-alignment=false  --enable-ecc-scrubbing=true  --float-accuracy=fast --output-archive=libadf.a  --write-partitioned-file=true  --print-timer-multi-layer-ctrl=false  --schemafile=AIEGraphSchema.json  --disable-multirate=false  --include="src" --include="../common" --verify-switchconfig=true  --device=  --enable-peano-flow=false  --disable-multirate-analysis=false  --fastmath=false  --cpp-std=-std=c++17  --max-layer-ctrl-param-size=256  --enable-mapper-hints-constraints=false  --event-trace-advanced-mapping=0  --enable-reconfig=false  --compute-heapsize=false  --log-level=2  --aiesim-xrt-api=false  --evaluate-fifo-depth=false  --gen-graph-cleanup=false  --use-canonical-net-names=false  --event-trace-port=gmio --use-phy-shim=true  --print-timer-multi-layer-core=false  --xlopt=2  --graph-iterator-event=false  --pre-compile-kernels=false  --trace-aiesim-option=0  --aiearch=aie  --mapped-soln-udm=  --optimize-pktids=false  --no-init=false  --adf-api-log-level=2  --num-trace-streams=16  --aie-heat-map=false  --enable-partition=false  --phydevice=  --fast-floats=true  --quiet=false  --enable-multi-layer=false  --exec-timed=0  --pl-auto-restart=false  --routed-soln-udm=  --large-kernel-program=false  --enable-profiling=false  --runtime-opt=false  --disable-transform-merge-broadcast=false  --verbose=true  --use-async-rtp-locks=true  --repo-path=  --genArchive=false  --kernel-compile-replacement=  --pl-axi-lite=false  --event-trace-bounding-box=  --multi-layer-shim-dma-bandwidth=0  --heapsize=2048  --logical-arch=  --enable-reconfig-dma-autostart=false  --nodot-graph=false  --disable-dma-autostart=false  --disable-transform-broadcast-split=true  --frontend-warning=0 --frontend-critical-warning=0 -json ./Work/temp/graph.json -sdf-graph src/graph.cpp
INFO: [aiecompiler 77-5805] Run completed. Additional information can be found in:
	Guidance: ./Work/reports/guidance.html

INFO: [aiecompiler 77-5806] Use the vitis_analyzer tool to visualize and navigate the relevant reports. Run the following command.
	vitis_analyzer ./Work/graph.aiecompile_summary
 seconds
INFO: [aiecompiler 77-3354] ###[Finish]:  Reading in platform specification from /opt/xilinx/platforms/xilinx_vck5000_gen4x8_qdma_2_202220_1/hw/xilinx_vck5000_gen4x8_qdma_2_202220_1.xsa
INFO: [aiecompiler 77-3379] Extracted physical device part from platform is : xcvc1902-vsvd1760-2MP-e-S 
INFO: [aiecompiler 77-749] Reading logical device VC1902.json
INFO: [aiecompiler 77-750] Reading physical device xcvc1902-vsvd1760-2MP-e-S
INFO: [aiecompiler 77-4400] Finish reading physical device xcvc1902-vsvd1760-2MP-e-S
INFO: [aiecompiler 77-951] ###Start:Loading Device Part xcvc1902-vsvd1760-2MP-e-S
INFO: [aiecompiler 21-403] Loading part xcvc1902-vsvd1760-2MP-e-S
INFO: [aiecompiler 77-950] ###Finish(12.73u 1.2s 18.73w):Loading Device Part xcvc1902-vsvd1760-2MP-e-S
INFO: [aiecompiler 77-757] Opening input file: ./Work/temp/graph.json
INFO: [aiecompiler 77-656] Processing Graph 'root'
INFO: [aiecompiler 77-404] Executing Cmd: mkdir -p ./Work/aie/ir;
	cd ./Work/aie/ir;
	touch empty.cc;
	chesscc +f +s -p me -P ${XILINX_VITIS_AIETOOLS}/data/versal_prod/lib +Wllvm,-O2,-fno-jump-tables,-femit-all-decls,-fno-discard-value-names,-mllvm,-chess-collapse-struct-types-during-linking=0,-Xclang,-chess-only-info-critical-passes,-g -D__AIENGINE__ -D__AIEARCH__=10 -I ${XILINX_VITIS_AIETOOLS}/data/versal_prod/lib -I ${XILINX_VITIS_AIETOOLS}/data/versal_prod/lib/runtime_cxx/libcxx-lite/include -I ${XILINX_VITIS_AIETOOLS}/data/versal_prod/lib/runtime_cxx/libs/libcxx-9.0.0/include-lite -I ${XILINX_VITIS_AIETOOLS}/data/versal_prod/lib/runtime/include empty.cc -o _header.ll;

INFO: [aiecompiler 77-404] Executing Cmd: make -C ./Work/aie/ir -j 8 -f i0_kmeans_kernel.makefile all 2>&1;

INFO: [aiecompiler 77-404] Executing Cmd: rm -f ./Work/aie/ir/i0_kmeans_kernel.makefile;

INFO: [aiecompiler 77-404] Executing Cmd: 	cd ./Work/aie/ir;
	export XILINX_CARDANO_KERNEL_ANALYSIS_OPTIONS="-spec=i0_kmeans_kernel_spec.json" ;
	${XILINX_VITIS_AIETOOLS}/lnx64.o/tools/clang/bin/opt -S -load-pass-plugin ${XILINX_VITIS_AIETOOLS}/lib/lnx64.o/libLLVMKernelAnalysis.so -passes=kernel_analysis i0_kmeans_kernel.ll > /dev/null;

INFO: [aiecompiler 77-5917] Repetition count for aie_graph.kmeans_kernel is 1.
INFO: [aiecompiler 77-281] ###Writing Partition Data To JSON File ./Work/temp/graph_partition.json
INFO: [aiecompiler 18-6359] No Clock Expansion Window constraints config file entry for device xcvc1902.  GCLK Deskew mode will be Off and cannot be enabled via GCLK_DESKEW override.
INFO: [aiecompiler 18-5720] The default GCLK Deskew mode is Off.
Check AIE-PRE-MAPPER has run: 0 errors
AIE Mapper Partitioner succeeded.
INFO: [aiecompiler 47-778] Running Pass 0 of AIE Mapper.
INFO: [aiecompiler 47-777] Running Global placer
INFO: [aiecompiler 47-776] Running Detail placer
INFO: [aiecompiler 47-116] Mapper found an optimal solution for BufferOptLevel9.
Check AIE-MAPPER has run: 0 errors
AIE Mapper Solution Checker succeeded.
INFO: [aiecompiler 77-280] ###Writing Mapped Data To JSON File ./Work/temp/graph_mapped.json
INFO: [aiecompiler 77-1012] Writing Mapping Information To Constraints File ./Work/temp/graph_aie_mapped.aiecst
INFO: [aiecompiler 77-4161] Generating AIE shim-constraint file at: ./Work/arch/aie_interface.aieintfcst
INFO: [aiecompiler 77-4165] Opening AIE shim-constraints schema JSON file: /home/xilinx/software/Vivado/2022.2/data/parts/xilinx/common/noc/schemas/constraints.json
INFO: [aiecompiler 77-310] Generating logical architecture in file ./Work/arch/logical_arch_aie.larch
INFO: [aiecompiler 77-313] Initializing logical architecture from file ./Work/arch/logical_arch_aie.larch
Target Part xcvc1902-vsvd1760-2MP-e-S 0xe2755b0
Create HARTArchHelperV8
Create HARTArchHelperV8
Create HARTArchHelperV10
HARTArchConstsV10::initialize
BOUNCE_MIN_DIST 1, 1
HARTArchConstsV10::initialize - done
New Arch Helper: 0x7254aa70 for device: 0xe2755b0
INFO: [aiecompiler 35-3142] AIE Router building the Nodegraph
Target Part: xcvc1902-vsvd1760-2MP-e-S 0xe2755b0
Cols: 50 Rows: 9
Slave Net Limit: 4
FirstActiveCoreTileCol 0 FirstArctiveCoreTileRow 0
FirstActiveCoreTileCol 0 FirstArctiveCoreTileRow 1
Num tile types: 8
Adding tile type: AIE_INTF_A_CORE with 262 nodes.
Adding tile type: AIE_INTF_B0_CORE with 3324 nodes.
Adding tile type: AIE_INTF_B1_CORE with 3220 nodes.
Adding tile type: AIE_INTF_B2_CORE with 3220 nodes.
Adding tile type: AIE_INTF_B3_CORE with 3158 nodes.
Adding tile type: AIE_INTF_C_CORE with 3324 nodes.
Adding tile type: AIE_TILE with 744 nodes.
Adding tile type: AIE_TILE_MY with 744 nodes.
Number of Tiles created: 450
INFO: [aiecompiler 35-3197] AIE Router finished building the Nodegraph.
INFO: [aiecompiler 35-3196] AIE Router Nodegraph build cpu time 11.620000 wall time 15.880000
INFO: [aiecompiler 35-3225] AIE Router starting Netlist building.
INFO: [aiecompiler 35-3162] AIE Router creating Pin Mapper
Running AIE Post-Map Finalizer.
Post-Map Finalizer succeeded.
INFO: [aiecompiler 35-3211] AIE Router finished creating Pin Mapper.
INFO: [aiecompiler 35-3212] AIE Router Pin Mapper creation cpu time 0.130000 wall time 1.250000
Instance: aie_graph.kmeans_kernel is placed at AIE_CORE_X24Y0
Instance: in_plio_kmeans is placed at AIE_PL_X23Y0
Instance: out_plio_kmeans is placed at AIE_PL_X23Y0
Created Net for : net1 : 0 , 2
Net : 0 has demand: 100 : 1.000000
Term:  term (2: 24,1,7)D  0 is 1. 0
Term:  term (0: 24,0,1546)L  1 is 1. 0
Created Net for : net0 : 2 , 4
Net : 1 has demand: 100 : 1.000000
Term:  term (1: 24,0,1393)D  2 is 1. 1
Term:  term (2: 24,1,33)L  3 is 1. 1
Post Netlist Builder Checksum | NetGraph: 2228821235 | NumContArr: 4173546555
INFO: [aiecompiler 35-3182] AIE Router finished building the Netlist.
INFO: [aiecompiler 35-3183] AIE Router Netlist building cpu time 0.230000 wall time 2.510000
INFO: [aiecompiler 35-3223] AIE Router starting Constraint Manager.
Reading area constraints.
Area group:  Contain Routing Rects : {{(0, 1)(49, 8)} {(0, 0)(49, 0)}  containing portions of netIds in this group: { 0 1 }
Area group:  Contain Routing Rects : {{(0, 1)(49, 8)} {(0, 0)(49, 0)}  containing portions of netIds in this group: { 0 1 }
INFO: [aiecompiler 35-3148] AIE Router finished reading area constraints.
INFO: [aiecompiler 35-3147] AIE Router Constraint Manager cpu time -0.000000 wall time 0.080000
Fifo threshold is 40.
INFO: [aiecompiler 35-3326] AIE Router starting projection of pins
Running AIE Post-Map Finalizer.
Post-Map Finalizer succeeded.
Projecting Net 0 of logical net net1 
Projecting Net 1 of logical net net0 
INFO: [aiecompiler 35-3325] AIE Router finished projection of pins
INFO: [aiecompiler 35-3324] AIE Router Projection cpu time 0.000000 wall time 0.010000
INFO: [aiecompiler 35-3224] AIE Router starting Cost Builder.
INFO: [aiecompiler 35-3152] AIE Router finished Cost Builder.
INFO: [aiecompiler 35-3151] AIE Router Cost Builder cpu time 0.000000 wall time -0.000000
Router is running in timing mode: 0
Trace merge enabled: 1
Found 2 nets and 0 trace nets.
INFO: [aiecompiler 35-3226] AIE Router starting to route nets.
In routeIR
Initializing AIERouter
About to generate capMap
Reset capMap
Done generating capMap
About to create routeNetData
Created routeNetImage
Cost Coeffs: m_costCoef 1, m_congCostCoef 0.3, m_iterCostCoef 0.4, m_histCostCoef 3
CostMgr nodeGraph::getClkRgnInfo status: 0
Creating HDRTPinDelayHelperV10 for floorplan 0x71088460
HDRTPinDelayHelperV10:: Creating pin delay helper
Creating routeNetData
Created routeNetData
Done setting delay costs
Done with creating routeNetData
About to create routeTaskMgr
Router is running in Single-threaded mode
Created congestion calculator obj
Done Initializing AIERouter
Num nets to route: 2
BufferFromBel: sysmem0 on (24,0,0) has: <0,6176>
BufferFromBel: sysmem0 on (24,0,0) has: <globalOffset, fullSize> <0,6176>
Total number of components: 1
No FIFO terms found to need Global ILP, skipping

--GLOBAL Congestion:
Utilization threshold used for congestion level computation: 1
Congestion Report
North Dir Cong Level = 0 Max Cong = 0.166667 No Congested Regions.
South Dir Cong Level = 0 Max Cong = 0.25 No Congested Regions.
East Dir Cong Level = 0 Max Cong = 0 No Congested Regions.
West Dir Cong Level = 0 Max Cong = 0 No Congested Regions.

------------------------------
Reporting congestion hotspots
------------------------------
Direction: North
----------------
Congested clusters found at Level 0
Effective congestion level: 0 Aspect Ratio: 1 Sparse Ratio: 0
Direction: South
----------------
Congested clusters found at Level 0
Effective congestion level: 0 Aspect Ratio: 1 Sparse Ratio: 0
Direction: East
----------------
Congested clusters found at Level 0
Effective congestion level: 0 Aspect Ratio: 1 Sparse Ratio: 0
Direction: West
----------------
Congested clusters found at Level 0
Effective congestion level: 0 Aspect Ratio: 1 Sparse Ratio: 0


INFO: [aiecompiler 35-21] Average Estimated Local Routing Congestion:
 +-----------+-------------+-------------+
 | Direction | Region Size | Utilization |
 +-----------+-------------+-------------+
 | North     | 1 x 1       |      16.67% |
 | South     | 1 x 1       |      25.00% |
 | East      | 1 x 1       |       0.00% |
 | West      | 1 x 1       |       0.00% |
 +-----------+-------------+-------------+

Initial Routing Congestion Level : 0
NORTH:
~~~~~~~~~~~~~~~~~~~~~~~~~~~~~~~~~~~~~~~~~~~~~~~~~~~~~~~~~~~~~~~~~~~~~~~~~~~~~~~~~~~~~~~~~~~~~~~~~~~~~~~~~~~~~~~~~~~~~~~~~~~~~~~~~
| 1             | 2             | 3             | 4             | 5             | 6             | 7             | 8             |
~~~~~~~~~~~~~~~~~~~~~~~~~~~~~~~~~~~~~~~~~~~~~~~~~~~~~~~~~~~~~~~~~~~~~~~~~~~~~~~~~~~~~~~~~~~~~~~~~~~~~~~~~~~~~~~~~~~~~~~~~~~~~~~~~
| 30000 (0.33%) | 30000 (0.00%) | 30000 (0.00%) | 30000 (0.00%) | 30000 (0.00%) | 30000 (0.00%) | 30000 (0.00%) | 30000 (0.00%) |
~~~~~~~~~~~~~~~~~~~~~~~~~~~~~~~~~~~~~~~~~~~~~~~~~~~~~~~~~~~~~~~~~~~~~~~~~~~~~~~~~~~~~~~~~~~~~~~~~~~~~~~~~~~~~~~~~~~~~~~~~~~~~~~~~
SOUTH:
~~~~~~~~~~~~~~~~~~~~~~~~~~~~~~~~~~~~~~~~~~~~~~~~~~~~~~~~~~~~~~~~~~~~~~~~~~~~~~~~~~~~~~~~~~~~~~~~~~~~~~~~~~~~~~~~~~~~~~~~~~~~~~~~~
| 1             | 2             | 3             | 4             | 5             | 6             | 7             | 8             |
~~~~~~~~~~~~~~~~~~~~~~~~~~~~~~~~~~~~~~~~~~~~~~~~~~~~~~~~~~~~~~~~~~~~~~~~~~~~~~~~~~~~~~~~~~~~~~~~~~~~~~~~~~~~~~~~~~~~~~~~~~~~~~~~~
| 20000 (0.50%) | 20000 (0.00%) | 20000 (0.00%) | 20000 (0.00%) | 20000 (0.00%) | 20000 (0.00%) | 20000 (0.00%) | 20000 (0.00%) |
~~~~~~~~~~~~~~~~~~~~~~~~~~~~~~~~~~~~~~~~~~~~~~~~~~~~~~~~~~~~~~~~~~~~~~~~~~~~~~~~~~~~~~~~~~~~~~~~~~~~~~~~~~~~~~~~~~~~~~~~~~~~~~~~~
EAST:
~~~~~~~~~~~~~~~~~~~~~~~~~~~~~~~~~~~~~~~~~~~~~~~~~~~~~~~~~~~~~~~~~~~~~~~~~~~~~~~~~~~~~~~~~~~~~~~~~~~~~~~~~~~~~~~~~~~~~~~~~~~~~~~~~~~~~~~~~~~~~~~~~~~~~~~~~~~~~~~~~~~~~~~~~~~~~~~~~~~~~~~~~~~~~~~~~~~~~~~~~~~~~~~~~~~~~~~~~~~~~~~~~~~~~~~~~~~~~~~~~~~~~~~~~~~~~~~~~~~~~~~~~~~~~~~~~~~~~~~~~~~~~~~~~~~~~~~~~~~~~~~~~~~~~~~~~~~~~~~~~~~~~~~~~~~~~~~~~~~~~~~~~~~~~~~~~~~~~~~~~~~~~~~~~~~~~~~~~~~~~~~~~~~~~~~~~~~~~~~~~~~~~~~~~~~~~~~~~~~~~~~~~~~~~~~~~~~~~~~~~~~~~~~~~~~~~~~~~~~~~~~~~~~~~~~~~~~~~~~~~~~~~~~~~~~~~~~~~~~~~~~~~~~~~~~~~~~~~~~~~~~~~~~~~~~~~~~~~~~~~~~~~~~~~~~~~~~~~~~~~~~~~~~~~~~~~~~~~~~~~~~~~~~~~~~~~~~~~~~~~~~~~~~~~~~~~~~~~~~~~~~~~~~~~~~~~~~~~~~~~~~~~~~~~~~~~~~~~~~~~~~~~~~~~~~~~~~~~~~~~~~~~~~~~~~~~~~~~~~~~~~~~~~~~~~~~~~~~~~~~~~~~~~~~~~~~~~~
| 1            | 2            | 3            | 4            | 5            | 6            | 7            | 8            | 9            | 10           | 11           | 12           | 13           | 14           | 15           | 16           | 17           | 18           | 19           | 20           | 21           | 22           | 23           | 24           | 25           | 26           | 27           | 28           | 29           | 30           | 31           | 32           | 33           | 34           | 35           | 36           | 37           | 38           | 39           | 40           | 41           | 42           | 43           | 44           | 45           | 46           | 47           | 48           | 49           |
~~~~~~~~~~~~~~~~~~~~~~~~~~~~~~~~~~~~~~~~~~~~~~~~~~~~~~~~~~~~~~~~~~~~~~~~~~~~~~~~~~~~~~~~~~~~~~~~~~~~~~~~~~~~~~~~~~~~~~~~~~~~~~~~~~~~~~~~~~~~~~~~~~~~~~~~~~~~~~~~~~~~~~~~~~~~~~~~~~~~~~~~~~~~~~~~~~~~~~~~~~~~~~~~~~~~~~~~~~~~~~~~~~~~~~~~~~~~~~~~~~~~~~~~~~~~~~~~~~~~~~~~~~~~~~~~~~~~~~~~~~~~~~~~~~~~~~~~~~~~~~~~~~~~~~~~~~~~~~~~~~~~~~~~~~~~~~~~~~~~~~~~~~~~~~~~~~~~~~~~~~~~~~~~~~~~~~~~~~~~~~~~~~~~~~~~~~~~~~~~~~~~~~~~~~~~~~~~~~~~~~~~~~~~~~~~~~~~~~~~~~~~~~~~~~~~~~~~~~~~~~~~~~~~~~~~~~~~~~~~~~~~~~~~~~~~~~~~~~~~~~~~~~~~~~~~~~~~~~~~~~~~~~~~~~~~~~~~~~~~~~~~~~~~~~~~~~~~~~~~~~~~~~~~~~~~~~~~~~~~~~~~~~~~~~~~~~~~~~~~~~~~~~~~~~~~~~~~~~~~~~~~~~~~~~~~~~~~~~~~~~~~~~~~~~~~~~~~~~~~~~~~~~~~~~~~~~~~~~~~~~~~~~~~~~~~~~~~~~~~~~~~~~~~~~~~~~~~~~~~~~~~~~~~~~~~~~~~
| 3600 (0.00%) | 3600 (0.00%) | 3600 (0.00%) | 3600 (0.00%) | 3600 (0.00%) | 3600 (0.00%) | 3600 (0.00%) | 3600 (0.00%) | 3600 (0.00%) | 3600 (0.00%) | 3600 (0.00%) | 3600 (0.00%) | 3600 (0.00%) | 3600 (0.00%) | 3600 (0.00%) | 3600 (0.00%) | 3600 (0.00%) | 3600 (0.00%) | 3600 (0.00%) | 3600 (0.00%) | 3600 (0.00%) | 3600 (0.00%) | 3600 (0.00%) | 3600 (0.00%) | 3600 (0.00%) | 3600 (0.00%) | 3600 (0.00%) | 3600 (0.00%) | 3600 (0.00%) | 3600 (0.00%) | 3600 (0.00%) | 3600 (0.00%) | 3600 (0.00%) | 3600 (0.00%) | 3600 (0.00%) | 3600 (0.00%) | 3600 (0.00%) | 3600 (0.00%) | 3600 (0.00%) | 3600 (0.00%) | 3600 (0.00%) | 3600 (0.00%) | 3600 (0.00%) | 3600 (0.00%) | 3600 (0.00%) | 3600 (0.00%) | 3600 (0.00%) | 3600 (0.00%) | 3600 (0.00%) |
~~~~~~~~~~~~~~~~~~~~~~~~~~~~~~~~~~~~~~~~~~~~~~~~~~~~~~~~~~~~~~~~~~~~~~~~~~~~~~~~~~~~~~~~~~~~~~~~~~~~~~~~~~~~~~~~~~~~~~~~~~~~~~~~~~~~~~~~~~~~~~~~~~~~~~~~~~~~~~~~~~~~~~~~~~~~~~~~~~~~~~~~~~~~~~~~~~~~~~~~~~~~~~~~~~~~~~~~~~~~~~~~~~~~~~~~~~~~~~~~~~~~~~~~~~~~~~~~~~~~~~~~~~~~~~~~~~~~~~~~~~~~~~~~~~~~~~~~~~~~~~~~~~~~~~~~~~~~~~~~~~~~~~~~~~~~~~~~~~~~~~~~~~~~~~~~~~~~~~~~~~~~~~~~~~~~~~~~~~~~~~~~~~~~~~~~~~~~~~~~~~~~~~~~~~~~~~~~~~~~~~~~~~~~~~~~~~~~~~~~~~~~~~~~~~~~~~~~~~~~~~~~~~~~~~~~~~~~~~~~~~~~~~~~~~~~~~~~~~~~~~~~~~~~~~~~~~~~~~~~~~~~~~~~~~~~~~~~~~~~~~~~~~~~~~~~~~~~~~~~~~~~~~~~~~~~~~~~~~~~~~~~~~~~~~~~~~~~~~~~~~~~~~~~~~~~~~~~~~~~~~~~~~~~~~~~~~~~~~~~~~~~~~~~~~~~~~~~~~~~~~~~~~~~~~~~~~~~~~~~~~~~~~~~~~~~~~~~~~~~~~~~~~~~~~~~~~~~~~~~~~~~~~~~~~~~~~~~
WEST:
~~~~~~~~~~~~~~~~~~~~~~~~~~~~~~~~~~~~~~~~~~~~~~~~~~~~~~~~~~~~~~~~~~~~~~~~~~~~~~~~~~~~~~~~~~~~~~~~~~~~~~~~~~~~~~~~~~~~~~~~~~~~~~~~~~~~~~~~~~~~~~~~~~~~~~~~~~~~~~~~~~~~~~~~~~~~~~~~~~~~~~~~~~~~~~~~~~~~~~~~~~~~~~~~~~~~~~~~~~~~~~~~~~~~~~~~~~~~~~~~~~~~~~~~~~~~~~~~~~~~~~~~~~~~~~~~~~~~~~~~~~~~~~~~~~~~~~~~~~~~~~~~~~~~~~~~~~~~~~~~~~~~~~~~~~~~~~~~~~~~~~~~~~~~~~~~~~~~~~~~~~~~~~~~~~~~~~~~~~~~~~~~~~~~~~~~~~~~~~~~~~~~~~~~~~~~~~~~~~~~~~~~~~~~~~~~~~~~~~~~~~~~~~~~~~~~~~~~~~~~~~~~~~~~~~~~~~~~~~~~~~~~~~~~~~~~~~~~~~~~~~~~~~~~~~~~~~~~~~~~~~~~~~~~~~~~~~~~~~~~~~~~~~~~~~~~~~~~~~~~~~~~~~~~~~~~~~~~~~~~~~~~~~~~~~~~~~~~~~~~~~~~~~~~~~~~~~~~~~~~~~~~~~~~~~~~~~~~~~~~~~~~~~~~~~~~~~~~~~~~~~~~~~~~~~~~~~~~~~~~~~~~~~~~~~~~~~~~~~~~~~~~~~~~~~~~~~~~~~~~~~~~~~~~~~~~~~~~
| 1            | 2            | 3            | 4            | 5            | 6            | 7            | 8            | 9            | 10           | 11           | 12           | 13           | 14           | 15           | 16           | 17           | 18           | 19           | 20           | 21           | 22           | 23           | 24           | 25           | 26           | 27           | 28           | 29           | 30           | 31           | 32           | 33           | 34           | 35           | 36           | 37           | 38           | 39           | 40           | 41           | 42           | 43           | 44           | 45           | 46           | 47           | 48           | 49           |
~~~~~~~~~~~~~~~~~~~~~~~~~~~~~~~~~~~~~~~~~~~~~~~~~~~~~~~~~~~~~~~~~~~~~~~~~~~~~~~~~~~~~~~~~~~~~~~~~~~~~~~~~~~~~~~~~~~~~~~~~~~~~~~~~~~~~~~~~~~~~~~~~~~~~~~~~~~~~~~~~~~~~~~~~~~~~~~~~~~~~~~~~~~~~~~~~~~~~~~~~~~~~~~~~~~~~~~~~~~~~~~~~~~~~~~~~~~~~~~~~~~~~~~~~~~~~~~~~~~~~~~~~~~~~~~~~~~~~~~~~~~~~~~~~~~~~~~~~~~~~~~~~~~~~~~~~~~~~~~~~~~~~~~~~~~~~~~~~~~~~~~~~~~~~~~~~~~~~~~~~~~~~~~~~~~~~~~~~~~~~~~~~~~~~~~~~~~~~~~~~~~~~~~~~~~~~~~~~~~~~~~~~~~~~~~~~~~~~~~~~~~~~~~~~~~~~~~~~~~~~~~~~~~~~~~~~~~~~~~~~~~~~~~~~~~~~~~~~~~~~~~~~~~~~~~~~~~~~~~~~~~~~~~~~~~~~~~~~~~~~~~~~~~~~~~~~~~~~~~~~~~~~~~~~~~~~~~~~~~~~~~~~~~~~~~~~~~~~~~~~~~~~~~~~~~~~~~~~~~~~~~~~~~~~~~~~~~~~~~~~~~~~~~~~~~~~~~~~~~~~~~~~~~~~~~~~~~~~~~~~~~~~~~~~~~~~~~~~~~~~~~~~~~~~~~~~~~~~~~~~~~~~~~~~~~~~~~~
| 3600 (0.00%) | 3600 (0.00%) | 3600 (0.00%) | 3600 (0.00%) | 3600 (0.00%) | 3600 (0.00%) | 3600 (0.00%) | 3600 (0.00%) | 3600 (0.00%) | 3600 (0.00%) | 3600 (0.00%) | 3600 (0.00%) | 3600 (0.00%) | 3600 (0.00%) | 3600 (0.00%) | 3600 (0.00%) | 3600 (0.00%) | 3600 (0.00%) | 3600 (0.00%) | 3600 (0.00%) | 3600 (0.00%) | 3600 (0.00%) | 3600 (0.00%) | 3600 (0.00%) | 3600 (0.00%) | 3600 (0.00%) | 3600 (0.00%) | 3600 (0.00%) | 3600 (0.00%) | 3600 (0.00%) | 3600 (0.00%) | 3600 (0.00%) | 3600 (0.00%) | 3600 (0.00%) | 3600 (0.00%) | 3600 (0.00%) | 3600 (0.00%) | 3600 (0.00%) | 3600 (0.00%) | 3600 (0.00%) | 3600 (0.00%) | 3600 (0.00%) | 3600 (0.00%) | 3600 (0.00%) | 3600 (0.00%) | 3600 (0.00%) | 3600 (0.00%) | 3600 (0.00%) | 3600 (0.00%) |
~~~~~~~~~~~~~~~~~~~~~~~~~~~~~~~~~~~~~~~~~~~~~~~~~~~~~~~~~~~~~~~~~~~~~~~~~~~~~~~~~~~~~~~~~~~~~~~~~~~~~~~~~~~~~~~~~~~~~~~~~~~~~~~~~~~~~~~~~~~~~~~~~~~~~~~~~~~~~~~~~~~~~~~~~~~~~~~~~~~~~~~~~~~~~~~~~~~~~~~~~~~~~~~~~~~~~~~~~~~~~~~~~~~~~~~~~~~~~~~~~~~~~~~~~~~~~~~~~~~~~~~~~~~~~~~~~~~~~~~~~~~~~~~~~~~~~~~~~~~~~~~~~~~~~~~~~~~~~~~~~~~~~~~~~~~~~~~~~~~~~~~~~~~~~~~~~~~~~~~~~~~~~~~~~~~~~~~~~~~~~~~~~~~~~~~~~~~~~~~~~~~~~~~~~~~~~~~~~~~~~~~~~~~~~~~~~~~~~~~~~~~~~~~~~~~~~~~~~~~~~~~~~~~~~~~~~~~~~~~~~~~~~~~~~~~~~~~~~~~~~~~~~~~~~~~~~~~~~~~~~~~~~~~~~~~~~~~~~~~~~~~~~~~~~~~~~~~~~~~~~~~~~~~~~~~~~~~~~~~~~~~~~~~~~~~~~~~~~~~~~~~~~~~~~~~~~~~~~~~~~~~~~~~~~~~~~~~~~~~~~~~~~~~~~~~~~~~~~~~~~~~~~~~~~~~~~~~~~~~~~~~~~~~~~~~~~~~~~~~~~~~~~~~~~~~~~~~~~~~~~~~~~~~~~~~~~~~~
INFO: [aiecompiler 35-3366] Initial Estimated Cut Congestion
NORTH: No Congestion
SOUTH: No Congestion
EAST: No Congestion
WEST: No Congestion


MT: cpu time 0.070000 wall time 0.300000
New CongCostCoef: 0.3
New IterCostCoef: 0.4
INFO: [aiecompiler 35-3172] AIE Router is on Global Iteration: 0
 Local Iteration: 2
During local iter 2 : 0 data nets were re-routed for congestion
Updating history
Generating stats
Reporting stats
INFO: [aiecompiler 35-3130] AIE Router Local Iteration Report: 
    IterNum: 2
    Nets Routed: 0
    Total Expand: 0.000198M
    Total Pop: 0.000129M
    Total Eval: 0.000198M
    Total nodes with num nets overflow: 0
    Total node congestion because of nets: 0
    Total num of over utilized nodes : 0
    Total over utilization : 0

There are no negative slack systems in this design, skipping router balancing
Done with data net routing
Local Iter: cpu time 0.010000, wall time 0.030000
Global Iter: cpu time 0.010000, 0.030000
Trace graph pruning is enabled
Found buffer at bel: AIE_MEMGRP_BANK0
Found 0 new trace nets to route
INFO: [aiecompiler 35-3329] Trace Net Routing Global Iteration 0
New CongCostCoef: 0.3
New IterCostCoef: 0.4
Trace Net Routing Local Iteration: 2
Updating history
Generating stats
Reporting stats
INFO: [aiecompiler 35-3130] AIE Router Local Iteration Report: 
    IterNum: 2
    Nets Routed: 0
    Total Expand: 0.000198M
    Total Pop: 0.000129M
    Total Eval: 0.000198M
    Total nodes with num nets overflow: 0
    Total node congestion because of nets: 0
    Total num of over utilized nodes : 0
    Total over utilization : 0

Trace net routing converged, total trace nets routed in this phase: 0
Trace Net Routing Local Iter: cpu time 0.010000, wall time 0.030000
No new trace nets to route
Trace Net Routing Local Iteration: 3
Updating history
Generating stats
Reporting stats
INFO: [aiecompiler 35-3130] AIE Router Local Iteration Report: 
    IterNum: 3
    Nets Routed: 0
    Total Expand: 0.000198M
    Total Pop: 0.000129M
    Total Eval: 0.000198M
    Total nodes with num nets overflow: 0
    Total node congestion because of nets: 0
    Total num of over utilized nodes : 0
    Total over utilization : 0

Trace net routing converged, total trace nets routed in this phase: 0
Trace Net Routing Local Iter: cpu time 0.010000, wall time 0.020000
Trace Net Routing Global Iter: cpu time 0.020000, 0.060000
Number of trace nets that were skipped routing: 0
INFO: [aiecompiler 35-3391] Estimated FIFO Congestion
~~~~~~~~~~~~~~~~~~~~~~~~~~~~~~~~~~~~~~~~~~~
| Type        | Region Size | Utilisation |
~~~~~~~~~~~~~~~~~~~~~~~~~~~~~~~~~~~~~~~~~~~
| Switch FIFO | 1x1         |  0.00%      |
~~~~~~~~~~~~~~~~~~~~~~~~~~~~~~~~~~~~~~~~~~~
| DMA FIFO    | 1x1         |  0.00%      |
~~~~~~~~~~~~~~~~~~~~~~~~~~~~~~~~~~~~~~~~~~~


Post Router Checksum | NetGraph: 2975433528 | NumContArr: 2855047464
INFO: [aiecompiler 35-3220] AIE Router finished routing nets.
INFO: [aiecompiler 35-3219] AIE Router routing cpu time 0.330000 wall time 1.170000
Running AIE Post-Map Finalizer.
Post-Map Finalizer succeeded.
No shared packet switched routing resources used in this design
Total Data net Wirelength is : 2
Total Trace net Wirelength is : 0
INFO: [aiecompiler 35-3252] AIE Router successfully routed all nets.
Deposit net 0
Deposited tree of size 9 for net net1
Deposit net 1
Deposited tree of size 9 for net net0
Total Number of unique Switch FIFOs: 0
Running AIE Post-Map Finalizer.
Post-Map Finalizer succeeded.
Ordered merge post process: Adding BD config broadcast nets
Running AIE Post-Map Finalizer.
Post-Map Finalizer succeeded.
Check routing solution
Found 3 placed insts
Found 2 nets to be routed
2 nets to route
0 nets have no route solution
0 nets have invalid pin assignment
0 nets not fully routed
0 nets were skipped routing
0 nodes exceeding max demand
Wall = 0.3 secs
Check AIE-ROUTER has run: 0 errors
HDRTPinDelayHelperV10:: Clearing pin delay helper
Releasing pin delay helper for floorplan 0x71088460
HDRTPinDelayHelperV10:: Releasing Pin Dly Helper
NodeGraph Released.
DeviceData Released.
INFO: [aiecompiler 77-336] Producing aieshim solution for router in ./Work/arch/aieshim_solution.aiesol
INFO: [aiecompiler 77-404] Executing Cmd: cd ./Work/noc;
Generating placement and routing for NoC components
NoC TrafficSpec | Checksum: d7ff4cec
NoC Constraints | Checksum: 240bb8de
NoC Incremental Solution | Checksum: 8cee98bf
INFO: [aiecompiler 75-92] Running NOC Placement
INFO: [aiecompiler 75-122] Detailed placement phase
INFO: [aiecompiler 75-133] Running NOC Routing
NoC Compiler Finished Successfully
NoC Solution | Checksum: ce86f54
INFO: [aiecompiler 77-404] Executing Cmd: cd ./Work/noc; export RDI_DATA_DEPENDENCY=XILINX_VIVADO;export RDI_NO_JRE=1; loader -exec versal_noc_wizard --batch --device=xcvc1902-vsvd1760-2MP-e-S --traffic=noc_traffic.nts --compres=noc_soln.ncr --simulate=gen_lnoc_sh.ini
INFO: [aiecompiler 77-404] Executing Cmd: mkdir -p ./Work/aie/24_0/timestamped_log;

INFO: [aiecompiler 77-404] Executing Cmd: make -C ./Work/aie -O -j 8 -f 24_0.llgen.Makefile all 2>&1;

INFO: [aiecompiler 77-404] Executing Cmd: rm -f ./Work/aie/24_0.llgen.Makefile;

INFO: [aiecompiler 77-404] Executing Cmd: make -C ./Work/aie -O -j 8 -f 24_0.elfgen.Makefile all 2>&1;

INFO: [aiecompiler 77-404] Executing Cmd: rm -f ./Work/aie/24_0.elfgen.Makefile;

INFO: [aiecompiler 77-404] Executing Cmd: make -C ./Work/ps/c_rts/systemC -f Makefile all
INFO: [aiecompiler 77-404] Executing Cmd: make -C ./Work/ps/cdo -f Makefile all
INFO: [aiecompiler 77-5857] Start building AIE IP
INFO: [aiecompiler 77-5855] Number of AIE IP ports are : 2
INFO: [aiecompiler 77-5848] Added port on AIE IP: S00_AXIS  -->  in_plio_kmeans
INFO: [aiecompiler 77-5848] Added port on AIE IP: M00_AXIS  -->  out_plio_kmeans
INFO: [aiecompiler 77-5850] Done building AIE IP
INFO: [aiecompiler 77-1083] Adding hardware components under: ./Work/temp/hw.o 
INFO: [aiecompiler 77-1085] Adding software components under: ./Work/temp/sw.o 
INFO: [aiecompiler 77-5380] Adding config components under: ./Work/temp/cfg.o
INFO: [aiecompiler 77-1086] Generating hand-off archive: libadf.a
(WARNING:0, CRITICAL-WARNING:0, ERROR:0)
Compilation Complete
