Fri Jun 28 08:31:30 2024: Running xcd server. This server was built by gradle.
Fri Jun 28 08:31:30 2024: Server was asked to start on port: '43649'
Fri Jun 28 08:31:30 2024: Server is using token UUID: '62bf91e3-1d94-462b-8c62-ada343bc578e'
Fri Jun 28 08:31:30 2024: SESSION_MGR: creating session with session uuid: '6d04a3e9-ade5-4ab9-8d63-1f78fcd2ec76' and name 'default'
Fri Jun 28 08:31:30 2024: Attempting to start server on port '43649'
Fri Jun 28 08:31:30 2024: XCD main fifo: created main fifo '/tmp/xcdmain62bf91e3-1d94-462b-8c62-ada343bc578e', fd read = 12
Fri Jun 28 08:31:30 2024: Running Dispatch Server
Fri Jun 28 08:31:30 2024: Version 2.2.0
Fri Jun 28 08:31:37 2024: Dispatch Server: Accepted socket connection from client
Fri Jun 28 08:31:37 2024: Starting Socket connection
Fri Jun 28 08:31:37 2024: EXCHANGE_TOKEN received, server token: 62bf91e3-1d94-462b-8c62-ada343bc578e, passed token: 62bf91e3-1d94-462b-8c62-ada343bc578e
Fri Jun 28 08:31:37 2024: SESSION_MGR: creating session with session uuid: '19041b10-e68d-4b08-a15d-2a55c437e815' and name 'AIE Compilation'
Fri Jun 28 08:31:37 2024: KERNEL_SVC: creating session with uuid: '19041b10-e68d-4b08-a15d-2a55c437e815' and name 'AIE Compilation'
Fri Jun 28 08:31:37 2024: GUIDANCE_SMGR: creating guidance session with uuid: '19041b10-e68d-4b08-a15d-2a55c437e815' and name 'AIE Compilation'
Fri Jun 28 08:31:56 2024: Dispatch Server: Accepted socket connection from client
Fri Jun 28 08:31:56 2024: Starting Socket connection
Fri Jun 28 08:38:46 2024: SESSION_MGR: closing session for UUID '19041b10-e68d-4b08-a15d-2a55c437e815' with name ''
Fri Jun 28 08:38:46 2024: KERNEL_SVC: closing session for UUID '19041b10-e68d-4b08-a15d-2a55c437e815' with name ''
Fri Jun 28 08:38:46 2024: GUIDANCE_SMGR: closing session for UUID '19041b10-e68d-4b08-a15d-2a55c437e815' with name ''
Fri Jun 28 08:38:47 2024: STOP_SERVER received, server token: 62bf91e3-1d94-462b-8c62-ada343bc578e, passed token: 62bf91e3-1d94-462b-8c62-ada343bc578e
Fri Jun 28 08:38:47 2024: Socket received request to stop server.
Fri Jun 28 08:38:47 2024: Dispatch Server: do_await_stop
Fri Jun 28 08:38:47 2024: Dispatch Server: stopping mainFifo_
Fri Jun 28 08:38:47 2024: XCD main fifo: Stopping
Fri Jun 28 08:38:47 2024: XCD main fifo: do_read error code: Operation canceled
Fri Jun 28 08:38:47 2024: XCD main fifo: bytes_transferred: 0
Fri Jun 28 08:38:47 2024: SERVER: destructor for server bound to port 43649
Fri Jun 28 08:38:47 2024: XCD main fifo: Good unlink of /tmp/xcdmain62bf91e3-1d94-462b-8c62-ada343bc578e
Fri Jun 28 08:38:47 2024: Server exiting with status 0.
Fri Jun 28 08:38:47 2024: Closing log file.
