
*** Running vivado
    with args -log ulp_inst_0_reset_sync_kernel0_0.vds -m64 -product Vivado -mode batch -messageDb vivado.pb -notrace -source ulp_inst_0_reset_sync_kernel0_0.tcl


****** Vivado v2022.2.2 (64-bit)
  **** SW Build 3788238 on Tue Feb 21 19:59:23 MST 2023
  **** IP Build 3783773 on Tue Feb 21 23:41:56 MST 2023
    ** Copyright 1986-2023 Xilinx, Inc. All Rights Reserved.

source ulp_inst_0_reset_sync_kernel0_0.tcl -notrace
INFO: Dispatch client connection id - 45305
create_project: Time (s): cpu = 00:00:13 ; elapsed = 00:02:06 . Memory (MB): peak = 1834.984 ; gain = 88.992 ; free physical = 1543 ; free virtual = 9887
INFO: [IP_Flow 19-234] Refreshing IP repositories
INFO: [IP_Flow 19-1700] Loaded user IP repository '/home/users/eleonora.cabai/Documents/K-Means-AIE/hw/_x/link/int/xo/ip_repo/xilinx_com_hls_sink_from_aie_1_0'.
INFO: [IP_Flow 19-1700] Loaded user IP repository '/home/users/eleonora.cabai/Documents/K-Means-AIE/hw/_x/link/int/xo/ip_repo/xilinx_com_hls_setup_aie_1_0'.
INFO: [IP_Flow 19-1700] Loaded user IP repository '/home/users/eleonora.cabai/Documents/K-Means-AIE/hw/_x/link/vivado/vpl/.local/hw_platform/iprepo'.
INFO: [IP_Flow 19-1700] Loaded user IP repository '/home/users/eleonora.cabai/Documents/K-Means-AIE/hw/_x/link/vivado/vpl/.local/hw_platform/ipcache'.
INFO: [IP_Flow 19-1700] Loaded user IP repository '/home/xilinx/software/Vitis/2022.2/data/ip'.
INFO: [IP_Flow 19-2313] Loaded Vivado IP repository '/home/xilinx/software/Vivado/2022.2/data/ip'.
WARNING: [IP_Flow 19-1663] Duplicate IP found for 'xilinx.com:hls:Data_Mover_XIP:1.0'. The one found in IP location '/home/users/eleonora.cabai/Documents/K-Means-AIE/hw/_x/link/vivado/vpl/.local/hw_platform/iprepo/xilinx/data_mover' will take precedence over the same IP in location /home/xilinx/software/Vitis/2022.2/data/ip/xilinx/data_mover
WARNING: [IP_Flow 19-1663] Duplicate IP found for 'xilinx.com:ip:adapter_v3_0:1.0'. The one found in IP location '/home/users/eleonora.cabai/Documents/K-Means-AIE/hw/_x/link/vivado/vpl/.local/hw_platform/iprepo/xilinx/adapter_v3_0' will take precedence over the same IP in location /home/xilinx/software/Vitis/2022.2/data/ip/xilinx/adapter_v3_0
WARNING: [IP_Flow 19-1663] Duplicate IP found for 'xilinx.com:ip:axis_ic2sgdma:1.0'. The one found in IP location '/home/users/eleonora.cabai/Documents/K-Means-AIE/hw/_x/link/vivado/vpl/.local/hw_platform/iprepo/xilinx/axis_ic2sgdma_v1_0' will take precedence over the same IP in location /home/xilinx/software/Vitis/2022.2/data/ip/xilinx/axis_ic2sgdma_v1_0
WARNING: [IP_Flow 19-1663] Duplicate IP found for 'xilinx.com:ip:Event_Pulse:1.0'. The one found in IP location '/home/users/eleonora.cabai/Documents/K-Means-AIE/hw/_x/link/vivado/vpl/.local/hw_platform/iprepo/xilinx/event_pulse_v1_0' will take precedence over the same IP in location /home/xilinx/software/Vitis/2022.2/data/ip/xilinx/event_pulse_v1_0
WARNING: [IP_Flow 19-1663] Duplicate IP found for 'xilinx.com:ip:sds_lib:1.0'. The one found in IP location '/home/users/eleonora.cabai/Documents/K-Means-AIE/hw/_x/link/vivado/vpl/.local/hw_platform/iprepo/xilinx/sds_lib' will take precedence over the same IP in location /home/xilinx/software/Vitis/2022.2/data/ip/xilinx/sds_lib
WARNING: [IP_Flow 19-1663] Duplicate IP found for 'xilinx.com:sds:sds_mem_sink:1.0'. The one found in IP location '/home/users/eleonora.cabai/Documents/K-Means-AIE/hw/_x/link/vivado/vpl/.local/hw_platform/iprepo/xilinx/sds_mem_sink' will take precedence over the same IP in location /home/xilinx/software/Vitis/2022.2/data/ip/xilinx/sds_mem_sink
WARNING: [IP_Flow 19-1663] Duplicate IP found for 'xilinx.com:ip:xrt_queue:1.1'. The one found in IP location '/home/users/eleonora.cabai/Documents/K-Means-AIE/hw/_x/link/vivado/vpl/.local/hw_platform/iprepo/xilinx/xrt_queue_v1_1' will take precedence over the same IP in location /home/xilinx/software/Vitis/2022.2/data/ip/xilinx/xrt_queue_v1_1
WARNING: [IP_Flow 19-1663] Duplicate IP found for 'xilinx.com:ip:aximm_tieoff_v1_0:1.0'. The one found in IP location '/home/users/eleonora.cabai/Documents/K-Means-AIE/hw/_x/link/vivado/vpl/.local/hw_platform/iprepo/xilinx/aximm_tieoff_v1_0' will take precedence over the same IP in location /home/xilinx/software/Vitis/2022.2/data/ip/xilinx/aximm_tieoff_v1_0
WARNING: [IP_Flow 19-1663] Duplicate IP found for 'xilinx.com:ip:maxis_tieoff_v1_0:1.0'. The one found in IP location '/home/users/eleonora.cabai/Documents/K-Means-AIE/hw/_x/link/vivado/vpl/.local/hw_platform/iprepo/xilinx/maxis_tieoff_v1_0' will take precedence over the same IP in location /home/xilinx/software/Vitis/2022.2/data/ip/xilinx/maxis_tieoff_v1_0
WARNING: [IP_Flow 19-1663] Duplicate IP found for 'xilinx.com:ip:saxis_tieoff_v1_0:1.0'. The one found in IP location '/home/users/eleonora.cabai/Documents/K-Means-AIE/hw/_x/link/vivado/vpl/.local/hw_platform/iprepo/xilinx/saxis_tieoff_v1_0' will take precedence over the same IP in location /home/xilinx/software/Vitis/2022.2/data/ip/xilinx/saxis_tieoff_v1_0
WARNING: [IP_Flow 19-1663] Duplicate IP found for 'xilinx.com:ip:ovld_reg:1.0'. The one found in IP location '/home/users/eleonora.cabai/Documents/K-Means-AIE/hw/_x/link/vivado/vpl/.local/hw_platform/iprepo/xilinx/ovld_reg_v1_0' will take precedence over the same IP in location /home/xilinx/software/Vitis/2022.2/data/ip/xilinx/ovld_reg_v1_0
WARNING: [IP_Flow 19-1663] Duplicate IP found for 'xilinx.com:ip:xrt_queue:1.0'. The one found in IP location '/home/users/eleonora.cabai/Documents/K-Means-AIE/hw/_x/link/vivado/vpl/.local/hw_platform/iprepo/xilinx/xrt_queue_v1_0' will take precedence over the same IP in location /home/xilinx/software/Vitis/2022.2/data/ip/xilinx/xrt_queue_v1_0
WARNING: [IP_Flow 19-1663] Duplicate IP found for 'xilinx.com:ip:axi_fifo_register:3.0'. The one found in IP location '/home/users/eleonora.cabai/Documents/K-Means-AIE/hw/_x/link/vivado/vpl/.local/hw_platform/iprepo/xilinx/axi_fifo_register_v3_0' will take precedence over the same IP in location /home/xilinx/software/Vitis/2022.2/data/ip/xilinx/axi_fifo_register_v3_0
WARNING: [IP_Flow 19-1663] Duplicate IP found for 'xilinx.com:ip:stream_gate:1.0'. The one found in IP location '/home/users/eleonora.cabai/Documents/K-Means-AIE/hw/_x/link/vivado/vpl/.local/hw_platform/iprepo/xilinx/stream_gate_v1_0' will take precedence over the same IP in location /home/xilinx/software/Vitis/2022.2/data/ip/xilinx/stream_gate_v1_0
WARNING: [IP_Flow 19-1663] Duplicate IP found for 'xilinx.com:ip:sgdma2axis_ic:1.0'. The one found in IP location '/home/users/eleonora.cabai/Documents/K-Means-AIE/hw/_x/link/vivado/vpl/.local/hw_platform/iprepo/xilinx/sgdma2axis_ic_v1_0' will take precedence over the same IP in location /home/xilinx/software/Vitis/2022.2/data/ip/xilinx/sgdma2axis_ic_v1_0
WARNING: [IP_Flow 19-1663] Duplicate IP found for 'xilinx.com:sds:sds_mem_source:1.0'. The one found in IP location '/home/users/eleonora.cabai/Documents/K-Means-AIE/hw/_x/link/vivado/vpl/.local/hw_platform/iprepo/xilinx/sds_mem_source' will take precedence over the same IP in location /home/xilinx/software/Vitis/2022.2/data/ip/xilinx/sds_mem_source
update_ip_catalog: Time (s): cpu = 00:00:05 ; elapsed = 00:00:50 . Memory (MB): peak = 2030.727 ; gain = 191.742 ; free physical = 2586 ; free virtual = 8962
INFO: [IP_Flow 19-6924] IPCACHE: Running cache check for IP inst: ulp_inst_0_reset_sync_kernel0_0
Command: synth_design -top ulp_inst_0_reset_sync_kernel0_0 -part xcvc1902-vsvd1760-2MP-e-S -incremental_mode off -mode out_of_context
Starting synth_design
Attempting to get a license for feature 'Synthesis' and/or device 'xcvc1902'
INFO: [Common 17-349] Got license for feature 'Synthesis' and/or device 'xcvc1902'
INFO: [Device 21-403] Loading part xcvc1902-vsvd1760-2MP-e-S
INFO: [Synth 8-7079] Multithreading enabled for synth_design using a maximum of 1 processes.
INFO: [Synth 8-7078] Launching helper process for spawning children vivado processes
INFO: [Synth 8-7075] Helper process launched with PID 2472889
INFO: [Synth 8-11241] undeclared symbol 'REGCCE', assumed default net type 'wire' [/home/xilinx/software/Vivado/2022.2/data/verilog/src/unimacro/BRAM_SINGLE_MACRO.v:2170]
---------------------------------------------------------------------------------
Starting RTL Elaboration : Time (s): cpu = 00:00:10 ; elapsed = 00:02:03 . Memory (MB): peak = 3103.883 ; gain = 355.828 ; free physical = 14966 ; free virtual = 21714
Synthesis current peak Physical Memory [PSS] (MB): peak = 2274.010; parent = 2154.648; children = 153.361
Synthesis current peak Virtual Memory [VSS] (MB): peak = 4073.449; parent = 3107.855; children = 965.594
---------------------------------------------------------------------------------
INFO: [Synth 8-638] synthesizing module 'ulp_inst_0_reset_sync_kernel0_0' [/home/users/eleonora.cabai/Documents/K-Means-AIE/hw/_x/link/vivado/vpl/prj/prj.gen/my_rm/bd/ulp_inst_0/ip/ulp_inst_0_reset_sync_kernel0_0/synth/ulp_inst_0_reset_sync_kernel0_0.vhd:74]
	Parameter C_FAMILY bound to: versal - type: string 
	Parameter C_EXT_RST_WIDTH bound to: 1 - type: integer 
	Parameter C_AUX_RST_WIDTH bound to: 1 - type: integer 
	Parameter C_EXT_RESET_HIGH bound to: 1'b0 
	Parameter C_AUX_RESET_HIGH bound to: 1'b0 
	Parameter C_NUM_BUS_RST bound to: 1 - type: integer 
	Parameter C_NUM_PERP_RST bound to: 1 - type: integer 
	Parameter C_NUM_INTERCONNECT_ARESETN bound to: 1 - type: integer 
	Parameter C_NUM_PERP_ARESETN bound to: 1 - type: integer 
INFO: [Synth 8-3491] module 'proc_sys_reset' declared at '/home/users/eleonora.cabai/Documents/K-Means-AIE/hw/_x/link/vivado/vpl/prj/prj.gen/my_rm/bd/ulp_inst_0/ipshared/8842/hdl/proc_sys_reset_v5_0_vh_rfs.vhd:1264' bound to instance 'U0' of component 'proc_sys_reset' [/home/users/eleonora.cabai/Documents/K-Means-AIE/hw/_x/link/vivado/vpl/prj/prj.gen/my_rm/bd/ulp_inst_0/ip/ulp_inst_0_reset_sync_kernel0_0/synth/ulp_inst_0_reset_sync_kernel0_0.vhd:129]
INFO: [Synth 8-638] synthesizing module 'proc_sys_reset' [/home/users/eleonora.cabai/Documents/K-Means-AIE/hw/_x/link/vivado/vpl/prj/prj.gen/my_rm/bd/ulp_inst_0/ipshared/8842/hdl/proc_sys_reset_v5_0_vh_rfs.vhd:1323]
	Parameter INIT bound to: 1'b1 
INFO: [Synth 8-113] binding component instance 'FDRE_inst' to cell 'FDRE' [/home/users/eleonora.cabai/Documents/K-Means-AIE/hw/_x/link/vivado/vpl/prj/prj.gen/my_rm/bd/ulp_inst_0/ipshared/8842/hdl/proc_sys_reset_v5_0_vh_rfs.vhd:1392]
	Parameter INIT bound to: 1'b1 
INFO: [Synth 8-113] binding component instance 'FDRE_BSR' to cell 'FDRE' [/home/users/eleonora.cabai/Documents/K-Means-AIE/hw/_x/link/vivado/vpl/prj/prj.gen/my_rm/bd/ulp_inst_0/ipshared/8842/hdl/proc_sys_reset_v5_0_vh_rfs.vhd:1408]
	Parameter INIT bound to: 1'b0 
INFO: [Synth 8-113] binding component instance 'FDRE_BSR_N' to cell 'FDRE' [/home/users/eleonora.cabai/Documents/K-Means-AIE/hw/_x/link/vivado/vpl/prj/prj.gen/my_rm/bd/ulp_inst_0/ipshared/8842/hdl/proc_sys_reset_v5_0_vh_rfs.vhd:1434]
	Parameter INIT bound to: 1'b1 
INFO: [Synth 8-113] binding component instance 'FDRE_PER' to cell 'FDRE' [/home/users/eleonora.cabai/Documents/K-Means-AIE/hw/_x/link/vivado/vpl/prj/prj.gen/my_rm/bd/ulp_inst_0/ipshared/8842/hdl/proc_sys_reset_v5_0_vh_rfs.vhd:1457]
	Parameter INIT bound to: 1'b0 
INFO: [Synth 8-113] binding component instance 'FDRE_PER_N' to cell 'FDRE' [/home/users/eleonora.cabai/Documents/K-Means-AIE/hw/_x/link/vivado/vpl/prj/prj.gen/my_rm/bd/ulp_inst_0/ipshared/8842/hdl/proc_sys_reset_v5_0_vh_rfs.vhd:1481]
INFO: [Synth 8-638] synthesizing module 'lpf' [/home/users/eleonora.cabai/Documents/K-Means-AIE/hw/_x/link/vivado/vpl/prj/prj.gen/my_rm/bd/ulp_inst_0/ipshared/8842/hdl/proc_sys_reset_v5_0_vh_rfs.vhd:816]
INFO: [Synth 8-3491] module 'SRL16' declared at '/home/xilinx/software/Vivado/2022.2/scripts/rt/data/unisim_comp.v:132132' bound to instance 'POR_SRL_I' of component 'SRL16' [/home/users/eleonora.cabai/Documents/K-Means-AIE/hw/_x/link/vivado/vpl/prj/prj.gen/my_rm/bd/ulp_inst_0/ipshared/8842/hdl/proc_sys_reset_v5_0_vh_rfs.vhd:868]
INFO: [Synth 8-6157] synthesizing module 'SRL16' [/home/xilinx/software/Vivado/2022.2/scripts/rt/data/unisim_comp.v:132132]
INFO: [Synth 8-6155] done synthesizing module 'SRL16' (0#1) [/home/xilinx/software/Vivado/2022.2/scripts/rt/data/unisim_comp.v:132132]
INFO: [Synth 8-638] synthesizing module 'cdc_sync' [/home/users/eleonora.cabai/Documents/K-Means-AIE/hw/_x/link/vivado/vpl/prj/prj.gen/my_rm/bd/ulp_inst_0/ipshared/ef1e/hdl/lib_cdc_v1_0_rfs.vhd:106]
	Parameter INIT bound to: 1'b0 
INFO: [Synth 8-113] binding component instance 'CROSS_PLEVEL_IN2SCNDRY_IN_cdc_to' to cell 'FDR' [/home/users/eleonora.cabai/Documents/K-Means-AIE/hw/_x/link/vivado/vpl/prj/prj.gen/my_rm/bd/ulp_inst_0/ipshared/ef1e/hdl/lib_cdc_v1_0_rfs.vhd:514]
	Parameter INIT bound to: 1'b0 
INFO: [Synth 8-113] binding component instance 'CROSS_PLEVEL_IN2SCNDRY_s_level_out_d2' to cell 'FDR' [/home/users/eleonora.cabai/Documents/K-Means-AIE/hw/_x/link/vivado/vpl/prj/prj.gen/my_rm/bd/ulp_inst_0/ipshared/ef1e/hdl/lib_cdc_v1_0_rfs.vhd:545]
	Parameter INIT bound to: 1'b0 
INFO: [Synth 8-113] binding component instance 'CROSS_PLEVEL_IN2SCNDRY_s_level_out_d3' to cell 'FDR' [/home/users/eleonora.cabai/Documents/K-Means-AIE/hw/_x/link/vivado/vpl/prj/prj.gen/my_rm/bd/ulp_inst_0/ipshared/ef1e/hdl/lib_cdc_v1_0_rfs.vhd:554]
	Parameter INIT bound to: 1'b0 
INFO: [Synth 8-113] binding component instance 'CROSS_PLEVEL_IN2SCNDRY_s_level_out_d4' to cell 'FDR' [/home/users/eleonora.cabai/Documents/K-Means-AIE/hw/_x/link/vivado/vpl/prj/prj.gen/my_rm/bd/ulp_inst_0/ipshared/ef1e/hdl/lib_cdc_v1_0_rfs.vhd:564]
	Parameter INIT bound to: 1'b0 
INFO: [Synth 8-113] binding component instance 'CROSS_PLEVEL_IN2SCNDRY_s_level_out_d5' to cell 'FDR' [/home/users/eleonora.cabai/Documents/K-Means-AIE/hw/_x/link/vivado/vpl/prj/prj.gen/my_rm/bd/ulp_inst_0/ipshared/ef1e/hdl/lib_cdc_v1_0_rfs.vhd:574]
	Parameter INIT bound to: 1'b0 
INFO: [Synth 8-113] binding component instance 'CROSS_PLEVEL_IN2SCNDRY_s_level_out_d6' to cell 'FDR' [/home/users/eleonora.cabai/Documents/K-Means-AIE/hw/_x/link/vivado/vpl/prj/prj.gen/my_rm/bd/ulp_inst_0/ipshared/ef1e/hdl/lib_cdc_v1_0_rfs.vhd:584]
INFO: [Synth 8-256] done synthesizing module 'cdc_sync' (0#1) [/home/users/eleonora.cabai/Documents/K-Means-AIE/hw/_x/link/vivado/vpl/prj/prj.gen/my_rm/bd/ulp_inst_0/ipshared/ef1e/hdl/lib_cdc_v1_0_rfs.vhd:106]
INFO: [Synth 8-256] done synthesizing module 'lpf' (0#1) [/home/users/eleonora.cabai/Documents/K-Means-AIE/hw/_x/link/vivado/vpl/prj/prj.gen/my_rm/bd/ulp_inst_0/ipshared/8842/hdl/proc_sys_reset_v5_0_vh_rfs.vhd:816]
INFO: [Synth 8-638] synthesizing module 'sequence_psr' [/home/users/eleonora.cabai/Documents/K-Means-AIE/hw/_x/link/vivado/vpl/prj/prj.gen/my_rm/bd/ulp_inst_0/ipshared/8842/hdl/proc_sys_reset_v5_0_vh_rfs.vhd:301]
INFO: [Synth 8-638] synthesizing module 'upcnt_n' [/home/users/eleonora.cabai/Documents/K-Means-AIE/hw/_x/link/vivado/vpl/prj/prj.gen/my_rm/bd/ulp_inst_0/ipshared/8842/hdl/proc_sys_reset_v5_0_vh_rfs.vhd:125]
INFO: [Synth 8-256] done synthesizing module 'upcnt_n' (0#1) [/home/users/eleonora.cabai/Documents/K-Means-AIE/hw/_x/link/vivado/vpl/prj/prj.gen/my_rm/bd/ulp_inst_0/ipshared/8842/hdl/proc_sys_reset_v5_0_vh_rfs.vhd:125]
INFO: [Synth 8-256] done synthesizing module 'sequence_psr' (0#1) [/home/users/eleonora.cabai/Documents/K-Means-AIE/hw/_x/link/vivado/vpl/prj/prj.gen/my_rm/bd/ulp_inst_0/ipshared/8842/hdl/proc_sys_reset_v5_0_vh_rfs.vhd:301]
INFO: [Synth 8-256] done synthesizing module 'proc_sys_reset' (0#1) [/home/users/eleonora.cabai/Documents/K-Means-AIE/hw/_x/link/vivado/vpl/prj/prj.gen/my_rm/bd/ulp_inst_0/ipshared/8842/hdl/proc_sys_reset_v5_0_vh_rfs.vhd:1323]
INFO: [Synth 8-256] done synthesizing module 'ulp_inst_0_reset_sync_kernel0_0' (0#1) [/home/users/eleonora.cabai/Documents/K-Means-AIE/hw/_x/link/vivado/vpl/prj/prj.gen/my_rm/bd/ulp_inst_0/ip/ulp_inst_0_reset_sync_kernel0_0/synth/ulp_inst_0_reset_sync_kernel0_0.vhd:74]
WARNING: [Synth 8-7129] Port prmry_aclk in module cdc_sync is either unconnected or has no load
WARNING: [Synth 8-7129] Port prmry_resetn in module cdc_sync is either unconnected or has no load
WARNING: [Synth 8-7129] Port prmry_vect_in[1] in module cdc_sync is either unconnected or has no load
WARNING: [Synth 8-7129] Port prmry_vect_in[0] in module cdc_sync is either unconnected or has no load
WARNING: [Synth 8-7129] Port scndry_resetn in module cdc_sync is either unconnected or has no load
---------------------------------------------------------------------------------
Finished RTL Elaboration : Time (s): cpu = 00:00:13 ; elapsed = 00:02:40 . Memory (MB): peak = 3177.820 ; gain = 429.766 ; free physical = 25577 ; free virtual = 29601
Synthesis current peak Physical Memory [PSS] (MB): peak = 2364.985; parent = 2245.453; children = 153.361
Synthesis current peak Virtual Memory [VSS] (MB): peak = 4143.418; parent = 3177.824; children = 965.594
---------------------------------------------------------------------------------
---------------------------------------------------------------------------------
Start Handling Custom Attributes
---------------------------------------------------------------------------------
---------------------------------------------------------------------------------
Finished Handling Custom Attributes : Time (s): cpu = 00:00:13 ; elapsed = 00:02:43 . Memory (MB): peak = 3192.664 ; gain = 444.609 ; free physical = 25590 ; free virtual = 29650
Synthesis current peak Physical Memory [PSS] (MB): peak = 2364.985; parent = 2245.453; children = 153.361
Synthesis current peak Virtual Memory [VSS] (MB): peak = 4158.262; parent = 3192.668; children = 965.594
---------------------------------------------------------------------------------
---------------------------------------------------------------------------------
Finished RTL Optimization Phase 1 : Time (s): cpu = 00:00:13 ; elapsed = 00:02:45 . Memory (MB): peak = 3192.664 ; gain = 444.609 ; free physical = 25568 ; free virtual = 29630
Synthesis current peak Physical Memory [PSS] (MB): peak = 2364.985; parent = 2245.453; children = 153.361
Synthesis current peak Virtual Memory [VSS] (MB): peak = 4158.262; parent = 3192.668; children = 965.594
---------------------------------------------------------------------------------
Netlist sorting complete. Time (s): cpu = 00:00:00 ; elapsed = 00:00:00 . Memory (MB): peak = 3206.602 ; gain = 0.000 ; free physical = 24568 ; free virtual = 28659
INFO: [Netlist 29-17] Analyzing 13 Unisim elements for replacement
INFO: [Netlist 29-28] Unisim Transformation completed in 0 CPU seconds
INFO: [Chipscope 16-579] Latest version is versal_cips_v3_3 for versal_cips_v3_2
INFO: [Constraints 18-6359] No Clock Expansion Window constraints config file entry for device xcvc1902.  GCLK Deskew mode will be Off and cannot be enabled via GCLK_DESKEW override.
INFO: [Constraints 18-5720] The default GCLK Deskew mode is Off.
INFO: [Project 1-570] Preparing netlist for logic optimization

Processing XDC Constraints
Initializing timing engine
Parsing XDC File [/home/users/eleonora.cabai/Documents/K-Means-AIE/hw/_x/link/vivado/vpl/prj/prj.gen/my_rm/bd/ulp_inst_0/ip/ulp_inst_0_reset_sync_kernel0_0/ulp_inst_0_reset_sync_kernel0_0_ooc.xdc] for cell 'U0'
create_clock: Time (s): cpu = 00:00:12 ; elapsed = 00:02:06 . Memory (MB): peak = 3352.832 ; gain = 13.469 ; free physical = 20099 ; free virtual = 26051
Finished Parsing XDC File [/home/users/eleonora.cabai/Documents/K-Means-AIE/hw/_x/link/vivado/vpl/prj/prj.gen/my_rm/bd/ulp_inst_0/ip/ulp_inst_0_reset_sync_kernel0_0/ulp_inst_0_reset_sync_kernel0_0_ooc.xdc] for cell 'U0'
Parsing XDC File [/home/users/eleonora.cabai/Documents/K-Means-AIE/hw/_x/link/vivado/vpl/prj/prj.gen/my_rm/bd/ulp_inst_0/ip/ulp_inst_0_reset_sync_kernel0_0/ulp_inst_0_reset_sync_kernel0_0_board.xdc] for cell 'U0'
Finished Parsing XDC File [/home/users/eleonora.cabai/Documents/K-Means-AIE/hw/_x/link/vivado/vpl/prj/prj.gen/my_rm/bd/ulp_inst_0/ip/ulp_inst_0_reset_sync_kernel0_0/ulp_inst_0_reset_sync_kernel0_0_board.xdc] for cell 'U0'
Parsing XDC File [/home/users/eleonora.cabai/Documents/K-Means-AIE/hw/_x/link/vivado/vpl/prj/prj.gen/my_rm/bd/ulp_inst_0/ip/ulp_inst_0_reset_sync_kernel0_0/ulp_inst_0_reset_sync_kernel0_0.xdc] for cell 'U0'
Finished Parsing XDC File [/home/users/eleonora.cabai/Documents/K-Means-AIE/hw/_x/link/vivado/vpl/prj/prj.gen/my_rm/bd/ulp_inst_0/ip/ulp_inst_0_reset_sync_kernel0_0/ulp_inst_0_reset_sync_kernel0_0.xdc] for cell 'U0'
Parsing XDC File [/home/users/eleonora.cabai/Documents/K-Means-AIE/hw/_x/link/vivado/vpl/prj/prj.runs/ulp_inst_0_reset_sync_kernel0_0_synth_1/dont_touch.xdc]
Finished Parsing XDC File [/home/users/eleonora.cabai/Documents/K-Means-AIE/hw/_x/link/vivado/vpl/prj/prj.runs/ulp_inst_0_reset_sync_kernel0_0_synth_1/dont_touch.xdc]
Completed Processing XDC Constraints

Netlist sorting complete. Time (s): cpu = 00:00:00 ; elapsed = 00:00:00 . Memory (MB): peak = 3352.832 ; gain = 0.000 ; free physical = 19951 ; free virtual = 25903
INFO: [Project 1-111] Unisim Transformation Summary:
  A total of 13 instances were transformed.
  FDR => FDRE: 12 instances
  SRL16 => SRL16E: 1 instance 

Constraint Validation Runtime : Time (s): cpu = 00:00:00.02 ; elapsed = 00:00:00.24 . Memory (MB): peak = 3352.832 ; gain = 0.000 ; free physical = 19913 ; free virtual = 25865
INFO: [Designutils 20-5008] Incremental synthesis strategy off
INFO: [Synth 8-11241] undeclared symbol 'REGCCE', assumed default net type 'wire' [/home/xilinx/software/Vivado/2022.2/data/verilog/src/unimacro/BRAM_SINGLE_MACRO.v:2170]
---------------------------------------------------------------------------------
Finished Constraint Validation : Time (s): cpu = 00:00:41 ; elapsed = 00:07:42 . Memory (MB): peak = 3352.832 ; gain = 604.777 ; free physical = 44078 ; free virtual = 62127
Synthesis current peak Physical Memory [PSS] (MB): peak = 2365.500; parent = 2246.950; children = 153.361
Synthesis current peak Virtual Memory [VSS] (MB): peak = 4318.430; parent = 3352.836; children = 965.594
---------------------------------------------------------------------------------
---------------------------------------------------------------------------------
Start Loading Part and Timing Information
---------------------------------------------------------------------------------
Loading part: xcvc1902-vsvd1760-2MP-e-S
INFO: [Synth 8-6742] Reading net delay rules and data
---------------------------------------------------------------------------------
Finished Loading Part and Timing Information : Time (s): cpu = 00:00:41 ; elapsed = 00:07:44 . Memory (MB): peak = 3352.832 ; gain = 604.777 ; free physical = 43970 ; free virtual = 62019
Synthesis current peak Physical Memory [PSS] (MB): peak = 2365.500; parent = 2246.950; children = 153.361
Synthesis current peak Virtual Memory [VSS] (MB): peak = 4318.430; parent = 3352.836; children = 965.594
---------------------------------------------------------------------------------
---------------------------------------------------------------------------------
Start Applying 'set_property' XDC Constraints
---------------------------------------------------------------------------------
Applied set_property KEEP_HIERARCHY = SOFT for U0. (constraint file  /home/users/eleonora.cabai/Documents/K-Means-AIE/hw/_x/link/vivado/vpl/prj/prj.runs/ulp_inst_0_reset_sync_kernel0_0_synth_1/dont_touch.xdc, line 9).
---------------------------------------------------------------------------------
Finished applying 'set_property' XDC Constraints : Time (s): cpu = 00:00:41 ; elapsed = 00:07:45 . Memory (MB): peak = 3352.832 ; gain = 604.777 ; free physical = 43998 ; free virtual = 62085
Synthesis current peak Physical Memory [PSS] (MB): peak = 2365.500; parent = 2246.950; children = 153.361
Synthesis current peak Virtual Memory [VSS] (MB): peak = 4318.430; parent = 3352.836; children = 965.594
---------------------------------------------------------------------------------
---------------------------------------------------------------------------------
Finished RTL Optimization Phase 2 : Time (s): cpu = 00:00:42 ; elapsed = 00:07:51 . Memory (MB): peak = 3352.832 ; gain = 604.777 ; free physical = 43684 ; free virtual = 61905
Synthesis current peak Physical Memory [PSS] (MB): peak = 2365.500; parent = 2246.950; children = 153.361
Synthesis current peak Virtual Memory [VSS] (MB): peak = 4318.430; parent = 3352.836; children = 965.594
---------------------------------------------------------------------------------
---------------------------------------------------------------------------------
Start RTL Component Statistics 
---------------------------------------------------------------------------------
Detailed RTL Component Info : 
+---Adders : 
	   2 Input    6 Bit       Adders := 1     
+---Registers : 
	                6 Bit    Registers := 1     
	                3 Bit    Registers := 3     
	                1 Bit    Registers := 8     
+---Muxes : 
	   2 Input    6 Bit        Muxes := 1     
	   2 Input    1 Bit        Muxes := 1     
---------------------------------------------------------------------------------
Finished RTL Component Statistics 
---------------------------------------------------------------------------------
---------------------------------------------------------------------------------
Start Part Resource Summary
---------------------------------------------------------------------------------
Part Resources:
DSPs: 1968 (col length:164)
BRAMs: 1934 (col length: RAMB18 168 RAMB36 84)
---------------------------------------------------------------------------------
Finished Part Resource Summary
---------------------------------------------------------------------------------
---------------------------------------------------------------------------------
Start Cross Boundary and Area Optimization
---------------------------------------------------------------------------------
WARNING: [Synth 8-7080] Parallel synthesis criteria is not met
WARNING: [Synth 8-3332] Sequential element (EXT_LPF/ACTIVE_LOW_EXT.ACT_LO_EXT/GENERATE_LEVEL_P_S_CDC.SINGLE_BIT.CROSS_PLEVEL_IN2SCNDRY_s_level_out_d5) is unused and will be removed from module proc_sys_reset.
WARNING: [Synth 8-3332] Sequential element (EXT_LPF/ACTIVE_LOW_EXT.ACT_LO_EXT/GENERATE_LEVEL_P_S_CDC.SINGLE_BIT.CROSS_PLEVEL_IN2SCNDRY_s_level_out_d6) is unused and will be removed from module proc_sys_reset.
WARNING: [Synth 8-3332] Sequential element (EXT_LPF/ACTIVE_LOW_AUX.ACT_LO_AUX/GENERATE_LEVEL_P_S_CDC.SINGLE_BIT.CROSS_PLEVEL_IN2SCNDRY_s_level_out_d5) is unused and will be removed from module proc_sys_reset.
WARNING: [Synth 8-3332] Sequential element (EXT_LPF/ACTIVE_LOW_AUX.ACT_LO_AUX/GENERATE_LEVEL_P_S_CDC.SINGLE_BIT.CROSS_PLEVEL_IN2SCNDRY_s_level_out_d6) is unused and will be removed from module proc_sys_reset.
---------------------------------------------------------------------------------
Finished Cross Boundary and Area Optimization : Time (s): cpu = 00:00:45 ; elapsed = 00:08:13 . Memory (MB): peak = 3352.832 ; gain = 604.777 ; free physical = 43022 ; free virtual = 61158
Synthesis current peak Physical Memory [PSS] (MB): peak = 2365.500; parent = 2246.950; children = 153.361
Synthesis current peak Virtual Memory [VSS] (MB): peak = 4318.430; parent = 3352.836; children = 965.594
---------------------------------------------------------------------------------
---------------------------------------------------------------------------------
Start Applying XDC Timing Constraints
---------------------------------------------------------------------------------
---------------------------------------------------------------------------------
Finished Applying XDC Timing Constraints : Time (s): cpu = 00:01:46 ; elapsed = 00:18:23 . Memory (MB): peak = 3976.598 ; gain = 1228.543 ; free physical = 78687 ; free virtual = 115487
Synthesis current peak Physical Memory [PSS] (MB): peak = 3185.852; parent = 3051.154; children = 153.361
Synthesis current peak Virtual Memory [VSS] (MB): peak = 4942.195; parent = 3976.602; children = 965.594
---------------------------------------------------------------------------------
---------------------------------------------------------------------------------
Start Timing Optimization
---------------------------------------------------------------------------------
---------------------------------------------------------------------------------
Finished Timing Optimization : Time (s): cpu = 00:01:46 ; elapsed = 00:18:25 . Memory (MB): peak = 3976.598 ; gain = 1228.543 ; free physical = 78628 ; free virtual = 115428
Synthesis current peak Physical Memory [PSS] (MB): peak = 3185.852; parent = 3051.154; children = 153.361
Synthesis current peak Virtual Memory [VSS] (MB): peak = 4942.195; parent = 3976.602; children = 965.594
---------------------------------------------------------------------------------
---------------------------------------------------------------------------------
Start Technology Mapping
---------------------------------------------------------------------------------
INFO: [Synth 8-11328] No retiming is needed, due to no register satisfying retiming conditions
INFO: [Synth 8-5816] Retiming module `proc_sys_reset`
   Worst Slack before retiming is 1369 and worst slack after retiming is 1369
   Numbers of local forward move = 0, and local backward move = 0


INFO: [Synth 8-5816] Retiming module `proc_sys_reset' done


INFO: [Synth 8-11328] No retiming is needed, due to no register satisfying retiming conditions
INFO: [Synth 8-5816] Retiming module `ulp_inst_0_reset_sync_kernel0_0`
   Worst Slack before retiming is 1369 and worst slack after retiming is 1369
   Numbers of local forward move = 0, and local backward move = 0


INFO: [Synth 8-5816] Retiming module `ulp_inst_0_reset_sync_kernel0_0' done


---------------------------------------------------------------------------------
Finished Technology Mapping : Time (s): cpu = 00:01:46 ; elapsed = 00:18:29 . Memory (MB): peak = 4005.645 ; gain = 1257.590 ; free physical = 78591 ; free virtual = 115392
Synthesis current peak Physical Memory [PSS] (MB): peak = 3186.090; parent = 3051.530; children = 153.361
Synthesis current peak Virtual Memory [VSS] (MB): peak = 4971.242; parent = 4005.648; children = 965.594
---------------------------------------------------------------------------------
---------------------------------------------------------------------------------
Start IO Insertion
---------------------------------------------------------------------------------
---------------------------------------------------------------------------------
Start Flattening Before IO Insertion
---------------------------------------------------------------------------------
---------------------------------------------------------------------------------
Finished Flattening Before IO Insertion
---------------------------------------------------------------------------------
---------------------------------------------------------------------------------
Start Final Netlist Cleanup
---------------------------------------------------------------------------------
---------------------------------------------------------------------------------
Finished Final Netlist Cleanup
---------------------------------------------------------------------------------
---------------------------------------------------------------------------------
Finished IO Insertion : Time (s): cpu = 00:01:53 ; elapsed = 00:19:43 . Memory (MB): peak = 4005.645 ; gain = 1257.590 ; free physical = 96931 ; free virtual = 119575
Synthesis current peak Physical Memory [PSS] (MB): peak = 3190.635; parent = 3054.491; children = 153.361
Synthesis current peak Virtual Memory [VSS] (MB): peak = 4971.242; parent = 4005.648; children = 965.594
---------------------------------------------------------------------------------
---------------------------------------------------------------------------------
Start Renaming Generated Instances
---------------------------------------------------------------------------------
---------------------------------------------------------------------------------
Finished Renaming Generated Instances : Time (s): cpu = 00:01:53 ; elapsed = 00:19:45 . Memory (MB): peak = 4005.645 ; gain = 1257.590 ; free physical = 97108 ; free virtual = 119753
Synthesis current peak Physical Memory [PSS] (MB): peak = 3190.635; parent = 3054.491; children = 153.361
Synthesis current peak Virtual Memory [VSS] (MB): peak = 4971.242; parent = 4005.648; children = 965.594
---------------------------------------------------------------------------------
---------------------------------------------------------------------------------
Start Rebuilding User Hierarchy
---------------------------------------------------------------------------------
---------------------------------------------------------------------------------
Finished Rebuilding User Hierarchy : Time (s): cpu = 00:01:53 ; elapsed = 00:19:47 . Memory (MB): peak = 4005.645 ; gain = 1257.590 ; free physical = 97288 ; free virtual = 119932
Synthesis current peak Physical Memory [PSS] (MB): peak = 3190.635; parent = 3054.491; children = 153.361
Synthesis current peak Virtual Memory [VSS] (MB): peak = 4971.242; parent = 4005.648; children = 965.594
---------------------------------------------------------------------------------
---------------------------------------------------------------------------------
Start Renaming Generated Ports
---------------------------------------------------------------------------------
---------------------------------------------------------------------------------
Finished Renaming Generated Ports : Time (s): cpu = 00:01:53 ; elapsed = 00:19:49 . Memory (MB): peak = 4005.645 ; gain = 1257.590 ; free physical = 97094 ; free virtual = 119738
Synthesis current peak Physical Memory [PSS] (MB): peak = 3190.635; parent = 3054.491; children = 153.361
Synthesis current peak Virtual Memory [VSS] (MB): peak = 4971.242; parent = 4005.648; children = 965.594
---------------------------------------------------------------------------------
---------------------------------------------------------------------------------
Start Handling Custom Attributes
---------------------------------------------------------------------------------
---------------------------------------------------------------------------------
Finished Handling Custom Attributes : Time (s): cpu = 00:01:53 ; elapsed = 00:19:51 . Memory (MB): peak = 4005.645 ; gain = 1257.590 ; free physical = 97148 ; free virtual = 119794
Synthesis current peak Physical Memory [PSS] (MB): peak = 3190.635; parent = 3054.491; children = 153.361
Synthesis current peak Virtual Memory [VSS] (MB): peak = 4971.242; parent = 4005.648; children = 965.594
---------------------------------------------------------------------------------
---------------------------------------------------------------------------------
Start Renaming Generated Nets
---------------------------------------------------------------------------------
---------------------------------------------------------------------------------
Finished Renaming Generated Nets : Time (s): cpu = 00:01:53 ; elapsed = 00:19:53 . Memory (MB): peak = 4005.645 ; gain = 1257.590 ; free physical = 97336 ; free virtual = 119982
Synthesis current peak Physical Memory [PSS] (MB): peak = 3190.635; parent = 3054.491; children = 153.361
Synthesis current peak Virtual Memory [VSS] (MB): peak = 4971.242; parent = 4005.648; children = 965.594
---------------------------------------------------------------------------------
---------------------------------------------------------------------------------
Start ROM, RAM, DSP, Shift Register and Retiming Reporting
---------------------------------------------------------------------------------
---------------------------------------------------------------------------------
Finished ROM, RAM, DSP, Shift Register and Retiming Reporting
---------------------------------------------------------------------------------
---------------------------------------------------------------------------------
Start Writing Synthesis Report
---------------------------------------------------------------------------------

Report BlackBoxes: 
+-+--------------+----------+
| |BlackBox name |Instances |
+-+--------------+----------+
+-+--------------+----------+

Report Cell Usage: 
+------+------+------+
|      |Cell  |Count |
+------+------+------+
|1     |LUT1  |     5|
|2     |LUT2  |     9|
|3     |LUT3  |     1|
|4     |LUT4  |     6|
|5     |LUT5  |     1|
|6     |LUT6  |     1|
|7     |SRL16 |     1|
|8     |FDR   |     8|
|9     |FDRE  |    22|
|10    |FDSE  |     4|
+------+------+------+
---------------------------------------------------------------------------------
Finished Writing Synthesis Report : Time (s): cpu = 00:01:53 ; elapsed = 00:19:55 . Memory (MB): peak = 4005.645 ; gain = 1257.590 ; free physical = 97161 ; free virtual = 119808
Synthesis current peak Physical Memory [PSS] (MB): peak = 3190.635; parent = 3054.491; children = 153.361
Synthesis current peak Virtual Memory [VSS] (MB): peak = 4971.242; parent = 4005.648; children = 965.594
---------------------------------------------------------------------------------
Synthesis finished with 0 errors, 0 critical warnings and 5 warnings.
Synthesis Optimization Runtime : Time (s): cpu = 00:01:37 ; elapsed = 00:16:57 . Memory (MB): peak = 4005.645 ; gain = 1097.422 ; free physical = 97050 ; free virtual = 119698
Synthesis Optimization Complete : Time (s): cpu = 00:01:54 ; elapsed = 00:20:01 . Memory (MB): peak = 4005.652 ; gain = 1257.590 ; free physical = 97034 ; free virtual = 119682
INFO: [Project 1-571] Translating synthesized netlist
Netlist sorting complete. Time (s): cpu = 00:00:00 ; elapsed = 00:00:00 . Memory (MB): peak = 4005.652 ; gain = 0.000 ; free physical = 97034 ; free virtual = 119682
INFO: [Netlist 29-17] Analyzing 9 Unisim elements for replacement
INFO: [Netlist 29-28] Unisim Transformation completed in 0 CPU seconds
INFO: [Chipscope 16-579] Latest version is versal_cips_v3_3 for versal_cips_v3_2
INFO: [Constraints 18-6359] No Clock Expansion Window constraints config file entry for device xcvc1902.  GCLK Deskew mode will be Off and cannot be enabled via GCLK_DESKEW override.
INFO: [Constraints 18-5720] The default GCLK Deskew mode is Off.
INFO: [Project 1-570] Preparing netlist for logic optimization
INFO: [Opt 31-138] Pushed 0 inverter(s) to 0 load pin(s).
Netlist sorting complete. Time (s): cpu = 00:00:00 ; elapsed = 00:00:00 . Memory (MB): peak = 4041.301 ; gain = 0.000 ; free physical = 97257 ; free virtual = 119901
INFO: [Project 1-111] Unisim Transformation Summary:
  A total of 9 instances were transformed.
  FDR => FDRE: 8 instances
  SRL16 => SRL16E: 1 instance 

Synth Design complete, checksum: eaadc2cf
INFO: [Common 17-83] Releasing license: Synthesis
67 Infos, 26 Warnings, 0 Critical Warnings and 0 Errors encountered.
synth_design completed successfully
synth_design: Time (s): cpu = 00:02:21 ; elapsed = 00:23:26 . Memory (MB): peak = 4041.301 ; gain = 2010.574 ; free physical = 97530 ; free virtual = 120195
INFO: [Common 17-600] The following parameters have non-default value.
general.maxThreads
INFO: [Common 17-1381] The checkpoint '/home/users/eleonora.cabai/Documents/K-Means-AIE/hw/_x/link/vivado/vpl/prj/prj.runs/ulp_inst_0_reset_sync_kernel0_0_synth_1/ulp_inst_0_reset_sync_kernel0_0.dcp' has been generated.
INFO: [Coretcl 2-1648] Added synthesis output to IP cache for IP ulp_inst_0_reset_sync_kernel0_0, cache-ID = f16d726e8693131a
INFO: [Coretcl 2-1174] Renamed 6 cell refs.
INFO: [Common 17-1381] The checkpoint '/home/users/eleonora.cabai/Documents/K-Means-AIE/hw/_x/link/vivado/vpl/prj/prj.runs/ulp_inst_0_reset_sync_kernel0_0_synth_1/ulp_inst_0_reset_sync_kernel0_0.dcp' has been generated.
INFO: [runtcl-4] Executing : report_utilization -file ulp_inst_0_reset_sync_kernel0_0_utilization_synth.rpt -pb ulp_inst_0_reset_sync_kernel0_0_utilization_synth.pb
INFO: [Common 17-206] Exiting Vivado at Fri Jun 28 09:53:06 2024...
