report_utilization|1.0|ulp_inst_0_axi_dbg_hub_0_synth_1_synth_report_utilization_0|/home/users/eleonora.cabai/Documents/K-Means-AIE/hw/_x/link/vivado/vpl/prj/prj.runs/ulp_inst_0_axi_dbg_hub_0_synth_1/ulp_inst_0_axi_dbg_hub_0_utilization_synth.rpt||
report_utilization|1.0|ulp_inst_0_axi_gpio_null_user_0_synth_1_synth_report_utilization_0|/home/users/eleonora.cabai/Documents/K-Means-AIE/hw/_x/link/vivado/vpl/prj/prj.runs/ulp_inst_0_axi_gpio_null_user_0_synth_1/ulp_inst_0_axi_gpio_null_user_0_utilization_synth.rpt||
report_utilization|1.0|ulp_inst_0_ip_pipe_dbg_hub_fw_00_0_synth_1_synth_report_utilization_0|/home/users/eleonora.cabai/Documents/K-Means-AIE/hw/_x/link/vivado/vpl/prj/prj.runs/ulp_inst_0_ip_pipe_dbg_hub_fw_00_0_synth_1/ulp_inst_0_ip_pipe_dbg_hub_fw_00_0_utilization_synth.rpt||
report_utilization|1.0|ulp_inst_0_ip_pipe_ext_tog_kernel_00_null_0_synth_1_synth_report_utilization_0|/home/users/eleonora.cabai/Documents/K-Means-AIE/hw/_x/link/vivado/vpl/prj/prj.runs/ulp_inst_0_ip_pipe_ext_tog_kernel_00_null_0_synth_1/ulp_inst_0_ip_pipe_ext_tog_kernel_00_null_0_utilization_synth.rpt||
report_utilization|1.0|ulp_inst_0_ip_pipe_ext_tog_kernel_01_null_0_synth_1_synth_report_utilization_0|/home/users/eleonora.cabai/Documents/K-Means-AIE/hw/_x/link/vivado/vpl/prj/prj.runs/ulp_inst_0_ip_pipe_ext_tog_kernel_01_null_0_synth_1/ulp_inst_0_ip_pipe_ext_tog_kernel_01_null_0_utilization_synth.rpt||
report_utilization|1.0|ulp_inst_0_axi_ic_user_0_synth_1_synth_report_utilization_0|/home/users/eleonora.cabai/Documents/K-Means-AIE/hw/_x/link/vivado/vpl/prj/prj.runs/ulp_inst_0_axi_ic_user_0_synth_1/ulp_inst_0_axi_ic_user_0_utilization_synth.rpt||
report_utilization|1.0|ulp_inst_0_axi_ic_user_extend_0_synth_1_synth_report_utilization_0|/home/users/eleonora.cabai/Documents/K-Means-AIE/hw/_x/link/vivado/vpl/prj/prj.runs/ulp_inst_0_axi_ic_user_extend_0_synth_1/ulp_inst_0_axi_ic_user_extend_0_utilization_synth.rpt||
report_utilization|1.0|ulp_inst_0_axi_noc_kernel0_0_synth_1_synth_report_utilization_0|/home/users/eleonora.cabai/Documents/K-Means-AIE/hw/_x/link/vivado/vpl/prj/prj.runs/ulp_inst_0_axi_noc_kernel0_0_synth_1/ulp_inst_0_axi_noc_kernel0_0_utilization_synth.rpt||
report_utilization|1.0|ulp_inst_0_axi_noc_h2c_0_synth_1_synth_report_utilization_0|/home/users/eleonora.cabai/Documents/K-Means-AIE/hw/_x/link/vivado/vpl/prj/prj.runs/ulp_inst_0_axi_noc_h2c_0_synth_1/ulp_inst_0_axi_noc_h2c_0_utilization_synth.rpt||
report_utilization|1.0|ulp_inst_0_axi_sc_plram_0_synth_1_synth_report_utilization_0|/home/users/eleonora.cabai/Documents/K-Means-AIE/hw/_x/link/vivado/vpl/prj/prj.runs/ulp_inst_0_axi_sc_plram_0_synth_1/ulp_inst_0_axi_sc_plram_0_utilization_synth.rpt||
report_utilization|1.0|ulp_inst_0_plram_ctrl_0_synth_1_synth_report_utilization_0|/home/users/eleonora.cabai/Documents/K-Means-AIE/hw/_x/link/vivado/vpl/prj/prj.runs/ulp_inst_0_plram_ctrl_0_synth_1/ulp_inst_0_plram_ctrl_0_utilization_synth.rpt||
report_utilization|1.0|ulp_inst_0_plram_ctrl_bram_0_synth_1_synth_report_utilization_0|/home/users/eleonora.cabai/Documents/K-Means-AIE/hw/_x/link/vivado/vpl/prj/prj.runs/ulp_inst_0_plram_ctrl_bram_0_synth_1/ulp_inst_0_plram_ctrl_bram_0_utilization_synth.rpt||
report_utilization|1.0|ulp_inst_0_pipereg_kernel0_0_synth_1_synth_report_utilization_0|/home/users/eleonora.cabai/Documents/K-Means-AIE/hw/_x/link/vivado/vpl/prj/prj.runs/ulp_inst_0_pipereg_kernel0_0_synth_1/ulp_inst_0_pipereg_kernel0_0_utilization_synth.rpt||
report_utilization|1.0|ulp_inst_0_pipereg_kernel1_0_synth_1_synth_report_utilization_0|/home/users/eleonora.cabai/Documents/K-Means-AIE/hw/_x/link/vivado/vpl/prj/prj.runs/ulp_inst_0_pipereg_kernel1_0_synth_1/ulp_inst_0_pipereg_kernel1_0_utilization_synth.rpt||
report_utilization|1.0|ulp_inst_0_pipereg_pcie0_0_synth_1_synth_report_utilization_0|/home/users/eleonora.cabai/Documents/K-Means-AIE/hw/_x/link/vivado/vpl/prj/prj.runs/ulp_inst_0_pipereg_pcie0_0_synth_1/ulp_inst_0_pipereg_pcie0_0_utilization_synth.rpt||
report_utilization|1.0|ulp_inst_0_pipereg_pl_axi0_0_synth_1_synth_report_utilization_0|/home/users/eleonora.cabai/Documents/K-Means-AIE/hw/_x/link/vivado/vpl/prj/prj.runs/ulp_inst_0_pipereg_pl_axi0_0_synth_1/ulp_inst_0_pipereg_pl_axi0_0_utilization_synth.rpt||
report_utilization|1.0|ulp_inst_0_reset_sync_kernel0_0_synth_1_synth_report_utilization_0|/home/users/eleonora.cabai/Documents/K-Means-AIE/hw/_x/link/vivado/vpl/prj/prj.runs/ulp_inst_0_reset_sync_kernel0_0_synth_1/ulp_inst_0_reset_sync_kernel0_0_utilization_synth.rpt||
report_utilization|1.0|ulp_inst_0_reset_sync_kernel1_0_synth_1_synth_report_utilization_0|/home/users/eleonora.cabai/Documents/K-Means-AIE/hw/_x/link/vivado/vpl/prj/prj.runs/ulp_inst_0_reset_sync_kernel1_0_synth_1/ulp_inst_0_reset_sync_kernel1_0_utilization_synth.rpt||
report_utilization|1.0|ulp_inst_0_reset_sync_fixed_0_synth_1_synth_report_utilization_0|/home/users/eleonora.cabai/Documents/K-Means-AIE/hw/_x/link/vivado/vpl/prj/prj.runs/ulp_inst_0_reset_sync_fixed_0_synth_1/ulp_inst_0_reset_sync_fixed_0_utilization_synth.rpt||
report_utilization|1.0|ulp_inst_0_axi_noc_aie_prog_0_synth_1_synth_report_utilization_0|/home/users/eleonora.cabai/Documents/K-Means-AIE/hw/_x/link/vivado/vpl/prj/prj.runs/ulp_inst_0_axi_noc_aie_prog_0_synth_1/ulp_inst_0_axi_noc_aie_prog_0_utilization_synth.rpt||
report_utilization|1.0|ulp_inst_0_axi_dbg_fw_0_synth_1_synth_report_utilization_0|/home/users/eleonora.cabai/Documents/K-Means-AIE/hw/_x/link/vivado/vpl/prj/prj.runs/ulp_inst_0_axi_dbg_fw_0_synth_1/ulp_inst_0_axi_dbg_fw_0_utilization_synth.rpt||
report_utilization|1.0|ulp_inst_0_gate_dbgfw_or_0_synth_1_synth_report_utilization_0|/home/users/eleonora.cabai/Documents/K-Means-AIE/hw/_x/link/vivado/vpl/prj/prj.runs/ulp_inst_0_gate_dbgfw_or_0_synth_1/ulp_inst_0_gate_dbgfw_or_0_utilization_synth.rpt||
report_utilization|1.0|ulp_inst_0_setup_aie_0_0_synth_1_synth_report_utilization_0|/home/users/eleonora.cabai/Documents/K-Means-AIE/hw/_x/link/vivado/vpl/prj/prj.runs/ulp_inst_0_setup_aie_0_0_synth_1/ulp_inst_0_setup_aie_0_0_utilization_synth.rpt|setup_aie|
report_utilization|1.0|ulp_inst_0_sink_from_aie_0_0_synth_1_synth_report_utilization_0|/home/users/eleonora.cabai/Documents/K-Means-AIE/hw/_x/link/vivado/vpl/prj/prj.runs/ulp_inst_0_sink_from_aie_0_0_synth_1/ulp_inst_0_sink_from_aie_0_0_utilization_synth.rpt|sink_from_aie|
report_utilization|1.0|ulp_inst_0_dwc_setup_aie_0_s_0_synth_1_synth_report_utilization_0|/home/users/eleonora.cabai/Documents/K-Means-AIE/hw/_x/link/vivado/vpl/prj/prj.runs/ulp_inst_0_dwc_setup_aie_0_s_0_synth_1/ulp_inst_0_dwc_setup_aie_0_s_0_utilization_synth.rpt||
kernel_service|1.0|impl_1_kernel_service|/home/users/eleonora.cabai/Documents/K-Means-AIE/hw/_x/link/vivado/vpl/prj/prj.runs/impl_1/kernel_service.json||bbc110f0-d72c-4833-ab64-a88a4ef97a41
kernel_service|1.0|impl_1_kernel_service|/home/users/eleonora.cabai/Documents/K-Means-AIE/hw/_x/link/vivado/vpl/prj/prj.runs/impl_1/kernel_service.pb||bbc110f0-d72c-4833-ab64-a88a4ef97a41
system_diagram_plus|1.0|impl_1_system_diagram|/home/users/eleonora.cabai/Documents/K-Means-AIE/hw/_x/link/vivado/vpl/prj/prj.runs/impl_1/system_diagram.json||bbc110f0-d72c-4833-ab64-a88a4ef97a41
report_timing_summary|1.0|impl_report_timing_summary_route_design_summary|/home/users/eleonora.cabai/Documents/K-Means-AIE/hw/_x/link/vivado/vpl/prj/prj.runs/impl_1/xilinx_vck5000_gen4x8_qdma_2_202220_1_bb_locked_timing_summary_routed.rpt||bbc110f0-d72c-4833-ab64-a88a4ef97a41
report_timing_summary|1.0|impl_report_timing_summary_route_design_summary|/home/users/eleonora.cabai/Documents/K-Means-AIE/hw/_x/link/vivado/vpl/prj/prj.runs/impl_1/xilinx_vck5000_gen4x8_qdma_2_202220_1_bb_locked_timing_summary_routed.rpx||bbc110f0-d72c-4833-ab64-a88a4ef97a41
report_timing_summary_concise|1.0|impl_report_timing_summary_route_design_summary|/home/users/eleonora.cabai/Documents/K-Means-AIE/hw/_x/link/vivado/vpl/prj/prj.runs/impl_1/xilinx_vck5000_gen4x8_qdma_2_202220_1_bb_locked_timing_summary_routed.rpv||bbc110f0-d72c-4833-ab64-a88a4ef97a41
