Fri Jun 28 08:24:31 2024: Running xcd server. This server was built by gradle.
Fri Jun 28 08:24:31 2024: Server was asked to start on port: '34905'
Fri Jun 28 08:24:31 2024: Server is using token UUID: '9c980139-9cab-49b2-b63a-02efa75712bb'
Fri Jun 28 08:24:31 2024: SESSION_MGR: creating session with session uuid: '6d04a3e9-ade5-4ab9-8d63-1f78fcd2ec76' and name 'default'
Fri Jun 28 08:24:31 2024: Attempting to start server on port '34905'
Fri Jun 28 08:24:31 2024: XCD main fifo: created main fifo '/tmp/xcdmain9c980139-9cab-49b2-b63a-02efa75712bb', fd read = 12
Fri Jun 28 08:24:31 2024: Running Dispatch Server
Fri Jun 28 08:24:31 2024: Version 2.2.0
Fri Jun 28 08:24:38 2024: Dispatch Server: Accepted socket connection from client
Fri Jun 28 08:24:38 2024: Starting Socket connection
Fri Jun 28 08:24:38 2024: EXCHANGE_TOKEN received, server token: 9c980139-9cab-49b2-b63a-02efa75712bb, passed token: 9c980139-9cab-49b2-b63a-02efa75712bb
Fri Jun 28 08:24:39 2024: DISPATCH_HANDLER: Adding handler from function makeHandler in library libxv_system_diagram
Fri Jun 28 08:24:39 2024: SESSION_MGR: creating session with session uuid: '290b0fee-fd91-4dad-80d3-c8fb3ae4f5cd' and name 'v++_compile_setup_aie_hw'
Fri Jun 28 08:24:39 2024: KERNEL_SVC: creating session with uuid: '290b0fee-fd91-4dad-80d3-c8fb3ae4f5cd' and name 'v++_compile_setup_aie_hw'
Fri Jun 28 08:24:39 2024: GUIDANCE_SMGR: creating guidance session with uuid: '290b0fee-fd91-4dad-80d3-c8fb3ae4f5cd' and name 'v++_compile_setup_aie_hw'
Fri Jun 28 08:24:39 2024: SYSTEM_DIAGRAM: creating session with uuid: '290b0fee-fd91-4dad-80d3-c8fb3ae4f5cd' and name 'v++_compile_setup_aie_hw'
Fri Jun 28 08:25:07 2024: Dispatch Server: Accepted socket connection from client
Fri Jun 28 08:25:07 2024: Starting Socket connection
Fri Jun 28 08:27:38 2024: SESSION_MGR: closing session for UUID '290b0fee-fd91-4dad-80d3-c8fb3ae4f5cd' with name 'v++_compile_setup_aie_hw'
Fri Jun 28 08:27:38 2024: KERNEL_SVC: closing session for UUID '290b0fee-fd91-4dad-80d3-c8fb3ae4f5cd' with name 'v++_compile_setup_aie_hw'
Fri Jun 28 08:27:38 2024: GUIDANCE_SMGR: closing session for UUID '290b0fee-fd91-4dad-80d3-c8fb3ae4f5cd' with name 'v++_compile_setup_aie_hw'
Fri Jun 28 08:27:38 2024: SYSTEM_DIAGRAM: closing session for UUID '290b0fee-fd91-4dad-80d3-c8fb3ae4f5cd' with name 'v++_compile_setup_aie_hw'
Fri Jun 28 08:27:38 2024: STOP_SERVER received, server token: 9c980139-9cab-49b2-b63a-02efa75712bb, passed token: 9c980139-9cab-49b2-b63a-02efa75712bb
Fri Jun 28 08:27:38 2024: Socket received request to stop server.
Fri Jun 28 08:27:38 2024: Dispatch Server: do_await_stop
Fri Jun 28 08:27:38 2024: Dispatch Server: stopping mainFifo_
Fri Jun 28 08:27:38 2024: XCD main fifo: Stopping
Fri Jun 28 08:27:38 2024: XCD main fifo: do_read error code: Operation canceled
Fri Jun 28 08:27:38 2024: XCD main fifo: bytes_transferred: 0
Fri Jun 28 08:27:38 2024: SERVER: destructor for server bound to port 34905
Fri Jun 28 08:27:38 2024: XCD main fifo: Good unlink of /tmp/xcdmain9c980139-9cab-49b2-b63a-02efa75712bb
Fri Jun 28 08:27:38 2024: Server exiting with status 0.
Fri Jun 28 08:27:38 2024: Closing log file.
Fri Jun 28 08:27:45 2024: Running xcd server. This server was built by gradle.
Fri Jun 28 08:27:45 2024: Server was asked to start on port: '36955'
Fri Jun 28 08:27:45 2024: Server is using token UUID: '836c68fe-3d25-4237-a18f-0a965846e5a6'
Fri Jun 28 08:27:45 2024: SESSION_MGR: creating session with session uuid: '6d04a3e9-ade5-4ab9-8d63-1f78fcd2ec76' and name 'default'
Fri Jun 28 08:27:45 2024: Attempting to start server on port '36955'
Fri Jun 28 08:27:45 2024: XCD main fifo: created main fifo '/tmp/xcdmain836c68fe-3d25-4237-a18f-0a965846e5a6', fd read = 13
Fri Jun 28 08:27:45 2024: Running Dispatch Server
Fri Jun 28 08:27:45 2024: Version 2.2.0
Fri Jun 28 08:27:52 2024: Dispatch Server: Accepted socket connection from client
Fri Jun 28 08:27:52 2024: Starting Socket connection
Fri Jun 28 08:27:52 2024: EXCHANGE_TOKEN received, server token: 836c68fe-3d25-4237-a18f-0a965846e5a6, passed token: 836c68fe-3d25-4237-a18f-0a965846e5a6
Fri Jun 28 08:27:53 2024: DISPATCH_HANDLER: Adding handler from function makeHandler in library libxv_system_diagram
Fri Jun 28 08:27:53 2024: SESSION_MGR: creating session with session uuid: 'ec12cf7d-152a-4f15-9f65-9e96a080f492' and name 'v++_compile_sink_from_aie_hw'
Fri Jun 28 08:27:53 2024: KERNEL_SVC: creating session with uuid: 'ec12cf7d-152a-4f15-9f65-9e96a080f492' and name 'v++_compile_sink_from_aie_hw'
Fri Jun 28 08:27:53 2024: GUIDANCE_SMGR: creating guidance session with uuid: 'ec12cf7d-152a-4f15-9f65-9e96a080f492' and name 'v++_compile_sink_from_aie_hw'
Fri Jun 28 08:27:53 2024: SYSTEM_DIAGRAM: creating session with uuid: 'ec12cf7d-152a-4f15-9f65-9e96a080f492' and name 'v++_compile_sink_from_aie_hw'
Fri Jun 28 08:28:20 2024: Dispatch Server: Accepted socket connection from client
Fri Jun 28 08:28:20 2024: Starting Socket connection
Fri Jun 28 08:30:50 2024: SESSION_MGR: closing session for UUID 'ec12cf7d-152a-4f15-9f65-9e96a080f492' with name 'v++_compile_sink_from_aie_hw'
Fri Jun 28 08:30:50 2024: KERNEL_SVC: closing session for UUID 'ec12cf7d-152a-4f15-9f65-9e96a080f492' with name 'v++_compile_sink_from_aie_hw'
Fri Jun 28 08:30:50 2024: GUIDANCE_SMGR: closing session for UUID 'ec12cf7d-152a-4f15-9f65-9e96a080f492' with name 'v++_compile_sink_from_aie_hw'
Fri Jun 28 08:30:50 2024: SYSTEM_DIAGRAM: closing session for UUID 'ec12cf7d-152a-4f15-9f65-9e96a080f492' with name 'v++_compile_sink_from_aie_hw'
Fri Jun 28 08:30:50 2024: STOP_SERVER received, server token: 836c68fe-3d25-4237-a18f-0a965846e5a6, passed token: 836c68fe-3d25-4237-a18f-0a965846e5a6
Fri Jun 28 08:30:50 2024: Socket received request to stop server.
Fri Jun 28 08:30:50 2024: Dispatch Server: do_await_stop
Fri Jun 28 08:30:50 2024: Dispatch Server: stopping mainFifo_
Fri Jun 28 08:30:50 2024: XCD main fifo: Stopping
Fri Jun 28 08:30:50 2024: XCD main fifo: do_read error code: Operation canceled
Fri Jun 28 08:30:50 2024: XCD main fifo: bytes_transferred: 0
Fri Jun 28 08:30:50 2024: SERVER: destructor for server bound to port 36955
Fri Jun 28 08:30:50 2024: XCD main fifo: Good unlink of /tmp/xcdmain836c68fe-3d25-4237-a18f-0a965846e5a6
Fri Jun 28 08:30:50 2024: Server exiting with status 0.
Fri Jun 28 08:30:50 2024: Closing log file.
