

================================================================
== Synthesis Summary Report of 'setup_aie'
================================================================
+ General Information: 
    * Date:           Fri Jun 28 08:26:41 2024
    * Version:        2022.2.2 (Build 3779808 on Feb 17 2023)
    * Project:        setup_aie
    * Solution:       solution (Vitis Kernel Flow Target)
    * Product family: versal
    * Target device:  xcvc1902-vsvd1760-2MP-e-S
    

+ Performance & Resource Estimates: 
    
    PS: '+' for module; 'o' for loop; '*' for dataflow
    +---------------------------------------+--------+-------+---------+--------+----------+---------+------+----------+------+----+------------+------------+-----+
    |                Modules                |  Issue |       | Latency | Latency| Iteration|         | Trip |          |      |    |            |            |     |
    |                & Loops                |  Type  | Slack | (cycles)|  (ns)  |  Latency | Interval| Count| Pipelined| BRAM | DSP|     FF     |     LUT    | URAM|
    +---------------------------------------+--------+-------+---------+--------+----------+---------+------+----------+------+----+------------+------------+-----+
    |+ setup_aie                            |  Timing|  -0.00|        -|       -|         -|        -|     -|        no|     -|   -|  1953 (~0%)|  3392 (~0%)|    -|
    | + setup_aie_Pipeline_VITIS_LOOP_37_1  |  Timing|  -0.00|        -|       -|         -|        -|     -|        no|     -|   -|    35 (~0%)|   133 (~0%)|    -|
    |  o VITIS_LOOP_37_1                    |       -|   2.43|        -|       -|         2|        1|     -|       yes|     -|   -|           -|           -|    -|
    +---------------------------------------+--------+-------+---------+--------+----------+---------+------+----------+------+----+------------+------------+-----+


================================================================
== HW Interfaces
================================================================
* M_AXI
+-------------+------------+---------------+---------+--------+----------+-----------+--------------+--------------+-------------+-------------+
| Interface   | Data Width | Address Width | Latency | Offset | Register | Max Widen | Max Read     | Max Write    | Num Read    | Num Write   |
|             | (SW->HW)   |               |         |        |          | Bitwidth  | Burst Length | Burst Length | Outstanding | Outstanding |
+-------------+------------+---------------+---------+--------+----------+-----------+--------------+--------------+-------------+-------------+
| m_axi_gmem0 | 32 -> 128  | 64            | 64      | slave  | 0        | 512       | 16           | 16           | 16          | 16          |
+-------------+------------+---------------+---------+--------+----------+-----------+--------------+--------------+-------------+-------------+

* S_AXILITE Interfaces
+---------------+------------+---------------+--------+----------+
| Interface     | Data Width | Address Width | Offset | Register |
+---------------+------------+---------------+--------+----------+
| s_axi_control | 32         | 6             | 16     | 0        |
+---------------+------------+---------------+--------+----------+

* S_AXILITE Registers
+---------------+--------------+--------+-------+--------+----------------------------------+------------------------------------------------------------------------------------+
| Interface     | Register     | Offset | Width | Access | Description                      | Bit Fields                                                                         |
+---------------+--------------+--------+-------+--------+----------------------------------+------------------------------------------------------------------------------------+
| s_axi_control | CTRL         | 0x00   | 32    | RW     | Control signals                  | 0=AP_START 1=AP_DONE 2=AP_IDLE 3=AP_READY 4=AP_CONTINUE 7=AUTO_RESTART 9=INTERRUPT |
| s_axi_control | GIER         | 0x04   | 32    | RW     | Global Interrupt Enable Register | 0=Enable                                                                           |
| s_axi_control | IP_IER       | 0x08   | 32    | RW     | IP Interrupt Enable Register     | 0=CHAN0_INT_EN 1=CHAN1_INT_EN                                                      |
| s_axi_control | IP_ISR       | 0x0c   | 32    | RW     | IP Interrupt Status Register     | 0=CHAN0_INT_ST 1=CHAN1_INT_ST                                                      |
| s_axi_control | num_clusters | 0x10   | 32    | W      | Data signal of num_clusters      |                                                                                    |
| s_axi_control | num_points   | 0x18   | 32    | W      | Data signal of num_points        |                                                                                    |
| s_axi_control | input_r_1    | 0x20   | 32    | W      | Data signal of input_r           |                                                                                    |
| s_axi_control | input_r_2    | 0x24   | 32    | W      | Data signal of input_r           |                                                                                    |
+---------------+--------------+--------+-------+--------+----------------------------------+------------------------------------------------------------------------------------+

* AXIS
+-----------+---------------+-------+--------+--------+
| Interface | Register Mode | TDATA | TREADY | TVALID |
+-----------+---------------+-------+--------+--------+
| s         | both          | 128   | 1      | 1      |
+-----------+---------------+-------+--------+--------+

* Other Ports
+-------------+----------+
| Interface   | Bitwidth |
+-------------+----------+
| event_done  | 1        |
| event_start | 1        |
+-------------+----------+

* TOP LEVEL CONTROL
+-----------+---------------+-----------+
| Interface | Type          | Ports     |
+-----------+---------------+-----------+
| ap_clk    | clock         | ap_clk    |
| ap_rst_n  | reset         | ap_rst_n  |
| interrupt | interrupt     | interrupt |
| ap_ctrl   | ap_ctrl_chain |           |
+-----------+---------------+-----------+


================================================================
== SW I/O Information
================================================================
* Top Function Arguments
+--------------+-----------+-------------------------+
| Argument     | Direction | Datatype                |
+--------------+-----------+-------------------------+
| num_clusters | in        | int                     |
| num_points   | in        | int                     |
| input        | in        | int*                    |
| s            | out       | stream<ap_int<128>, 0>& |
+--------------+-----------+-------------------------+

* SW-to-HW Mapping
+--------------+---------------+-----------+----------+----------------------------------------+
| Argument     | HW Interface  | HW Type   | HW Usage | HW Info                                |
+--------------+---------------+-----------+----------+----------------------------------------+
| num_clusters | s_axi_control | register  |          | name=num_clusters offset=0x10 range=32 |
| num_points   | s_axi_control | register  |          | name=num_points offset=0x18 range=32   |
| input        | m_axi_gmem0   | interface |          |                                        |
| input        | s_axi_control | interface | offset   |                                        |
| s            | s             | interface |          |                                        |
+--------------+---------------+-----------+----------+----------------------------------------+


================================================================
== M_AXI Burst Information
================================================================
 Note: All burst requests might be further partitioned into multiple requests during RTL generation based on max_read_burst_length or max_write_burst_length settings.

* Inferred Burst Summary
+--------------+-----------+----------+-------+----------------------------------------------------------------------------------+
| HW Interface | Direction | Length   | Width | Location                                                                         |
+--------------+-----------+----------+-------+----------------------------------------------------------------------------------+
| m_axi_gmem0  | read      | variable | 128   | /home/users/eleonora.cabai/Documents/K-Means-AIE/data_movers/setup_aie.cpp:37:20 |
+--------------+-----------+----------+-------+----------------------------------------------------------------------------------+

* Inferred Bursts and Widening Missed
+--------------+----------+-----------------+------------------------------------------------+------------+----------------------------------------------------------------------------------+
| HW Interface | Variable | Loop            | Problem                                        | Resolution | Location                                                                         |
+--------------+----------+-----------------+------------------------------------------------+------------+----------------------------------------------------------------------------------+
| m_axi_gmem0  | input    | VITIS_LOOP_37_1 | Sequential access length is not divisible by 2 | 214-234    | /home/users/eleonora.cabai/Documents/K-Means-AIE/data_movers/setup_aie.cpp:37:20 |
| m_axi_gmem0  | input    | VITIS_LOOP_37_1 | Start index of the access is unaligned         | 214-235    | /home/users/eleonora.cabai/Documents/K-Means-AIE/data_movers/setup_aie.cpp:37:20 |
+--------------+----------+-----------------+------------------------------------------------+------------+----------------------------------------------------------------------------------+

    * Resolution URL: www.xilinx.com/cgi-bin/docs/rdoc?v=2022.2;t=hls+guidance;d=XXX-YYY.html (replace XXX-YYY with column value)

================================================================
== Bind Op Report
================================================================
+---------------------------------------+-----+--------+------------+-----+--------+---------+
| Name                                  | DSP | Pragma | Variable   | Op  | Impl   | Latency |
+---------------------------------------+-----+--------+------------+-----+--------+---------+
| + setup_aie                           | 0   |        |            |     |        |         |
|   size_fu_147_p2                      | -   |        | size       | add | fabric | 0       |
|   sub_ln28_fu_181_p2                  | -   |        | sub_ln28   | sub | fabric | 0       |
|   sub_ln28_1_fu_200_p2                | -   |        | sub_ln28_1 | sub | fabric | 0       |
|  + setup_aie_Pipeline_VITIS_LOOP_37_1 | 0   |        |            |     |        |         |
|    add_ln37_fu_97_p2                  | -   |        | add_ln37   | add | fabric | 0       |
+---------------------------------------+-----+--------+------------+-----+--------+---------+


================================================================
== Bind Storage Report
================================================================
  No bind storage info in design

================================================================
== Pragma Report
================================================================
* Valid Pragma Syntax
+-----------+--------------------------------------------------------------+----------------------------------------+
| Type      | Options                                                      | Location                               |
+-----------+--------------------------------------------------------------+----------------------------------------+
| interface | axis port = s                                                | ../../../setup_aie.cpp:12 in setup_aie |
| interface | m_axi port = input depth = 100 offset = slave bundle = gmem0 | ../../../setup_aie.cpp:15 in setup_aie |
| interface | s_axilite port = input bundle = control                      | ../../../setup_aie.cpp:16 in setup_aie |
| interface | s_axilite port = num_clusters bundle = control               | ../../../setup_aie.cpp:19 in setup_aie |
| interface | s_axilite port = num_points bundle = control                 | ../../../setup_aie.cpp:20 in setup_aie |
| interface | s_axilite port = return bundle = control                     | ../../../setup_aie.cpp:21 in setup_aie |
+-----------+--------------------------------------------------------------+----------------------------------------+


