

================================================================
== Vitis HLS Report for 'sink_from_aie'
================================================================
* Date:           Fri Jun 28 08:29:51 2024

* Version:        2022.2.2 (Build 3779808 on Feb 17 2023)
* Project:        sink_from_aie
* Solution:       solution (Vitis Kernel Flow Target)
* Product family: versal
* Target device:  xcvc1902-vsvd1760-2MP-e-S


================================================================
== Performance Estimates
================================================================
+ Timing: 
    * Summary: 
    +--------+---------+----------+------------+
    |  Clock |  Target | Estimated| Uncertainty|
    +--------+---------+----------+------------+
    |ap_clk  |  3.33 ns|  2.433 ns|     0.90 ns|
    +--------+---------+----------+------------+

+ Latency: 
    * Summary: 
    +---------+---------+----------+----------+-----+-----+---------+
    |  Latency (cycles) |  Latency (absolute) |  Interval | Pipeline|
    |   min   |   max   |    min   |    max   | min | max |   Type  |
    +---------+---------+----------+----------+-----+-----+---------+
    |        ?|        ?|         ?|         ?|    ?|    ?|       no|
    +---------+---------+----------+----------+-----+-----+---------+

    + Detail: 
        * Instance: 
        N/A

        * Loop: 
        N/A

============================================================
+ Verbose Summary: Synthesis Manager
============================================================
InlineROM: 1
ExposeGlobal: 0
============================================================
+ Verbose Summary: CDFG Model
============================================================
IsTopModel: 1
ResetActiveHigh: 1
IsCombinational: 0
IsDatapathOnly: 0
HasWiredReturn: 1
HasMFsm: 0
HasVarLatency: 1
IsPipeline: 0
IsRtlPipelined: 0
IsInstanceOverlapped: 0
IsDontTouch: 0
HasImplIP: 0
IsGatedGlobalClock: 0


============================================================
+ Verbose Summary: Schedule
============================================================
* Number of FSM states : 72
* Pipeline : 0
* Dataflow Pipeline: 0

* FSM state transitions: 
1 --> 2 
2 --> 3 
3 --> 4 
4 --> 5 
5 --> 6 
6 --> 7 
7 --> 8 
8 --> 9 
9 --> 10 
10 --> 11 
11 --> 12 
12 --> 13 
13 --> 14 
14 --> 15 
15 --> 16 
16 --> 17 
17 --> 18 
18 --> 19 
19 --> 20 
20 --> 21 
21 --> 22 
22 --> 23 
23 --> 24 
24 --> 25 
25 --> 26 
26 --> 27 
27 --> 28 
28 --> 29 
29 --> 30 
30 --> 31 
31 --> 32 
32 --> 33 
33 --> 34 
34 --> 35 
35 --> 36 
36 --> 37 
37 --> 38 
38 --> 39 
39 --> 40 
40 --> 41 
41 --> 42 
42 --> 43 
43 --> 44 
44 --> 45 
45 --> 46 
46 --> 47 
47 --> 48 
48 --> 49 
49 --> 50 
50 --> 51 
51 --> 52 
52 --> 53 
53 --> 54 
54 --> 55 
55 --> 56 
56 --> 57 
57 --> 58 
58 --> 59 
59 --> 60 
60 --> 61 
61 --> 62 
62 --> 63 
63 --> 64 
64 --> 65 
65 --> 66 
66 --> 67 
67 --> 68 
68 --> 69 
69 --> 70 
70 --> 71 
71 --> 72 
72 --> 

* FSM state operations: 

State 1 <SV = 0> <Delay = 2.10>
ST_1 : Operation 73 [1/1] (1.00ns)   --->   "%size_read = read i32 @_ssdm_op_Read.ap_none.i32, i32 %size" [/home/users/eleonora.cabai/Documents/K-Means-AIE/data_movers/sink_from_aie.cpp:9]   --->   Operation 73 'read' 'size_read' <Predicate = true> <Delay = 1.00> <CoreInst = "s_axilite">   --->   Core 126 's_axilite' <Latency = 0> <II = 1> <Delay = 1.00> <Adapter> <Opcode : 'read' 'write'>
ST_1 : Operation 74 [1/1] (1.00ns)   --->   "%output_r_read = read i64 @_ssdm_op_Read.s_axilite.i64, i64 %output_r" [/home/users/eleonora.cabai/Documents/K-Means-AIE/data_movers/sink_from_aie.cpp:9]   --->   Operation 74 'read' 'output_r_read' <Predicate = true> <Delay = 1.00> <CoreInst = "s_axilite">   --->   Core 126 's_axilite' <Latency = 0> <II = 1> <Delay = 1.00> <Adapter> <Opcode : 'read' 'write'>
ST_1 : Operation 75 [1/1] (0.00ns)   --->   "%trunc_ln9 = trunc i32 %size_read" [/home/users/eleonora.cabai/Documents/K-Means-AIE/data_movers/sink_from_aie.cpp:9]   --->   Operation 75 'trunc' 'trunc_ln9' <Predicate = true> <Delay = 0.00>
ST_1 : Operation 76 [1/1] (0.70ns)   --->   "%icmp_ln24 = icmp_sgt  i32 %size_read, i32 0" [/home/users/eleonora.cabai/Documents/K-Means-AIE/data_movers/sink_from_aie.cpp:24]   --->   Operation 76 'icmp' 'icmp_ln24' <Predicate = true> <Delay = 0.70> <CoreInst = "Cmp">   --->   Core 9 'Cmp' <Latency = 0> <II = 1> <Delay = 0.70> <FuncUnit> <Opcode : 'icmp'> <InPorts = 2> <OutPorts = 1>
ST_1 : Operation 77 [1/1] (0.00ns)   --->   "%trunc_ln = partselect i62 @_ssdm_op_PartSelect.i62.i64.i32.i32, i64 %output_r_read, i32 2, i32 63" [/home/users/eleonora.cabai/Documents/K-Means-AIE/data_movers/sink_from_aie.cpp:24]   --->   Operation 77 'partselect' 'trunc_ln' <Predicate = true> <Delay = 0.00>
ST_1 : Operation 78 [1/1] (0.40ns)   --->   "%empty = select i1 %icmp_ln24, i31 %trunc_ln9, i31 0" [/home/users/eleonora.cabai/Documents/K-Means-AIE/data_movers/sink_from_aie.cpp:24]   --->   Operation 78 'select' 'empty' <Predicate = true> <Delay = 0.40> <CoreInst = "Sel">   --->   Core 77 'Sel' <Latency = 0> <II = 1> <Delay = 0.40> <FuncUnit> <Opcode : 'select'> <InPorts = 3> <OutPorts = 1>

State 2 <SV = 1> <Delay = 2.43>
ST_2 : Operation 79 [1/1] (0.00ns)   --->   "%sext_ln24 = sext i62 %trunc_ln" [/home/users/eleonora.cabai/Documents/K-Means-AIE/data_movers/sink_from_aie.cpp:24]   --->   Operation 79 'sext' 'sext_ln24' <Predicate = true> <Delay = 0.00>
ST_2 : Operation 80 [1/1] (0.00ns)   --->   "%gmem1_addr = getelementptr i32 %gmem1, i64 %sext_ln24" [/home/users/eleonora.cabai/Documents/K-Means-AIE/data_movers/sink_from_aie.cpp:24]   --->   Operation 80 'getelementptr' 'gmem1_addr' <Predicate = true> <Delay = 0.00>
ST_2 : Operation 81 [1/1] (0.00ns)   --->   "%zext_ln24 = zext i31 %empty" [/home/users/eleonora.cabai/Documents/K-Means-AIE/data_movers/sink_from_aie.cpp:24]   --->   Operation 81 'zext' 'zext_ln24' <Predicate = true> <Delay = 0.00>
ST_2 : Operation 82 [1/1] (2.43ns)   --->   "%empty_19 = writereq i1 @_ssdm_op_WriteReq.m_axi.p1i32, i32 %gmem1_addr, i32 %zext_ln24" [/home/users/eleonora.cabai/Documents/K-Means-AIE/data_movers/sink_from_aie.cpp:24]   --->   Operation 82 'writereq' 'empty_19' <Predicate = true> <Delay = 2.43> <CoreInst = "m_axi">   --->   Core 125 'm_axi' <Latency = 0> <II = 1> <Delay = 1.00> <Adapter> <Opcode : 'read' 'write' 'readreq' 'writereq' 'writeresp'>

State 3 <SV = 2> <Delay = 1.16>
ST_3 : Operation 83 [1/1] (0.00ns)   --->   "%empty_20 = wait i32 @_ssdm_op_Wait"   --->   Operation 83 'wait' 'empty_20' <Predicate = true> <Delay = 0.00>
ST_3 : Operation 84 [2/2] (1.16ns)   --->   "%call_ln24 = call void @sink_from_aie_Pipeline_VITIS_LOOP_24_1, i32 %gmem1, i62 %trunc_ln, i32 %size_read, i32 %input_stream" [/home/users/eleonora.cabai/Documents/K-Means-AIE/data_movers/sink_from_aie.cpp:24]   --->   Operation 84 'call' 'call_ln24' <Predicate = true> <Delay = 1.16> <CoreType = "Generic">   --->   Core 0 '' <Latency = 0> <II = 1> <Delay = 1.00> <Generic> <Opcode : >

State 4 <SV = 3> <Delay = 0.00>
ST_4 : Operation 85 [1/2] (0.00ns)   --->   "%call_ln24 = call void @sink_from_aie_Pipeline_VITIS_LOOP_24_1, i32 %gmem1, i62 %trunc_ln, i32 %size_read, i32 %input_stream" [/home/users/eleonora.cabai/Documents/K-Means-AIE/data_movers/sink_from_aie.cpp:24]   --->   Operation 85 'call' 'call_ln24' <Predicate = true> <Delay = 0.00> <CoreType = "Generic">   --->   Core 0 '' <Latency = 0> <II = 1> <Delay = 1.00> <Generic> <Opcode : >

State 5 <SV = 4> <Delay = 2.43>
ST_5 : Operation 86 [68/68] (2.43ns)   --->   "%empty_21 = writeresp i1 @_ssdm_op_WriteResp.m_axi.p1i32, i32 %gmem1_addr" [/home/users/eleonora.cabai/Documents/K-Means-AIE/data_movers/sink_from_aie.cpp:29]   --->   Operation 86 'writeresp' 'empty_21' <Predicate = true> <Delay = 2.43> <CoreInst = "m_axi">   --->   Core 125 'm_axi' <Latency = 0> <II = 1> <Delay = 1.00> <Adapter> <Opcode : 'read' 'write' 'readreq' 'writereq' 'writeresp'>

State 6 <SV = 5> <Delay = 2.43>
ST_6 : Operation 87 [67/68] (2.43ns)   --->   "%empty_21 = writeresp i1 @_ssdm_op_WriteResp.m_axi.p1i32, i32 %gmem1_addr" [/home/users/eleonora.cabai/Documents/K-Means-AIE/data_movers/sink_from_aie.cpp:29]   --->   Operation 87 'writeresp' 'empty_21' <Predicate = true> <Delay = 2.43> <CoreInst = "m_axi">   --->   Core 125 'm_axi' <Latency = 0> <II = 1> <Delay = 1.00> <Adapter> <Opcode : 'read' 'write' 'readreq' 'writereq' 'writeresp'>

State 7 <SV = 6> <Delay = 2.43>
ST_7 : Operation 88 [66/68] (2.43ns)   --->   "%empty_21 = writeresp i1 @_ssdm_op_WriteResp.m_axi.p1i32, i32 %gmem1_addr" [/home/users/eleonora.cabai/Documents/K-Means-AIE/data_movers/sink_from_aie.cpp:29]   --->   Operation 88 'writeresp' 'empty_21' <Predicate = true> <Delay = 2.43> <CoreInst = "m_axi">   --->   Core 125 'm_axi' <Latency = 0> <II = 1> <Delay = 1.00> <Adapter> <Opcode : 'read' 'write' 'readreq' 'writereq' 'writeresp'>

State 8 <SV = 7> <Delay = 2.43>
ST_8 : Operation 89 [65/68] (2.43ns)   --->   "%empty_21 = writeresp i1 @_ssdm_op_WriteResp.m_axi.p1i32, i32 %gmem1_addr" [/home/users/eleonora.cabai/Documents/K-Means-AIE/data_movers/sink_from_aie.cpp:29]   --->   Operation 89 'writeresp' 'empty_21' <Predicate = true> <Delay = 2.43> <CoreInst = "m_axi">   --->   Core 125 'm_axi' <Latency = 0> <II = 1> <Delay = 1.00> <Adapter> <Opcode : 'read' 'write' 'readreq' 'writereq' 'writeresp'>

State 9 <SV = 8> <Delay = 2.43>
ST_9 : Operation 90 [64/68] (2.43ns)   --->   "%empty_21 = writeresp i1 @_ssdm_op_WriteResp.m_axi.p1i32, i32 %gmem1_addr" [/home/users/eleonora.cabai/Documents/K-Means-AIE/data_movers/sink_from_aie.cpp:29]   --->   Operation 90 'writeresp' 'empty_21' <Predicate = true> <Delay = 2.43> <CoreInst = "m_axi">   --->   Core 125 'm_axi' <Latency = 0> <II = 1> <Delay = 1.00> <Adapter> <Opcode : 'read' 'write' 'readreq' 'writereq' 'writeresp'>

State 10 <SV = 9> <Delay = 2.43>
ST_10 : Operation 91 [63/68] (2.43ns)   --->   "%empty_21 = writeresp i1 @_ssdm_op_WriteResp.m_axi.p1i32, i32 %gmem1_addr" [/home/users/eleonora.cabai/Documents/K-Means-AIE/data_movers/sink_from_aie.cpp:29]   --->   Operation 91 'writeresp' 'empty_21' <Predicate = true> <Delay = 2.43> <CoreInst = "m_axi">   --->   Core 125 'm_axi' <Latency = 0> <II = 1> <Delay = 1.00> <Adapter> <Opcode : 'read' 'write' 'readreq' 'writereq' 'writeresp'>

State 11 <SV = 10> <Delay = 2.43>
ST_11 : Operation 92 [62/68] (2.43ns)   --->   "%empty_21 = writeresp i1 @_ssdm_op_WriteResp.m_axi.p1i32, i32 %gmem1_addr" [/home/users/eleonora.cabai/Documents/K-Means-AIE/data_movers/sink_from_aie.cpp:29]   --->   Operation 92 'writeresp' 'empty_21' <Predicate = true> <Delay = 2.43> <CoreInst = "m_axi">   --->   Core 125 'm_axi' <Latency = 0> <II = 1> <Delay = 1.00> <Adapter> <Opcode : 'read' 'write' 'readreq' 'writereq' 'writeresp'>

State 12 <SV = 11> <Delay = 2.43>
ST_12 : Operation 93 [61/68] (2.43ns)   --->   "%empty_21 = writeresp i1 @_ssdm_op_WriteResp.m_axi.p1i32, i32 %gmem1_addr" [/home/users/eleonora.cabai/Documents/K-Means-AIE/data_movers/sink_from_aie.cpp:29]   --->   Operation 93 'writeresp' 'empty_21' <Predicate = true> <Delay = 2.43> <CoreInst = "m_axi">   --->   Core 125 'm_axi' <Latency = 0> <II = 1> <Delay = 1.00> <Adapter> <Opcode : 'read' 'write' 'readreq' 'writereq' 'writeresp'>

State 13 <SV = 12> <Delay = 2.43>
ST_13 : Operation 94 [60/68] (2.43ns)   --->   "%empty_21 = writeresp i1 @_ssdm_op_WriteResp.m_axi.p1i32, i32 %gmem1_addr" [/home/users/eleonora.cabai/Documents/K-Means-AIE/data_movers/sink_from_aie.cpp:29]   --->   Operation 94 'writeresp' 'empty_21' <Predicate = true> <Delay = 2.43> <CoreInst = "m_axi">   --->   Core 125 'm_axi' <Latency = 0> <II = 1> <Delay = 1.00> <Adapter> <Opcode : 'read' 'write' 'readreq' 'writereq' 'writeresp'>

State 14 <SV = 13> <Delay = 2.43>
ST_14 : Operation 95 [59/68] (2.43ns)   --->   "%empty_21 = writeresp i1 @_ssdm_op_WriteResp.m_axi.p1i32, i32 %gmem1_addr" [/home/users/eleonora.cabai/Documents/K-Means-AIE/data_movers/sink_from_aie.cpp:29]   --->   Operation 95 'writeresp' 'empty_21' <Predicate = true> <Delay = 2.43> <CoreInst = "m_axi">   --->   Core 125 'm_axi' <Latency = 0> <II = 1> <Delay = 1.00> <Adapter> <Opcode : 'read' 'write' 'readreq' 'writereq' 'writeresp'>

State 15 <SV = 14> <Delay = 2.43>
ST_15 : Operation 96 [58/68] (2.43ns)   --->   "%empty_21 = writeresp i1 @_ssdm_op_WriteResp.m_axi.p1i32, i32 %gmem1_addr" [/home/users/eleonora.cabai/Documents/K-Means-AIE/data_movers/sink_from_aie.cpp:29]   --->   Operation 96 'writeresp' 'empty_21' <Predicate = true> <Delay = 2.43> <CoreInst = "m_axi">   --->   Core 125 'm_axi' <Latency = 0> <II = 1> <Delay = 1.00> <Adapter> <Opcode : 'read' 'write' 'readreq' 'writereq' 'writeresp'>

State 16 <SV = 15> <Delay = 2.43>
ST_16 : Operation 97 [57/68] (2.43ns)   --->   "%empty_21 = writeresp i1 @_ssdm_op_WriteResp.m_axi.p1i32, i32 %gmem1_addr" [/home/users/eleonora.cabai/Documents/K-Means-AIE/data_movers/sink_from_aie.cpp:29]   --->   Operation 97 'writeresp' 'empty_21' <Predicate = true> <Delay = 2.43> <CoreInst = "m_axi">   --->   Core 125 'm_axi' <Latency = 0> <II = 1> <Delay = 1.00> <Adapter> <Opcode : 'read' 'write' 'readreq' 'writereq' 'writeresp'>

State 17 <SV = 16> <Delay = 2.43>
ST_17 : Operation 98 [56/68] (2.43ns)   --->   "%empty_21 = writeresp i1 @_ssdm_op_WriteResp.m_axi.p1i32, i32 %gmem1_addr" [/home/users/eleonora.cabai/Documents/K-Means-AIE/data_movers/sink_from_aie.cpp:29]   --->   Operation 98 'writeresp' 'empty_21' <Predicate = true> <Delay = 2.43> <CoreInst = "m_axi">   --->   Core 125 'm_axi' <Latency = 0> <II = 1> <Delay = 1.00> <Adapter> <Opcode : 'read' 'write' 'readreq' 'writereq' 'writeresp'>

State 18 <SV = 17> <Delay = 2.43>
ST_18 : Operation 99 [55/68] (2.43ns)   --->   "%empty_21 = writeresp i1 @_ssdm_op_WriteResp.m_axi.p1i32, i32 %gmem1_addr" [/home/users/eleonora.cabai/Documents/K-Means-AIE/data_movers/sink_from_aie.cpp:29]   --->   Operation 99 'writeresp' 'empty_21' <Predicate = true> <Delay = 2.43> <CoreInst = "m_axi">   --->   Core 125 'm_axi' <Latency = 0> <II = 1> <Delay = 1.00> <Adapter> <Opcode : 'read' 'write' 'readreq' 'writereq' 'writeresp'>

State 19 <SV = 18> <Delay = 2.43>
ST_19 : Operation 100 [54/68] (2.43ns)   --->   "%empty_21 = writeresp i1 @_ssdm_op_WriteResp.m_axi.p1i32, i32 %gmem1_addr" [/home/users/eleonora.cabai/Documents/K-Means-AIE/data_movers/sink_from_aie.cpp:29]   --->   Operation 100 'writeresp' 'empty_21' <Predicate = true> <Delay = 2.43> <CoreInst = "m_axi">   --->   Core 125 'm_axi' <Latency = 0> <II = 1> <Delay = 1.00> <Adapter> <Opcode : 'read' 'write' 'readreq' 'writereq' 'writeresp'>

State 20 <SV = 19> <Delay = 2.43>
ST_20 : Operation 101 [53/68] (2.43ns)   --->   "%empty_21 = writeresp i1 @_ssdm_op_WriteResp.m_axi.p1i32, i32 %gmem1_addr" [/home/users/eleonora.cabai/Documents/K-Means-AIE/data_movers/sink_from_aie.cpp:29]   --->   Operation 101 'writeresp' 'empty_21' <Predicate = true> <Delay = 2.43> <CoreInst = "m_axi">   --->   Core 125 'm_axi' <Latency = 0> <II = 1> <Delay = 1.00> <Adapter> <Opcode : 'read' 'write' 'readreq' 'writereq' 'writeresp'>

State 21 <SV = 20> <Delay = 2.43>
ST_21 : Operation 102 [52/68] (2.43ns)   --->   "%empty_21 = writeresp i1 @_ssdm_op_WriteResp.m_axi.p1i32, i32 %gmem1_addr" [/home/users/eleonora.cabai/Documents/K-Means-AIE/data_movers/sink_from_aie.cpp:29]   --->   Operation 102 'writeresp' 'empty_21' <Predicate = true> <Delay = 2.43> <CoreInst = "m_axi">   --->   Core 125 'm_axi' <Latency = 0> <II = 1> <Delay = 1.00> <Adapter> <Opcode : 'read' 'write' 'readreq' 'writereq' 'writeresp'>

State 22 <SV = 21> <Delay = 2.43>
ST_22 : Operation 103 [51/68] (2.43ns)   --->   "%empty_21 = writeresp i1 @_ssdm_op_WriteResp.m_axi.p1i32, i32 %gmem1_addr" [/home/users/eleonora.cabai/Documents/K-Means-AIE/data_movers/sink_from_aie.cpp:29]   --->   Operation 103 'writeresp' 'empty_21' <Predicate = true> <Delay = 2.43> <CoreInst = "m_axi">   --->   Core 125 'm_axi' <Latency = 0> <II = 1> <Delay = 1.00> <Adapter> <Opcode : 'read' 'write' 'readreq' 'writereq' 'writeresp'>

State 23 <SV = 22> <Delay = 2.43>
ST_23 : Operation 104 [50/68] (2.43ns)   --->   "%empty_21 = writeresp i1 @_ssdm_op_WriteResp.m_axi.p1i32, i32 %gmem1_addr" [/home/users/eleonora.cabai/Documents/K-Means-AIE/data_movers/sink_from_aie.cpp:29]   --->   Operation 104 'writeresp' 'empty_21' <Predicate = true> <Delay = 2.43> <CoreInst = "m_axi">   --->   Core 125 'm_axi' <Latency = 0> <II = 1> <Delay = 1.00> <Adapter> <Opcode : 'read' 'write' 'readreq' 'writereq' 'writeresp'>

State 24 <SV = 23> <Delay = 2.43>
ST_24 : Operation 105 [49/68] (2.43ns)   --->   "%empty_21 = writeresp i1 @_ssdm_op_WriteResp.m_axi.p1i32, i32 %gmem1_addr" [/home/users/eleonora.cabai/Documents/K-Means-AIE/data_movers/sink_from_aie.cpp:29]   --->   Operation 105 'writeresp' 'empty_21' <Predicate = true> <Delay = 2.43> <CoreInst = "m_axi">   --->   Core 125 'm_axi' <Latency = 0> <II = 1> <Delay = 1.00> <Adapter> <Opcode : 'read' 'write' 'readreq' 'writereq' 'writeresp'>

State 25 <SV = 24> <Delay = 2.43>
ST_25 : Operation 106 [48/68] (2.43ns)   --->   "%empty_21 = writeresp i1 @_ssdm_op_WriteResp.m_axi.p1i32, i32 %gmem1_addr" [/home/users/eleonora.cabai/Documents/K-Means-AIE/data_movers/sink_from_aie.cpp:29]   --->   Operation 106 'writeresp' 'empty_21' <Predicate = true> <Delay = 2.43> <CoreInst = "m_axi">   --->   Core 125 'm_axi' <Latency = 0> <II = 1> <Delay = 1.00> <Adapter> <Opcode : 'read' 'write' 'readreq' 'writereq' 'writeresp'>

State 26 <SV = 25> <Delay = 2.43>
ST_26 : Operation 107 [47/68] (2.43ns)   --->   "%empty_21 = writeresp i1 @_ssdm_op_WriteResp.m_axi.p1i32, i32 %gmem1_addr" [/home/users/eleonora.cabai/Documents/K-Means-AIE/data_movers/sink_from_aie.cpp:29]   --->   Operation 107 'writeresp' 'empty_21' <Predicate = true> <Delay = 2.43> <CoreInst = "m_axi">   --->   Core 125 'm_axi' <Latency = 0> <II = 1> <Delay = 1.00> <Adapter> <Opcode : 'read' 'write' 'readreq' 'writereq' 'writeresp'>

State 27 <SV = 26> <Delay = 2.43>
ST_27 : Operation 108 [46/68] (2.43ns)   --->   "%empty_21 = writeresp i1 @_ssdm_op_WriteResp.m_axi.p1i32, i32 %gmem1_addr" [/home/users/eleonora.cabai/Documents/K-Means-AIE/data_movers/sink_from_aie.cpp:29]   --->   Operation 108 'writeresp' 'empty_21' <Predicate = true> <Delay = 2.43> <CoreInst = "m_axi">   --->   Core 125 'm_axi' <Latency = 0> <II = 1> <Delay = 1.00> <Adapter> <Opcode : 'read' 'write' 'readreq' 'writereq' 'writeresp'>

State 28 <SV = 27> <Delay = 2.43>
ST_28 : Operation 109 [45/68] (2.43ns)   --->   "%empty_21 = writeresp i1 @_ssdm_op_WriteResp.m_axi.p1i32, i32 %gmem1_addr" [/home/users/eleonora.cabai/Documents/K-Means-AIE/data_movers/sink_from_aie.cpp:29]   --->   Operation 109 'writeresp' 'empty_21' <Predicate = true> <Delay = 2.43> <CoreInst = "m_axi">   --->   Core 125 'm_axi' <Latency = 0> <II = 1> <Delay = 1.00> <Adapter> <Opcode : 'read' 'write' 'readreq' 'writereq' 'writeresp'>

State 29 <SV = 28> <Delay = 2.43>
ST_29 : Operation 110 [44/68] (2.43ns)   --->   "%empty_21 = writeresp i1 @_ssdm_op_WriteResp.m_axi.p1i32, i32 %gmem1_addr" [/home/users/eleonora.cabai/Documents/K-Means-AIE/data_movers/sink_from_aie.cpp:29]   --->   Operation 110 'writeresp' 'empty_21' <Predicate = true> <Delay = 2.43> <CoreInst = "m_axi">   --->   Core 125 'm_axi' <Latency = 0> <II = 1> <Delay = 1.00> <Adapter> <Opcode : 'read' 'write' 'readreq' 'writereq' 'writeresp'>

State 30 <SV = 29> <Delay = 2.43>
ST_30 : Operation 111 [43/68] (2.43ns)   --->   "%empty_21 = writeresp i1 @_ssdm_op_WriteResp.m_axi.p1i32, i32 %gmem1_addr" [/home/users/eleonora.cabai/Documents/K-Means-AIE/data_movers/sink_from_aie.cpp:29]   --->   Operation 111 'writeresp' 'empty_21' <Predicate = true> <Delay = 2.43> <CoreInst = "m_axi">   --->   Core 125 'm_axi' <Latency = 0> <II = 1> <Delay = 1.00> <Adapter> <Opcode : 'read' 'write' 'readreq' 'writereq' 'writeresp'>

State 31 <SV = 30> <Delay = 2.43>
ST_31 : Operation 112 [42/68] (2.43ns)   --->   "%empty_21 = writeresp i1 @_ssdm_op_WriteResp.m_axi.p1i32, i32 %gmem1_addr" [/home/users/eleonora.cabai/Documents/K-Means-AIE/data_movers/sink_from_aie.cpp:29]   --->   Operation 112 'writeresp' 'empty_21' <Predicate = true> <Delay = 2.43> <CoreInst = "m_axi">   --->   Core 125 'm_axi' <Latency = 0> <II = 1> <Delay = 1.00> <Adapter> <Opcode : 'read' 'write' 'readreq' 'writereq' 'writeresp'>

State 32 <SV = 31> <Delay = 2.43>
ST_32 : Operation 113 [41/68] (2.43ns)   --->   "%empty_21 = writeresp i1 @_ssdm_op_WriteResp.m_axi.p1i32, i32 %gmem1_addr" [/home/users/eleonora.cabai/Documents/K-Means-AIE/data_movers/sink_from_aie.cpp:29]   --->   Operation 113 'writeresp' 'empty_21' <Predicate = true> <Delay = 2.43> <CoreInst = "m_axi">   --->   Core 125 'm_axi' <Latency = 0> <II = 1> <Delay = 1.00> <Adapter> <Opcode : 'read' 'write' 'readreq' 'writereq' 'writeresp'>

State 33 <SV = 32> <Delay = 2.43>
ST_33 : Operation 114 [40/68] (2.43ns)   --->   "%empty_21 = writeresp i1 @_ssdm_op_WriteResp.m_axi.p1i32, i32 %gmem1_addr" [/home/users/eleonora.cabai/Documents/K-Means-AIE/data_movers/sink_from_aie.cpp:29]   --->   Operation 114 'writeresp' 'empty_21' <Predicate = true> <Delay = 2.43> <CoreInst = "m_axi">   --->   Core 125 'm_axi' <Latency = 0> <II = 1> <Delay = 1.00> <Adapter> <Opcode : 'read' 'write' 'readreq' 'writereq' 'writeresp'>

State 34 <SV = 33> <Delay = 2.43>
ST_34 : Operation 115 [39/68] (2.43ns)   --->   "%empty_21 = writeresp i1 @_ssdm_op_WriteResp.m_axi.p1i32, i32 %gmem1_addr" [/home/users/eleonora.cabai/Documents/K-Means-AIE/data_movers/sink_from_aie.cpp:29]   --->   Operation 115 'writeresp' 'empty_21' <Predicate = true> <Delay = 2.43> <CoreInst = "m_axi">   --->   Core 125 'm_axi' <Latency = 0> <II = 1> <Delay = 1.00> <Adapter> <Opcode : 'read' 'write' 'readreq' 'writereq' 'writeresp'>

State 35 <SV = 34> <Delay = 2.43>
ST_35 : Operation 116 [38/68] (2.43ns)   --->   "%empty_21 = writeresp i1 @_ssdm_op_WriteResp.m_axi.p1i32, i32 %gmem1_addr" [/home/users/eleonora.cabai/Documents/K-Means-AIE/data_movers/sink_from_aie.cpp:29]   --->   Operation 116 'writeresp' 'empty_21' <Predicate = true> <Delay = 2.43> <CoreInst = "m_axi">   --->   Core 125 'm_axi' <Latency = 0> <II = 1> <Delay = 1.00> <Adapter> <Opcode : 'read' 'write' 'readreq' 'writereq' 'writeresp'>

State 36 <SV = 35> <Delay = 2.43>
ST_36 : Operation 117 [37/68] (2.43ns)   --->   "%empty_21 = writeresp i1 @_ssdm_op_WriteResp.m_axi.p1i32, i32 %gmem1_addr" [/home/users/eleonora.cabai/Documents/K-Means-AIE/data_movers/sink_from_aie.cpp:29]   --->   Operation 117 'writeresp' 'empty_21' <Predicate = true> <Delay = 2.43> <CoreInst = "m_axi">   --->   Core 125 'm_axi' <Latency = 0> <II = 1> <Delay = 1.00> <Adapter> <Opcode : 'read' 'write' 'readreq' 'writereq' 'writeresp'>

State 37 <SV = 36> <Delay = 2.43>
ST_37 : Operation 118 [36/68] (2.43ns)   --->   "%empty_21 = writeresp i1 @_ssdm_op_WriteResp.m_axi.p1i32, i32 %gmem1_addr" [/home/users/eleonora.cabai/Documents/K-Means-AIE/data_movers/sink_from_aie.cpp:29]   --->   Operation 118 'writeresp' 'empty_21' <Predicate = true> <Delay = 2.43> <CoreInst = "m_axi">   --->   Core 125 'm_axi' <Latency = 0> <II = 1> <Delay = 1.00> <Adapter> <Opcode : 'read' 'write' 'readreq' 'writereq' 'writeresp'>

State 38 <SV = 37> <Delay = 2.43>
ST_38 : Operation 119 [35/68] (2.43ns)   --->   "%empty_21 = writeresp i1 @_ssdm_op_WriteResp.m_axi.p1i32, i32 %gmem1_addr" [/home/users/eleonora.cabai/Documents/K-Means-AIE/data_movers/sink_from_aie.cpp:29]   --->   Operation 119 'writeresp' 'empty_21' <Predicate = true> <Delay = 2.43> <CoreInst = "m_axi">   --->   Core 125 'm_axi' <Latency = 0> <II = 1> <Delay = 1.00> <Adapter> <Opcode : 'read' 'write' 'readreq' 'writereq' 'writeresp'>

State 39 <SV = 38> <Delay = 2.43>
ST_39 : Operation 120 [34/68] (2.43ns)   --->   "%empty_21 = writeresp i1 @_ssdm_op_WriteResp.m_axi.p1i32, i32 %gmem1_addr" [/home/users/eleonora.cabai/Documents/K-Means-AIE/data_movers/sink_from_aie.cpp:29]   --->   Operation 120 'writeresp' 'empty_21' <Predicate = true> <Delay = 2.43> <CoreInst = "m_axi">   --->   Core 125 'm_axi' <Latency = 0> <II = 1> <Delay = 1.00> <Adapter> <Opcode : 'read' 'write' 'readreq' 'writereq' 'writeresp'>

State 40 <SV = 39> <Delay = 2.43>
ST_40 : Operation 121 [33/68] (2.43ns)   --->   "%empty_21 = writeresp i1 @_ssdm_op_WriteResp.m_axi.p1i32, i32 %gmem1_addr" [/home/users/eleonora.cabai/Documents/K-Means-AIE/data_movers/sink_from_aie.cpp:29]   --->   Operation 121 'writeresp' 'empty_21' <Predicate = true> <Delay = 2.43> <CoreInst = "m_axi">   --->   Core 125 'm_axi' <Latency = 0> <II = 1> <Delay = 1.00> <Adapter> <Opcode : 'read' 'write' 'readreq' 'writereq' 'writeresp'>

State 41 <SV = 40> <Delay = 2.43>
ST_41 : Operation 122 [32/68] (2.43ns)   --->   "%empty_21 = writeresp i1 @_ssdm_op_WriteResp.m_axi.p1i32, i32 %gmem1_addr" [/home/users/eleonora.cabai/Documents/K-Means-AIE/data_movers/sink_from_aie.cpp:29]   --->   Operation 122 'writeresp' 'empty_21' <Predicate = true> <Delay = 2.43> <CoreInst = "m_axi">   --->   Core 125 'm_axi' <Latency = 0> <II = 1> <Delay = 1.00> <Adapter> <Opcode : 'read' 'write' 'readreq' 'writereq' 'writeresp'>

State 42 <SV = 41> <Delay = 2.43>
ST_42 : Operation 123 [31/68] (2.43ns)   --->   "%empty_21 = writeresp i1 @_ssdm_op_WriteResp.m_axi.p1i32, i32 %gmem1_addr" [/home/users/eleonora.cabai/Documents/K-Means-AIE/data_movers/sink_from_aie.cpp:29]   --->   Operation 123 'writeresp' 'empty_21' <Predicate = true> <Delay = 2.43> <CoreInst = "m_axi">   --->   Core 125 'm_axi' <Latency = 0> <II = 1> <Delay = 1.00> <Adapter> <Opcode : 'read' 'write' 'readreq' 'writereq' 'writeresp'>

State 43 <SV = 42> <Delay = 2.43>
ST_43 : Operation 124 [30/68] (2.43ns)   --->   "%empty_21 = writeresp i1 @_ssdm_op_WriteResp.m_axi.p1i32, i32 %gmem1_addr" [/home/users/eleonora.cabai/Documents/K-Means-AIE/data_movers/sink_from_aie.cpp:29]   --->   Operation 124 'writeresp' 'empty_21' <Predicate = true> <Delay = 2.43> <CoreInst = "m_axi">   --->   Core 125 'm_axi' <Latency = 0> <II = 1> <Delay = 1.00> <Adapter> <Opcode : 'read' 'write' 'readreq' 'writereq' 'writeresp'>

State 44 <SV = 43> <Delay = 2.43>
ST_44 : Operation 125 [29/68] (2.43ns)   --->   "%empty_21 = writeresp i1 @_ssdm_op_WriteResp.m_axi.p1i32, i32 %gmem1_addr" [/home/users/eleonora.cabai/Documents/K-Means-AIE/data_movers/sink_from_aie.cpp:29]   --->   Operation 125 'writeresp' 'empty_21' <Predicate = true> <Delay = 2.43> <CoreInst = "m_axi">   --->   Core 125 'm_axi' <Latency = 0> <II = 1> <Delay = 1.00> <Adapter> <Opcode : 'read' 'write' 'readreq' 'writereq' 'writeresp'>

State 45 <SV = 44> <Delay = 2.43>
ST_45 : Operation 126 [28/68] (2.43ns)   --->   "%empty_21 = writeresp i1 @_ssdm_op_WriteResp.m_axi.p1i32, i32 %gmem1_addr" [/home/users/eleonora.cabai/Documents/K-Means-AIE/data_movers/sink_from_aie.cpp:29]   --->   Operation 126 'writeresp' 'empty_21' <Predicate = true> <Delay = 2.43> <CoreInst = "m_axi">   --->   Core 125 'm_axi' <Latency = 0> <II = 1> <Delay = 1.00> <Adapter> <Opcode : 'read' 'write' 'readreq' 'writereq' 'writeresp'>

State 46 <SV = 45> <Delay = 2.43>
ST_46 : Operation 127 [27/68] (2.43ns)   --->   "%empty_21 = writeresp i1 @_ssdm_op_WriteResp.m_axi.p1i32, i32 %gmem1_addr" [/home/users/eleonora.cabai/Documents/K-Means-AIE/data_movers/sink_from_aie.cpp:29]   --->   Operation 127 'writeresp' 'empty_21' <Predicate = true> <Delay = 2.43> <CoreInst = "m_axi">   --->   Core 125 'm_axi' <Latency = 0> <II = 1> <Delay = 1.00> <Adapter> <Opcode : 'read' 'write' 'readreq' 'writereq' 'writeresp'>

State 47 <SV = 46> <Delay = 2.43>
ST_47 : Operation 128 [26/68] (2.43ns)   --->   "%empty_21 = writeresp i1 @_ssdm_op_WriteResp.m_axi.p1i32, i32 %gmem1_addr" [/home/users/eleonora.cabai/Documents/K-Means-AIE/data_movers/sink_from_aie.cpp:29]   --->   Operation 128 'writeresp' 'empty_21' <Predicate = true> <Delay = 2.43> <CoreInst = "m_axi">   --->   Core 125 'm_axi' <Latency = 0> <II = 1> <Delay = 1.00> <Adapter> <Opcode : 'read' 'write' 'readreq' 'writereq' 'writeresp'>

State 48 <SV = 47> <Delay = 2.43>
ST_48 : Operation 129 [25/68] (2.43ns)   --->   "%empty_21 = writeresp i1 @_ssdm_op_WriteResp.m_axi.p1i32, i32 %gmem1_addr" [/home/users/eleonora.cabai/Documents/K-Means-AIE/data_movers/sink_from_aie.cpp:29]   --->   Operation 129 'writeresp' 'empty_21' <Predicate = true> <Delay = 2.43> <CoreInst = "m_axi">   --->   Core 125 'm_axi' <Latency = 0> <II = 1> <Delay = 1.00> <Adapter> <Opcode : 'read' 'write' 'readreq' 'writereq' 'writeresp'>

State 49 <SV = 48> <Delay = 2.43>
ST_49 : Operation 130 [24/68] (2.43ns)   --->   "%empty_21 = writeresp i1 @_ssdm_op_WriteResp.m_axi.p1i32, i32 %gmem1_addr" [/home/users/eleonora.cabai/Documents/K-Means-AIE/data_movers/sink_from_aie.cpp:29]   --->   Operation 130 'writeresp' 'empty_21' <Predicate = true> <Delay = 2.43> <CoreInst = "m_axi">   --->   Core 125 'm_axi' <Latency = 0> <II = 1> <Delay = 1.00> <Adapter> <Opcode : 'read' 'write' 'readreq' 'writereq' 'writeresp'>

State 50 <SV = 49> <Delay = 2.43>
ST_50 : Operation 131 [23/68] (2.43ns)   --->   "%empty_21 = writeresp i1 @_ssdm_op_WriteResp.m_axi.p1i32, i32 %gmem1_addr" [/home/users/eleonora.cabai/Documents/K-Means-AIE/data_movers/sink_from_aie.cpp:29]   --->   Operation 131 'writeresp' 'empty_21' <Predicate = true> <Delay = 2.43> <CoreInst = "m_axi">   --->   Core 125 'm_axi' <Latency = 0> <II = 1> <Delay = 1.00> <Adapter> <Opcode : 'read' 'write' 'readreq' 'writereq' 'writeresp'>

State 51 <SV = 50> <Delay = 2.43>
ST_51 : Operation 132 [22/68] (2.43ns)   --->   "%empty_21 = writeresp i1 @_ssdm_op_WriteResp.m_axi.p1i32, i32 %gmem1_addr" [/home/users/eleonora.cabai/Documents/K-Means-AIE/data_movers/sink_from_aie.cpp:29]   --->   Operation 132 'writeresp' 'empty_21' <Predicate = true> <Delay = 2.43> <CoreInst = "m_axi">   --->   Core 125 'm_axi' <Latency = 0> <II = 1> <Delay = 1.00> <Adapter> <Opcode : 'read' 'write' 'readreq' 'writereq' 'writeresp'>

State 52 <SV = 51> <Delay = 2.43>
ST_52 : Operation 133 [21/68] (2.43ns)   --->   "%empty_21 = writeresp i1 @_ssdm_op_WriteResp.m_axi.p1i32, i32 %gmem1_addr" [/home/users/eleonora.cabai/Documents/K-Means-AIE/data_movers/sink_from_aie.cpp:29]   --->   Operation 133 'writeresp' 'empty_21' <Predicate = true> <Delay = 2.43> <CoreInst = "m_axi">   --->   Core 125 'm_axi' <Latency = 0> <II = 1> <Delay = 1.00> <Adapter> <Opcode : 'read' 'write' 'readreq' 'writereq' 'writeresp'>

State 53 <SV = 52> <Delay = 2.43>
ST_53 : Operation 134 [20/68] (2.43ns)   --->   "%empty_21 = writeresp i1 @_ssdm_op_WriteResp.m_axi.p1i32, i32 %gmem1_addr" [/home/users/eleonora.cabai/Documents/K-Means-AIE/data_movers/sink_from_aie.cpp:29]   --->   Operation 134 'writeresp' 'empty_21' <Predicate = true> <Delay = 2.43> <CoreInst = "m_axi">   --->   Core 125 'm_axi' <Latency = 0> <II = 1> <Delay = 1.00> <Adapter> <Opcode : 'read' 'write' 'readreq' 'writereq' 'writeresp'>

State 54 <SV = 53> <Delay = 2.43>
ST_54 : Operation 135 [19/68] (2.43ns)   --->   "%empty_21 = writeresp i1 @_ssdm_op_WriteResp.m_axi.p1i32, i32 %gmem1_addr" [/home/users/eleonora.cabai/Documents/K-Means-AIE/data_movers/sink_from_aie.cpp:29]   --->   Operation 135 'writeresp' 'empty_21' <Predicate = true> <Delay = 2.43> <CoreInst = "m_axi">   --->   Core 125 'm_axi' <Latency = 0> <II = 1> <Delay = 1.00> <Adapter> <Opcode : 'read' 'write' 'readreq' 'writereq' 'writeresp'>

State 55 <SV = 54> <Delay = 2.43>
ST_55 : Operation 136 [18/68] (2.43ns)   --->   "%empty_21 = writeresp i1 @_ssdm_op_WriteResp.m_axi.p1i32, i32 %gmem1_addr" [/home/users/eleonora.cabai/Documents/K-Means-AIE/data_movers/sink_from_aie.cpp:29]   --->   Operation 136 'writeresp' 'empty_21' <Predicate = true> <Delay = 2.43> <CoreInst = "m_axi">   --->   Core 125 'm_axi' <Latency = 0> <II = 1> <Delay = 1.00> <Adapter> <Opcode : 'read' 'write' 'readreq' 'writereq' 'writeresp'>

State 56 <SV = 55> <Delay = 2.43>
ST_56 : Operation 137 [17/68] (2.43ns)   --->   "%empty_21 = writeresp i1 @_ssdm_op_WriteResp.m_axi.p1i32, i32 %gmem1_addr" [/home/users/eleonora.cabai/Documents/K-Means-AIE/data_movers/sink_from_aie.cpp:29]   --->   Operation 137 'writeresp' 'empty_21' <Predicate = true> <Delay = 2.43> <CoreInst = "m_axi">   --->   Core 125 'm_axi' <Latency = 0> <II = 1> <Delay = 1.00> <Adapter> <Opcode : 'read' 'write' 'readreq' 'writereq' 'writeresp'>

State 57 <SV = 56> <Delay = 2.43>
ST_57 : Operation 138 [16/68] (2.43ns)   --->   "%empty_21 = writeresp i1 @_ssdm_op_WriteResp.m_axi.p1i32, i32 %gmem1_addr" [/home/users/eleonora.cabai/Documents/K-Means-AIE/data_movers/sink_from_aie.cpp:29]   --->   Operation 138 'writeresp' 'empty_21' <Predicate = true> <Delay = 2.43> <CoreInst = "m_axi">   --->   Core 125 'm_axi' <Latency = 0> <II = 1> <Delay = 1.00> <Adapter> <Opcode : 'read' 'write' 'readreq' 'writereq' 'writeresp'>

State 58 <SV = 57> <Delay = 2.43>
ST_58 : Operation 139 [15/68] (2.43ns)   --->   "%empty_21 = writeresp i1 @_ssdm_op_WriteResp.m_axi.p1i32, i32 %gmem1_addr" [/home/users/eleonora.cabai/Documents/K-Means-AIE/data_movers/sink_from_aie.cpp:29]   --->   Operation 139 'writeresp' 'empty_21' <Predicate = true> <Delay = 2.43> <CoreInst = "m_axi">   --->   Core 125 'm_axi' <Latency = 0> <II = 1> <Delay = 1.00> <Adapter> <Opcode : 'read' 'write' 'readreq' 'writereq' 'writeresp'>

State 59 <SV = 58> <Delay = 2.43>
ST_59 : Operation 140 [14/68] (2.43ns)   --->   "%empty_21 = writeresp i1 @_ssdm_op_WriteResp.m_axi.p1i32, i32 %gmem1_addr" [/home/users/eleonora.cabai/Documents/K-Means-AIE/data_movers/sink_from_aie.cpp:29]   --->   Operation 140 'writeresp' 'empty_21' <Predicate = true> <Delay = 2.43> <CoreInst = "m_axi">   --->   Core 125 'm_axi' <Latency = 0> <II = 1> <Delay = 1.00> <Adapter> <Opcode : 'read' 'write' 'readreq' 'writereq' 'writeresp'>

State 60 <SV = 59> <Delay = 2.43>
ST_60 : Operation 141 [13/68] (2.43ns)   --->   "%empty_21 = writeresp i1 @_ssdm_op_WriteResp.m_axi.p1i32, i32 %gmem1_addr" [/home/users/eleonora.cabai/Documents/K-Means-AIE/data_movers/sink_from_aie.cpp:29]   --->   Operation 141 'writeresp' 'empty_21' <Predicate = true> <Delay = 2.43> <CoreInst = "m_axi">   --->   Core 125 'm_axi' <Latency = 0> <II = 1> <Delay = 1.00> <Adapter> <Opcode : 'read' 'write' 'readreq' 'writereq' 'writeresp'>

State 61 <SV = 60> <Delay = 2.43>
ST_61 : Operation 142 [12/68] (2.43ns)   --->   "%empty_21 = writeresp i1 @_ssdm_op_WriteResp.m_axi.p1i32, i32 %gmem1_addr" [/home/users/eleonora.cabai/Documents/K-Means-AIE/data_movers/sink_from_aie.cpp:29]   --->   Operation 142 'writeresp' 'empty_21' <Predicate = true> <Delay = 2.43> <CoreInst = "m_axi">   --->   Core 125 'm_axi' <Latency = 0> <II = 1> <Delay = 1.00> <Adapter> <Opcode : 'read' 'write' 'readreq' 'writereq' 'writeresp'>

State 62 <SV = 61> <Delay = 2.43>
ST_62 : Operation 143 [11/68] (2.43ns)   --->   "%empty_21 = writeresp i1 @_ssdm_op_WriteResp.m_axi.p1i32, i32 %gmem1_addr" [/home/users/eleonora.cabai/Documents/K-Means-AIE/data_movers/sink_from_aie.cpp:29]   --->   Operation 143 'writeresp' 'empty_21' <Predicate = true> <Delay = 2.43> <CoreInst = "m_axi">   --->   Core 125 'm_axi' <Latency = 0> <II = 1> <Delay = 1.00> <Adapter> <Opcode : 'read' 'write' 'readreq' 'writereq' 'writeresp'>

State 63 <SV = 62> <Delay = 2.43>
ST_63 : Operation 144 [10/68] (2.43ns)   --->   "%empty_21 = writeresp i1 @_ssdm_op_WriteResp.m_axi.p1i32, i32 %gmem1_addr" [/home/users/eleonora.cabai/Documents/K-Means-AIE/data_movers/sink_from_aie.cpp:29]   --->   Operation 144 'writeresp' 'empty_21' <Predicate = true> <Delay = 2.43> <CoreInst = "m_axi">   --->   Core 125 'm_axi' <Latency = 0> <II = 1> <Delay = 1.00> <Adapter> <Opcode : 'read' 'write' 'readreq' 'writereq' 'writeresp'>

State 64 <SV = 63> <Delay = 2.43>
ST_64 : Operation 145 [9/68] (2.43ns)   --->   "%empty_21 = writeresp i1 @_ssdm_op_WriteResp.m_axi.p1i32, i32 %gmem1_addr" [/home/users/eleonora.cabai/Documents/K-Means-AIE/data_movers/sink_from_aie.cpp:29]   --->   Operation 145 'writeresp' 'empty_21' <Predicate = true> <Delay = 2.43> <CoreInst = "m_axi">   --->   Core 125 'm_axi' <Latency = 0> <II = 1> <Delay = 1.00> <Adapter> <Opcode : 'read' 'write' 'readreq' 'writereq' 'writeresp'>

State 65 <SV = 64> <Delay = 2.43>
ST_65 : Operation 146 [8/68] (2.43ns)   --->   "%empty_21 = writeresp i1 @_ssdm_op_WriteResp.m_axi.p1i32, i32 %gmem1_addr" [/home/users/eleonora.cabai/Documents/K-Means-AIE/data_movers/sink_from_aie.cpp:29]   --->   Operation 146 'writeresp' 'empty_21' <Predicate = true> <Delay = 2.43> <CoreInst = "m_axi">   --->   Core 125 'm_axi' <Latency = 0> <II = 1> <Delay = 1.00> <Adapter> <Opcode : 'read' 'write' 'readreq' 'writereq' 'writeresp'>

State 66 <SV = 65> <Delay = 2.43>
ST_66 : Operation 147 [7/68] (2.43ns)   --->   "%empty_21 = writeresp i1 @_ssdm_op_WriteResp.m_axi.p1i32, i32 %gmem1_addr" [/home/users/eleonora.cabai/Documents/K-Means-AIE/data_movers/sink_from_aie.cpp:29]   --->   Operation 147 'writeresp' 'empty_21' <Predicate = true> <Delay = 2.43> <CoreInst = "m_axi">   --->   Core 125 'm_axi' <Latency = 0> <II = 1> <Delay = 1.00> <Adapter> <Opcode : 'read' 'write' 'readreq' 'writereq' 'writeresp'>

State 67 <SV = 66> <Delay = 2.43>
ST_67 : Operation 148 [6/68] (2.43ns)   --->   "%empty_21 = writeresp i1 @_ssdm_op_WriteResp.m_axi.p1i32, i32 %gmem1_addr" [/home/users/eleonora.cabai/Documents/K-Means-AIE/data_movers/sink_from_aie.cpp:29]   --->   Operation 148 'writeresp' 'empty_21' <Predicate = true> <Delay = 2.43> <CoreInst = "m_axi">   --->   Core 125 'm_axi' <Latency = 0> <II = 1> <Delay = 1.00> <Adapter> <Opcode : 'read' 'write' 'readreq' 'writereq' 'writeresp'>

State 68 <SV = 67> <Delay = 2.43>
ST_68 : Operation 149 [5/68] (2.43ns)   --->   "%empty_21 = writeresp i1 @_ssdm_op_WriteResp.m_axi.p1i32, i32 %gmem1_addr" [/home/users/eleonora.cabai/Documents/K-Means-AIE/data_movers/sink_from_aie.cpp:29]   --->   Operation 149 'writeresp' 'empty_21' <Predicate = true> <Delay = 2.43> <CoreInst = "m_axi">   --->   Core 125 'm_axi' <Latency = 0> <II = 1> <Delay = 1.00> <Adapter> <Opcode : 'read' 'write' 'readreq' 'writereq' 'writeresp'>

State 69 <SV = 68> <Delay = 2.43>
ST_69 : Operation 150 [4/68] (2.43ns)   --->   "%empty_21 = writeresp i1 @_ssdm_op_WriteResp.m_axi.p1i32, i32 %gmem1_addr" [/home/users/eleonora.cabai/Documents/K-Means-AIE/data_movers/sink_from_aie.cpp:29]   --->   Operation 150 'writeresp' 'empty_21' <Predicate = true> <Delay = 2.43> <CoreInst = "m_axi">   --->   Core 125 'm_axi' <Latency = 0> <II = 1> <Delay = 1.00> <Adapter> <Opcode : 'read' 'write' 'readreq' 'writereq' 'writeresp'>

State 70 <SV = 69> <Delay = 2.43>
ST_70 : Operation 151 [3/68] (2.43ns)   --->   "%empty_21 = writeresp i1 @_ssdm_op_WriteResp.m_axi.p1i32, i32 %gmem1_addr" [/home/users/eleonora.cabai/Documents/K-Means-AIE/data_movers/sink_from_aie.cpp:29]   --->   Operation 151 'writeresp' 'empty_21' <Predicate = true> <Delay = 2.43> <CoreInst = "m_axi">   --->   Core 125 'm_axi' <Latency = 0> <II = 1> <Delay = 1.00> <Adapter> <Opcode : 'read' 'write' 'readreq' 'writereq' 'writeresp'>

State 71 <SV = 70> <Delay = 2.43>
ST_71 : Operation 152 [2/68] (2.43ns)   --->   "%empty_21 = writeresp i1 @_ssdm_op_WriteResp.m_axi.p1i32, i32 %gmem1_addr" [/home/users/eleonora.cabai/Documents/K-Means-AIE/data_movers/sink_from_aie.cpp:29]   --->   Operation 152 'writeresp' 'empty_21' <Predicate = true> <Delay = 2.43> <CoreInst = "m_axi">   --->   Core 125 'm_axi' <Latency = 0> <II = 1> <Delay = 1.00> <Adapter> <Opcode : 'read' 'write' 'readreq' 'writereq' 'writeresp'>

State 72 <SV = 71> <Delay = 2.43>
ST_72 : Operation 153 [1/1] (0.00ns)   --->   "%spectopmodule_ln9 = spectopmodule void @_ssdm_op_SpecTopModule, void @empty_11" [/home/users/eleonora.cabai/Documents/K-Means-AIE/data_movers/sink_from_aie.cpp:9]   --->   Operation 153 'spectopmodule' 'spectopmodule_ln9' <Predicate = true> <Delay = 0.00>
ST_72 : Operation 154 [1/1] (0.00ns)   --->   "%specinterface_ln9 = specinterface void @_ssdm_op_SpecInterface, i32 0, void @empty_12, i32 0, i32 0, void @empty_14, i32 0, i32 0, void @empty_14, void @empty_14, void @empty_14, i32 0, i32 0, i32 0, i32 0, void @empty_14, void @empty_14, i32 4294967295, i32 0" [/home/users/eleonora.cabai/Documents/K-Means-AIE/data_movers/sink_from_aie.cpp:9]   --->   Operation 154 'specinterface' 'specinterface_ln9' <Predicate = true> <Delay = 0.00>
ST_72 : Operation 155 [1/1] (0.00ns)   --->   "%specinterface_ln0 = specinterface void @_ssdm_op_SpecInterface, i32 %gmem1, void @empty_7, i32 0, i32 0, void @empty_14, i32 64, i32 100, void @empty, void @empty_0, void @empty_14, i32 16, i32 16, i32 16, i32 16, void @empty_14, void @empty_14, i32 4294967295, i32 0"   --->   Operation 155 'specinterface' 'specinterface_ln0' <Predicate = true> <Delay = 0.00>
ST_72 : Operation 156 [1/1] (0.00ns)   --->   "%specbitsmap_ln0 = specbitsmap void @_ssdm_op_SpecBitsMap, i32 %gmem1"   --->   Operation 156 'specbitsmap' 'specbitsmap_ln0' <Predicate = true> <Delay = 0.00>
ST_72 : Operation 157 [1/1] (0.00ns)   --->   "%specinterface_ln0 = specinterface void @_ssdm_op_SpecInterface, i32 %input_stream, void @empty_1, i32 1, i32 1, void @empty_2, i32 0, i32 0, void @empty_14, void @empty_14, void @empty_14, i32 0, i32 0, i32 0, i32 0, void @empty_14, void @empty_14, i32 4294967295, i32 0"   --->   Operation 157 'specinterface' 'specinterface_ln0' <Predicate = true> <Delay = 0.00>
ST_72 : Operation 158 [1/1] (0.00ns)   --->   "%specbitsmap_ln0 = specbitsmap void @_ssdm_op_SpecBitsMap, i32 %input_stream"   --->   Operation 158 'specbitsmap' 'specbitsmap_ln0' <Predicate = true> <Delay = 0.00>
ST_72 : Operation 159 [1/1] (0.00ns)   --->   "%specinterface_ln0 = specinterface void @_ssdm_op_SpecInterface, i64 %output_r, void @empty_3, i32 0, i32 0, void @empty_14, i32 0, i32 0, void @empty_4, void @empty_6, void @empty_14, i32 0, i32 0, i32 0, i32 0, void @empty_14, void @empty_8, i32 4294967295, i32 0"   --->   Operation 159 'specinterface' 'specinterface_ln0' <Predicate = true> <Delay = 0.00>
ST_72 : Operation 160 [1/1] (0.00ns)   --->   "%specinterface_ln0 = specinterface void @_ssdm_op_SpecInterface, i64 %output_r, void @empty_5, i32 0, i32 0, void @empty_14, i32 0, i32 0, void @empty_14, void @empty_14, void @empty_14, i32 0, i32 0, i32 0, i32 0, void @empty_14, void @empty_8, i32 4294967295, i32 0"   --->   Operation 160 'specinterface' 'specinterface_ln0' <Predicate = true> <Delay = 0.00>
ST_72 : Operation 161 [1/1] (0.00ns)   --->   "%specbitsmap_ln0 = specbitsmap void @_ssdm_op_SpecBitsMap, i32 %size"   --->   Operation 161 'specbitsmap' 'specbitsmap_ln0' <Predicate = true> <Delay = 0.00>
ST_72 : Operation 162 [1/1] (0.00ns)   --->   "%specinterface_ln0 = specinterface void @_ssdm_op_SpecInterface, i32 %size, void @empty_3, i32 0, i32 0, void @empty_14, i32 0, i32 0, void @empty_4, void @empty_9, void @empty_14, i32 0, i32 0, i32 0, i32 0, void @empty_14, void @empty_14, i32 4294967295, i32 0"   --->   Operation 162 'specinterface' 'specinterface_ln0' <Predicate = true> <Delay = 0.00>
ST_72 : Operation 163 [1/1] (0.00ns)   --->   "%specinterface_ln0 = specinterface void @_ssdm_op_SpecInterface, i32 %size, void @empty_10, i32 0, i32 0, void @empty_14, i32 0, i32 0, void @empty_14, void @empty_14, void @empty_14, i32 0, i32 0, i32 0, i32 0, void @empty_14, void @empty_14, i32 4294967295, i32 0"   --->   Operation 163 'specinterface' 'specinterface_ln0' <Predicate = true> <Delay = 0.00>
ST_72 : Operation 164 [1/1] (0.00ns)   --->   "%specinterface_ln0 = specinterface void @_ssdm_op_SpecInterface, i32 0, void @empty_3, i32 0, i32 0, void @empty_14, i32 0, i32 0, void @empty_4, void @empty_14, void @empty_14, i32 0, i32 0, i32 0, i32 0, void @empty_14, void @empty_14, i32 4294967295, i32 0"   --->   Operation 164 'specinterface' 'specinterface_ln0' <Predicate = true> <Delay = 0.00>
ST_72 : Operation 165 [1/68] (2.43ns)   --->   "%empty_21 = writeresp i1 @_ssdm_op_WriteResp.m_axi.p1i32, i32 %gmem1_addr" [/home/users/eleonora.cabai/Documents/K-Means-AIE/data_movers/sink_from_aie.cpp:29]   --->   Operation 165 'writeresp' 'empty_21' <Predicate = true> <Delay = 2.43> <CoreInst = "m_axi">   --->   Core 125 'm_axi' <Latency = 0> <II = 1> <Delay = 1.00> <Adapter> <Opcode : 'read' 'write' 'readreq' 'writereq' 'writeresp'>
ST_72 : Operation 166 [1/1] (0.00ns)   --->   "%ret_ln29 = ret" [/home/users/eleonora.cabai/Documents/K-Means-AIE/data_movers/sink_from_aie.cpp:29]   --->   Operation 166 'ret' 'ret_ln29' <Predicate = true> <Delay = 0.00>


============================================================
+ Verbose Summary: Timing violations
============================================================
Target clock period: 3.33ns, clock uncertainty: 0.9ns.

 <State 1>: 2.11ns
The critical path consists of the following:
	wire read operation ('size', /home/users/eleonora.cabai/Documents/K-Means-AIE/data_movers/sink_from_aie.cpp:9) on port 'size' (/home/users/eleonora.cabai/Documents/K-Means-AIE/data_movers/sink_from_aie.cpp:9) [5]  (1 ns)
	'icmp' operation ('icmp_ln24', /home/users/eleonora.cabai/Documents/K-Means-AIE/data_movers/sink_from_aie.cpp:24) [20]  (0.703 ns)
	'select' operation ('empty', /home/users/eleonora.cabai/Documents/K-Means-AIE/data_movers/sink_from_aie.cpp:24) [24]  (0.407 ns)

 <State 2>: 2.43ns
The critical path consists of the following:
	'getelementptr' operation ('gmem1_addr', /home/users/eleonora.cabai/Documents/K-Means-AIE/data_movers/sink_from_aie.cpp:24) [23]  (0 ns)
	bus request operation ('empty_19', /home/users/eleonora.cabai/Documents/K-Means-AIE/data_movers/sink_from_aie.cpp:24) on port 'gmem1' (/home/users/eleonora.cabai/Documents/K-Means-AIE/data_movers/sink_from_aie.cpp:24) [26]  (2.43 ns)

 <State 3>: 1.17ns
The critical path consists of the following:
	'call' operation ('call_ln24', /home/users/eleonora.cabai/Documents/K-Means-AIE/data_movers/sink_from_aie.cpp:24) to 'sink_from_aie_Pipeline_VITIS_LOOP_24_1' [28]  (1.17 ns)

 <State 4>: 0ns
The critical path consists of the following:

 <State 5>: 2.43ns
The critical path consists of the following:
	bus response operation ('empty_21', /home/users/eleonora.cabai/Documents/K-Means-AIE/data_movers/sink_from_aie.cpp:29) on port 'gmem1' (/home/users/eleonora.cabai/Documents/K-Means-AIE/data_movers/sink_from_aie.cpp:29) [29]  (2.43 ns)

 <State 6>: 2.43ns
The critical path consists of the following:
	bus response operation ('empty_21', /home/users/eleonora.cabai/Documents/K-Means-AIE/data_movers/sink_from_aie.cpp:29) on port 'gmem1' (/home/users/eleonora.cabai/Documents/K-Means-AIE/data_movers/sink_from_aie.cpp:29) [29]  (2.43 ns)

 <State 7>: 2.43ns
The critical path consists of the following:
	bus response operation ('empty_21', /home/users/eleonora.cabai/Documents/K-Means-AIE/data_movers/sink_from_aie.cpp:29) on port 'gmem1' (/home/users/eleonora.cabai/Documents/K-Means-AIE/data_movers/sink_from_aie.cpp:29) [29]  (2.43 ns)

 <State 8>: 2.43ns
The critical path consists of the following:
	bus response operation ('empty_21', /home/users/eleonora.cabai/Documents/K-Means-AIE/data_movers/sink_from_aie.cpp:29) on port 'gmem1' (/home/users/eleonora.cabai/Documents/K-Means-AIE/data_movers/sink_from_aie.cpp:29) [29]  (2.43 ns)

 <State 9>: 2.43ns
The critical path consists of the following:
	bus response operation ('empty_21', /home/users/eleonora.cabai/Documents/K-Means-AIE/data_movers/sink_from_aie.cpp:29) on port 'gmem1' (/home/users/eleonora.cabai/Documents/K-Means-AIE/data_movers/sink_from_aie.cpp:29) [29]  (2.43 ns)

 <State 10>: 2.43ns
The critical path consists of the following:
	bus response operation ('empty_21', /home/users/eleonora.cabai/Documents/K-Means-AIE/data_movers/sink_from_aie.cpp:29) on port 'gmem1' (/home/users/eleonora.cabai/Documents/K-Means-AIE/data_movers/sink_from_aie.cpp:29) [29]  (2.43 ns)

 <State 11>: 2.43ns
The critical path consists of the following:
	bus response operation ('empty_21', /home/users/eleonora.cabai/Documents/K-Means-AIE/data_movers/sink_from_aie.cpp:29) on port 'gmem1' (/home/users/eleonora.cabai/Documents/K-Means-AIE/data_movers/sink_from_aie.cpp:29) [29]  (2.43 ns)

 <State 12>: 2.43ns
The critical path consists of the following:
	bus response operation ('empty_21', /home/users/eleonora.cabai/Documents/K-Means-AIE/data_movers/sink_from_aie.cpp:29) on port 'gmem1' (/home/users/eleonora.cabai/Documents/K-Means-AIE/data_movers/sink_from_aie.cpp:29) [29]  (2.43 ns)

 <State 13>: 2.43ns
The critical path consists of the following:
	bus response operation ('empty_21', /home/users/eleonora.cabai/Documents/K-Means-AIE/data_movers/sink_from_aie.cpp:29) on port 'gmem1' (/home/users/eleonora.cabai/Documents/K-Means-AIE/data_movers/sink_from_aie.cpp:29) [29]  (2.43 ns)

 <State 14>: 2.43ns
The critical path consists of the following:
	bus response operation ('empty_21', /home/users/eleonora.cabai/Documents/K-Means-AIE/data_movers/sink_from_aie.cpp:29) on port 'gmem1' (/home/users/eleonora.cabai/Documents/K-Means-AIE/data_movers/sink_from_aie.cpp:29) [29]  (2.43 ns)

 <State 15>: 2.43ns
The critical path consists of the following:
	bus response operation ('empty_21', /home/users/eleonora.cabai/Documents/K-Means-AIE/data_movers/sink_from_aie.cpp:29) on port 'gmem1' (/home/users/eleonora.cabai/Documents/K-Means-AIE/data_movers/sink_from_aie.cpp:29) [29]  (2.43 ns)

 <State 16>: 2.43ns
The critical path consists of the following:
	bus response operation ('empty_21', /home/users/eleonora.cabai/Documents/K-Means-AIE/data_movers/sink_from_aie.cpp:29) on port 'gmem1' (/home/users/eleonora.cabai/Documents/K-Means-AIE/data_movers/sink_from_aie.cpp:29) [29]  (2.43 ns)

 <State 17>: 2.43ns
The critical path consists of the following:
	bus response operation ('empty_21', /home/users/eleonora.cabai/Documents/K-Means-AIE/data_movers/sink_from_aie.cpp:29) on port 'gmem1' (/home/users/eleonora.cabai/Documents/K-Means-AIE/data_movers/sink_from_aie.cpp:29) [29]  (2.43 ns)

 <State 18>: 2.43ns
The critical path consists of the following:
	bus response operation ('empty_21', /home/users/eleonora.cabai/Documents/K-Means-AIE/data_movers/sink_from_aie.cpp:29) on port 'gmem1' (/home/users/eleonora.cabai/Documents/K-Means-AIE/data_movers/sink_from_aie.cpp:29) [29]  (2.43 ns)

 <State 19>: 2.43ns
The critical path consists of the following:
	bus response operation ('empty_21', /home/users/eleonora.cabai/Documents/K-Means-AIE/data_movers/sink_from_aie.cpp:29) on port 'gmem1' (/home/users/eleonora.cabai/Documents/K-Means-AIE/data_movers/sink_from_aie.cpp:29) [29]  (2.43 ns)

 <State 20>: 2.43ns
The critical path consists of the following:
	bus response operation ('empty_21', /home/users/eleonora.cabai/Documents/K-Means-AIE/data_movers/sink_from_aie.cpp:29) on port 'gmem1' (/home/users/eleonora.cabai/Documents/K-Means-AIE/data_movers/sink_from_aie.cpp:29) [29]  (2.43 ns)

 <State 21>: 2.43ns
The critical path consists of the following:
	bus response operation ('empty_21', /home/users/eleonora.cabai/Documents/K-Means-AIE/data_movers/sink_from_aie.cpp:29) on port 'gmem1' (/home/users/eleonora.cabai/Documents/K-Means-AIE/data_movers/sink_from_aie.cpp:29) [29]  (2.43 ns)

 <State 22>: 2.43ns
The critical path consists of the following:
	bus response operation ('empty_21', /home/users/eleonora.cabai/Documents/K-Means-AIE/data_movers/sink_from_aie.cpp:29) on port 'gmem1' (/home/users/eleonora.cabai/Documents/K-Means-AIE/data_movers/sink_from_aie.cpp:29) [29]  (2.43 ns)

 <State 23>: 2.43ns
The critical path consists of the following:
	bus response operation ('empty_21', /home/users/eleonora.cabai/Documents/K-Means-AIE/data_movers/sink_from_aie.cpp:29) on port 'gmem1' (/home/users/eleonora.cabai/Documents/K-Means-AIE/data_movers/sink_from_aie.cpp:29) [29]  (2.43 ns)

 <State 24>: 2.43ns
The critical path consists of the following:
	bus response operation ('empty_21', /home/users/eleonora.cabai/Documents/K-Means-AIE/data_movers/sink_from_aie.cpp:29) on port 'gmem1' (/home/users/eleonora.cabai/Documents/K-Means-AIE/data_movers/sink_from_aie.cpp:29) [29]  (2.43 ns)

 <State 25>: 2.43ns
The critical path consists of the following:
	bus response operation ('empty_21', /home/users/eleonora.cabai/Documents/K-Means-AIE/data_movers/sink_from_aie.cpp:29) on port 'gmem1' (/home/users/eleonora.cabai/Documents/K-Means-AIE/data_movers/sink_from_aie.cpp:29) [29]  (2.43 ns)

 <State 26>: 2.43ns
The critical path consists of the following:
	bus response operation ('empty_21', /home/users/eleonora.cabai/Documents/K-Means-AIE/data_movers/sink_from_aie.cpp:29) on port 'gmem1' (/home/users/eleonora.cabai/Documents/K-Means-AIE/data_movers/sink_from_aie.cpp:29) [29]  (2.43 ns)

 <State 27>: 2.43ns
The critical path consists of the following:
	bus response operation ('empty_21', /home/users/eleonora.cabai/Documents/K-Means-AIE/data_movers/sink_from_aie.cpp:29) on port 'gmem1' (/home/users/eleonora.cabai/Documents/K-Means-AIE/data_movers/sink_from_aie.cpp:29) [29]  (2.43 ns)

 <State 28>: 2.43ns
The critical path consists of the following:
	bus response operation ('empty_21', /home/users/eleonora.cabai/Documents/K-Means-AIE/data_movers/sink_from_aie.cpp:29) on port 'gmem1' (/home/users/eleonora.cabai/Documents/K-Means-AIE/data_movers/sink_from_aie.cpp:29) [29]  (2.43 ns)

 <State 29>: 2.43ns
The critical path consists of the following:
	bus response operation ('empty_21', /home/users/eleonora.cabai/Documents/K-Means-AIE/data_movers/sink_from_aie.cpp:29) on port 'gmem1' (/home/users/eleonora.cabai/Documents/K-Means-AIE/data_movers/sink_from_aie.cpp:29) [29]  (2.43 ns)

 <State 30>: 2.43ns
The critical path consists of the following:
	bus response operation ('empty_21', /home/users/eleonora.cabai/Documents/K-Means-AIE/data_movers/sink_from_aie.cpp:29) on port 'gmem1' (/home/users/eleonora.cabai/Documents/K-Means-AIE/data_movers/sink_from_aie.cpp:29) [29]  (2.43 ns)

 <State 31>: 2.43ns
The critical path consists of the following:
	bus response operation ('empty_21', /home/users/eleonora.cabai/Documents/K-Means-AIE/data_movers/sink_from_aie.cpp:29) on port 'gmem1' (/home/users/eleonora.cabai/Documents/K-Means-AIE/data_movers/sink_from_aie.cpp:29) [29]  (2.43 ns)

 <State 32>: 2.43ns
The critical path consists of the following:
	bus response operation ('empty_21', /home/users/eleonora.cabai/Documents/K-Means-AIE/data_movers/sink_from_aie.cpp:29) on port 'gmem1' (/home/users/eleonora.cabai/Documents/K-Means-AIE/data_movers/sink_from_aie.cpp:29) [29]  (2.43 ns)

 <State 33>: 2.43ns
The critical path consists of the following:
	bus response operation ('empty_21', /home/users/eleonora.cabai/Documents/K-Means-AIE/data_movers/sink_from_aie.cpp:29) on port 'gmem1' (/home/users/eleonora.cabai/Documents/K-Means-AIE/data_movers/sink_from_aie.cpp:29) [29]  (2.43 ns)

 <State 34>: 2.43ns
The critical path consists of the following:
	bus response operation ('empty_21', /home/users/eleonora.cabai/Documents/K-Means-AIE/data_movers/sink_from_aie.cpp:29) on port 'gmem1' (/home/users/eleonora.cabai/Documents/K-Means-AIE/data_movers/sink_from_aie.cpp:29) [29]  (2.43 ns)

 <State 35>: 2.43ns
The critical path consists of the following:
	bus response operation ('empty_21', /home/users/eleonora.cabai/Documents/K-Means-AIE/data_movers/sink_from_aie.cpp:29) on port 'gmem1' (/home/users/eleonora.cabai/Documents/K-Means-AIE/data_movers/sink_from_aie.cpp:29) [29]  (2.43 ns)

 <State 36>: 2.43ns
The critical path consists of the following:
	bus response operation ('empty_21', /home/users/eleonora.cabai/Documents/K-Means-AIE/data_movers/sink_from_aie.cpp:29) on port 'gmem1' (/home/users/eleonora.cabai/Documents/K-Means-AIE/data_movers/sink_from_aie.cpp:29) [29]  (2.43 ns)

 <State 37>: 2.43ns
The critical path consists of the following:
	bus response operation ('empty_21', /home/users/eleonora.cabai/Documents/K-Means-AIE/data_movers/sink_from_aie.cpp:29) on port 'gmem1' (/home/users/eleonora.cabai/Documents/K-Means-AIE/data_movers/sink_from_aie.cpp:29) [29]  (2.43 ns)

 <State 38>: 2.43ns
The critical path consists of the following:
	bus response operation ('empty_21', /home/users/eleonora.cabai/Documents/K-Means-AIE/data_movers/sink_from_aie.cpp:29) on port 'gmem1' (/home/users/eleonora.cabai/Documents/K-Means-AIE/data_movers/sink_from_aie.cpp:29) [29]  (2.43 ns)

 <State 39>: 2.43ns
The critical path consists of the following:
	bus response operation ('empty_21', /home/users/eleonora.cabai/Documents/K-Means-AIE/data_movers/sink_from_aie.cpp:29) on port 'gmem1' (/home/users/eleonora.cabai/Documents/K-Means-AIE/data_movers/sink_from_aie.cpp:29) [29]  (2.43 ns)

 <State 40>: 2.43ns
The critical path consists of the following:
	bus response operation ('empty_21', /home/users/eleonora.cabai/Documents/K-Means-AIE/data_movers/sink_from_aie.cpp:29) on port 'gmem1' (/home/users/eleonora.cabai/Documents/K-Means-AIE/data_movers/sink_from_aie.cpp:29) [29]  (2.43 ns)

 <State 41>: 2.43ns
The critical path consists of the following:
	bus response operation ('empty_21', /home/users/eleonora.cabai/Documents/K-Means-AIE/data_movers/sink_from_aie.cpp:29) on port 'gmem1' (/home/users/eleonora.cabai/Documents/K-Means-AIE/data_movers/sink_from_aie.cpp:29) [29]  (2.43 ns)

 <State 42>: 2.43ns
The critical path consists of the following:
	bus response operation ('empty_21', /home/users/eleonora.cabai/Documents/K-Means-AIE/data_movers/sink_from_aie.cpp:29) on port 'gmem1' (/home/users/eleonora.cabai/Documents/K-Means-AIE/data_movers/sink_from_aie.cpp:29) [29]  (2.43 ns)

 <State 43>: 2.43ns
The critical path consists of the following:
	bus response operation ('empty_21', /home/users/eleonora.cabai/Documents/K-Means-AIE/data_movers/sink_from_aie.cpp:29) on port 'gmem1' (/home/users/eleonora.cabai/Documents/K-Means-AIE/data_movers/sink_from_aie.cpp:29) [29]  (2.43 ns)

 <State 44>: 2.43ns
The critical path consists of the following:
	bus response operation ('empty_21', /home/users/eleonora.cabai/Documents/K-Means-AIE/data_movers/sink_from_aie.cpp:29) on port 'gmem1' (/home/users/eleonora.cabai/Documents/K-Means-AIE/data_movers/sink_from_aie.cpp:29) [29]  (2.43 ns)

 <State 45>: 2.43ns
The critical path consists of the following:
	bus response operation ('empty_21', /home/users/eleonora.cabai/Documents/K-Means-AIE/data_movers/sink_from_aie.cpp:29) on port 'gmem1' (/home/users/eleonora.cabai/Documents/K-Means-AIE/data_movers/sink_from_aie.cpp:29) [29]  (2.43 ns)

 <State 46>: 2.43ns
The critical path consists of the following:
	bus response operation ('empty_21', /home/users/eleonora.cabai/Documents/K-Means-AIE/data_movers/sink_from_aie.cpp:29) on port 'gmem1' (/home/users/eleonora.cabai/Documents/K-Means-AIE/data_movers/sink_from_aie.cpp:29) [29]  (2.43 ns)

 <State 47>: 2.43ns
The critical path consists of the following:
	bus response operation ('empty_21', /home/users/eleonora.cabai/Documents/K-Means-AIE/data_movers/sink_from_aie.cpp:29) on port 'gmem1' (/home/users/eleonora.cabai/Documents/K-Means-AIE/data_movers/sink_from_aie.cpp:29) [29]  (2.43 ns)

 <State 48>: 2.43ns
The critical path consists of the following:
	bus response operation ('empty_21', /home/users/eleonora.cabai/Documents/K-Means-AIE/data_movers/sink_from_aie.cpp:29) on port 'gmem1' (/home/users/eleonora.cabai/Documents/K-Means-AIE/data_movers/sink_from_aie.cpp:29) [29]  (2.43 ns)

 <State 49>: 2.43ns
The critical path consists of the following:
	bus response operation ('empty_21', /home/users/eleonora.cabai/Documents/K-Means-AIE/data_movers/sink_from_aie.cpp:29) on port 'gmem1' (/home/users/eleonora.cabai/Documents/K-Means-AIE/data_movers/sink_from_aie.cpp:29) [29]  (2.43 ns)

 <State 50>: 2.43ns
The critical path consists of the following:
	bus response operation ('empty_21', /home/users/eleonora.cabai/Documents/K-Means-AIE/data_movers/sink_from_aie.cpp:29) on port 'gmem1' (/home/users/eleonora.cabai/Documents/K-Means-AIE/data_movers/sink_from_aie.cpp:29) [29]  (2.43 ns)

 <State 51>: 2.43ns
The critical path consists of the following:
	bus response operation ('empty_21', /home/users/eleonora.cabai/Documents/K-Means-AIE/data_movers/sink_from_aie.cpp:29) on port 'gmem1' (/home/users/eleonora.cabai/Documents/K-Means-AIE/data_movers/sink_from_aie.cpp:29) [29]  (2.43 ns)

 <State 52>: 2.43ns
The critical path consists of the following:
	bus response operation ('empty_21', /home/users/eleonora.cabai/Documents/K-Means-AIE/data_movers/sink_from_aie.cpp:29) on port 'gmem1' (/home/users/eleonora.cabai/Documents/K-Means-AIE/data_movers/sink_from_aie.cpp:29) [29]  (2.43 ns)

 <State 53>: 2.43ns
The critical path consists of the following:
	bus response operation ('empty_21', /home/users/eleonora.cabai/Documents/K-Means-AIE/data_movers/sink_from_aie.cpp:29) on port 'gmem1' (/home/users/eleonora.cabai/Documents/K-Means-AIE/data_movers/sink_from_aie.cpp:29) [29]  (2.43 ns)

 <State 54>: 2.43ns
The critical path consists of the following:
	bus response operation ('empty_21', /home/users/eleonora.cabai/Documents/K-Means-AIE/data_movers/sink_from_aie.cpp:29) on port 'gmem1' (/home/users/eleonora.cabai/Documents/K-Means-AIE/data_movers/sink_from_aie.cpp:29) [29]  (2.43 ns)

 <State 55>: 2.43ns
The critical path consists of the following:
	bus response operation ('empty_21', /home/users/eleonora.cabai/Documents/K-Means-AIE/data_movers/sink_from_aie.cpp:29) on port 'gmem1' (/home/users/eleonora.cabai/Documents/K-Means-AIE/data_movers/sink_from_aie.cpp:29) [29]  (2.43 ns)

 <State 56>: 2.43ns
The critical path consists of the following:
	bus response operation ('empty_21', /home/users/eleonora.cabai/Documents/K-Means-AIE/data_movers/sink_from_aie.cpp:29) on port 'gmem1' (/home/users/eleonora.cabai/Documents/K-Means-AIE/data_movers/sink_from_aie.cpp:29) [29]  (2.43 ns)

 <State 57>: 2.43ns
The critical path consists of the following:
	bus response operation ('empty_21', /home/users/eleonora.cabai/Documents/K-Means-AIE/data_movers/sink_from_aie.cpp:29) on port 'gmem1' (/home/users/eleonora.cabai/Documents/K-Means-AIE/data_movers/sink_from_aie.cpp:29) [29]  (2.43 ns)

 <State 58>: 2.43ns
The critical path consists of the following:
	bus response operation ('empty_21', /home/users/eleonora.cabai/Documents/K-Means-AIE/data_movers/sink_from_aie.cpp:29) on port 'gmem1' (/home/users/eleonora.cabai/Documents/K-Means-AIE/data_movers/sink_from_aie.cpp:29) [29]  (2.43 ns)

 <State 59>: 2.43ns
The critical path consists of the following:
	bus response operation ('empty_21', /home/users/eleonora.cabai/Documents/K-Means-AIE/data_movers/sink_from_aie.cpp:29) on port 'gmem1' (/home/users/eleonora.cabai/Documents/K-Means-AIE/data_movers/sink_from_aie.cpp:29) [29]  (2.43 ns)

 <State 60>: 2.43ns
The critical path consists of the following:
	bus response operation ('empty_21', /home/users/eleonora.cabai/Documents/K-Means-AIE/data_movers/sink_from_aie.cpp:29) on port 'gmem1' (/home/users/eleonora.cabai/Documents/K-Means-AIE/data_movers/sink_from_aie.cpp:29) [29]  (2.43 ns)

 <State 61>: 2.43ns
The critical path consists of the following:
	bus response operation ('empty_21', /home/users/eleonora.cabai/Documents/K-Means-AIE/data_movers/sink_from_aie.cpp:29) on port 'gmem1' (/home/users/eleonora.cabai/Documents/K-Means-AIE/data_movers/sink_from_aie.cpp:29) [29]  (2.43 ns)

 <State 62>: 2.43ns
The critical path consists of the following:
	bus response operation ('empty_21', /home/users/eleonora.cabai/Documents/K-Means-AIE/data_movers/sink_from_aie.cpp:29) on port 'gmem1' (/home/users/eleonora.cabai/Documents/K-Means-AIE/data_movers/sink_from_aie.cpp:29) [29]  (2.43 ns)

 <State 63>: 2.43ns
The critical path consists of the following:
	bus response operation ('empty_21', /home/users/eleonora.cabai/Documents/K-Means-AIE/data_movers/sink_from_aie.cpp:29) on port 'gmem1' (/home/users/eleonora.cabai/Documents/K-Means-AIE/data_movers/sink_from_aie.cpp:29) [29]  (2.43 ns)

 <State 64>: 2.43ns
The critical path consists of the following:
	bus response operation ('empty_21', /home/users/eleonora.cabai/Documents/K-Means-AIE/data_movers/sink_from_aie.cpp:29) on port 'gmem1' (/home/users/eleonora.cabai/Documents/K-Means-AIE/data_movers/sink_from_aie.cpp:29) [29]  (2.43 ns)

 <State 65>: 2.43ns
The critical path consists of the following:
	bus response operation ('empty_21', /home/users/eleonora.cabai/Documents/K-Means-AIE/data_movers/sink_from_aie.cpp:29) on port 'gmem1' (/home/users/eleonora.cabai/Documents/K-Means-AIE/data_movers/sink_from_aie.cpp:29) [29]  (2.43 ns)

 <State 66>: 2.43ns
The critical path consists of the following:
	bus response operation ('empty_21', /home/users/eleonora.cabai/Documents/K-Means-AIE/data_movers/sink_from_aie.cpp:29) on port 'gmem1' (/home/users/eleonora.cabai/Documents/K-Means-AIE/data_movers/sink_from_aie.cpp:29) [29]  (2.43 ns)

 <State 67>: 2.43ns
The critical path consists of the following:
	bus response operation ('empty_21', /home/users/eleonora.cabai/Documents/K-Means-AIE/data_movers/sink_from_aie.cpp:29) on port 'gmem1' (/home/users/eleonora.cabai/Documents/K-Means-AIE/data_movers/sink_from_aie.cpp:29) [29]  (2.43 ns)

 <State 68>: 2.43ns
The critical path consists of the following:
	bus response operation ('empty_21', /home/users/eleonora.cabai/Documents/K-Means-AIE/data_movers/sink_from_aie.cpp:29) on port 'gmem1' (/home/users/eleonora.cabai/Documents/K-Means-AIE/data_movers/sink_from_aie.cpp:29) [29]  (2.43 ns)

 <State 69>: 2.43ns
The critical path consists of the following:
	bus response operation ('empty_21', /home/users/eleonora.cabai/Documents/K-Means-AIE/data_movers/sink_from_aie.cpp:29) on port 'gmem1' (/home/users/eleonora.cabai/Documents/K-Means-AIE/data_movers/sink_from_aie.cpp:29) [29]  (2.43 ns)

 <State 70>: 2.43ns
The critical path consists of the following:
	bus response operation ('empty_21', /home/users/eleonora.cabai/Documents/K-Means-AIE/data_movers/sink_from_aie.cpp:29) on port 'gmem1' (/home/users/eleonora.cabai/Documents/K-Means-AIE/data_movers/sink_from_aie.cpp:29) [29]  (2.43 ns)

 <State 71>: 2.43ns
The critical path consists of the following:
	bus response operation ('empty_21', /home/users/eleonora.cabai/Documents/K-Means-AIE/data_movers/sink_from_aie.cpp:29) on port 'gmem1' (/home/users/eleonora.cabai/Documents/K-Means-AIE/data_movers/sink_from_aie.cpp:29) [29]  (2.43 ns)

 <State 72>: 2.43ns
The critical path consists of the following:
	bus response operation ('empty_21', /home/users/eleonora.cabai/Documents/K-Means-AIE/data_movers/sink_from_aie.cpp:29) on port 'gmem1' (/home/users/eleonora.cabai/Documents/K-Means-AIE/data_movers/sink_from_aie.cpp:29) [29]  (2.43 ns)


============================================================
+ Verbose Summary: Binding
============================================================
N/A
* FSMD analyzer results:
  - Output states:
 - Input state : 
  - Chain level:
	State 1
	State 2
	State 3
	State 4
	State 5
	State 6
	State 7
	State 8
	State 9
	State 10
	State 11
	State 12
	State 13
	State 14
	State 15
	State 16
	State 17
	State 18
	State 19
	State 20
	State 21
	State 22
	State 23
	State 24
	State 25
	State 26
	State 27
	State 28
	State 29
	State 30
	State 31
	State 32
	State 33
	State 34
	State 35
	State 36
	State 37
	State 38
	State 39
	State 40
	State 41
	State 42
	State 43
	State 44
	State 45
	State 46
	State 47
	State 48
	State 49
	State 50
	State 51
	State 52
	State 53
	State 54
	State 55
	State 56
	State 57
	State 58
	State 59
	State 60
	State 61
	State 62
	State 63
	State 64
	State 65
	State 66
	State 67
	State 68
	State 69
	State 70
	State 71
	State 72


============================================================
+ Verbose Summary: Datapath Resource usage 
============================================================
N/A
