

================================================================
== Vitis HLS Report for 'setup_aie_Pipeline_VITIS_LOOP_37_1'
================================================================
* Date:           Fri Jun 28 08:26:39 2024

* Version:        2022.2.2 (Build 3779808 on Feb 17 2023)
* Project:        setup_aie
* Solution:       solution (Vitis Kernel Flow Target)
* Product family: versal
* Target device:  xcvc1902-vsvd1760-2MP-e-S


================================================================
== Performance Estimates
================================================================
+ Timing: 
    * Summary: 
    +--------+---------+----------+------------+
    |  Clock |  Target | Estimated| Uncertainty|
    +--------+---------+----------+------------+
    |ap_clk  |  3.33 ns|  2.433 ns|     0.90 ns|
    +--------+---------+----------+------------+

+ Latency: 
    * Summary: 
    +---------+---------+----------+----------+-----+-----+---------+
    |  Latency (cycles) |  Latency (absolute) |  Interval | Pipeline|
    |   min   |   max   |    min   |    max   | min | max |   Type  |
    +---------+---------+----------+----------+-----+-----+---------+
    |        ?|        ?|         ?|         ?|    ?|    ?|       no|
    +---------+---------+----------+----------+-----+-----+---------+

    + Detail: 
        * Instance: 
        N/A

        * Loop: 
        +-------------------+---------+---------+----------+-----------+-----------+------+----------+
        |                   |  Latency (cycles) | Iteration|  Initiation Interval  | Trip |          |
        |     Loop Name     |   min   |   max   |  Latency |  achieved |   target  | Count| Pipelined|
        +-------------------+---------+---------+----------+-----------+-----------+------+----------+
        |- VITIS_LOOP_37_1  |        ?|        ?|         2|          1|          1|     ?|       yes|
        +-------------------+---------+---------+----------+-----------+-----------+------+----------+



================================================================
== Utilization Estimates
================================================================
* Summary: 
+-----------------+---------+------+---------+--------+-----+
|       Name      | BRAM_18K|  DSP |    FF   |   LUT  | URAM|
+-----------------+---------+------+---------+--------+-----+
|DSP              |        -|     -|        -|       -|    -|
|Expression       |        -|     -|        0|      65|    -|
|FIFO             |        -|     -|        -|       -|    -|
|Instance         |        -|     -|        -|       -|    -|
|Memory           |        -|     -|        -|       -|    -|
|Multiplexer      |        -|     -|        -|      68|    -|
|Register         |        -|     -|       35|       -|    -|
+-----------------+---------+------+---------+--------+-----+
|Total            |        0|     0|       35|     133|    0|
+-----------------+---------+------+---------+--------+-----+
|Available        |     1934|  1968|  1799680|  899840|  463|
+-----------------+---------+------+---------+--------+-----+
|Utilization (%)  |        0|     0|       ~0|      ~0|    0|
+-----------------+---------+------+---------+--------+-----+

+ Detail: 
    * Instance: 
    N/A

    * DSP: 
    N/A

    * Memory: 
    N/A

    * FIFO: 
    N/A

    * Expression: 
    +----------------------------------+----------+----+---+----+------------+------------+
    |           Variable Name          | Operation| DSP| FF| LUT| Bitwidth P0| Bitwidth P1|
    +----------------------------------+----------+----+---+----+------------+------------+
    |add_ln37_fu_97_p2                 |         +|   0|  0|  30|          30|           1|
    |ap_block_pp0_stage0_01001         |       and|   0|  0|   2|           1|           1|
    |ap_block_pp0_stage0_11001         |       and|   0|  0|   2|           1|           1|
    |ap_block_state2_io                |       and|   0|  0|   2|           1|           1|
    |ap_ext_blocking_cur_n             |       and|   0|  0|   2|           1|           0|
    |ap_ext_blocking_n                 |       and|   0|  0|   2|           1|           2|
    |ap_int_blocking_n                 |       and|   0|  0|   2|           2|           2|
    |ap_str_blocking_cur_n             |       and|   0|  0|   2|           1|           0|
    |ap_str_blocking_n                 |       and|   0|  0|   2|           1|           2|
    |icmp_ln37_fu_107_p2               |      icmp|   0|  0|  15|          31|          31|
    |ap_block_state2_pp0_stage0_iter1  |        or|   0|  0|   2|           1|           1|
    |ap_enable_pp0                     |       xor|   0|  0|   2|           1|           2|
    +----------------------------------+----------+----+---+----+------------+------------+
    |Total                             |          |   0|  0|  65|          72|          44|
    +----------------------------------+----------+----+---+----+------------+------------+

    * Multiplexer: 
    +----------------------------------+----+-----------+-----+-----------+
    |               Name               | LUT| Input Size| Bits| Total Bits|
    +----------------------------------+----+-----------+-----+-----------+
    |ap_done_int                       |   2|          2|    1|          2|
    |ap_loop_exit_ready_pp0_iter1_reg  |   2|          2|    1|          2|
    |ap_sig_allocacmp_i_load           |  30|          2|   30|         60|
    |gmem0_blk_n_R                     |   2|          2|    1|          2|
    |i_fu_56                           |  30|          2|   30|         60|
    |s_TDATA_blk_n                     |   2|          2|    1|          2|
    +----------------------------------+----+-----------+-----+-----------+
    |Total                             |  68|         12|   64|        128|
    +----------------------------------+----+-----------+-----+-----------+

    * Register: 
    +----------------------------------+----+----+-----+-----------+
    |               Name               | FF | LUT| Bits| Const Bits|
    +----------------------------------+----+----+-----+-----------+
    |ap_CS_fsm                         |   1|   0|    1|          0|
    |ap_done_reg                       |   1|   0|    1|          0|
    |ap_enable_reg_pp0_iter1           |   1|   0|    1|          0|
    |ap_loop_exit_ready_pp0_iter1_reg  |   1|   0|    1|          0|
    |i_fu_56                           |  30|   0|   30|          0|
    |icmp_ln37_reg_136                 |   1|   0|    1|          0|
    +----------------------------------+----+----+-----+-----------+
    |Total                             |  35|   0|   35|          0|
    +----------------------------------+----+----+-----+-----------+



================================================================
== Interface
================================================================
* Summary: 
+----------------------+-----+-----+------------+------------------------------------+--------------+
|       RTL Ports      | Dir | Bits|  Protocol  |            Source Object           |    C Type    |
+----------------------+-----+-----+------------+------------------------------------+--------------+
|ap_clk                |   in|    1|  ap_ctrl_hs|  setup_aie_Pipeline_VITIS_LOOP_37_1|  return value|
|ap_rst                |   in|    1|  ap_ctrl_hs|  setup_aie_Pipeline_VITIS_LOOP_37_1|  return value|
|ap_start              |   in|    1|  ap_ctrl_hs|  setup_aie_Pipeline_VITIS_LOOP_37_1|  return value|
|ap_done               |  out|    1|  ap_ctrl_hs|  setup_aie_Pipeline_VITIS_LOOP_37_1|  return value|
|ap_idle               |  out|    1|  ap_ctrl_hs|  setup_aie_Pipeline_VITIS_LOOP_37_1|  return value|
|ap_ready              |  out|    1|  ap_ctrl_hs|  setup_aie_Pipeline_VITIS_LOOP_37_1|  return value|
|ap_ext_blocking_n     |  out|    1|  ap_ctrl_hs|  setup_aie_Pipeline_VITIS_LOOP_37_1|  return value|
|ap_str_blocking_n     |  out|    1|  ap_ctrl_hs|  setup_aie_Pipeline_VITIS_LOOP_37_1|  return value|
|ap_int_blocking_n     |  out|    1|  ap_ctrl_hs|  setup_aie_Pipeline_VITIS_LOOP_37_1|  return value|
|m_axi_gmem0_AWVALID   |  out|    1|       m_axi|                               gmem0|       pointer|
|m_axi_gmem0_AWREADY   |   in|    1|       m_axi|                               gmem0|       pointer|
|m_axi_gmem0_AWADDR    |  out|   64|       m_axi|                               gmem0|       pointer|
|m_axi_gmem0_AWID      |  out|    1|       m_axi|                               gmem0|       pointer|
|m_axi_gmem0_AWLEN     |  out|   32|       m_axi|                               gmem0|       pointer|
|m_axi_gmem0_AWSIZE    |  out|    3|       m_axi|                               gmem0|       pointer|
|m_axi_gmem0_AWBURST   |  out|    2|       m_axi|                               gmem0|       pointer|
|m_axi_gmem0_AWLOCK    |  out|    2|       m_axi|                               gmem0|       pointer|
|m_axi_gmem0_AWCACHE   |  out|    4|       m_axi|                               gmem0|       pointer|
|m_axi_gmem0_AWPROT    |  out|    3|       m_axi|                               gmem0|       pointer|
|m_axi_gmem0_AWQOS     |  out|    4|       m_axi|                               gmem0|       pointer|
|m_axi_gmem0_AWREGION  |  out|    4|       m_axi|                               gmem0|       pointer|
|m_axi_gmem0_AWUSER    |  out|    1|       m_axi|                               gmem0|       pointer|
|m_axi_gmem0_WVALID    |  out|    1|       m_axi|                               gmem0|       pointer|
|m_axi_gmem0_WREADY    |   in|    1|       m_axi|                               gmem0|       pointer|
|m_axi_gmem0_WDATA     |  out|  128|       m_axi|                               gmem0|       pointer|
|m_axi_gmem0_WSTRB     |  out|   16|       m_axi|                               gmem0|       pointer|
|m_axi_gmem0_WLAST     |  out|    1|       m_axi|                               gmem0|       pointer|
|m_axi_gmem0_WID       |  out|    1|       m_axi|                               gmem0|       pointer|
|m_axi_gmem0_WUSER     |  out|    1|       m_axi|                               gmem0|       pointer|
|m_axi_gmem0_ARVALID   |  out|    1|       m_axi|                               gmem0|       pointer|
|m_axi_gmem0_ARREADY   |   in|    1|       m_axi|                               gmem0|       pointer|
|m_axi_gmem0_ARADDR    |  out|   64|       m_axi|                               gmem0|       pointer|
|m_axi_gmem0_ARID      |  out|    1|       m_axi|                               gmem0|       pointer|
|m_axi_gmem0_ARLEN     |  out|   32|       m_axi|                               gmem0|       pointer|
|m_axi_gmem0_ARSIZE    |  out|    3|       m_axi|                               gmem0|       pointer|
|m_axi_gmem0_ARBURST   |  out|    2|       m_axi|                               gmem0|       pointer|
|m_axi_gmem0_ARLOCK    |  out|    2|       m_axi|                               gmem0|       pointer|
|m_axi_gmem0_ARCACHE   |  out|    4|       m_axi|                               gmem0|       pointer|
|m_axi_gmem0_ARPROT    |  out|    3|       m_axi|                               gmem0|       pointer|
|m_axi_gmem0_ARQOS     |  out|    4|       m_axi|                               gmem0|       pointer|
|m_axi_gmem0_ARREGION  |  out|    4|       m_axi|                               gmem0|       pointer|
|m_axi_gmem0_ARUSER    |  out|    1|       m_axi|                               gmem0|       pointer|
|m_axi_gmem0_RVALID    |   in|    1|       m_axi|                               gmem0|       pointer|
|m_axi_gmem0_RREADY    |  out|    1|       m_axi|                               gmem0|       pointer|
|m_axi_gmem0_RDATA     |   in|  128|       m_axi|                               gmem0|       pointer|
|m_axi_gmem0_RLAST     |   in|    1|       m_axi|                               gmem0|       pointer|
|m_axi_gmem0_RID       |   in|    1|       m_axi|                               gmem0|       pointer|
|m_axi_gmem0_RFIFONUM  |   in|    9|       m_axi|                               gmem0|       pointer|
|m_axi_gmem0_RUSER     |   in|    1|       m_axi|                               gmem0|       pointer|
|m_axi_gmem0_RRESP     |   in|    2|       m_axi|                               gmem0|       pointer|
|m_axi_gmem0_BVALID    |   in|    1|       m_axi|                               gmem0|       pointer|
|m_axi_gmem0_BREADY    |  out|    1|       m_axi|                               gmem0|       pointer|
|m_axi_gmem0_BRESP     |   in|    2|       m_axi|                               gmem0|       pointer|
|m_axi_gmem0_BID       |   in|    1|       m_axi|                               gmem0|       pointer|
|m_axi_gmem0_BUSER     |   in|    1|       m_axi|                               gmem0|       pointer|
|s_TREADY              |   in|    1|        axis|                                   s|       pointer|
|s_TDATA               |  out|  128|        axis|                                   s|       pointer|
|s_TVALID              |  out|    1|        axis|                                   s|       pointer|
|sext_ln37             |   in|   60|     ap_none|                           sext_ln37|        scalar|
|size_loop             |   in|   31|     ap_none|                           size_loop|        scalar|
+----------------------+-----+-----+------------+------------------------------------+--------------+

