

================================================================
== Vitis HLS Report for 'sink_from_aie_Pipeline_VITIS_LOOP_24_1'
================================================================
* Date:           Fri Jun 28 08:29:50 2024

* Version:        2022.2.2 (Build 3779808 on Feb 17 2023)
* Project:        sink_from_aie
* Solution:       solution (Vitis Kernel Flow Target)
* Product family: versal
* Target device:  xcvc1902-vsvd1760-2MP-e-S


================================================================
== Performance Estimates
================================================================
+ Timing: 
    * Summary: 
    +--------+---------+----------+------------+
    |  Clock |  Target | Estimated| Uncertainty|
    +--------+---------+----------+------------+
    |ap_clk  |  3.33 ns|  2.433 ns|     0.90 ns|
    +--------+---------+----------+------------+

+ Latency: 
    * Summary: 
    +---------+---------+----------+----------+-----+-----+---------+
    |  Latency (cycles) |  Latency (absolute) |  Interval | Pipeline|
    |   min   |   max   |    min   |    max   | min | max |   Type  |
    +---------+---------+----------+----------+-----+-----+---------+
    |        ?|        ?|         ?|         ?|    ?|    ?|       no|
    +---------+---------+----------+----------+-----+-----+---------+

    + Detail: 
        * Instance: 
        N/A

        * Loop: 
        +-------------------+---------+---------+----------+-----------+-----------+------+----------+
        |                   |  Latency (cycles) | Iteration|  Initiation Interval  | Trip |          |
        |     Loop Name     |   min   |   max   |  Latency |  achieved |   target  | Count| Pipelined|
        +-------------------+---------+---------+----------+-----------+-----------+------+----------+
        |- VITIS_LOOP_24_1  |        ?|        ?|         2|          1|          1|     ?|       yes|
        +-------------------+---------+---------+----------+-----------+-----------+------+----------+

============================================================
+ Verbose Summary: Synthesis Manager
============================================================
InlineROM: 1
ExposeGlobal: 0
============================================================
+ Verbose Summary: CDFG Model
============================================================
IsTopModel: 0
ResetActiveHigh: 1
IsCombinational: 0
IsDatapathOnly: 0
HasWiredReturn: 1
HasMFsm: 2
HasVarLatency: 1
IsPipeline: 0
IsRtlPipelined: 0
IsInstanceOverlapped: 0
IsDontTouch: 0
HasImplIP: 0
IsGatedGlobalClock: 0

+ Individual pipeline summary: 
  * Pipeline-0: initiation interval (II) = 1, depth = 2


============================================================
+ Verbose Summary: Schedule
============================================================
* Number of FSM states : 2
* Pipeline : 1
  Pipeline-0 : II = 1, D = 2, States = { 1 2 }
* Dataflow Pipeline: 0

* FSM state transitions: 
1 --> 2 
2 --> 

* FSM state operations: 

State 1 <SV = 0> <Delay = 1.35>
ST_1 : Operation 5 [1/1] (0.00ns)   --->   "%i = alloca i32 1"   --->   Operation 5 'alloca' 'i' <Predicate = true> <Delay = 0.00>
ST_1 : Operation 6 [1/1] (0.00ns)   --->   "%size_read = read i32 @_ssdm_op_Read.ap_auto.i32, i32 %size"   --->   Operation 6 'read' 'size_read' <Predicate = true> <Delay = 0.00>
ST_1 : Operation 7 [1/1] (0.00ns)   --->   "%sext_ln24_read = read i62 @_ssdm_op_Read.ap_auto.i62, i62 %sext_ln24"   --->   Operation 7 'read' 'sext_ln24_read' <Predicate = true> <Delay = 0.00>
ST_1 : Operation 8 [1/1] (0.00ns)   --->   "%sext_ln24_cast = sext i62 %sext_ln24_read"   --->   Operation 8 'sext' 'sext_ln24_cast' <Predicate = true> <Delay = 0.00>
ST_1 : Operation 9 [1/1] (0.00ns)   --->   "%specinterface_ln0 = specinterface void @_ssdm_op_SpecInterface, i32 %input_stream, void @empty_1, i32 0, i32 0, void @empty_2, i32 0, i32 0, void @empty_14, void @empty_14, void @empty_14, i32 0, i32 0, i32 0, i32 0, void @empty_14, void @empty_14, i32 4294967295, i32 0"   --->   Operation 9 'specinterface' 'specinterface_ln0' <Predicate = true> <Delay = 0.00>
ST_1 : Operation 10 [1/1] (0.00ns)   --->   "%specinterface_ln0 = specinterface void @_ssdm_op_SpecInterface, i32 %gmem1, void @empty_7, i32 0, i32 0, void @empty_14, i32 64, i32 100, void @empty, void @empty_0, void @empty_14, i32 16, i32 16, i32 16, i32 16, void @empty_14, void @empty_14, i32 4294967295, i32 0"   --->   Operation 10 'specinterface' 'specinterface_ln0' <Predicate = true> <Delay = 0.00>
ST_1 : Operation 11 [1/1] (0.46ns)   --->   "%store_ln0 = store i31 0, i31 %i"   --->   Operation 11 'store' 'store_ln0' <Predicate = true> <Delay = 0.46>
ST_1 : Operation 12 [1/1] (0.00ns)   --->   "%br_ln0 = br void %for.inc"   --->   Operation 12 'br' 'br_ln0' <Predicate = true> <Delay = 0.00>
ST_1 : Operation 13 [1/1] (0.00ns)   --->   "%i_load = load i31 %i"   --->   Operation 13 'load' 'i_load' <Predicate = true> <Delay = 0.00>
ST_1 : Operation 14 [1/1] (0.89ns)   --->   "%add_ln24 = add i31 %i_load, i31 1"   --->   Operation 14 'add' 'add_ln24' <Predicate = true> <Delay = 0.89> <CoreInst = "Adder">   --->   Core 1 'Adder' <Latency = 0> <II = 1> <Delay = 0.89> <FuncUnit> <Opcode : 'add' 'sub'> <InPorts = 2> <OutPorts = 1>
ST_1 : Operation 15 [1/1] (0.00ns)   --->   "%i_cast = zext i31 %i_load"   --->   Operation 15 'zext' 'i_cast' <Predicate = true> <Delay = 0.00>
ST_1 : Operation 16 [1/1] (0.00ns)   --->   "%specbitsmap_ln0 = specbitsmap void @_ssdm_op_SpecBitsMap, i32 %gmem1"   --->   Operation 16 'specbitsmap' 'specbitsmap_ln0' <Predicate = true> <Delay = 0.00>
ST_1 : Operation 17 [1/1] (0.00ns)   --->   "%gmem1_addr = getelementptr i32 %gmem1, i64 %sext_ln24_cast" [/home/users/eleonora.cabai/Documents/K-Means-AIE/data_movers/sink_from_aie.cpp:24]   --->   Operation 17 'getelementptr' 'gmem1_addr' <Predicate = true> <Delay = 0.00>
ST_1 : Operation 18 [1/1] (0.00ns)   --->   "%specpipeline_ln0 = specpipeline void @_ssdm_op_SpecPipeline, i32 4294967295, i32 0, i32 1, i32 0, void @p_str"   --->   Operation 18 'specpipeline' 'specpipeline_ln0' <Predicate = true> <Delay = 0.00>
ST_1 : Operation 19 [1/1] (0.70ns)   --->   "%icmp_ln24 = icmp_slt  i32 %i_cast, i32 %size_read" [/home/users/eleonora.cabai/Documents/K-Means-AIE/data_movers/sink_from_aie.cpp:24]   --->   Operation 19 'icmp' 'icmp_ln24' <Predicate = true> <Delay = 0.70> <CoreInst = "Cmp">   --->   Core 9 'Cmp' <Latency = 0> <II = 1> <Delay = 0.70> <FuncUnit> <Opcode : 'icmp'> <InPorts = 2> <OutPorts = 1>
ST_1 : Operation 20 [1/1] (0.00ns)   --->   "%br_ln24 = br i1 %icmp_ln24, void %for.end.loopexit.exitStub, void %for.inc.split" [/home/users/eleonora.cabai/Documents/K-Means-AIE/data_movers/sink_from_aie.cpp:24]   --->   Operation 20 'br' 'br_ln24' <Predicate = true> <Delay = 0.00>
ST_1 : Operation 21 [1/1] (0.00ns)   --->   "%x = read i32 @_ssdm_op_Read.axis.volatile.i32P128A, i32 %input_stream" [/home/users/eleonora.cabai/Documents/K-Means-AIE/data_movers/sink_from_aie.cpp:26]   --->   Operation 21 'read' 'x' <Predicate = (icmp_ln24)> <Delay = 0.00> <CoreInst = "axis">   --->   Core 127 'axis' <Latency = 0> <II = 1> <Delay = 1.00> <Adapter> <Opcode : >
ST_1 : Operation 22 [1/1] (0.46ns)   --->   "%store_ln24 = store i31 %add_ln24, i31 %i" [/home/users/eleonora.cabai/Documents/K-Means-AIE/data_movers/sink_from_aie.cpp:24]   --->   Operation 22 'store' 'store_ln24' <Predicate = (icmp_ln24)> <Delay = 0.46>
ST_1 : Operation 26 [1/1] (0.00ns)   --->   "%ret_ln0 = ret"   --->   Operation 26 'ret' 'ret_ln0' <Predicate = (!icmp_ln24)> <Delay = 0.00>

State 2 <SV = 1> <Delay = 2.43>
ST_2 : Operation 23 [1/1] (0.00ns)   --->   "%specloopname_ln22 = specloopname void @_ssdm_op_SpecLoopName, void @empty_13" [/home/users/eleonora.cabai/Documents/K-Means-AIE/data_movers/sink_from_aie.cpp:22]   --->   Operation 23 'specloopname' 'specloopname_ln22' <Predicate = true> <Delay = 0.00>
ST_2 : Operation 24 [1/1] (2.43ns)   --->   "%write_ln27 = write void @_ssdm_op_Write.m_axi.p1i32, i32 %gmem1_addr, i32 %x, i4 15" [/home/users/eleonora.cabai/Documents/K-Means-AIE/data_movers/sink_from_aie.cpp:27]   --->   Operation 24 'write' 'write_ln27' <Predicate = true> <Delay = 2.43> <CoreInst = "m_axi">   --->   Core 125 'm_axi' <Latency = 0> <II = 1> <Delay = 1.00> <Adapter> <Opcode : 'read' 'write' 'readreq' 'writereq' 'writeresp'>
ST_2 : Operation 25 [1/1] (0.00ns)   --->   "%br_ln24 = br void %for.inc" [/home/users/eleonora.cabai/Documents/K-Means-AIE/data_movers/sink_from_aie.cpp:24]   --->   Operation 25 'br' 'br_ln24' <Predicate = true> <Delay = 0.00>


============================================================
+ Verbose Summary: Timing violations
============================================================
Target clock period: 3.33ns, clock uncertainty: 0.9ns.

 <State 1>: 1.36ns
The critical path consists of the following:
	'alloca' operation ('i') [5]  (0 ns)
	'load' operation ('i_load') on local variable 'i' [14]  (0 ns)
	'add' operation ('add_ln24') [15]  (0.891 ns)
	'store' operation ('store_ln24', /home/users/eleonora.cabai/Documents/K-Means-AIE/data_movers/sink_from_aie.cpp:24) of variable 'add_ln24' on local variable 'i' [26]  (0.465 ns)

 <State 2>: 2.43ns
The critical path consists of the following:
	bus write operation ('write_ln27', /home/users/eleonora.cabai/Documents/K-Means-AIE/data_movers/sink_from_aie.cpp:27) on port 'gmem1' (/home/users/eleonora.cabai/Documents/K-Means-AIE/data_movers/sink_from_aie.cpp:27) [25]  (2.43 ns)


============================================================
+ Verbose Summary: Binding
============================================================
N/A
* FSMD analyzer results:
  - Output states:
 - Input state : 
  - Chain level:
	State 1
	State 2


============================================================
+ Verbose Summary: Datapath Resource usage 
============================================================
N/A
