
*** Running vivado
    with args -log ulp_inst_0_ip_pipe_ext_tog_kernel_01_null_0.vds -m64 -product Vivado -mode batch -messageDb vivado.pb -notrace -source ulp_inst_0_ip_pipe_ext_tog_kernel_01_null_0.tcl


****** Vivado v2022.2.2 (64-bit)
  **** SW Build 3788238 on Tue Feb 21 19:59:23 MST 2023
  **** IP Build 3783773 on Tue Feb 21 23:41:56 MST 2023
    ** Copyright 1986-2023 Xilinx, Inc. All Rights Reserved.

source ulp_inst_0_ip_pipe_ext_tog_kernel_01_null_0.tcl -notrace
INFO: Dispatch client connection id - 45305
create_project: Time (s): cpu = 00:00:12 ; elapsed = 00:01:42 . Memory (MB): peak = 1835.270 ; gain = 90.992 ; free physical = 76747 ; free virtual = 116215
INFO: [IP_Flow 19-234] Refreshing IP repositories
INFO: [IP_Flow 19-1700] Loaded user IP repository '/home/users/eleonora.cabai/Documents/K-Means-AIE/hw/_x/link/int/xo/ip_repo/xilinx_com_hls_sink_from_aie_1_0'.
INFO: [IP_Flow 19-1700] Loaded user IP repository '/home/users/eleonora.cabai/Documents/K-Means-AIE/hw/_x/link/int/xo/ip_repo/xilinx_com_hls_setup_aie_1_0'.
INFO: [IP_Flow 19-1700] Loaded user IP repository '/home/users/eleonora.cabai/Documents/K-Means-AIE/hw/_x/link/vivado/vpl/.local/hw_platform/iprepo'.
INFO: [IP_Flow 19-1700] Loaded user IP repository '/home/users/eleonora.cabai/Documents/K-Means-AIE/hw/_x/link/vivado/vpl/.local/hw_platform/ipcache'.
INFO: [IP_Flow 19-1700] Loaded user IP repository '/home/xilinx/software/Vitis/2022.2/data/ip'.
INFO: [IP_Flow 19-2313] Loaded Vivado IP repository '/home/xilinx/software/Vivado/2022.2/data/ip'.
WARNING: [IP_Flow 19-1663] Duplicate IP found for 'xilinx.com:hls:Data_Mover_XIP:1.0'. The one found in IP location '/home/users/eleonora.cabai/Documents/K-Means-AIE/hw/_x/link/vivado/vpl/.local/hw_platform/iprepo/xilinx/data_mover' will take precedence over the same IP in location /home/xilinx/software/Vitis/2022.2/data/ip/xilinx/data_mover
WARNING: [IP_Flow 19-1663] Duplicate IP found for 'xilinx.com:ip:adapter_v3_0:1.0'. The one found in IP location '/home/users/eleonora.cabai/Documents/K-Means-AIE/hw/_x/link/vivado/vpl/.local/hw_platform/iprepo/xilinx/adapter_v3_0' will take precedence over the same IP in location /home/xilinx/software/Vitis/2022.2/data/ip/xilinx/adapter_v3_0
WARNING: [IP_Flow 19-1663] Duplicate IP found for 'xilinx.com:ip:axis_ic2sgdma:1.0'. The one found in IP location '/home/users/eleonora.cabai/Documents/K-Means-AIE/hw/_x/link/vivado/vpl/.local/hw_platform/iprepo/xilinx/axis_ic2sgdma_v1_0' will take precedence over the same IP in location /home/xilinx/software/Vitis/2022.2/data/ip/xilinx/axis_ic2sgdma_v1_0
WARNING: [IP_Flow 19-1663] Duplicate IP found for 'xilinx.com:ip:Event_Pulse:1.0'. The one found in IP location '/home/users/eleonora.cabai/Documents/K-Means-AIE/hw/_x/link/vivado/vpl/.local/hw_platform/iprepo/xilinx/event_pulse_v1_0' will take precedence over the same IP in location /home/xilinx/software/Vitis/2022.2/data/ip/xilinx/event_pulse_v1_0
WARNING: [IP_Flow 19-1663] Duplicate IP found for 'xilinx.com:ip:sds_lib:1.0'. The one found in IP location '/home/users/eleonora.cabai/Documents/K-Means-AIE/hw/_x/link/vivado/vpl/.local/hw_platform/iprepo/xilinx/sds_lib' will take precedence over the same IP in location /home/xilinx/software/Vitis/2022.2/data/ip/xilinx/sds_lib
WARNING: [IP_Flow 19-1663] Duplicate IP found for 'xilinx.com:sds:sds_mem_sink:1.0'. The one found in IP location '/home/users/eleonora.cabai/Documents/K-Means-AIE/hw/_x/link/vivado/vpl/.local/hw_platform/iprepo/xilinx/sds_mem_sink' will take precedence over the same IP in location /home/xilinx/software/Vitis/2022.2/data/ip/xilinx/sds_mem_sink
WARNING: [IP_Flow 19-1663] Duplicate IP found for 'xilinx.com:ip:xrt_queue:1.1'. The one found in IP location '/home/users/eleonora.cabai/Documents/K-Means-AIE/hw/_x/link/vivado/vpl/.local/hw_platform/iprepo/xilinx/xrt_queue_v1_1' will take precedence over the same IP in location /home/xilinx/software/Vitis/2022.2/data/ip/xilinx/xrt_queue_v1_1
WARNING: [IP_Flow 19-1663] Duplicate IP found for 'xilinx.com:ip:aximm_tieoff_v1_0:1.0'. The one found in IP location '/home/users/eleonora.cabai/Documents/K-Means-AIE/hw/_x/link/vivado/vpl/.local/hw_platform/iprepo/xilinx/aximm_tieoff_v1_0' will take precedence over the same IP in location /home/xilinx/software/Vitis/2022.2/data/ip/xilinx/aximm_tieoff_v1_0
WARNING: [IP_Flow 19-1663] Duplicate IP found for 'xilinx.com:ip:maxis_tieoff_v1_0:1.0'. The one found in IP location '/home/users/eleonora.cabai/Documents/K-Means-AIE/hw/_x/link/vivado/vpl/.local/hw_platform/iprepo/xilinx/maxis_tieoff_v1_0' will take precedence over the same IP in location /home/xilinx/software/Vitis/2022.2/data/ip/xilinx/maxis_tieoff_v1_0
WARNING: [IP_Flow 19-1663] Duplicate IP found for 'xilinx.com:ip:saxis_tieoff_v1_0:1.0'. The one found in IP location '/home/users/eleonora.cabai/Documents/K-Means-AIE/hw/_x/link/vivado/vpl/.local/hw_platform/iprepo/xilinx/saxis_tieoff_v1_0' will take precedence over the same IP in location /home/xilinx/software/Vitis/2022.2/data/ip/xilinx/saxis_tieoff_v1_0
WARNING: [IP_Flow 19-1663] Duplicate IP found for 'xilinx.com:ip:ovld_reg:1.0'. The one found in IP location '/home/users/eleonora.cabai/Documents/K-Means-AIE/hw/_x/link/vivado/vpl/.local/hw_platform/iprepo/xilinx/ovld_reg_v1_0' will take precedence over the same IP in location /home/xilinx/software/Vitis/2022.2/data/ip/xilinx/ovld_reg_v1_0
WARNING: [IP_Flow 19-1663] Duplicate IP found for 'xilinx.com:ip:xrt_queue:1.0'. The one found in IP location '/home/users/eleonora.cabai/Documents/K-Means-AIE/hw/_x/link/vivado/vpl/.local/hw_platform/iprepo/xilinx/xrt_queue_v1_0' will take precedence over the same IP in location /home/xilinx/software/Vitis/2022.2/data/ip/xilinx/xrt_queue_v1_0
WARNING: [IP_Flow 19-1663] Duplicate IP found for 'xilinx.com:ip:axi_fifo_register:3.0'. The one found in IP location '/home/users/eleonora.cabai/Documents/K-Means-AIE/hw/_x/link/vivado/vpl/.local/hw_platform/iprepo/xilinx/axi_fifo_register_v3_0' will take precedence over the same IP in location /home/xilinx/software/Vitis/2022.2/data/ip/xilinx/axi_fifo_register_v3_0
WARNING: [IP_Flow 19-1663] Duplicate IP found for 'xilinx.com:ip:stream_gate:1.0'. The one found in IP location '/home/users/eleonora.cabai/Documents/K-Means-AIE/hw/_x/link/vivado/vpl/.local/hw_platform/iprepo/xilinx/stream_gate_v1_0' will take precedence over the same IP in location /home/xilinx/software/Vitis/2022.2/data/ip/xilinx/stream_gate_v1_0
WARNING: [IP_Flow 19-1663] Duplicate IP found for 'xilinx.com:ip:sgdma2axis_ic:1.0'. The one found in IP location '/home/users/eleonora.cabai/Documents/K-Means-AIE/hw/_x/link/vivado/vpl/.local/hw_platform/iprepo/xilinx/sgdma2axis_ic_v1_0' will take precedence over the same IP in location /home/xilinx/software/Vitis/2022.2/data/ip/xilinx/sgdma2axis_ic_v1_0
WARNING: [IP_Flow 19-1663] Duplicate IP found for 'xilinx.com:sds:sds_mem_source:1.0'. The one found in IP location '/home/users/eleonora.cabai/Documents/K-Means-AIE/hw/_x/link/vivado/vpl/.local/hw_platform/iprepo/xilinx/sds_mem_source' will take precedence over the same IP in location /home/xilinx/software/Vitis/2022.2/data/ip/xilinx/sds_mem_source
update_ip_catalog: Time (s): cpu = 00:00:05 ; elapsed = 00:00:55 . Memory (MB): peak = 2031.012 ; gain = 191.742 ; free physical = 95850 ; free virtual = 120923
INFO: [IP_Flow 19-6924] IPCACHE: Running cache check for IP inst: ulp_inst_0_ip_pipe_ext_tog_kernel_01_null_0
Command: synth_design -top ulp_inst_0_ip_pipe_ext_tog_kernel_01_null_0 -part xcvc1902-vsvd1760-2MP-e-S -incremental_mode off -mode out_of_context
Starting synth_design
Attempting to get a license for feature 'Synthesis' and/or device 'xcvc1902'
INFO: [Common 17-349] Got license for feature 'Synthesis' and/or device 'xcvc1902'
INFO: [Device 21-403] Loading part xcvc1902-vsvd1760-2MP-e-S
INFO: [Synth 8-7079] Multithreading enabled for synth_design using a maximum of 1 processes.
INFO: [Synth 8-7078] Launching helper process for spawning children vivado processes
INFO: [Synth 8-7075] Helper process launched with PID 2501074
INFO: [Synth 8-11241] undeclared symbol 'REGCCE', assumed default net type 'wire' [/home/xilinx/software/Vivado/2022.2/data/verilog/src/unimacro/BRAM_SINGLE_MACRO.v:2170]
---------------------------------------------------------------------------------
Starting RTL Elaboration : Time (s): cpu = 00:00:10 ; elapsed = 00:01:46 . Memory (MB): peak = 3103.137 ; gain = 353.828 ; free physical = 71124 ; free virtual = 112327
Synthesis current peak Physical Memory [PSS] (MB): peak = 2299.062; parent = 2171.386; children = 227.270
Synthesis current peak Virtual Memory [VSS] (MB): peak = 4078.547; parent = 3109.078; children = 969.469
---------------------------------------------------------------------------------
INFO: [Synth 8-6157] synthesizing module 'ulp_inst_0_ip_pipe_ext_tog_kernel_01_null_0' [/home/users/eleonora.cabai/Documents/K-Means-AIE/hw/_x/link/vivado/vpl/prj/prj.gen/my_rm/bd/ulp_inst_0/ip/ulp_inst_0_ip_pipe_ext_tog_kernel_01_null_0/synth/ulp_inst_0_ip_pipe_ext_tog_kernel_01_null_0.v:53]
INFO: [Synth 8-6157] synthesizing module 'util_ff_v1_0_1_util_ff' [/home/users/eleonora.cabai/Documents/K-Means-AIE/hw/_x/link/vivado/vpl/prj/prj.gen/my_rm/bd/ulp_inst_0/ipshared/28b8/hdl/util_ff_v1_0_rfs.v:3]
INFO: [Synth 8-6157] synthesizing module 'FDRE' [/home/xilinx/software/Vivado/2022.2/scripts/rt/data/unisim_comp.v:38708]
INFO: [Synth 8-6155] done synthesizing module 'FDRE' (0#1) [/home/xilinx/software/Vivado/2022.2/scripts/rt/data/unisim_comp.v:38708]
INFO: [Synth 8-6155] done synthesizing module 'util_ff_v1_0_1_util_ff' (0#1) [/home/users/eleonora.cabai/Documents/K-Means-AIE/hw/_x/link/vivado/vpl/prj/prj.gen/my_rm/bd/ulp_inst_0/ipshared/28b8/hdl/util_ff_v1_0_rfs.v:3]
INFO: [Synth 8-6155] done synthesizing module 'ulp_inst_0_ip_pipe_ext_tog_kernel_01_null_0' (0#1) [/home/users/eleonora.cabai/Documents/K-Means-AIE/hw/_x/link/vivado/vpl/prj/prj.gen/my_rm/bd/ulp_inst_0/ip/ulp_inst_0_ip_pipe_ext_tog_kernel_01_null_0/synth/ulp_inst_0_ip_pipe_ext_tog_kernel_01_null_0.v:53]
WARNING: [Synth 8-7129] Port set in module util_ff_v1_0_1_util_ff is either unconnected or has no load
WARNING: [Synth 8-7129] Port clear in module util_ff_v1_0_1_util_ff is either unconnected or has no load
WARNING: [Synth 8-7129] Port preset in module util_ff_v1_0_1_util_ff is either unconnected or has no load
WARNING: [Synth 8-7129] Port gate_enable in module util_ff_v1_0_1_util_ff is either unconnected or has no load
WARNING: [Synth 8-7129] Port G in module util_ff_v1_0_1_util_ff is either unconnected or has no load
---------------------------------------------------------------------------------
Finished RTL Elaboration : Time (s): cpu = 00:00:13 ; elapsed = 00:02:17 . Memory (MB): peak = 3176.043 ; gain = 426.734 ; free physical = 89652 ; free virtual = 116525
Synthesis current peak Physical Memory [PSS] (MB): peak = 2372.920; parent = 2246.110; children = 227.270
Synthesis current peak Virtual Memory [VSS] (MB): peak = 4145.516; parent = 3176.047; children = 969.469
---------------------------------------------------------------------------------
---------------------------------------------------------------------------------
Start Handling Custom Attributes
---------------------------------------------------------------------------------
---------------------------------------------------------------------------------
Finished Handling Custom Attributes : Time (s): cpu = 00:00:13 ; elapsed = 00:02:20 . Memory (MB): peak = 3190.887 ; gain = 441.578 ; free physical = 89676 ; free virtual = 116553
Synthesis current peak Physical Memory [PSS] (MB): peak = 2372.920; parent = 2246.110; children = 227.270
Synthesis current peak Virtual Memory [VSS] (MB): peak = 4160.359; parent = 3190.891; children = 969.469
---------------------------------------------------------------------------------
---------------------------------------------------------------------------------
Finished RTL Optimization Phase 1 : Time (s): cpu = 00:00:13 ; elapsed = 00:02:22 . Memory (MB): peak = 3190.887 ; gain = 441.578 ; free physical = 89364 ; free virtual = 116241
Synthesis current peak Physical Memory [PSS] (MB): peak = 2372.920; parent = 2246.110; children = 227.270
Synthesis current peak Virtual Memory [VSS] (MB): peak = 4160.359; parent = 3190.891; children = 969.469
---------------------------------------------------------------------------------
Netlist sorting complete. Time (s): cpu = 00:00:00.01 ; elapsed = 00:00:00 . Memory (MB): peak = 3204.824 ; gain = 0.000 ; free physical = 87813 ; free virtual = 114701
INFO: [Chipscope 16-579] Latest version is versal_cips_v3_3 for versal_cips_v3_2
INFO: [Constraints 18-6359] No Clock Expansion Window constraints config file entry for device xcvc1902.  GCLK Deskew mode will be Off and cannot be enabled via GCLK_DESKEW override.
INFO: [Constraints 18-5720] The default GCLK Deskew mode is Off.
INFO: [Project 1-570] Preparing netlist for logic optimization

Processing XDC Constraints
Initializing timing engine
WARNING: [Designutils 20-1758] instance inst wraps a black box. Constraint reading is skipped for elaborated designs in this case. Skipping constraint file '/home/users/eleonora.cabai/Documents/K-Means-AIE/hw/_x/link/vivado/vpl/prj/prj.gen/my_rm/bd/ulp_inst_0/ip/ulp_inst_0_ip_pipe_ext_tog_kernel_01_null_0/ulp_inst_0_ip_pipe_ext_tog_kernel_01_null_0_ooc.xdc'.
Parsing XDC File [/home/users/eleonora.cabai/Documents/K-Means-AIE/hw/_x/link/vivado/vpl/prj/prj.runs/ulp_inst_0_ip_pipe_ext_tog_kernel_01_null_0_synth_1/dont_touch.xdc]
Finished Parsing XDC File [/home/users/eleonora.cabai/Documents/K-Means-AIE/hw/_x/link/vivado/vpl/prj/prj.runs/ulp_inst_0_ip_pipe_ext_tog_kernel_01_null_0_synth_1/dont_touch.xdc]
Completed Processing XDC Constraints

Netlist sorting complete. Time (s): cpu = 00:00:00 ; elapsed = 00:00:00 . Memory (MB): peak = 3258.742 ; gain = 0.000 ; free physical = 85086 ; free virtual = 111982
INFO: [Project 1-111] Unisim Transformation Summary:
No Unisim elements were transformed.

Constraint Validation Runtime : Time (s): cpu = 00:00:00.02 ; elapsed = 00:00:00.23 . Memory (MB): peak = 3258.742 ; gain = 0.000 ; free physical = 85094 ; free virtual = 111990
INFO: [Designutils 20-5008] Incremental synthesis strategy off
INFO: [Synth 8-11241] undeclared symbol 'REGCCE', assumed default net type 'wire' [/home/xilinx/software/Vivado/2022.2/data/verilog/src/unimacro/BRAM_SINGLE_MACRO.v:2170]
---------------------------------------------------------------------------------
Finished Constraint Validation : Time (s): cpu = 00:00:29 ; elapsed = 00:04:58 . Memory (MB): peak = 3258.742 ; gain = 509.434 ; free physical = 83061 ; free virtual = 110195
Synthesis current peak Physical Memory [PSS] (MB): peak = 2372.920; parent = 2246.110; children = 227.270
Synthesis current peak Virtual Memory [VSS] (MB): peak = 4228.215; parent = 3258.746; children = 969.469
---------------------------------------------------------------------------------
---------------------------------------------------------------------------------
Start Loading Part and Timing Information
---------------------------------------------------------------------------------
Loading part: xcvc1902-vsvd1760-2MP-e-S
INFO: [Synth 8-6742] Reading net delay rules and data
---------------------------------------------------------------------------------
Finished Loading Part and Timing Information : Time (s): cpu = 00:00:29 ; elapsed = 00:04:59 . Memory (MB): peak = 3258.742 ; gain = 509.434 ; free physical = 82842 ; free virtual = 109980
Synthesis current peak Physical Memory [PSS] (MB): peak = 2372.920; parent = 2246.110; children = 227.270
Synthesis current peak Virtual Memory [VSS] (MB): peak = 4228.215; parent = 3258.746; children = 969.469
---------------------------------------------------------------------------------
---------------------------------------------------------------------------------
Start Applying 'set_property' XDC Constraints
---------------------------------------------------------------------------------
Applied set_property KEEP_HIERARCHY = SOFT for inst. (constraint file  /home/users/eleonora.cabai/Documents/K-Means-AIE/hw/_x/link/vivado/vpl/prj/prj.runs/ulp_inst_0_ip_pipe_ext_tog_kernel_01_null_0_synth_1/dont_touch.xdc, line 9).
---------------------------------------------------------------------------------
Finished applying 'set_property' XDC Constraints : Time (s): cpu = 00:00:29 ; elapsed = 00:05:01 . Memory (MB): peak = 3258.742 ; gain = 509.434 ; free physical = 82768 ; free virtual = 109911
Synthesis current peak Physical Memory [PSS] (MB): peak = 2372.920; parent = 2246.110; children = 227.270
Synthesis current peak Virtual Memory [VSS] (MB): peak = 4228.215; parent = 3258.746; children = 969.469
---------------------------------------------------------------------------------
---------------------------------------------------------------------------------
Finished RTL Optimization Phase 2 : Time (s): cpu = 00:00:30 ; elapsed = 00:05:06 . Memory (MB): peak = 3258.742 ; gain = 509.434 ; free physical = 82623 ; free virtual = 109792
Synthesis current peak Physical Memory [PSS] (MB): peak = 2372.920; parent = 2246.110; children = 227.270
Synthesis current peak Virtual Memory [VSS] (MB): peak = 4228.215; parent = 3258.746; children = 969.469
---------------------------------------------------------------------------------
---------------------------------------------------------------------------------
Start RTL Component Statistics 
---------------------------------------------------------------------------------
Detailed RTL Component Info : 
---------------------------------------------------------------------------------
Finished RTL Component Statistics 
---------------------------------------------------------------------------------
---------------------------------------------------------------------------------
Start Part Resource Summary
---------------------------------------------------------------------------------
Part Resources:
DSPs: 1968 (col length:164)
BRAMs: 1934 (col length: RAMB18 168 RAMB36 84)
---------------------------------------------------------------------------------
Finished Part Resource Summary
---------------------------------------------------------------------------------
---------------------------------------------------------------------------------
Start Cross Boundary and Area Optimization
---------------------------------------------------------------------------------
WARNING: [Synth 8-7080] Parallel synthesis criteria is not met
WARNING: [Synth 8-7129] Port set in module util_ff_v1_0_1_util_ff is either unconnected or has no load
WARNING: [Synth 8-7129] Port clear in module util_ff_v1_0_1_util_ff is either unconnected or has no load
WARNING: [Synth 8-7129] Port preset in module util_ff_v1_0_1_util_ff is either unconnected or has no load
WARNING: [Synth 8-7129] Port gate_enable in module util_ff_v1_0_1_util_ff is either unconnected or has no load
WARNING: [Synth 8-7129] Port G in module util_ff_v1_0_1_util_ff is either unconnected or has no load
---------------------------------------------------------------------------------
Finished Cross Boundary and Area Optimization : Time (s): cpu = 00:00:32 ; elapsed = 00:05:32 . Memory (MB): peak = 3258.742 ; gain = 509.434 ; free physical = 80798 ; free virtual = 108192
Synthesis current peak Physical Memory [PSS] (MB): peak = 2372.920; parent = 2246.110; children = 227.270
Synthesis current peak Virtual Memory [VSS] (MB): peak = 4228.215; parent = 3258.746; children = 969.469
---------------------------------------------------------------------------------
---------------------------------------------------------------------------------
Start Applying XDC Timing Constraints
---------------------------------------------------------------------------------
---------------------------------------------------------------------------------
Finished Applying XDC Timing Constraints : Time (s): cpu = 00:01:31 ; elapsed = 00:16:07 . Memory (MB): peak = 3955.727 ; gain = 1206.418 ; free physical = 68210 ; free virtual = 93340
Synthesis current peak Physical Memory [PSS] (MB): peak = 3124.960; parent = 3001.974; children = 227.270
Synthesis current peak Virtual Memory [VSS] (MB): peak = 4925.199; parent = 3955.730; children = 969.469
---------------------------------------------------------------------------------
---------------------------------------------------------------------------------
Start Timing Optimization
---------------------------------------------------------------------------------
---------------------------------------------------------------------------------
Finished Timing Optimization : Time (s): cpu = 00:01:31 ; elapsed = 00:16:09 . Memory (MB): peak = 3955.727 ; gain = 1206.418 ; free physical = 70327 ; free virtual = 95458
Synthesis current peak Physical Memory [PSS] (MB): peak = 3126.564; parent = 3003.236; children = 227.270
Synthesis current peak Virtual Memory [VSS] (MB): peak = 4926.199; parent = 3956.730; children = 969.469
---------------------------------------------------------------------------------
---------------------------------------------------------------------------------
Start Technology Mapping
---------------------------------------------------------------------------------
INFO: [Synth 8-11322] No global retiming is needed without any clock constraint
---------------------------------------------------------------------------------
Finished Technology Mapping : Time (s): cpu = 00:01:31 ; elapsed = 00:16:11 . Memory (MB): peak = 3975.758 ; gain = 1226.449 ; free physical = 70167 ; free virtual = 95295
Synthesis current peak Physical Memory [PSS] (MB): peak = 3126.769; parent = 3003.455; children = 227.270
Synthesis current peak Virtual Memory [VSS] (MB): peak = 4945.230; parent = 3975.762; children = 969.469
---------------------------------------------------------------------------------
---------------------------------------------------------------------------------
Start IO Insertion
---------------------------------------------------------------------------------
---------------------------------------------------------------------------------
Start Flattening Before IO Insertion
---------------------------------------------------------------------------------
---------------------------------------------------------------------------------
Finished Flattening Before IO Insertion
---------------------------------------------------------------------------------
---------------------------------------------------------------------------------
Start Final Netlist Cleanup
---------------------------------------------------------------------------------
---------------------------------------------------------------------------------
Finished Final Netlist Cleanup
---------------------------------------------------------------------------------
---------------------------------------------------------------------------------
Finished IO Insertion : Time (s): cpu = 00:01:39 ; elapsed = 00:17:15 . Memory (MB): peak = 3981.695 ; gain = 1232.387 ; free physical = 73893 ; free virtual = 99076
Synthesis current peak Physical Memory [PSS] (MB): peak = 3131.193; parent = 3007.367; children = 227.270
Synthesis current peak Virtual Memory [VSS] (MB): peak = 4951.168; parent = 3981.699; children = 969.469
---------------------------------------------------------------------------------
---------------------------------------------------------------------------------
Start Renaming Generated Instances
---------------------------------------------------------------------------------
---------------------------------------------------------------------------------
Finished Renaming Generated Instances : Time (s): cpu = 00:01:39 ; elapsed = 00:17:17 . Memory (MB): peak = 3981.695 ; gain = 1232.387 ; free physical = 73822 ; free virtual = 99004
Synthesis current peak Physical Memory [PSS] (MB): peak = 3131.193; parent = 3007.367; children = 227.270
Synthesis current peak Virtual Memory [VSS] (MB): peak = 4951.168; parent = 3981.699; children = 969.469
---------------------------------------------------------------------------------
---------------------------------------------------------------------------------
Start Rebuilding User Hierarchy
---------------------------------------------------------------------------------
---------------------------------------------------------------------------------
Finished Rebuilding User Hierarchy : Time (s): cpu = 00:01:39 ; elapsed = 00:17:19 . Memory (MB): peak = 3981.695 ; gain = 1232.387 ; free physical = 73404 ; free virtual = 98589
Synthesis current peak Physical Memory [PSS] (MB): peak = 3131.193; parent = 3007.367; children = 227.270
Synthesis current peak Virtual Memory [VSS] (MB): peak = 4951.168; parent = 3981.699; children = 969.469
---------------------------------------------------------------------------------
---------------------------------------------------------------------------------
Start Renaming Generated Ports
---------------------------------------------------------------------------------
---------------------------------------------------------------------------------
Finished Renaming Generated Ports : Time (s): cpu = 00:01:39 ; elapsed = 00:17:21 . Memory (MB): peak = 3981.695 ; gain = 1232.387 ; free physical = 73252 ; free virtual = 98443
Synthesis current peak Physical Memory [PSS] (MB): peak = 3131.193; parent = 3007.367; children = 227.270
Synthesis current peak Virtual Memory [VSS] (MB): peak = 4951.168; parent = 3981.699; children = 969.469
---------------------------------------------------------------------------------
---------------------------------------------------------------------------------
Start Handling Custom Attributes
---------------------------------------------------------------------------------
---------------------------------------------------------------------------------
Finished Handling Custom Attributes : Time (s): cpu = 00:01:39 ; elapsed = 00:17:23 . Memory (MB): peak = 3981.695 ; gain = 1232.387 ; free physical = 73168 ; free virtual = 98353
Synthesis current peak Physical Memory [PSS] (MB): peak = 3131.193; parent = 3007.367; children = 227.270
Synthesis current peak Virtual Memory [VSS] (MB): peak = 4951.168; parent = 3981.699; children = 969.469
---------------------------------------------------------------------------------
---------------------------------------------------------------------------------
Start Renaming Generated Nets
---------------------------------------------------------------------------------
---------------------------------------------------------------------------------
Finished Renaming Generated Nets : Time (s): cpu = 00:01:39 ; elapsed = 00:17:25 . Memory (MB): peak = 3981.695 ; gain = 1232.387 ; free physical = 73346 ; free virtual = 98532
Synthesis current peak Physical Memory [PSS] (MB): peak = 3131.193; parent = 3007.367; children = 227.270
Synthesis current peak Virtual Memory [VSS] (MB): peak = 4951.168; parent = 3981.699; children = 969.469
---------------------------------------------------------------------------------
---------------------------------------------------------------------------------
Start Writing Synthesis Report
---------------------------------------------------------------------------------

Report BlackBoxes: 
+-+--------------+----------+
| |BlackBox name |Instances |
+-+--------------+----------+
+-+--------------+----------+

Report Cell Usage: 
+------+-----+------+
|      |Cell |Count |
+------+-----+------+
|1     |FDRE |     1|
+------+-----+------+
---------------------------------------------------------------------------------
Finished Writing Synthesis Report : Time (s): cpu = 00:01:39 ; elapsed = 00:17:27 . Memory (MB): peak = 3981.695 ; gain = 1232.387 ; free physical = 73117 ; free virtual = 98303
Synthesis current peak Physical Memory [PSS] (MB): peak = 3131.193; parent = 3007.367; children = 227.270
Synthesis current peak Virtual Memory [VSS] (MB): peak = 4951.168; parent = 3981.699; children = 969.469
---------------------------------------------------------------------------------
Synthesis finished with 0 errors, 0 critical warnings and 6 warnings.
Synthesis Optimization Runtime : Time (s): cpu = 00:01:34 ; elapsed = 00:16:42 . Memory (MB): peak = 3981.695 ; gain = 1164.531 ; free physical = 72796 ; free virtual = 98000
Synthesis Optimization Complete : Time (s): cpu = 00:01:39 ; elapsed = 00:17:33 . Memory (MB): peak = 3981.703 ; gain = 1232.387 ; free physical = 72543 ; free virtual = 97748
INFO: [Project 1-571] Translating synthesized netlist
Netlist sorting complete. Time (s): cpu = 00:00:00.01 ; elapsed = 00:00:00 . Memory (MB): peak = 3981.703 ; gain = 0.000 ; free physical = 72534 ; free virtual = 97740
INFO: [Chipscope 16-579] Latest version is versal_cips_v3_3 for versal_cips_v3_2
INFO: [Constraints 18-6359] No Clock Expansion Window constraints config file entry for device xcvc1902.  GCLK Deskew mode will be Off and cannot be enabled via GCLK_DESKEW override.
INFO: [Constraints 18-5720] The default GCLK Deskew mode is Off.
INFO: [Project 1-570] Preparing netlist for logic optimization
INFO: [Opt 31-138] Pushed 0 inverter(s) to 0 load pin(s).
Netlist sorting complete. Time (s): cpu = 00:00:00 ; elapsed = 00:00:00 . Memory (MB): peak = 4026.289 ; gain = 0.000 ; free physical = 73429 ; free virtual = 98671
INFO: [Project 1-111] Unisim Transformation Summary:
No Unisim elements were transformed.

Synth Design complete, checksum: 30ab5f60
INFO: [Common 17-83] Releasing license: Synthesis
37 Infos, 28 Warnings, 0 Critical Warnings and 0 Errors encountered.
synth_design completed successfully
synth_design: Time (s): cpu = 00:02:06 ; elapsed = 00:20:59 . Memory (MB): peak = 4026.289 ; gain = 1995.277 ; free physical = 73748 ; free virtual = 98986
INFO: [Common 17-600] The following parameters have non-default value.
general.maxThreads
INFO: [Common 17-1381] The checkpoint '/home/users/eleonora.cabai/Documents/K-Means-AIE/hw/_x/link/vivado/vpl/prj/prj.runs/ulp_inst_0_ip_pipe_ext_tog_kernel_01_null_0_synth_1/ulp_inst_0_ip_pipe_ext_tog_kernel_01_null_0.dcp' has been generated.
INFO: [Coretcl 2-1648] Added synthesis output to IP cache for IP ulp_inst_0_ip_pipe_ext_tog_kernel_01_null_0, cache-ID = de26560a03132369
INFO: [Common 17-1381] The checkpoint '/home/users/eleonora.cabai/Documents/K-Means-AIE/hw/_x/link/vivado/vpl/prj/prj.runs/ulp_inst_0_ip_pipe_ext_tog_kernel_01_null_0_synth_1/ulp_inst_0_ip_pipe_ext_tog_kernel_01_null_0.dcp' has been generated.
INFO: [runtcl-4] Executing : report_utilization -file ulp_inst_0_ip_pipe_ext_tog_kernel_01_null_0_utilization_synth.rpt -pb ulp_inst_0_ip_pipe_ext_tog_kernel_01_null_0_utilization_synth.pb
report_utilization: Time (s): cpu = 00:00:00.24 ; elapsed = 00:00:05 . Memory (MB): peak = 4034.293 ; gain = 0.000 ; free physical = 73728 ; free virtual = 98981
INFO: [Common 17-206] Exiting Vivado at Fri Jun 28 10:19:57 2024...
